The size of the training data set is 76814
Start training
Epoch [1/7], Step [10/2401], Loss: 2.4296
Epoch [1/7], Step [20/2401], Loss: 2.5065
Epoch [1/7], Step [30/2401], Loss: 2.2451
Epoch [1/7], Step [40/2401], Loss: 2.5005
Epoch [1/7], Step [50/2401], Loss: 2.0936
Epoch [1/7], Step [60/2401], Loss: 2.3372
Epoch [1/7], Step [70/2401], Loss: 2.0756
Epoch [1/7], Step [80/2401], Loss: 2.0356
Epoch [1/7], Step [90/2401], Loss: 2.0240
Epoch [1/7], Step [100/2401], Loss: 2.0266
Epoch [1/7], Step [110/2401], Loss: 2.0395
Epoch [1/7], Step [120/2401], Loss: 2.2409
Epoch [1/7], Step [130/2401], Loss: 1.9214
Epoch [1/7], Step [140/2401], Loss: 1.7538
Epoch [1/7], Step [150/2401], Loss: 1.9002
Epoch [1/7], Step [160/2401], Loss: 1.9144
Epoch [1/7], Step [170/2401], Loss: 2.2675
Epoch [1/7], Step [180/2401], Loss: 1.8545
Epoch [1/7], Step [190/2401], Loss: 2.1957
Epoch [1/7], Step [200/2401], Loss: 2.1345
Epoch [1/7], Step [210/2401], Loss: 1.9957
Epoch [1/7], Step [220/2401], Loss: 1.5283
Epoch [1/7], Step [230/2401], Loss: 1.6727
Epoch [1/7], Step [240/2401], Loss: 1.7475
Epoch [1/7], Step [250/2401], Loss: 1.9491
Epoch [1/7], Step [260/2401], Loss: 1.4461
Epoch [1/7], Step [270/2401], Loss: 1.6707
Epoch [1/7], Step [280/2401], Loss: 2.1743
Epoch [1/7], Step [290/2401], Loss: 2.0114
Epoch [1/7], Step [300/2401], Loss: 1.6727
Epoch [1/7], Step [310/2401], Loss: 1.8365
Epoch [1/7], Step [320/2401], Loss: 1.6983
Epoch [1/7], Step [330/2401], Loss: 1.2662
Epoch [1/7], Step [340/2401], Loss: 2.0934
Epoch [1/7], Step [350/2401], Loss: 1.9175
Epoch [1/7], Step [360/2401], Loss: 2.2240
Epoch [1/7], Step [370/2401], Loss: 2.4167
Epoch [1/7], Step [380/2401], Loss: 1.4714
Epoch [1/7], Step [390/2401], Loss: 1.8728
Epoch [1/7], Step [400/2401], Loss: 1.8586
Epoch [1/7], Step [410/2401], Loss: 1.3572
Epoch [1/7], Step [420/2401], Loss: 1.8609
Epoch [1/7], Step [430/2401], Loss: 2.1536
Epoch [1/7], Step [440/2401], Loss: 1.8002
Epoch [1/7], Step [450/2401], Loss: 2.0516
Epoch [1/7], Step [460/2401], Loss: 1.9899
Epoch [1/7], Step [470/2401], Loss: 2.5253
Epoch [1/7], Step [480/2401], Loss: 1.8245
Epoch [1/7], Step [490/2401], Loss: 1.9445
Epoch [1/7], Step [500/2401], Loss: 1.8791
Epoch [1/7], Step [510/2401], Loss: 1.7030
Epoch [1/7], Step [520/2401], Loss: 1.3886
Epoch [1/7], Step [530/2401], Loss: 1.8699
Epoch [1/7], Step [540/2401], Loss: 2.0377
Epoch [1/7], Step [550/2401], Loss: 1.6618
Epoch [1/7], Step [560/2401], Loss: 1.6193
Epoch [1/7], Step [570/2401], Loss: 2.1461
Epoch [1/7], Step [580/2401], Loss: 1.7696
Epoch [1/7], Step [590/2401], Loss: 1.3716
Epoch [1/7], Step [600/2401], Loss: 1.8059
Epoch [1/7], Step [610/2401], Loss: 2.0026
Epoch [1/7], Step [620/2401], Loss: 1.7644
Epoch [1/7], Step [630/2401], Loss: 1.5959
Epoch [1/7], Step [640/2401], Loss: 1.8183
Epoch [1/7], Step [650/2401], Loss: 1.6873
Epoch [1/7], Step [660/2401], Loss: 2.0713
Epoch [1/7], Step [670/2401], Loss: 1.6581
Epoch [1/7], Step [680/2401], Loss: 1.7180
Epoch [1/7], Step [690/2401], Loss: 2.0208
Epoch [1/7], Step [700/2401], Loss: 1.7956
Epoch [1/7], Step [710/2401], Loss: 1.5418
Epoch [1/7], Step [720/2401], Loss: 1.9031
Epoch [1/7], Step [730/2401], Loss: 1.8196
Epoch [1/7], Step [740/2401], Loss: 1.5406
Epoch [1/7], Step [750/2401], Loss: 1.7289
Epoch [1/7], Step [760/2401], Loss: 2.0355
Epoch [1/7], Step [770/2401], Loss: 1.8994
Epoch [1/7], Step [780/2401], Loss: 2.1527
Epoch [1/7], Step [790/2401], Loss: 2.1079
Epoch [1/7], Step [800/2401], Loss: 1.9515
Epoch [1/7], Step [810/2401], Loss: 2.1680
Epoch [1/7], Step [820/2401], Loss: 2.0025
Epoch [1/7], Step [830/2401], Loss: 1.6847
Epoch [1/7], Step [840/2401], Loss: 1.6071
Epoch [1/7], Step [850/2401], Loss: 1.6626
Epoch [1/7], Step [860/2401], Loss: 1.6374
Epoch [1/7], Step [870/2401], Loss: 2.1052
Epoch [1/7], Step [880/2401], Loss: 1.7234
Epoch [1/7], Step [890/2401], Loss: 1.6530
Epoch [1/7], Step [900/2401], Loss: 2.1451
Epoch [1/7], Step [910/2401], Loss: 1.5108
Epoch [1/7], Step [920/2401], Loss: 1.7584
Epoch [1/7], Step [930/2401], Loss: 2.0070
Epoch [1/7], Step [940/2401], Loss: 1.8737
Epoch [1/7], Step [950/2401], Loss: 1.8072
Epoch [1/7], Step [960/2401], Loss: 2.0004
Epoch [1/7], Step [970/2401], Loss: 1.8531
Epoch [1/7], Step [980/2401], Loss: 1.7451
Epoch [1/7], Step [990/2401], Loss: 1.5670
Epoch [1/7], Step [1000/2401], Loss: 1.8650
Epoch [1/7], Step [1010/2401], Loss: 1.5378
Epoch [1/7], Step [1020/2401], Loss: 1.8126
Epoch [1/7], Step [1030/2401], Loss: 1.4481
Epoch [1/7], Step [1040/2401], Loss: 1.5950
Epoch [1/7], Step [1050/2401], Loss: 1.7629
Epoch [1/7], Step [1060/2401], Loss: 1.5877
Epoch [1/7], Step [1070/2401], Loss: 1.2372
Epoch [1/7], Step [1080/2401], Loss: 1.6285
Epoch [1/7], Step [1090/2401], Loss: 1.7672
Epoch [1/7], Step [1100/2401], Loss: 1.6408
Epoch [1/7], Step [1110/2401], Loss: 1.4653
Epoch [1/7], Step [1120/2401], Loss: 1.9560
Epoch [1/7], Step [1130/2401], Loss: 1.9483
Epoch [1/7], Step [1140/2401], Loss: 1.2843
Epoch [1/7], Step [1150/2401], Loss: 1.5433
Epoch [1/7], Step [1160/2401], Loss: 1.9201
Epoch [1/7], Step [1170/2401], Loss: 1.7583
Epoch [1/7], Step [1180/2401], Loss: 2.0084
Epoch [1/7], Step [1190/2401], Loss: 1.5963
Epoch [1/7], Step [1200/2401], Loss: 1.5793
Epoch [1/7], Step [1210/2401], Loss: 1.7743
Epoch [1/7], Step [1220/2401], Loss: 1.7377
Epoch [1/7], Step [1230/2401], Loss: 1.8571
Epoch [1/7], Step [1240/2401], Loss: 2.0989
Epoch [1/7], Step [1250/2401], Loss: 1.4768
Epoch [1/7], Step [1260/2401], Loss: 1.8554
Epoch [1/7], Step [1270/2401], Loss: 1.2657
Epoch [1/7], Step [1280/2401], Loss: 1.0309
Epoch [1/7], Step [1290/2401], Loss: 1.5488
Epoch [1/7], Step [1300/2401], Loss: 1.6110
Epoch [1/7], Step [1310/2401], Loss: 1.8035
Epoch [1/7], Step [1320/2401], Loss: 1.6259
Epoch [1/7], Step [1330/2401], Loss: 1.9117
Epoch [1/7], Step [1340/2401], Loss: 1.7388
Epoch [1/7], Step [1350/2401], Loss: 2.0387
Epoch [1/7], Step [1360/2401], Loss: 1.5123
Epoch [1/7], Step [1370/2401], Loss: 1.4345
Epoch [1/7], Step [1380/2401], Loss: 2.0181
Epoch [1/7], Step [1390/2401], Loss: 1.5362
Epoch [1/7], Step [1400/2401], Loss: 1.5631
Epoch [1/7], Step [1410/2401], Loss: 1.7130
Epoch [1/7], Step [1420/2401], Loss: 1.8497
Epoch [1/7], Step [1430/2401], Loss: 1.5706
Epoch [1/7], Step [1440/2401], Loss: 1.4080
Epoch [1/7], Step [1450/2401], Loss: 1.8659
Epoch [1/7], Step [1460/2401], Loss: 1.4755
Epoch [1/7], Step [1470/2401], Loss: 1.3034
Epoch [1/7], Step [1480/2401], Loss: 2.0764
Epoch [1/7], Step [1490/2401], Loss: 1.7451
Epoch [1/7], Step [1500/2401], Loss: 1.8765
Epoch [1/7], Step [1510/2401], Loss: 1.6167
Epoch [1/7], Step [1520/2401], Loss: 1.7299
Epoch [1/7], Step [1530/2401], Loss: 1.7575
Epoch [1/7], Step [1540/2401], Loss: 1.7603
Epoch [1/7], Step [1550/2401], Loss: 1.6298
Epoch [1/7], Step [1560/2401], Loss: 1.6563
Epoch [1/7], Step [1570/2401], Loss: 1.5105
Epoch [1/7], Step [1580/2401], Loss: 1.8288
Epoch [1/7], Step [1590/2401], Loss: 1.5440
Epoch [1/7], Step [1600/2401], Loss: 1.6005
Epoch [1/7], Step [1610/2401], Loss: 1.6502
Epoch [1/7], Step [1620/2401], Loss: 1.7032
Epoch [1/7], Step [1630/2401], Loss: 1.6980
Epoch [1/7], Step [1640/2401], Loss: 2.0922
Epoch [1/7], Step [1650/2401], Loss: 1.5512
Epoch [1/7], Step [1660/2401], Loss: 1.6953
Epoch [1/7], Step [1670/2401], Loss: 1.7035
Epoch [1/7], Step [1680/2401], Loss: 1.8420
Epoch [1/7], Step [1690/2401], Loss: 1.6707
Epoch [1/7], Step [1700/2401], Loss: 1.7142
Epoch [1/7], Step [1710/2401], Loss: 1.6811
Epoch [1/7], Step [1720/2401], Loss: 1.6098
Epoch [1/7], Step [1730/2401], Loss: 1.5420
Epoch [1/7], Step [1740/2401], Loss: 1.4738
Epoch [1/7], Step [1750/2401], Loss: 1.4223
Epoch [1/7], Step [1760/2401], Loss: 1.4107
Epoch [1/7], Step [1770/2401], Loss: 2.0428
Epoch [1/7], Step [1780/2401], Loss: 1.9271
Epoch [1/7], Step [1790/2401], Loss: 1.4247
Epoch [1/7], Step [1800/2401], Loss: 1.8341
Epoch [1/7], Step [1810/2401], Loss: 1.8172
Epoch [1/7], Step [1820/2401], Loss: 1.5144
Epoch [1/7], Step [1830/2401], Loss: 1.5256
Epoch [1/7], Step [1840/2401], Loss: 1.6458
Epoch [1/7], Step [1850/2401], Loss: 1.7466
Epoch [1/7], Step [1860/2401], Loss: 1.6793
Epoch [1/7], Step [1870/2401], Loss: 1.8984
Epoch [1/7], Step [1880/2401], Loss: 1.8509
Epoch [1/7], Step [1890/2401], Loss: 1.2669
Epoch [1/7], Step [1900/2401], Loss: 1.6722
Epoch [1/7], Step [1910/2401], Loss: 1.2635
Epoch [1/7], Step [1920/2401], Loss: 1.7553
Epoch [1/7], Step [1930/2401], Loss: 1.6511
Epoch [1/7], Step [1940/2401], Loss: 1.5714
Epoch [1/7], Step [1950/2401], Loss: 1.4468
Epoch [1/7], Step [1960/2401], Loss: 2.0322
Epoch [1/7], Step [1970/2401], Loss: 1.6861
Epoch [1/7], Step [1980/2401], Loss: 1.2843
Epoch [1/7], Step [1990/2401], Loss: 1.8788
Epoch [1/7], Step [2000/2401], Loss: 1.3285
Epoch [1/7], Step [2010/2401], Loss: 1.7398
Epoch [1/7], Step [2020/2401], Loss: 1.4845
Epoch [1/7], Step [2030/2401], Loss: 1.7929
Epoch [1/7], Step [2040/2401], Loss: 1.7640
Epoch [1/7], Step [2050/2401], Loss: 1.2836
Epoch [1/7], Step [2060/2401], Loss: 1.6414
Epoch [1/7], Step [2070/2401], Loss: 1.7271
Epoch [1/7], Step [2080/2401], Loss: 1.3225
Epoch [1/7], Step [2090/2401], Loss: 1.3028
Epoch [1/7], Step [2100/2401], Loss: 1.5824
Epoch [1/7], Step [2110/2401], Loss: 1.6903
Epoch [1/7], Step [2120/2401], Loss: 1.7290
Epoch [1/7], Step [2130/2401], Loss: 1.4260
Epoch [1/7], Step [2140/2401], Loss: 1.4699
Epoch [1/7], Step [2150/2401], Loss: 1.9286
Epoch [1/7], Step [2160/2401], Loss: 1.6889
Epoch [1/7], Step [2170/2401], Loss: 1.3981
Epoch [1/7], Step [2180/2401], Loss: 1.6978
Epoch [1/7], Step [2190/2401], Loss: 1.7405
Epoch [1/7], Step [2200/2401], Loss: 1.6571
Epoch [1/7], Step [2210/2401], Loss: 1.4054
Epoch [1/7], Step [2220/2401], Loss: 1.4525
Epoch [1/7], Step [2230/2401], Loss: 1.8203
Epoch [1/7], Step [2240/2401], Loss: 1.5405
Epoch [1/7], Step [2250/2401], Loss: 1.7382
Epoch [1/7], Step [2260/2401], Loss: 1.6560
Epoch [1/7], Step [2270/2401], Loss: 1.4636
Epoch [1/7], Step [2280/2401], Loss: 1.6397
Epoch [1/7], Step [2290/2401], Loss: 1.5898
Epoch [1/7], Step [2300/2401], Loss: 1.4597
Epoch [1/7], Step [2310/2401], Loss: 1.5921
Epoch [1/7], Step [2320/2401], Loss: 1.6758
Epoch [1/7], Step [2330/2401], Loss: 1.5780
Epoch [1/7], Step [2340/2401], Loss: 1.7105
Epoch [1/7], Step [2350/2401], Loss: 1.4823
Epoch [1/7], Step [2360/2401], Loss: 1.4391
Epoch [1/7], Step [2370/2401], Loss: 1.4907
Epoch [1/7], Step [2380/2401], Loss: 1.1992
Epoch [1/7], Step [2390/2401], Loss: 1.8825
Epoch [1/7], Step [2400/2401], Loss: 1.6730
Total time for epoch 1/7 = 1713.047811 seconds
Start validation
Validation accuracy is 43.20383293406937%
Start training
Epoch [2/7], Step [10/2401], Loss: 1.8335
Epoch [2/7], Step [20/2401], Loss: 1.8494
Epoch [2/7], Step [30/2401], Loss: 1.6185
Epoch [2/7], Step [40/2401], Loss: 1.9758
Epoch [2/7], Step [50/2401], Loss: 1.5438
Epoch [2/7], Step [60/2401], Loss: 1.8866
Epoch [2/7], Step [70/2401], Loss: 1.4941
Epoch [2/7], Step [80/2401], Loss: 1.7282
Epoch [2/7], Step [90/2401], Loss: 1.6661
Epoch [2/7], Step [100/2401], Loss: 1.2199
Epoch [2/7], Step [110/2401], Loss: 1.4308
Epoch [2/7], Step [120/2401], Loss: 2.1800
Epoch [2/7], Step [130/2401], Loss: 1.5438
Epoch [2/7], Step [140/2401], Loss: 1.3075
Epoch [2/7], Step [150/2401], Loss: 1.6593
Epoch [2/7], Step [160/2401], Loss: 1.3861
Epoch [2/7], Step [170/2401], Loss: 1.5894
Epoch [2/7], Step [180/2401], Loss: 1.3924
Epoch [2/7], Step [190/2401], Loss: 1.7117
Epoch [2/7], Step [200/2401], Loss: 1.6746
Epoch [2/7], Step [210/2401], Loss: 1.6002
Epoch [2/7], Step [220/2401], Loss: 1.3266
Epoch [2/7], Step [230/2401], Loss: 1.2744
Epoch [2/7], Step [240/2401], Loss: 1.6197
Epoch [2/7], Step [250/2401], Loss: 1.6642
Epoch [2/7], Step [260/2401], Loss: 1.2514
Epoch [2/7], Step [270/2401], Loss: 1.4187
Epoch [2/7], Step [280/2401], Loss: 1.5157
Epoch [2/7], Step [290/2401], Loss: 1.7220
Epoch [2/7], Step [300/2401], Loss: 1.6278
Epoch [2/7], Step [310/2401], Loss: 1.4552
Epoch [2/7], Step [320/2401], Loss: 1.1805
Epoch [2/7], Step [330/2401], Loss: 1.1648
Epoch [2/7], Step [340/2401], Loss: 1.8161
Epoch [2/7], Step [350/2401], Loss: 1.8053
Epoch [2/7], Step [360/2401], Loss: 1.9286
Epoch [2/7], Step [370/2401], Loss: 2.1300
Epoch [2/7], Step [380/2401], Loss: 1.1404
Epoch [2/7], Step [390/2401], Loss: 1.5202
Epoch [2/7], Step [400/2401], Loss: 1.2435
Epoch [2/7], Step [410/2401], Loss: 1.1813
Epoch [2/7], Step [420/2401], Loss: 1.8121
Epoch [2/7], Step [430/2401], Loss: 1.8714
Epoch [2/7], Step [440/2401], Loss: 1.3646
Epoch [2/7], Step [450/2401], Loss: 1.8678
Epoch [2/7], Step [460/2401], Loss: 1.6456
Epoch [2/7], Step [470/2401], Loss: 2.3620
Epoch [2/7], Step [480/2401], Loss: 1.3505
Epoch [2/7], Step [490/2401], Loss: 1.5168
Epoch [2/7], Step [500/2401], Loss: 1.5644
Epoch [2/7], Step [510/2401], Loss: 1.3663
Epoch [2/7], Step [520/2401], Loss: 1.2422
Epoch [2/7], Step [530/2401], Loss: 1.6336
Epoch [2/7], Step [540/2401], Loss: 1.5837
Epoch [2/7], Step [550/2401], Loss: 1.3959
Epoch [2/7], Step [560/2401], Loss: 1.5821
Epoch [2/7], Step [570/2401], Loss: 2.0143
Epoch [2/7], Step [580/2401], Loss: 1.5723
Epoch [2/7], Step [590/2401], Loss: 1.2124
Epoch [2/7], Step [600/2401], Loss: 1.3958
Epoch [2/7], Step [610/2401], Loss: 1.6528
Epoch [2/7], Step [620/2401], Loss: 1.5618
Epoch [2/7], Step [630/2401], Loss: 1.2581
Epoch [2/7], Step [640/2401], Loss: 1.4184
Epoch [2/7], Step [650/2401], Loss: 1.3336
Epoch [2/7], Step [660/2401], Loss: 2.0823
Epoch [2/7], Step [670/2401], Loss: 1.3028
Epoch [2/7], Step [680/2401], Loss: 1.3736
Epoch [2/7], Step [690/2401], Loss: 1.6914
Epoch [2/7], Step [700/2401], Loss: 1.6558
Epoch [2/7], Step [710/2401], Loss: 1.1800
Epoch [2/7], Step [720/2401], Loss: 1.6180
Epoch [2/7], Step [730/2401], Loss: 1.5405
Epoch [2/7], Step [740/2401], Loss: 1.4867
Epoch [2/7], Step [750/2401], Loss: 1.4720
Epoch [2/7], Step [760/2401], Loss: 1.6077
Epoch [2/7], Step [770/2401], Loss: 1.6063
Epoch [2/7], Step [780/2401], Loss: 1.8126
Epoch [2/7], Step [790/2401], Loss: 1.9000
Epoch [2/7], Step [800/2401], Loss: 1.7460
Epoch [2/7], Step [810/2401], Loss: 1.9734
Epoch [2/7], Step [820/2401], Loss: 1.7197
Epoch [2/7], Step [830/2401], Loss: 1.3941
Epoch [2/7], Step [840/2401], Loss: 1.3639
Epoch [2/7], Step [850/2401], Loss: 1.6108
Epoch [2/7], Step [860/2401], Loss: 1.3893
Epoch [2/7], Step [870/2401], Loss: 2.1188
Epoch [2/7], Step [880/2401], Loss: 1.3812
Epoch [2/7], Step [890/2401], Loss: 1.5062
Epoch [2/7], Step [900/2401], Loss: 1.7353
Epoch [2/7], Step [910/2401], Loss: 1.4296
Epoch [2/7], Step [920/2401], Loss: 1.5076
Epoch [2/7], Step [930/2401], Loss: 1.7218
Epoch [2/7], Step [940/2401], Loss: 1.5655
Epoch [2/7], Step [950/2401], Loss: 1.4062
Epoch [2/7], Step [960/2401], Loss: 1.8183
Epoch [2/7], Step [970/2401], Loss: 1.4441
Epoch [2/7], Step [980/2401], Loss: 1.5829
Epoch [2/7], Step [990/2401], Loss: 1.2861
Epoch [2/7], Step [1000/2401], Loss: 1.5417
Epoch [2/7], Step [1010/2401], Loss: 1.2562
Epoch [2/7], Step [1020/2401], Loss: 1.4930
Epoch [2/7], Step [1030/2401], Loss: 1.3833
Epoch [2/7], Step [1040/2401], Loss: 1.3413
Epoch [2/7], Step [1050/2401], Loss: 1.4603
Epoch [2/7], Step [1060/2401], Loss: 1.3765
Epoch [2/7], Step [1070/2401], Loss: 0.9937
Epoch [2/7], Step [1080/2401], Loss: 1.3643
Epoch [2/7], Step [1090/2401], Loss: 1.3579
Epoch [2/7], Step [1100/2401], Loss: 1.4042
Epoch [2/7], Step [1110/2401], Loss: 1.2920
Epoch [2/7], Step [1120/2401], Loss: 1.7248
Epoch [2/7], Step [1130/2401], Loss: 1.7773
Epoch [2/7], Step [1140/2401], Loss: 1.2958
Epoch [2/7], Step [1150/2401], Loss: 1.3836
Epoch [2/7], Step [1160/2401], Loss: 1.6335
Epoch [2/7], Step [1170/2401], Loss: 1.3771
Epoch [2/7], Step [1180/2401], Loss: 1.7308
Epoch [2/7], Step [1190/2401], Loss: 1.3868
Epoch [2/7], Step [1200/2401], Loss: 1.3426
Epoch [2/7], Step [1210/2401], Loss: 1.4440
Epoch [2/7], Step [1220/2401], Loss: 1.6005
Epoch [2/7], Step [1230/2401], Loss: 1.6274
Epoch [2/7], Step [1240/2401], Loss: 1.7558
Epoch [2/7], Step [1250/2401], Loss: 1.3038
Epoch [2/7], Step [1260/2401], Loss: 1.8312
Epoch [2/7], Step [1270/2401], Loss: 1.0002
Epoch [2/7], Step [1280/2401], Loss: 0.9234
Epoch [2/7], Step [1290/2401], Loss: 1.3041
Epoch [2/7], Step [1300/2401], Loss: 1.3445
Epoch [2/7], Step [1310/2401], Loss: 1.4423
Epoch [2/7], Step [1320/2401], Loss: 1.4746
Epoch [2/7], Step [1330/2401], Loss: 1.5540
Epoch [2/7], Step [1340/2401], Loss: 1.4377
Epoch [2/7], Step [1350/2401], Loss: 1.8064
Epoch [2/7], Step [1360/2401], Loss: 1.1299
Epoch [2/7], Step [1370/2401], Loss: 1.3495
Epoch [2/7], Step [1380/2401], Loss: 1.8150
Epoch [2/7], Step [1390/2401], Loss: 1.2195
Epoch [2/7], Step [1400/2401], Loss: 1.3989
Epoch [2/7], Step [1410/2401], Loss: 1.4567
Epoch [2/7], Step [1420/2401], Loss: 1.7623
Epoch [2/7], Step [1430/2401], Loss: 1.3068
Epoch [2/7], Step [1440/2401], Loss: 1.2654
Epoch [2/7], Step [1450/2401], Loss: 1.5378
Epoch [2/7], Step [1460/2401], Loss: 1.0640
Epoch [2/7], Step [1470/2401], Loss: 1.1444
Epoch [2/7], Step [1480/2401], Loss: 1.8967
Epoch [2/7], Step [1490/2401], Loss: 1.4802
Epoch [2/7], Step [1500/2401], Loss: 1.8294
Epoch [2/7], Step [1510/2401], Loss: 1.2013
Epoch [2/7], Step [1520/2401], Loss: 1.3584
Epoch [2/7], Step [1530/2401], Loss: 1.3776
Epoch [2/7], Step [1540/2401], Loss: 1.7513
Epoch [2/7], Step [1550/2401], Loss: 1.3282
Epoch [2/7], Step [1560/2401], Loss: 1.5868
Epoch [2/7], Step [1570/2401], Loss: 1.1739
Epoch [2/7], Step [1580/2401], Loss: 1.5641
Epoch [2/7], Step [1590/2401], Loss: 1.4940
Epoch [2/7], Step [1600/2401], Loss: 1.3742
Epoch [2/7], Step [1610/2401], Loss: 1.4578
Epoch [2/7], Step [1620/2401], Loss: 1.4327
Epoch [2/7], Step [1630/2401], Loss: 1.5197
Epoch [2/7], Step [1640/2401], Loss: 1.9561
Epoch [2/7], Step [1650/2401], Loss: 1.3194
Epoch [2/7], Step [1660/2401], Loss: 1.4568
Epoch [2/7], Step [1670/2401], Loss: 1.5596
Epoch [2/7], Step [1680/2401], Loss: 1.4417
Epoch [2/7], Step [1690/2401], Loss: 1.3620
Epoch [2/7], Step [1700/2401], Loss: 1.6288
Epoch [2/7], Step [1710/2401], Loss: 1.4240
Epoch [2/7], Step [1720/2401], Loss: 1.4521
Epoch [2/7], Step [1730/2401], Loss: 1.3928
Epoch [2/7], Step [1740/2401], Loss: 1.2140
Epoch [2/7], Step [1750/2401], Loss: 1.3138
Epoch [2/7], Step [1760/2401], Loss: 1.3418
Epoch [2/7], Step [1770/2401], Loss: 1.7335
Epoch [2/7], Step [1780/2401], Loss: 1.7079
Epoch [2/7], Step [1790/2401], Loss: 1.1599
Epoch [2/7], Step [1800/2401], Loss: 1.5212
Epoch [2/7], Step [1810/2401], Loss: 1.5190
Epoch [2/7], Step [1820/2401], Loss: 1.2685
Epoch [2/7], Step [1830/2401], Loss: 1.2808
Epoch [2/7], Step [1840/2401], Loss: 1.4247
Epoch [2/7], Step [1850/2401], Loss: 1.4574
Epoch [2/7], Step [1860/2401], Loss: 1.3320
Epoch [2/7], Step [1870/2401], Loss: 1.6950
Epoch [2/7], Step [1880/2401], Loss: 1.4046
Epoch [2/7], Step [1890/2401], Loss: 1.0842
Epoch [2/7], Step [1900/2401], Loss: 1.3095
Epoch [2/7], Step [1910/2401], Loss: 1.3489
Epoch [2/7], Step [1920/2401], Loss: 1.5925
Epoch [2/7], Step [1930/2401], Loss: 1.5516
Epoch [2/7], Step [1940/2401], Loss: 1.3943
Epoch [2/7], Step [1950/2401], Loss: 1.2892
Epoch [2/7], Step [1960/2401], Loss: 1.8372
Epoch [2/7], Step [1970/2401], Loss: 1.6873
Epoch [2/7], Step [1980/2401], Loss: 1.1552
Epoch [2/7], Step [1990/2401], Loss: 1.6411
Epoch [2/7], Step [2000/2401], Loss: 1.1807
Epoch [2/7], Step [2010/2401], Loss: 1.6438
Epoch [2/7], Step [2020/2401], Loss: 1.1316
Epoch [2/7], Step [2030/2401], Loss: 1.6053
Epoch [2/7], Step [2040/2401], Loss: 1.6190
Epoch [2/7], Step [2050/2401], Loss: 1.2704
Epoch [2/7], Step [2060/2401], Loss: 1.4285
Epoch [2/7], Step [2070/2401], Loss: 1.3682
Epoch [2/7], Step [2080/2401], Loss: 1.1456
Epoch [2/7], Step [2090/2401], Loss: 1.0444
Epoch [2/7], Step [2100/2401], Loss: 1.4847
Epoch [2/7], Step [2110/2401], Loss: 1.4271
Epoch [2/7], Step [2120/2401], Loss: 1.3723
Epoch [2/7], Step [2130/2401], Loss: 1.3879
Epoch [2/7], Step [2140/2401], Loss: 1.3059
Epoch [2/7], Step [2150/2401], Loss: 1.7027
Epoch [2/7], Step [2160/2401], Loss: 1.5557
Epoch [2/7], Step [2170/2401], Loss: 1.2253
Epoch [2/7], Step [2180/2401], Loss: 1.4491
Epoch [2/7], Step [2190/2401], Loss: 1.5627
Epoch [2/7], Step [2200/2401], Loss: 1.5451
Epoch [2/7], Step [2210/2401], Loss: 1.2669
Epoch [2/7], Step [2220/2401], Loss: 1.2578
Epoch [2/7], Step [2230/2401], Loss: 1.6499
Epoch [2/7], Step [2240/2401], Loss: 1.4774
Epoch [2/7], Step [2250/2401], Loss: 1.4983
Epoch [2/7], Step [2260/2401], Loss: 1.4472
Epoch [2/7], Step [2270/2401], Loss: 1.1928
Epoch [2/7], Step [2280/2401], Loss: 1.4118
Epoch [2/7], Step [2290/2401], Loss: 1.4362
Epoch [2/7], Step [2300/2401], Loss: 1.2454
Epoch [2/7], Step [2310/2401], Loss: 1.6525
Epoch [2/7], Step [2320/2401], Loss: 1.6430
Epoch [2/7], Step [2330/2401], Loss: 1.3328
Epoch [2/7], Step [2340/2401], Loss: 1.5926
Epoch [2/7], Step [2350/2401], Loss: 1.4455
Epoch [2/7], Step [2360/2401], Loss: 1.3590
Epoch [2/7], Step [2370/2401], Loss: 1.3148
Epoch [2/7], Step [2380/2401], Loss: 1.1221
Epoch [2/7], Step [2390/2401], Loss: 1.8196
Epoch [2/7], Step [2400/2401], Loss: 1.5495
Total time for epoch 2/7 = 2014.694248 seconds
The average of the epoch train time so far is 2014.694248
The stdev of the epoch train time so far is 0.0
Start validation
Validation accuracy is 46.81803978752213%
Start training
Epoch [3/7], Step [10/2401], Loss: 1.9866
Epoch [3/7], Step [20/2401], Loss: 1.7791
Epoch [3/7], Step [30/2401], Loss: 1.4850
Epoch [3/7], Step [40/2401], Loss: 1.8541
Epoch [3/7], Step [50/2401], Loss: 1.4615
Epoch [3/7], Step [60/2401], Loss: 1.5251
Epoch [3/7], Step [70/2401], Loss: 1.2879
Epoch [3/7], Step [80/2401], Loss: 1.3971
Epoch [3/7], Step [90/2401], Loss: 1.3168
Epoch [3/7], Step [100/2401], Loss: 0.9448
Epoch [3/7], Step [110/2401], Loss: 1.2987
Epoch [3/7], Step [120/2401], Loss: 1.9670
Epoch [3/7], Step [130/2401], Loss: 1.3280
Epoch [3/7], Step [140/2401], Loss: 1.1613
Epoch [3/7], Step [150/2401], Loss: 1.4431
Epoch [3/7], Step [160/2401], Loss: 1.1632
Epoch [3/7], Step [170/2401], Loss: 1.4644
Epoch [3/7], Step [180/2401], Loss: 1.3329
Epoch [3/7], Step [190/2401], Loss: 1.6068
Epoch [3/7], Step [200/2401], Loss: 1.5664
Epoch [3/7], Step [210/2401], Loss: 1.3990
Epoch [3/7], Step [220/2401], Loss: 1.2137
Epoch [3/7], Step [230/2401], Loss: 1.2098
Epoch [3/7], Step [240/2401], Loss: 1.4854
Epoch [3/7], Step [250/2401], Loss: 1.4462
Epoch [3/7], Step [260/2401], Loss: 1.1660
Epoch [3/7], Step [270/2401], Loss: 1.3469
Epoch [3/7], Step [280/2401], Loss: 1.1633
Epoch [3/7], Step [290/2401], Loss: 1.6502
Epoch [3/7], Step [300/2401], Loss: 1.3295
Epoch [3/7], Step [310/2401], Loss: 1.3539
Epoch [3/7], Step [320/2401], Loss: 1.0058
Epoch [3/7], Step [330/2401], Loss: 1.0006
Epoch [3/7], Step [340/2401], Loss: 1.6013
Epoch [3/7], Step [350/2401], Loss: 1.6785
Epoch [3/7], Step [360/2401], Loss: 1.5488
Epoch [3/7], Step [370/2401], Loss: 2.0749
Epoch [3/7], Step [380/2401], Loss: 1.0626
Epoch [3/7], Step [390/2401], Loss: 1.3014
Epoch [3/7], Step [400/2401], Loss: 1.0596
Epoch [3/7], Step [410/2401], Loss: 1.2126
Epoch [3/7], Step [420/2401], Loss: 1.5860
Epoch [3/7], Step [430/2401], Loss: 1.6011
Epoch [3/7], Step [440/2401], Loss: 1.2818
Epoch [3/7], Step [450/2401], Loss: 1.6036
Epoch [3/7], Step [460/2401], Loss: 1.4633
Epoch [3/7], Step [470/2401], Loss: 2.0267
Epoch [3/7], Step [480/2401], Loss: 1.2325
Epoch [3/7], Step [490/2401], Loss: 1.4598
Epoch [3/7], Step [500/2401], Loss: 1.4468
Epoch [3/7], Step [510/2401], Loss: 1.2468
Epoch [3/7], Step [520/2401], Loss: 0.9557
Epoch [3/7], Step [530/2401], Loss: 1.4227
Epoch [3/7], Step [540/2401], Loss: 1.3838
Epoch [3/7], Step [550/2401], Loss: 1.3046
Epoch [3/7], Step [560/2401], Loss: 1.3471
Epoch [3/7], Step [570/2401], Loss: 1.8100
Epoch [3/7], Step [580/2401], Loss: 1.4333
Epoch [3/7], Step [590/2401], Loss: 1.1124
Epoch [3/7], Step [600/2401], Loss: 1.3036
Epoch [3/7], Step [610/2401], Loss: 1.6142
Epoch [3/7], Step [620/2401], Loss: 1.5650
Epoch [3/7], Step [630/2401], Loss: 1.2357
Epoch [3/7], Step [640/2401], Loss: 1.2279
Epoch [3/7], Step [650/2401], Loss: 1.1547
Epoch [3/7], Step [660/2401], Loss: 1.8369
Epoch [3/7], Step [670/2401], Loss: 1.2199
Epoch [3/7], Step [680/2401], Loss: 1.1681
Epoch [3/7], Step [690/2401], Loss: 1.5786
Epoch [3/7], Step [700/2401], Loss: 1.3912
Epoch [3/7], Step [710/2401], Loss: 1.1065
Epoch [3/7], Step [720/2401], Loss: 1.5020
Epoch [3/7], Step [730/2401], Loss: 1.2920
Epoch [3/7], Step [740/2401], Loss: 1.3486
Epoch [3/7], Step [750/2401], Loss: 1.1689
Epoch [3/7], Step [760/2401], Loss: 1.4561
Epoch [3/7], Step [770/2401], Loss: 1.3888
Epoch [3/7], Step [780/2401], Loss: 1.6391
Epoch [3/7], Step [790/2401], Loss: 1.6032
Epoch [3/7], Step [800/2401], Loss: 1.4904
Epoch [3/7], Step [810/2401], Loss: 1.7983
Epoch [3/7], Step [820/2401], Loss: 1.4223
Epoch [3/7], Step [830/2401], Loss: 1.1521
Epoch [3/7], Step [840/2401], Loss: 1.2563
Epoch [3/7], Step [850/2401], Loss: 1.5537
Epoch [3/7], Step [860/2401], Loss: 1.2337
Epoch [3/7], Step [870/2401], Loss: 1.9627
Epoch [3/7], Step [880/2401], Loss: 1.1285
Epoch [3/7], Step [890/2401], Loss: 1.3058
Epoch [3/7], Step [900/2401], Loss: 1.4426
Epoch [3/7], Step [910/2401], Loss: 1.4236
Epoch [3/7], Step [920/2401], Loss: 1.5074
Epoch [3/7], Step [930/2401], Loss: 1.6042
Epoch [3/7], Step [940/2401], Loss: 1.3867
Epoch [3/7], Step [950/2401], Loss: 1.1633
Epoch [3/7], Step [960/2401], Loss: 1.6126
Epoch [3/7], Step [970/2401], Loss: 1.3648
Epoch [3/7], Step [980/2401], Loss: 1.4592
Epoch [3/7], Step [990/2401], Loss: 1.1215
Epoch [3/7], Step [1000/2401], Loss: 1.3435
Epoch [3/7], Step [1010/2401], Loss: 1.0777
Epoch [3/7], Step [1020/2401], Loss: 1.2648
Epoch [3/7], Step [1030/2401], Loss: 1.3011
Epoch [3/7], Step [1040/2401], Loss: 1.2069
Epoch [3/7], Step [1050/2401], Loss: 1.3225
Epoch [3/7], Step [1060/2401], Loss: 1.2225
Epoch [3/7], Step [1070/2401], Loss: 0.8790
Epoch [3/7], Step [1080/2401], Loss: 1.2426
Epoch [3/7], Step [1090/2401], Loss: 1.3112
Epoch [3/7], Step [1100/2401], Loss: 1.1879
Epoch [3/7], Step [1110/2401], Loss: 1.1706
Epoch [3/7], Step [1120/2401], Loss: 1.5267
Epoch [3/7], Step [1130/2401], Loss: 1.6790
Epoch [3/7], Step [1140/2401], Loss: 1.2719
Epoch [3/7], Step [1150/2401], Loss: 1.1558
Epoch [3/7], Step [1160/2401], Loss: 1.4214
Epoch [3/7], Step [1170/2401], Loss: 1.1398
Epoch [3/7], Step [1180/2401], Loss: 1.5222
Epoch [3/7], Step [1190/2401], Loss: 1.2906
Epoch [3/7], Step [1200/2401], Loss: 1.2183
Epoch [3/7], Step [1210/2401], Loss: 1.2864
Epoch [3/7], Step [1220/2401], Loss: 1.3299
Epoch [3/7], Step [1230/2401], Loss: 1.4006
Epoch [3/7], Step [1240/2401], Loss: 1.6447
Epoch [3/7], Step [1250/2401], Loss: 1.0832
Epoch [3/7], Step [1260/2401], Loss: 1.8299
Epoch [3/7], Step [1270/2401], Loss: 0.8870
Epoch [3/7], Step [1280/2401], Loss: 0.8906
Epoch [3/7], Step [1290/2401], Loss: 1.0960
Epoch [3/7], Step [1300/2401], Loss: 1.2176
Epoch [3/7], Step [1310/2401], Loss: 1.2343
Epoch [3/7], Step [1320/2401], Loss: 1.2897
Epoch [3/7], Step [1330/2401], Loss: 1.4109
Epoch [3/7], Step [1340/2401], Loss: 1.2940
Epoch [3/7], Step [1350/2401], Loss: 1.5658
Epoch [3/7], Step [1360/2401], Loss: 0.9160
Epoch [3/7], Step [1370/2401], Loss: 1.2392
Epoch [3/7], Step [1380/2401], Loss: 1.6170
Epoch [3/7], Step [1390/2401], Loss: 1.1383
Epoch [3/7], Step [1400/2401], Loss: 1.2054
Epoch [3/7], Step [1410/2401], Loss: 1.4321
Epoch [3/7], Step [1420/2401], Loss: 1.5947
Epoch [3/7], Step [1430/2401], Loss: 1.1687
Epoch [3/7], Step [1440/2401], Loss: 1.1482
Epoch [3/7], Step [1450/2401], Loss: 1.4133
Epoch [3/7], Step [1460/2401], Loss: 0.8883
Epoch [3/7], Step [1470/2401], Loss: 0.9871
Epoch [3/7], Step [1480/2401], Loss: 1.8302
Epoch [3/7], Step [1490/2401], Loss: 1.3020
Epoch [3/7], Step [1500/2401], Loss: 1.7207
Epoch [3/7], Step [1510/2401], Loss: 1.0020
Epoch [3/7], Step [1520/2401], Loss: 1.1642
Epoch [3/7], Step [1530/2401], Loss: 1.2355
Epoch [3/7], Step [1540/2401], Loss: 1.5961
Epoch [3/7], Step [1550/2401], Loss: 1.2531
Epoch [3/7], Step [1560/2401], Loss: 1.5771
Epoch [3/7], Step [1570/2401], Loss: 1.0398
Epoch [3/7], Step [1580/2401], Loss: 1.3941
Epoch [3/7], Step [1590/2401], Loss: 1.3162
Epoch [3/7], Step [1600/2401], Loss: 1.1863
Epoch [3/7], Step [1610/2401], Loss: 1.4486
Epoch [3/7], Step [1620/2401], Loss: 1.2386
Epoch [3/7], Step [1630/2401], Loss: 1.3544
Epoch [3/7], Step [1640/2401], Loss: 1.7486
Epoch [3/7], Step [1650/2401], Loss: 1.0497
Epoch [3/7], Step [1660/2401], Loss: 1.2569
Epoch [3/7], Step [1670/2401], Loss: 1.4204
Epoch [3/7], Step [1680/2401], Loss: 1.2569
Epoch [3/7], Step [1690/2401], Loss: 1.1085
Epoch [3/7], Step [1700/2401], Loss: 1.4573
Epoch [3/7], Step [1710/2401], Loss: 1.1842
Epoch [3/7], Step [1720/2401], Loss: 1.4012
Epoch [3/7], Step [1730/2401], Loss: 1.2744
Epoch [3/7], Step [1740/2401], Loss: 1.1231
Epoch [3/7], Step [1750/2401], Loss: 1.2640
Epoch [3/7], Step [1760/2401], Loss: 1.2872
Epoch [3/7], Step [1770/2401], Loss: 1.6150
Epoch [3/7], Step [1780/2401], Loss: 1.5417
Epoch [3/7], Step [1790/2401], Loss: 0.9221
Epoch [3/7], Step [1800/2401], Loss: 1.3102
Epoch [3/7], Step [1810/2401], Loss: 1.3673
Epoch [3/7], Step [1820/2401], Loss: 1.1084
Epoch [3/7], Step [1830/2401], Loss: 1.2235
Epoch [3/7], Step [1840/2401], Loss: 1.3643
Epoch [3/7], Step [1850/2401], Loss: 1.3806
Epoch [3/7], Step [1860/2401], Loss: 1.2353
Epoch [3/7], Step [1870/2401], Loss: 1.4001
Epoch [3/7], Step [1880/2401], Loss: 1.2038
Epoch [3/7], Step [1890/2401], Loss: 0.9506
Epoch [3/7], Step [1900/2401], Loss: 1.1746
Epoch [3/7], Step [1910/2401], Loss: 1.2963
Epoch [3/7], Step [1920/2401], Loss: 1.4505
Epoch [3/7], Step [1930/2401], Loss: 1.3393
Epoch [3/7], Step [1940/2401], Loss: 1.2219
Epoch [3/7], Step [1950/2401], Loss: 1.2366
Epoch [3/7], Step [1960/2401], Loss: 1.7600
Epoch [3/7], Step [1970/2401], Loss: 1.5782
Epoch [3/7], Step [1980/2401], Loss: 1.0987
Epoch [3/7], Step [1990/2401], Loss: 1.5764
Epoch [3/7], Step [2000/2401], Loss: 1.1004
Epoch [3/7], Step [2010/2401], Loss: 1.5298
Epoch [3/7], Step [2020/2401], Loss: 1.0058
Epoch [3/7], Step [2030/2401], Loss: 1.4526
Epoch [3/7], Step [2040/2401], Loss: 1.4939
Epoch [3/7], Step [2050/2401], Loss: 1.1747
Epoch [3/7], Step [2060/2401], Loss: 1.3098
Epoch [3/7], Step [2070/2401], Loss: 1.2724
Epoch [3/7], Step [2080/2401], Loss: 1.0614
Epoch [3/7], Step [2090/2401], Loss: 0.8682
Epoch [3/7], Step [2100/2401], Loss: 1.3469
Epoch [3/7], Step [2110/2401], Loss: 1.2754
Epoch [3/7], Step [2120/2401], Loss: 1.1020
Epoch [3/7], Step [2130/2401], Loss: 1.2785
Epoch [3/7], Step [2140/2401], Loss: 1.2150
Epoch [3/7], Step [2150/2401], Loss: 1.5487
Epoch [3/7], Step [2160/2401], Loss: 1.4385
Epoch [3/7], Step [2170/2401], Loss: 1.1131
Epoch [3/7], Step [2180/2401], Loss: 1.3270
Epoch [3/7], Step [2190/2401], Loss: 1.4036
Epoch [3/7], Step [2200/2401], Loss: 1.4445
Epoch [3/7], Step [2210/2401], Loss: 1.1216
Epoch [3/7], Step [2220/2401], Loss: 1.0627
Epoch [3/7], Step [2230/2401], Loss: 1.3666
Epoch [3/7], Step [2240/2401], Loss: 1.4246
Epoch [3/7], Step [2250/2401], Loss: 1.3939
Epoch [3/7], Step [2260/2401], Loss: 1.2109
Epoch [3/7], Step [2270/2401], Loss: 1.0923
Epoch [3/7], Step [2280/2401], Loss: 1.3118
Epoch [3/7], Step [2290/2401], Loss: 1.3055
Epoch [3/7], Step [2300/2401], Loss: 1.1948
Epoch [3/7], Step [2310/2401], Loss: 1.6339
Epoch [3/7], Step [2320/2401], Loss: 1.4950
Epoch [3/7], Step [2330/2401], Loss: 1.0507
Epoch [3/7], Step [2340/2401], Loss: 1.4467
Epoch [3/7], Step [2350/2401], Loss: 1.2601
Epoch [3/7], Step [2360/2401], Loss: 1.2109
Epoch [3/7], Step [2370/2401], Loss: 1.2562
Epoch [3/7], Step [2380/2401], Loss: 1.1128
Epoch [3/7], Step [2390/2401], Loss: 1.8587
Epoch [3/7], Step [2400/2401], Loss: 1.3989
Total time for epoch 3/7 = 2005.696382 seconds
The average of the epoch train time so far is 2010.195315
The stdev of the epoch train time so far is 4.498932999999965
Start validation
Validation accuracy is 52.16123320487449%
Start training
Epoch [4/7], Step [10/2401], Loss: 1.7241
Epoch [4/7], Step [20/2401], Loss: 1.4964
Epoch [4/7], Step [30/2401], Loss: 1.3872
Epoch [4/7], Step [40/2401], Loss: 1.7125
Epoch [4/7], Step [50/2401], Loss: 1.3820
Epoch [4/7], Step [60/2401], Loss: 1.3787
Epoch [4/7], Step [70/2401], Loss: 1.2502
Epoch [4/7], Step [80/2401], Loss: 1.2839
Epoch [4/7], Step [90/2401], Loss: 1.2036
Epoch [4/7], Step [100/2401], Loss: 0.9447
Epoch [4/7], Step [110/2401], Loss: 1.1199
Epoch [4/7], Step [120/2401], Loss: 1.6994
Epoch [4/7], Step [130/2401], Loss: 1.1875
Epoch [4/7], Step [140/2401], Loss: 0.9806
Epoch [4/7], Step [150/2401], Loss: 1.1507
Epoch [4/7], Step [160/2401], Loss: 1.0536
Epoch [4/7], Step [170/2401], Loss: 1.2948
Epoch [4/7], Step [180/2401], Loss: 1.1506
Epoch [4/7], Step [190/2401], Loss: 1.4569
Epoch [4/7], Step [200/2401], Loss: 1.4693
Epoch [4/7], Step [210/2401], Loss: 1.2644
Epoch [4/7], Step [220/2401], Loss: 1.1071
Epoch [4/7], Step [230/2401], Loss: 1.1817
Epoch [4/7], Step [240/2401], Loss: 1.3532
Epoch [4/7], Step [250/2401], Loss: 1.2069
Epoch [4/7], Step [260/2401], Loss: 1.0442
Epoch [4/7], Step [270/2401], Loss: 1.2974
Epoch [4/7], Step [280/2401], Loss: 1.0037
Epoch [4/7], Step [290/2401], Loss: 1.5059
Epoch [4/7], Step [300/2401], Loss: 1.0578
Epoch [4/7], Step [310/2401], Loss: 1.2482
Epoch [4/7], Step [320/2401], Loss: 0.8995
Epoch [4/7], Step [330/2401], Loss: 0.8630
Epoch [4/7], Step [340/2401], Loss: 1.5077
Epoch [4/7], Step [350/2401], Loss: 1.4190
Epoch [4/7], Step [360/2401], Loss: 1.4889
Epoch [4/7], Step [370/2401], Loss: 1.9480
Epoch [4/7], Step [380/2401], Loss: 0.9980
Epoch [4/7], Step [390/2401], Loss: 1.1386
Epoch [4/7], Step [400/2401], Loss: 0.9509
Epoch [4/7], Step [410/2401], Loss: 1.1942
Epoch [4/7], Step [420/2401], Loss: 1.3205
Epoch [4/7], Step [430/2401], Loss: 1.4384
Epoch [4/7], Step [440/2401], Loss: 1.2350
Epoch [4/7], Step [450/2401], Loss: 1.5535
Epoch [4/7], Step [460/2401], Loss: 1.3706
Epoch [4/7], Step [470/2401], Loss: 1.9120
Epoch [4/7], Step [480/2401], Loss: 1.1353
Epoch [4/7], Step [490/2401], Loss: 1.3728
Epoch [4/7], Step [500/2401], Loss: 1.3983
Epoch [4/7], Step [510/2401], Loss: 1.1356
Epoch [4/7], Step [520/2401], Loss: 0.9302
Epoch [4/7], Step [530/2401], Loss: 1.3437
Epoch [4/7], Step [540/2401], Loss: 1.3700
Epoch [4/7], Step [550/2401], Loss: 1.2579
Epoch [4/7], Step [560/2401], Loss: 1.2236
Epoch [4/7], Step [570/2401], Loss: 1.5348
Epoch [4/7], Step [580/2401], Loss: 1.3426
Epoch [4/7], Step [590/2401], Loss: 1.0526
Epoch [4/7], Step [600/2401], Loss: 1.1719
Epoch [4/7], Step [610/2401], Loss: 1.4694
Epoch [4/7], Step [620/2401], Loss: 1.3751
Epoch [4/7], Step [630/2401], Loss: 1.1810
Epoch [4/7], Step [640/2401], Loss: 1.0697
Epoch [4/7], Step [650/2401], Loss: 1.0858
Epoch [4/7], Step [660/2401], Loss: 1.6920
Epoch [4/7], Step [670/2401], Loss: 1.2406
Epoch [4/7], Step [680/2401], Loss: 1.1923
Epoch [4/7], Step [690/2401], Loss: 1.5924
Epoch [4/7], Step [700/2401], Loss: 1.1435
Epoch [4/7], Step [710/2401], Loss: 0.9807
Epoch [4/7], Step [720/2401], Loss: 1.3726
Epoch [4/7], Step [730/2401], Loss: 1.2709
Epoch [4/7], Step [740/2401], Loss: 1.1384
Epoch [4/7], Step [750/2401], Loss: 1.1117
Epoch [4/7], Step [760/2401], Loss: 1.2752
Epoch [4/7], Step [770/2401], Loss: 1.2598
Epoch [4/7], Step [780/2401], Loss: 1.3666
Epoch [4/7], Step [790/2401], Loss: 1.3365
Epoch [4/7], Step [800/2401], Loss: 1.5207
Epoch [4/7], Step [810/2401], Loss: 1.6175
Epoch [4/7], Step [820/2401], Loss: 1.2836
Epoch [4/7], Step [830/2401], Loss: 1.0328
Epoch [4/7], Step [840/2401], Loss: 1.1293
Epoch [4/7], Step [850/2401], Loss: 1.4796
Epoch [4/7], Step [860/2401], Loss: 1.2236
Epoch [4/7], Step [870/2401], Loss: 1.9404
Epoch [4/7], Step [880/2401], Loss: 1.0157
Epoch [4/7], Step [890/2401], Loss: 1.1380
Epoch [4/7], Step [900/2401], Loss: 1.2834
Epoch [4/7], Step [910/2401], Loss: 1.4806
Epoch [4/7], Step [920/2401], Loss: 1.4271
Epoch [4/7], Step [930/2401], Loss: 1.6039
Epoch [4/7], Step [940/2401], Loss: 1.2812
Epoch [4/7], Step [950/2401], Loss: 1.0825
Epoch [4/7], Step [960/2401], Loss: 1.4924
Epoch [4/7], Step [970/2401], Loss: 1.4370
Epoch [4/7], Step [980/2401], Loss: 1.3709
Epoch [4/7], Step [990/2401], Loss: 1.1037
Epoch [4/7], Step [1000/2401], Loss: 1.1862
Epoch [4/7], Step [1010/2401], Loss: 1.0891
Epoch [4/7], Step [1020/2401], Loss: 1.0727
Epoch [4/7], Step [1030/2401], Loss: 1.1800
Epoch [4/7], Step [1040/2401], Loss: 1.0413
Epoch [4/7], Step [1050/2401], Loss: 1.1771
Epoch [4/7], Step [1060/2401], Loss: 1.1321
Epoch [4/7], Step [1070/2401], Loss: 0.7699
Epoch [4/7], Step [1080/2401], Loss: 1.2660
Epoch [4/7], Step [1090/2401], Loss: 1.2040
Epoch [4/7], Step [1100/2401], Loss: 1.2143
Epoch [4/7], Step [1110/2401], Loss: 1.1333
Epoch [4/7], Step [1120/2401], Loss: 1.4648
Epoch [4/7], Step [1130/2401], Loss: 1.6754
Epoch [4/7], Step [1140/2401], Loss: 1.1649
Epoch [4/7], Step [1150/2401], Loss: 1.0869
Epoch [4/7], Step [1160/2401], Loss: 1.3531
Epoch [4/7], Step [1170/2401], Loss: 1.0013
Epoch [4/7], Step [1180/2401], Loss: 1.3685
Epoch [4/7], Step [1190/2401], Loss: 1.1801
Epoch [4/7], Step [1200/2401], Loss: 1.1553
Epoch [4/7], Step [1210/2401], Loss: 1.1346
Epoch [4/7], Step [1220/2401], Loss: 1.2094
Epoch [4/7], Step [1230/2401], Loss: 1.3140
Epoch [4/7], Step [1240/2401], Loss: 1.4700
Epoch [4/7], Step [1250/2401], Loss: 0.9666
Epoch [4/7], Step [1260/2401], Loss: 1.7769
Epoch [4/7], Step [1270/2401], Loss: 0.7661
Epoch [4/7], Step [1280/2401], Loss: 0.9225
Epoch [4/7], Step [1290/2401], Loss: 0.9454
Epoch [4/7], Step [1300/2401], Loss: 1.1297
Epoch [4/7], Step [1310/2401], Loss: 1.0810
Epoch [4/7], Step [1320/2401], Loss: 1.1835
Epoch [4/7], Step [1330/2401], Loss: 1.3174
Epoch [4/7], Step [1340/2401], Loss: 1.1746
Epoch [4/7], Step [1350/2401], Loss: 1.5856
Epoch [4/7], Step [1360/2401], Loss: 0.8465
Epoch [4/7], Step [1370/2401], Loss: 1.1385
Epoch [4/7], Step [1380/2401], Loss: 1.4924
Epoch [4/7], Step [1390/2401], Loss: 0.9857
Epoch [4/7], Step [1400/2401], Loss: 1.0310
Epoch [4/7], Step [1410/2401], Loss: 1.2394
Epoch [4/7], Step [1420/2401], Loss: 1.4997
Epoch [4/7], Step [1430/2401], Loss: 1.0094
Epoch [4/7], Step [1440/2401], Loss: 1.0106
Epoch [4/7], Step [1450/2401], Loss: 1.2970
Epoch [4/7], Step [1460/2401], Loss: 0.8354
Epoch [4/7], Step [1470/2401], Loss: 0.9030
Epoch [4/7], Step [1480/2401], Loss: 1.6496
Epoch [4/7], Step [1490/2401], Loss: 1.2232
Epoch [4/7], Step [1500/2401], Loss: 1.6373
Epoch [4/7], Step [1510/2401], Loss: 0.9135
Epoch [4/7], Step [1520/2401], Loss: 1.0765
Epoch [4/7], Step [1530/2401], Loss: 1.1227
Epoch [4/7], Step [1540/2401], Loss: 1.5447
Epoch [4/7], Step [1550/2401], Loss: 1.1338
Epoch [4/7], Step [1560/2401], Loss: 1.3938
Epoch [4/7], Step [1570/2401], Loss: 0.9401
Epoch [4/7], Step [1580/2401], Loss: 1.2861
Epoch [4/7], Step [1590/2401], Loss: 1.2518
Epoch [4/7], Step [1600/2401], Loss: 1.1595
Epoch [4/7], Step [1610/2401], Loss: 1.3258
Epoch [4/7], Step [1620/2401], Loss: 1.1820
Epoch [4/7], Step [1630/2401], Loss: 1.3155
Epoch [4/7], Step [1640/2401], Loss: 1.6467
Epoch [4/7], Step [1650/2401], Loss: 0.8842
Epoch [4/7], Step [1660/2401], Loss: 1.1244
Epoch [4/7], Step [1670/2401], Loss: 1.3649
Epoch [4/7], Step [1680/2401], Loss: 1.1592
Epoch [4/7], Step [1690/2401], Loss: 0.9442
Epoch [4/7], Step [1700/2401], Loss: 1.2904
Epoch [4/7], Step [1710/2401], Loss: 1.1551
Epoch [4/7], Step [1720/2401], Loss: 1.3681
Epoch [4/7], Step [1730/2401], Loss: 1.0543
Epoch [4/7], Step [1740/2401], Loss: 1.0654
Epoch [4/7], Step [1750/2401], Loss: 1.2690
Epoch [4/7], Step [1760/2401], Loss: 1.2036
Epoch [4/7], Step [1770/2401], Loss: 1.5981
Epoch [4/7], Step [1780/2401], Loss: 1.4606
Epoch [4/7], Step [1790/2401], Loss: 0.8620
Epoch [4/7], Step [1800/2401], Loss: 1.2816
Epoch [4/7], Step [1810/2401], Loss: 1.2457
Epoch [4/7], Step [1820/2401], Loss: 1.0401
Epoch [4/7], Step [1830/2401], Loss: 1.2692
Epoch [4/7], Step [1840/2401], Loss: 1.2159
Epoch [4/7], Step [1850/2401], Loss: 1.2812
Epoch [4/7], Step [1860/2401], Loss: 1.1310
Epoch [4/7], Step [1870/2401], Loss: 1.3208
Epoch [4/7], Step [1880/2401], Loss: 1.0787
Epoch [4/7], Step [1890/2401], Loss: 0.9187
Epoch [4/7], Step [1900/2401], Loss: 1.1286
Epoch [4/7], Step [1910/2401], Loss: 1.1498
Epoch [4/7], Step [1920/2401], Loss: 1.4144
Epoch [4/7], Step [1930/2401], Loss: 1.2316
Epoch [4/7], Step [1940/2401], Loss: 1.2779
Epoch [4/7], Step [1950/2401], Loss: 1.0999
Epoch [4/7], Step [1960/2401], Loss: 1.5959
Epoch [4/7], Step [1970/2401], Loss: 1.5324
Epoch [4/7], Step [1980/2401], Loss: 0.9801
Epoch [4/7], Step [1990/2401], Loss: 1.5360
Epoch [4/7], Step [2000/2401], Loss: 1.0599
Epoch [4/7], Step [2010/2401], Loss: 1.5013
Epoch [4/7], Step [2020/2401], Loss: 0.9090
Epoch [4/7], Step [2030/2401], Loss: 1.2919
Epoch [4/7], Step [2040/2401], Loss: 1.3507
Epoch [4/7], Step [2050/2401], Loss: 1.0876
Epoch [4/7], Step [2060/2401], Loss: 1.1976
Epoch [4/7], Step [2070/2401], Loss: 1.1710
Epoch [4/7], Step [2080/2401], Loss: 0.9962
Epoch [4/7], Step [2090/2401], Loss: 0.7516
Epoch [4/7], Step [2100/2401], Loss: 1.1883
Epoch [4/7], Step [2110/2401], Loss: 1.1377
Epoch [4/7], Step [2120/2401], Loss: 0.9499
Epoch [4/7], Step [2130/2401], Loss: 1.2043
Epoch [4/7], Step [2140/2401], Loss: 1.0507
Epoch [4/7], Step [2150/2401], Loss: 1.4887
Epoch [4/7], Step [2160/2401], Loss: 1.4566
Epoch [4/7], Step [2170/2401], Loss: 0.9811
Epoch [4/7], Step [2180/2401], Loss: 1.2112
Epoch [4/7], Step [2190/2401], Loss: 1.2656
Epoch [4/7], Step [2200/2401], Loss: 1.2551
Epoch [4/7], Step [2210/2401], Loss: 1.0598
Epoch [4/7], Step [2220/2401], Loss: 1.0646
Epoch [4/7], Step [2230/2401], Loss: 1.3354
Epoch [4/7], Step [2240/2401], Loss: 1.2840
Epoch [4/7], Step [2250/2401], Loss: 1.2330
Epoch [4/7], Step [2260/2401], Loss: 1.0847
Epoch [4/7], Step [2270/2401], Loss: 1.0316
Epoch [4/7], Step [2280/2401], Loss: 1.0524
Epoch [4/7], Step [2290/2401], Loss: 1.0958
Epoch [4/7], Step [2300/2401], Loss: 1.1550
Epoch [4/7], Step [2310/2401], Loss: 1.5670
Epoch [4/7], Step [2320/2401], Loss: 1.4373
Epoch [4/7], Step [2330/2401], Loss: 0.9862
Epoch [4/7], Step [2340/2401], Loss: 1.2194
Epoch [4/7], Step [2350/2401], Loss: 1.2125
Epoch [4/7], Step [2360/2401], Loss: 1.1711
Epoch [4/7], Step [2370/2401], Loss: 1.2056
Epoch [4/7], Step [2380/2401], Loss: 1.0873
Epoch [4/7], Step [2390/2401], Loss: 1.7919
Epoch [4/7], Step [2400/2401], Loss: 1.3145
Total time for epoch 4/7 = 1397.899076 seconds
The average of the epoch train time so far is 1806.0965686666666
The stdev of the epoch train time so far is 288.6625886886552
Start validation
Validation accuracy is 56.46286845120299%
Start training
Epoch [5/7], Step [10/2401], Loss: 1.6904
Epoch [5/7], Step [20/2401], Loss: 1.4904
Epoch [5/7], Step [30/2401], Loss: 1.3726
Epoch [5/7], Step [40/2401], Loss: 1.5081
Epoch [5/7], Step [50/2401], Loss: 1.3054
Epoch [5/7], Step [60/2401], Loss: 1.2645
Epoch [5/7], Step [70/2401], Loss: 1.0949
Epoch [5/7], Step [80/2401], Loss: 1.1465
Epoch [5/7], Step [90/2401], Loss: 1.1076
Epoch [5/7], Step [100/2401], Loss: 0.8829
Epoch [5/7], Step [110/2401], Loss: 1.0088
Epoch [5/7], Step [120/2401], Loss: 1.4621
Epoch [5/7], Step [130/2401], Loss: 1.1215
Epoch [5/7], Step [140/2401], Loss: 0.8361
Epoch [5/7], Step [150/2401], Loss: 1.0415
Epoch [5/7], Step [160/2401], Loss: 0.9654
Epoch [5/7], Step [170/2401], Loss: 1.2235
Epoch [5/7], Step [180/2401], Loss: 1.0437
Epoch [5/7], Step [190/2401], Loss: 1.2642
Epoch [5/7], Step [200/2401], Loss: 1.3791
Epoch [5/7], Step [210/2401], Loss: 1.2616
Epoch [5/7], Step [220/2401], Loss: 0.9696
Epoch [5/7], Step [230/2401], Loss: 1.1437
Epoch [5/7], Step [240/2401], Loss: 1.1262
Epoch [5/7], Step [250/2401], Loss: 1.1117
Epoch [5/7], Step [260/2401], Loss: 0.9582
Epoch [5/7], Step [270/2401], Loss: 1.0770
Epoch [5/7], Step [280/2401], Loss: 0.8733
Epoch [5/7], Step [290/2401], Loss: 1.3791
Epoch [5/7], Step [300/2401], Loss: 0.9612
Epoch [5/7], Step [310/2401], Loss: 1.1553
Epoch [5/7], Step [320/2401], Loss: 0.8714
Epoch [5/7], Step [330/2401], Loss: 0.8015
Epoch [5/7], Step [340/2401], Loss: 1.4324
Epoch [5/7], Step [350/2401], Loss: 1.3595
Epoch [5/7], Step [360/2401], Loss: 1.3487
Epoch [5/7], Step [370/2401], Loss: 1.9628
Epoch [5/7], Step [380/2401], Loss: 0.8988
Epoch [5/7], Step [390/2401], Loss: 1.0463
Epoch [5/7], Step [400/2401], Loss: 0.8805
Epoch [5/7], Step [410/2401], Loss: 1.1104
Epoch [5/7], Step [420/2401], Loss: 1.1908
Epoch [5/7], Step [430/2401], Loss: 1.3331
Epoch [5/7], Step [440/2401], Loss: 1.2180
Epoch [5/7], Step [450/2401], Loss: 1.4259
Epoch [5/7], Step [460/2401], Loss: 1.3789
Epoch [5/7], Step [470/2401], Loss: 1.7158
Epoch [5/7], Step [480/2401], Loss: 1.0823
Epoch [5/7], Step [490/2401], Loss: 1.3210
Epoch [5/7], Step [500/2401], Loss: 1.2774
Epoch [5/7], Step [510/2401], Loss: 1.0397
Epoch [5/7], Step [520/2401], Loss: 0.8240
Epoch [5/7], Step [530/2401], Loss: 1.2197
Epoch [5/7], Step [540/2401], Loss: 1.2516
Epoch [5/7], Step [550/2401], Loss: 1.1578
Epoch [5/7], Step [560/2401], Loss: 1.1410
Epoch [5/7], Step [570/2401], Loss: 1.3121
Epoch [5/7], Step [580/2401], Loss: 1.1954
Epoch [5/7], Step [590/2401], Loss: 1.0648
Epoch [5/7], Step [600/2401], Loss: 1.0241
Epoch [5/7], Step [610/2401], Loss: 1.3003
Epoch [5/7], Step [620/2401], Loss: 1.2626
Epoch [5/7], Step [630/2401], Loss: 1.0948
Epoch [5/7], Step [640/2401], Loss: 0.8970
Epoch [5/7], Step [650/2401], Loss: 0.9774
Epoch [5/7], Step [660/2401], Loss: 1.5600
Epoch [5/7], Step [670/2401], Loss: 1.1865
Epoch [5/7], Step [680/2401], Loss: 1.1183
Epoch [5/7], Step [690/2401], Loss: 1.4544
Epoch [5/7], Step [700/2401], Loss: 1.0640
Epoch [5/7], Step [710/2401], Loss: 0.9290
Epoch [5/7], Step [720/2401], Loss: 1.3550
Epoch [5/7], Step [730/2401], Loss: 1.1458
Epoch [5/7], Step [740/2401], Loss: 1.0445
Epoch [5/7], Step [750/2401], Loss: 0.9613
Epoch [5/7], Step [760/2401], Loss: 1.1358
Epoch [5/7], Step [770/2401], Loss: 1.1801
Epoch [5/7], Step [780/2401], Loss: 1.3590
Epoch [5/7], Step [790/2401], Loss: 1.2007
Epoch [5/7], Step [800/2401], Loss: 1.3910
Epoch [5/7], Step [810/2401], Loss: 1.5620
Epoch [5/7], Step [820/2401], Loss: 1.1736
Epoch [5/7], Step [830/2401], Loss: 0.9560
Epoch [5/7], Step [840/2401], Loss: 1.1059
Epoch [5/7], Step [850/2401], Loss: 1.3062
Epoch [5/7], Step [860/2401], Loss: 1.1953
Epoch [5/7], Step [870/2401], Loss: 1.9420
Epoch [5/7], Step [880/2401], Loss: 0.9691
Epoch [5/7], Step [890/2401], Loss: 1.0040
Epoch [5/7], Step [900/2401], Loss: 1.1026
Epoch [5/7], Step [910/2401], Loss: 1.3187
Epoch [5/7], Step [920/2401], Loss: 1.3391
Epoch [5/7], Step [930/2401], Loss: 1.4379
Epoch [5/7], Step [940/2401], Loss: 1.1450
Epoch [5/7], Step [950/2401], Loss: 0.9657
Epoch [5/7], Step [960/2401], Loss: 1.4190
Epoch [5/7], Step [970/2401], Loss: 1.3880
Epoch [5/7], Step [980/2401], Loss: 1.2284
Epoch [5/7], Step [990/2401], Loss: 1.0054
Epoch [5/7], Step [1000/2401], Loss: 1.0718
Epoch [5/7], Step [1010/2401], Loss: 0.9663
Epoch [5/7], Step [1020/2401], Loss: 0.9090
Epoch [5/7], Step [1030/2401], Loss: 1.0809
Epoch [5/7], Step [1040/2401], Loss: 0.9517
Epoch [5/7], Step [1050/2401], Loss: 1.0358
Epoch [5/7], Step [1060/2401], Loss: 1.0615
Epoch [5/7], Step [1070/2401], Loss: 0.6800
Epoch [5/7], Step [1080/2401], Loss: 1.2430
Epoch [5/7], Step [1090/2401], Loss: 1.0900
Epoch [5/7], Step [1100/2401], Loss: 1.2458
Epoch [5/7], Step [1110/2401], Loss: 0.9928
Epoch [5/7], Step [1120/2401], Loss: 1.4090
Epoch [5/7], Step [1130/2401], Loss: 1.5331
Epoch [5/7], Step [1140/2401], Loss: 1.0944
Epoch [5/7], Step [1150/2401], Loss: 0.9090
Epoch [5/7], Step [1160/2401], Loss: 1.2420
Epoch [5/7], Step [1170/2401], Loss: 0.8254
Epoch [5/7], Step [1180/2401], Loss: 1.2913
Epoch [5/7], Step [1190/2401], Loss: 1.0394
Epoch [5/7], Step [1200/2401], Loss: 1.1340
Epoch [5/7], Step [1210/2401], Loss: 1.1427
Epoch [5/7], Step [1220/2401], Loss: 1.0490
Epoch [5/7], Step [1230/2401], Loss: 1.2331
Epoch [5/7], Step [1240/2401], Loss: 1.3832
Epoch [5/7], Step [1250/2401], Loss: 0.8849
Epoch [5/7], Step [1260/2401], Loss: 1.8459
Epoch [5/7], Step [1270/2401], Loss: 0.6495
Epoch [5/7], Step [1280/2401], Loss: 0.8901
Epoch [5/7], Step [1290/2401], Loss: 0.8105
Epoch [5/7], Step [1300/2401], Loss: 1.0000
Epoch [5/7], Step [1310/2401], Loss: 0.9008
Epoch [5/7], Step [1320/2401], Loss: 1.1620
Epoch [5/7], Step [1330/2401], Loss: 1.2877
Epoch [5/7], Step [1340/2401], Loss: 1.0901
Epoch [5/7], Step [1350/2401], Loss: 1.4440
Epoch [5/7], Step [1360/2401], Loss: 0.8602
Epoch [5/7], Step [1370/2401], Loss: 1.0976
Epoch [5/7], Step [1380/2401], Loss: 1.3744
Epoch [5/7], Step [1390/2401], Loss: 0.9331
Epoch [5/7], Step [1400/2401], Loss: 0.8885
Epoch [5/7], Step [1410/2401], Loss: 1.1483
Epoch [5/7], Step [1420/2401], Loss: 1.3862
Epoch [5/7], Step [1430/2401], Loss: 0.9729
Epoch [5/7], Step [1440/2401], Loss: 0.9192
Epoch [5/7], Step [1450/2401], Loss: 1.2393
Epoch [5/7], Step [1460/2401], Loss: 0.8327
Epoch [5/7], Step [1470/2401], Loss: 0.8050
Epoch [5/7], Step [1480/2401], Loss: 1.4137
Epoch [5/7], Step [1490/2401], Loss: 1.1502
Epoch [5/7], Step [1500/2401], Loss: 1.5213
Epoch [5/7], Step [1510/2401], Loss: 0.7797
Epoch [5/7], Step [1520/2401], Loss: 1.0764
Epoch [5/7], Step [1530/2401], Loss: 1.0094
Epoch [5/7], Step [1540/2401], Loss: 1.5546
Epoch [5/7], Step [1550/2401], Loss: 1.0542
Epoch [5/7], Step [1560/2401], Loss: 1.2208
Epoch [5/7], Step [1570/2401], Loss: 0.8607
Epoch [5/7], Step [1580/2401], Loss: 1.0930
Epoch [5/7], Step [1590/2401], Loss: 1.1796
Epoch [5/7], Step [1600/2401], Loss: 1.1763
Epoch [5/7], Step [1610/2401], Loss: 1.1794
Epoch [5/7], Step [1620/2401], Loss: 1.0255
Epoch [5/7], Step [1630/2401], Loss: 1.2956
Epoch [5/7], Step [1640/2401], Loss: 1.6055
Epoch [5/7], Step [1650/2401], Loss: 0.8002
Epoch [5/7], Step [1660/2401], Loss: 1.0032
Epoch [5/7], Step [1670/2401], Loss: 1.3048
Epoch [5/7], Step [1680/2401], Loss: 1.1302
Epoch [5/7], Step [1690/2401], Loss: 0.8020
Epoch [5/7], Step [1700/2401], Loss: 1.1640
Epoch [5/7], Step [1710/2401], Loss: 1.0910
Epoch [5/7], Step [1720/2401], Loss: 1.2602
Epoch [5/7], Step [1730/2401], Loss: 1.0512
Epoch [5/7], Step [1740/2401], Loss: 0.9588
Epoch [5/7], Step [1750/2401], Loss: 1.0880
Epoch [5/7], Step [1760/2401], Loss: 1.1922
Epoch [5/7], Step [1770/2401], Loss: 1.5687
Epoch [5/7], Step [1780/2401], Loss: 1.3665
Epoch [5/7], Step [1790/2401], Loss: 0.8085
Epoch [5/7], Step [1800/2401], Loss: 1.1748
Epoch [5/7], Step [1810/2401], Loss: 1.1850
Epoch [5/7], Step [1820/2401], Loss: 0.9563
Epoch [5/7], Step [1830/2401], Loss: 1.1360
Epoch [5/7], Step [1840/2401], Loss: 1.1840
Epoch [5/7], Step [1850/2401], Loss: 1.0931
Epoch [5/7], Step [1860/2401], Loss: 1.0617
Epoch [5/7], Step [1870/2401], Loss: 1.1940
Epoch [5/7], Step [1880/2401], Loss: 0.9727
Epoch [5/7], Step [1890/2401], Loss: 0.8075
Epoch [5/7], Step [1900/2401], Loss: 0.9729
Epoch [5/7], Step [1910/2401], Loss: 1.0224
Epoch [5/7], Step [1920/2401], Loss: 1.3111
Epoch [5/7], Step [1930/2401], Loss: 1.0685
Epoch [5/7], Step [1940/2401], Loss: 1.0795
Epoch [5/7], Step [1950/2401], Loss: 1.0725
Epoch [5/7], Step [1960/2401], Loss: 1.4745
Epoch [5/7], Step [1970/2401], Loss: 1.3617
Epoch [5/7], Step [1980/2401], Loss: 0.9846
Epoch [5/7], Step [1990/2401], Loss: 1.3695
Epoch [5/7], Step [2000/2401], Loss: 0.9624
Epoch [5/7], Step [2010/2401], Loss: 1.4124
Epoch [5/7], Step [2020/2401], Loss: 0.9079
Epoch [5/7], Step [2030/2401], Loss: 1.2285
Epoch [5/7], Step [2040/2401], Loss: 1.2104
Epoch [5/7], Step [2050/2401], Loss: 1.0275
Epoch [5/7], Step [2060/2401], Loss: 1.1037
Epoch [5/7], Step [2070/2401], Loss: 1.0433
Epoch [5/7], Step [2080/2401], Loss: 0.8545
Epoch [5/7], Step [2090/2401], Loss: 0.6010
Epoch [5/7], Step [2100/2401], Loss: 1.0733
Epoch [5/7], Step [2110/2401], Loss: 1.0215
Epoch [5/7], Step [2120/2401], Loss: 0.8732
Epoch [5/7], Step [2130/2401], Loss: 1.0866
Epoch [5/7], Step [2140/2401], Loss: 1.0066
Epoch [5/7], Step [2150/2401], Loss: 1.4287
Epoch [5/7], Step [2160/2401], Loss: 1.3498
Epoch [5/7], Step [2170/2401], Loss: 0.8180
Epoch [5/7], Step [2180/2401], Loss: 1.1894
Epoch [5/7], Step [2190/2401], Loss: 1.2034
Epoch [5/7], Step [2200/2401], Loss: 1.1567
Epoch [5/7], Step [2210/2401], Loss: 0.8954
Epoch [5/7], Step [2220/2401], Loss: 0.9543
Epoch [5/7], Step [2230/2401], Loss: 1.2540
Epoch [5/7], Step [2240/2401], Loss: 1.1378
Epoch [5/7], Step [2250/2401], Loss: 1.1602
Epoch [5/7], Step [2260/2401], Loss: 0.9872
Epoch [5/7], Step [2270/2401], Loss: 0.9140
Epoch [5/7], Step [2280/2401], Loss: 0.9891
Epoch [5/7], Step [2290/2401], Loss: 1.0887
Epoch [5/7], Step [2300/2401], Loss: 1.1366
Epoch [5/7], Step [2310/2401], Loss: 1.4553
Epoch [5/7], Step [2320/2401], Loss: 1.2936
Epoch [5/7], Step [2330/2401], Loss: 0.7805
Epoch [5/7], Step [2340/2401], Loss: 1.0891
Epoch [5/7], Step [2350/2401], Loss: 1.0524
Epoch [5/7], Step [2360/2401], Loss: 1.0844
Epoch [5/7], Step [2370/2401], Loss: 0.9994
Epoch [5/7], Step [2380/2401], Loss: 1.0409
Epoch [5/7], Step [2390/2401], Loss: 1.6155
Epoch [5/7], Step [2400/2401], Loss: 1.2439
Total time for epoch 5/7 = 2224.338801 seconds
The average of the epoch train time so far is 1910.6571267499999
The stdev of the epoch train time so far is 308.69612647621796
Start validation
Validation accuracy is 57.400270805124464%
Start training
Epoch [6/7], Step [10/2401], Loss: 1.5494
Epoch [6/7], Step [20/2401], Loss: 1.4145
Epoch [6/7], Step [30/2401], Loss: 1.2141
Epoch [6/7], Step [40/2401], Loss: 1.5066
Epoch [6/7], Step [50/2401], Loss: 1.1609
Epoch [6/7], Step [60/2401], Loss: 1.1600
Epoch [6/7], Step [70/2401], Loss: 1.0534
Epoch [6/7], Step [80/2401], Loss: 1.0337
Epoch [6/7], Step [90/2401], Loss: 1.0877
Epoch [6/7], Step [100/2401], Loss: 0.8716
Epoch [6/7], Step [110/2401], Loss: 1.0153
Epoch [6/7], Step [120/2401], Loss: 1.2009
Epoch [6/7], Step [130/2401], Loss: 1.0222
Epoch [6/7], Step [140/2401], Loss: 0.8854
Epoch [6/7], Step [150/2401], Loss: 0.7977
Epoch [6/7], Step [160/2401], Loss: 0.9211
Epoch [6/7], Step [170/2401], Loss: 1.1435
Epoch [6/7], Step [180/2401], Loss: 0.9071
Epoch [6/7], Step [190/2401], Loss: 1.1177
Epoch [6/7], Step [200/2401], Loss: 1.3234
Epoch [6/7], Step [210/2401], Loss: 1.1468
Epoch [6/7], Step [220/2401], Loss: 0.8358
Epoch [6/7], Step [230/2401], Loss: 1.1241
Epoch [6/7], Step [240/2401], Loss: 0.9865
Epoch [6/7], Step [250/2401], Loss: 0.9964
Epoch [6/7], Step [260/2401], Loss: 0.8997
Epoch [6/7], Step [270/2401], Loss: 1.0616
Epoch [6/7], Step [280/2401], Loss: 0.7286
Epoch [6/7], Step [290/2401], Loss: 1.3806
Epoch [6/7], Step [300/2401], Loss: 0.8491
Epoch [6/7], Step [310/2401], Loss: 1.0043
Epoch [6/7], Step [320/2401], Loss: 0.7706
Epoch [6/7], Step [330/2401], Loss: 0.6951
Epoch [6/7], Step [340/2401], Loss: 1.3968
Epoch [6/7], Step [350/2401], Loss: 1.1890
Epoch [6/7], Step [360/2401], Loss: 1.0875
Epoch [6/7], Step [370/2401], Loss: 1.9117
Epoch [6/7], Step [380/2401], Loss: 0.8224
Epoch [6/7], Step [390/2401], Loss: 0.8816
Epoch [6/7], Step [400/2401], Loss: 0.7144
Epoch [6/7], Step [410/2401], Loss: 1.0364
Epoch [6/7], Step [420/2401], Loss: 0.9947
Epoch [6/7], Step [430/2401], Loss: 1.0477
Epoch [6/7], Step [440/2401], Loss: 1.0439
Epoch [6/7], Step [450/2401], Loss: 1.2417
Epoch [6/7], Step [460/2401], Loss: 1.2480
Epoch [6/7], Step [470/2401], Loss: 1.5026
Epoch [6/7], Step [480/2401], Loss: 1.0192
Epoch [6/7], Step [490/2401], Loss: 1.2705
Epoch [6/7], Step [500/2401], Loss: 1.2588
Epoch [6/7], Step [510/2401], Loss: 0.9472
Epoch [6/7], Step [520/2401], Loss: 0.7924
Epoch [6/7], Step [530/2401], Loss: 1.1399
Epoch [6/7], Step [540/2401], Loss: 1.2173
Epoch [6/7], Step [550/2401], Loss: 1.0515
Epoch [6/7], Step [560/2401], Loss: 1.0814
Epoch [6/7], Step [570/2401], Loss: 1.2098
Epoch [6/7], Step [580/2401], Loss: 1.0585
Epoch [6/7], Step [590/2401], Loss: 1.0607
Epoch [6/7], Step [600/2401], Loss: 0.9276
Epoch [6/7], Step [610/2401], Loss: 1.2129
Epoch [6/7], Step [620/2401], Loss: 1.1904
Epoch [6/7], Step [630/2401], Loss: 0.9553
Epoch [6/7], Step [640/2401], Loss: 0.8583
Epoch [6/7], Step [650/2401], Loss: 0.8273
Epoch [6/7], Step [660/2401], Loss: 1.4367
Epoch [6/7], Step [670/2401], Loss: 1.0196
Epoch [6/7], Step [680/2401], Loss: 1.0245
Epoch [6/7], Step [690/2401], Loss: 1.2877
Epoch [6/7], Step [700/2401], Loss: 1.0689
Epoch [6/7], Step [710/2401], Loss: 0.8820
Epoch [6/7], Step [720/2401], Loss: 1.2271
Epoch [6/7], Step [730/2401], Loss: 1.0383
Epoch [6/7], Step [740/2401], Loss: 0.9049
Epoch [6/7], Step [750/2401], Loss: 0.8914
Epoch [6/7], Step [760/2401], Loss: 1.0452
Epoch [6/7], Step [770/2401], Loss: 1.1050
Epoch [6/7], Step [780/2401], Loss: 1.2542
Epoch [6/7], Step [790/2401], Loss: 0.9844
Epoch [6/7], Step [800/2401], Loss: 1.3372
Epoch [6/7], Step [810/2401], Loss: 1.3091
Epoch [6/7], Step [820/2401], Loss: 1.1561
Epoch [6/7], Step [830/2401], Loss: 0.8896
Epoch [6/7], Step [840/2401], Loss: 0.9807
Epoch [6/7], Step [850/2401], Loss: 1.2670
Epoch [6/7], Step [860/2401], Loss: 1.1272
Epoch [6/7], Step [870/2401], Loss: 1.8191
Epoch [6/7], Step [880/2401], Loss: 0.9371
Epoch [6/7], Step [890/2401], Loss: 0.9092
Epoch [6/7], Step [900/2401], Loss: 0.9042
Epoch [6/7], Step [910/2401], Loss: 1.2942
Epoch [6/7], Step [920/2401], Loss: 1.2189
Epoch [6/7], Step [930/2401], Loss: 1.3939
Epoch [6/7], Step [940/2401], Loss: 1.0905
Epoch [6/7], Step [950/2401], Loss: 0.9055
Epoch [6/7], Step [960/2401], Loss: 1.2033
Epoch [6/7], Step [970/2401], Loss: 1.2479
Epoch [6/7], Step [980/2401], Loss: 1.1890
Epoch [6/7], Step [990/2401], Loss: 0.8780
Epoch [6/7], Step [1000/2401], Loss: 1.0607
Epoch [6/7], Step [1010/2401], Loss: 0.8422
Epoch [6/7], Step [1020/2401], Loss: 0.7583
Epoch [6/7], Step [1030/2401], Loss: 1.0212
Epoch [6/7], Step [1040/2401], Loss: 0.8877
Epoch [6/7], Step [1050/2401], Loss: 0.9719
Epoch [6/7], Step [1060/2401], Loss: 1.0292
Epoch [6/7], Step [1070/2401], Loss: 0.7000
Epoch [6/7], Step [1080/2401], Loss: 1.0489
Epoch [6/7], Step [1090/2401], Loss: 1.0687
Epoch [6/7], Step [1100/2401], Loss: 1.0846
Epoch [6/7], Step [1110/2401], Loss: 0.8735
Epoch [6/7], Step [1120/2401], Loss: 1.3217
Epoch [6/7], Step [1130/2401], Loss: 1.4376
Epoch [6/7], Step [1140/2401], Loss: 1.0727
Epoch [6/7], Step [1150/2401], Loss: 0.8039
Epoch [6/7], Step [1160/2401], Loss: 1.0459
Epoch [6/7], Step [1170/2401], Loss: 0.8405
Epoch [6/7], Step [1180/2401], Loss: 1.2997
Epoch [6/7], Step [1190/2401], Loss: 0.8856
Epoch [6/7], Step [1200/2401], Loss: 1.0634
Epoch [6/7], Step [1210/2401], Loss: 1.0926
Epoch [6/7], Step [1220/2401], Loss: 0.9371
Epoch [6/7], Step [1230/2401], Loss: 1.1434
Epoch [6/7], Step [1240/2401], Loss: 1.1756
Epoch [6/7], Step [1250/2401], Loss: 0.8502
Epoch [6/7], Step [1260/2401], Loss: 1.7826
Epoch [6/7], Step [1270/2401], Loss: 0.5935
Epoch [6/7], Step [1280/2401], Loss: 0.8346
Epoch [6/7], Step [1290/2401], Loss: 0.7535
Epoch [6/7], Step [1300/2401], Loss: 0.9076
Epoch [6/7], Step [1310/2401], Loss: 0.7787
Epoch [6/7], Step [1320/2401], Loss: 1.0775
Epoch [6/7], Step [1330/2401], Loss: 1.2555
Epoch [6/7], Step [1340/2401], Loss: 0.9717
Epoch [6/7], Step [1350/2401], Loss: 1.4252
Epoch [6/7], Step [1360/2401], Loss: 0.7992
Epoch [6/7], Step [1370/2401], Loss: 0.9840
Epoch [6/7], Step [1380/2401], Loss: 1.2844
Epoch [6/7], Step [1390/2401], Loss: 0.7936
Epoch [6/7], Step [1400/2401], Loss: 0.7822
Epoch [6/7], Step [1410/2401], Loss: 1.0313
Epoch [6/7], Step [1420/2401], Loss: 1.2625
Epoch [6/7], Step [1430/2401], Loss: 0.8939
Epoch [6/7], Step [1440/2401], Loss: 0.8580
Epoch [6/7], Step [1450/2401], Loss: 1.1138
Epoch [6/7], Step [1460/2401], Loss: 0.7796
Epoch [6/7], Step [1470/2401], Loss: 0.7173
Epoch [6/7], Step [1480/2401], Loss: 1.3057
Epoch [6/7], Step [1490/2401], Loss: 1.1240
Epoch [6/7], Step [1500/2401], Loss: 1.4783
Epoch [6/7], Step [1510/2401], Loss: 0.7625
Epoch [6/7], Step [1520/2401], Loss: 0.9681
Epoch [6/7], Step [1530/2401], Loss: 0.8986
Epoch [6/7], Step [1540/2401], Loss: 1.4846
Epoch [6/7], Step [1550/2401], Loss: 0.8401
Epoch [6/7], Step [1560/2401], Loss: 1.2517
Epoch [6/7], Step [1570/2401], Loss: 0.8047
Epoch [6/7], Step [1580/2401], Loss: 0.9759
Epoch [6/7], Step [1590/2401], Loss: 1.1313
Epoch [6/7], Step [1600/2401], Loss: 1.0204
Epoch [6/7], Step [1610/2401], Loss: 1.0775
Epoch [6/7], Step [1620/2401], Loss: 1.0023
Epoch [6/7], Step [1630/2401], Loss: 1.3839
Epoch [6/7], Step [1640/2401], Loss: 1.4737
Epoch [6/7], Step [1650/2401], Loss: 0.6570
Epoch [6/7], Step [1660/2401], Loss: 0.8451
Epoch [6/7], Step [1670/2401], Loss: 1.2070
Epoch [6/7], Step [1680/2401], Loss: 0.9702
Epoch [6/7], Step [1690/2401], Loss: 0.7092
Epoch [6/7], Step [1700/2401], Loss: 1.1573
Epoch [6/7], Step [1710/2401], Loss: 0.9731
Epoch [6/7], Step [1720/2401], Loss: 1.0741
Epoch [6/7], Step [1730/2401], Loss: 0.8802
Epoch [6/7], Step [1740/2401], Loss: 0.8558
Epoch [6/7], Step [1750/2401], Loss: 1.0020
Epoch [6/7], Step [1760/2401], Loss: 1.0725
Epoch [6/7], Step [1770/2401], Loss: 1.4723
Epoch [6/7], Step [1780/2401], Loss: 1.3547
Epoch [6/7], Step [1790/2401], Loss: 0.7386
Epoch [6/7], Step [1800/2401], Loss: 1.1221
Epoch [6/7], Step [1810/2401], Loss: 1.0323
Epoch [6/7], Step [1820/2401], Loss: 0.9537
Epoch [6/7], Step [1830/2401], Loss: 0.9916
Epoch [6/7], Step [1840/2401], Loss: 1.0198
Epoch [6/7], Step [1850/2401], Loss: 1.1333
Epoch [6/7], Step [1860/2401], Loss: 1.0104
Epoch [6/7], Step [1870/2401], Loss: 1.0871
Epoch [6/7], Step [1880/2401], Loss: 0.9865
Epoch [6/7], Step [1890/2401], Loss: 0.6660
Epoch [6/7], Step [1900/2401], Loss: 0.9561
Epoch [6/7], Step [1910/2401], Loss: 0.8992
Epoch [6/7], Step [1920/2401], Loss: 1.2331
Epoch [6/7], Step [1930/2401], Loss: 0.9369
Epoch [6/7], Step [1940/2401], Loss: 1.1205
Epoch [6/7], Step [1950/2401], Loss: 0.9373
Epoch [6/7], Step [1960/2401], Loss: 1.3204
Epoch [6/7], Step [1970/2401], Loss: 1.2148
Epoch [6/7], Step [1980/2401], Loss: 0.8395
Epoch [6/7], Step [1990/2401], Loss: 1.2771
Epoch [6/7], Step [2000/2401], Loss: 0.9081
Epoch [6/7], Step [2010/2401], Loss: 1.3700
Epoch [6/7], Step [2020/2401], Loss: 0.8577
Epoch [6/7], Step [2030/2401], Loss: 1.1448
Epoch [6/7], Step [2040/2401], Loss: 1.0415
Epoch [6/7], Step [2050/2401], Loss: 0.9863
Epoch [6/7], Step [2060/2401], Loss: 1.0134
Epoch [6/7], Step [2070/2401], Loss: 0.9877
Epoch [6/7], Step [2080/2401], Loss: 0.9296
Epoch [6/7], Step [2090/2401], Loss: 0.5453
Epoch [6/7], Step [2100/2401], Loss: 0.9394
Epoch [6/7], Step [2110/2401], Loss: 0.9652
Epoch [6/7], Step [2120/2401], Loss: 0.7874
Epoch [6/7], Step [2130/2401], Loss: 1.0087
Epoch [6/7], Step [2140/2401], Loss: 0.9851
Epoch [6/7], Step [2150/2401], Loss: 1.3677
Epoch [6/7], Step [2160/2401], Loss: 1.1867
Epoch [6/7], Step [2170/2401], Loss: 0.7166
Epoch [6/7], Step [2180/2401], Loss: 1.0187
Epoch [6/7], Step [2190/2401], Loss: 1.1607
Epoch [6/7], Step [2200/2401], Loss: 1.0029
Epoch [6/7], Step [2210/2401], Loss: 0.7213
Epoch [6/7], Step [2220/2401], Loss: 0.8199
Epoch [6/7], Step [2230/2401], Loss: 1.2179
Epoch [6/7], Step [2240/2401], Loss: 1.1012
Epoch [6/7], Step [2250/2401], Loss: 1.0657
Epoch [6/7], Step [2260/2401], Loss: 0.8831
Epoch [6/7], Step [2270/2401], Loss: 0.9023
Epoch [6/7], Step [2280/2401], Loss: 0.9775
Epoch [6/7], Step [2290/2401], Loss: 0.9736
Epoch [6/7], Step [2300/2401], Loss: 0.9620
Epoch [6/7], Step [2310/2401], Loss: 1.2394
Epoch [6/7], Step [2320/2401], Loss: 1.2679
Epoch [6/7], Step [2330/2401], Loss: 0.7010
Epoch [6/7], Step [2340/2401], Loss: 0.9860
Epoch [6/7], Step [2350/2401], Loss: 1.0141
Epoch [6/7], Step [2360/2401], Loss: 0.9811
Epoch [6/7], Step [2370/2401], Loss: 0.8461
Epoch [6/7], Step [2380/2401], Loss: 1.0097
Epoch [6/7], Step [2390/2401], Loss: 1.5695
Epoch [6/7], Step [2400/2401], Loss: 1.0963
Total time for epoch 6/7 = 2368.073476 seconds
The average of the epoch train time so far is 2002.1403965999998
The stdev of the epoch train time so far is 331.22710253076906
Start validation
Validation accuracy is 57.462764295385895%
Start training
Epoch [7/7], Step [10/2401], Loss: 1.4092
Epoch [7/7], Step [20/2401], Loss: 1.2607
Epoch [7/7], Step [30/2401], Loss: 1.0646
Epoch [7/7], Step [40/2401], Loss: 1.4154
Epoch [7/7], Step [50/2401], Loss: 1.0999
Epoch [7/7], Step [60/2401], Loss: 0.9359
Epoch [7/7], Step [70/2401], Loss: 1.0080
Epoch [7/7], Step [80/2401], Loss: 1.0829
Epoch [7/7], Step [90/2401], Loss: 0.9289
Epoch [7/7], Step [100/2401], Loss: 0.7947
Epoch [7/7], Step [110/2401], Loss: 0.8364
Epoch [7/7], Step [120/2401], Loss: 1.1259
Epoch [7/7], Step [130/2401], Loss: 0.9618
Epoch [7/7], Step [140/2401], Loss: 0.7445
Epoch [7/7], Step [150/2401], Loss: 0.6884
Epoch [7/7], Step [160/2401], Loss: 0.7871
Epoch [7/7], Step [170/2401], Loss: 1.0880
Epoch [7/7], Step [180/2401], Loss: 0.9589
Epoch [7/7], Step [190/2401], Loss: 1.1334
Epoch [7/7], Step [200/2401], Loss: 1.1770
Epoch [7/7], Step [210/2401], Loss: 1.0532
Epoch [7/7], Step [220/2401], Loss: 0.7071
Epoch [7/7], Step [230/2401], Loss: 1.0095
Epoch [7/7], Step [240/2401], Loss: 1.0123
Epoch [7/7], Step [250/2401], Loss: 0.9539
Epoch [7/7], Step [260/2401], Loss: 0.8860
Epoch [7/7], Step [270/2401], Loss: 0.9335
Epoch [7/7], Step [280/2401], Loss: 0.6787
Epoch [7/7], Step [290/2401], Loss: 1.2523
Epoch [7/7], Step [300/2401], Loss: 0.7083
Epoch [7/7], Step [310/2401], Loss: 0.9987
Epoch [7/7], Step [320/2401], Loss: 0.8119
Epoch [7/7], Step [330/2401], Loss: 0.5952
Epoch [7/7], Step [340/2401], Loss: 1.2327
Epoch [7/7], Step [350/2401], Loss: 1.0616
Epoch [7/7], Step [360/2401], Loss: 0.9874
Epoch [7/7], Step [370/2401], Loss: 1.8754
Epoch [7/7], Step [380/2401], Loss: 0.6723
Epoch [7/7], Step [390/2401], Loss: 0.7975
Epoch [7/7], Step [400/2401], Loss: 0.7373
Epoch [7/7], Step [410/2401], Loss: 0.9331
Epoch [7/7], Step [420/2401], Loss: 1.0427
Epoch [7/7], Step [430/2401], Loss: 0.9693
Epoch [7/7], Step [440/2401], Loss: 1.0291
Epoch [7/7], Step [450/2401], Loss: 1.1438
Epoch [7/7], Step [460/2401], Loss: 1.2200
Epoch [7/7], Step [470/2401], Loss: 1.4022
Epoch [7/7], Step [480/2401], Loss: 1.0908
Epoch [7/7], Step [490/2401], Loss: 1.2143
Epoch [7/7], Step [500/2401], Loss: 1.1425
Epoch [7/7], Step [510/2401], Loss: 0.8157
Epoch [7/7], Step [520/2401], Loss: 0.7484
Epoch [7/7], Step [530/2401], Loss: 0.8212
Epoch [7/7], Step [540/2401], Loss: 0.9614
Epoch [7/7], Step [550/2401], Loss: 0.8850
Epoch [7/7], Step [560/2401], Loss: 1.0223
Epoch [7/7], Step [570/2401], Loss: 1.0387
Epoch [7/7], Step [580/2401], Loss: 1.0176
Epoch [7/7], Step [590/2401], Loss: 0.9264
Epoch [7/7], Step [600/2401], Loss: 0.9299
Epoch [7/7], Step [610/2401], Loss: 1.1587
Epoch [7/7], Step [620/2401], Loss: 1.0391
Epoch [7/7], Step [630/2401], Loss: 0.8810
Epoch [7/7], Step [640/2401], Loss: 0.7404
Epoch [7/7], Step [650/2401], Loss: 0.7145
Epoch [7/7], Step [660/2401], Loss: 1.2498
Epoch [7/7], Step [670/2401], Loss: 0.9678
Epoch [7/7], Step [680/2401], Loss: 0.9628
Epoch [7/7], Step [690/2401], Loss: 1.2461
Epoch [7/7], Step [700/2401], Loss: 0.9443
Epoch [7/7], Step [710/2401], Loss: 0.8769
Epoch [7/7], Step [720/2401], Loss: 1.2020
Epoch [7/7], Step [730/2401], Loss: 0.9940
Epoch [7/7], Step [740/2401], Loss: 0.8674
Epoch [7/7], Step [750/2401], Loss: 0.7573
Epoch [7/7], Step [760/2401], Loss: 0.8923
Epoch [7/7], Step [770/2401], Loss: 1.0614
Epoch [7/7], Step [780/2401], Loss: 1.2043
Epoch [7/7], Step [790/2401], Loss: 0.9327
Epoch [7/7], Step [800/2401], Loss: 1.2092
Epoch [7/7], Step [810/2401], Loss: 1.1655
Epoch [7/7], Step [820/2401], Loss: 1.0895
Epoch [7/7], Step [830/2401], Loss: 0.7873
Epoch [7/7], Step [840/2401], Loss: 0.9494
Epoch [7/7], Step [850/2401], Loss: 1.2020
Epoch [7/7], Step [860/2401], Loss: 0.9964
Epoch [7/7], Step [870/2401], Loss: 1.6784
Epoch [7/7], Step [880/2401], Loss: 0.8432
Epoch [7/7], Step [890/2401], Loss: 0.9026
Epoch [7/7], Step [900/2401], Loss: 0.7782
Epoch [7/7], Step [910/2401], Loss: 1.1693
Epoch [7/7], Step [920/2401], Loss: 1.0518
Epoch [7/7], Step [930/2401], Loss: 1.1954
Epoch [7/7], Step [940/2401], Loss: 1.0449
Epoch [7/7], Step [950/2401], Loss: 0.7163
Epoch [7/7], Step [960/2401], Loss: 1.1821
Epoch [7/7], Step [970/2401], Loss: 1.1983
Epoch [7/7], Step [980/2401], Loss: 1.1259
Epoch [7/7], Step [990/2401], Loss: 0.8278
Epoch [7/7], Step [1000/2401], Loss: 0.9995
Epoch [7/7], Step [1010/2401], Loss: 0.7986
Epoch [7/7], Step [1020/2401], Loss: 0.7410
Epoch [7/7], Step [1030/2401], Loss: 0.8875
Epoch [7/7], Step [1040/2401], Loss: 0.7895
Epoch [7/7], Step [1050/2401], Loss: 0.8406
Epoch [7/7], Step [1060/2401], Loss: 0.9120
Epoch [7/7], Step [1070/2401], Loss: 0.6699
Epoch [7/7], Step [1080/2401], Loss: 1.0779
Epoch [7/7], Step [1090/2401], Loss: 0.9777
Epoch [7/7], Step [1100/2401], Loss: 1.0762
Epoch [7/7], Step [1110/2401], Loss: 0.7647
Epoch [7/7], Step [1120/2401], Loss: 1.1588
Epoch [7/7], Step [1130/2401], Loss: 1.2255
Epoch [7/7], Step [1140/2401], Loss: 1.0737
Epoch [7/7], Step [1150/2401], Loss: 0.7256
Epoch [7/7], Step [1160/2401], Loss: 0.9707
Epoch [7/7], Step [1170/2401], Loss: 0.7553
Epoch [7/7], Step [1180/2401], Loss: 1.1514
Epoch [7/7], Step [1190/2401], Loss: 0.8714
Epoch [7/7], Step [1200/2401], Loss: 0.9801
Epoch [7/7], Step [1210/2401], Loss: 1.0385
Epoch [7/7], Step [1220/2401], Loss: 0.9869
Epoch [7/7], Step [1230/2401], Loss: 1.0466
Epoch [7/7], Step [1240/2401], Loss: 1.1048
Epoch [7/7], Step [1250/2401], Loss: 0.7105
Epoch [7/7], Step [1260/2401], Loss: 1.6023
Epoch [7/7], Step [1270/2401], Loss: 0.6489
Epoch [7/7], Step [1280/2401], Loss: 0.7181
Epoch [7/7], Step [1290/2401], Loss: 0.6020
Epoch [7/7], Step [1300/2401], Loss: 0.8893
Epoch [7/7], Step [1310/2401], Loss: 0.7220
Epoch [7/7], Step [1320/2401], Loss: 0.9251
Epoch [7/7], Step [1330/2401], Loss: 1.1898
Epoch [7/7], Step [1340/2401], Loss: 0.8779
Epoch [7/7], Step [1350/2401], Loss: 1.2517
Epoch [7/7], Step [1360/2401], Loss: 0.6704
Epoch [7/7], Step [1370/2401], Loss: 0.7863
Epoch [7/7], Step [1380/2401], Loss: 1.1964
Epoch [7/7], Step [1390/2401], Loss: 0.6877
Epoch [7/7], Step [1400/2401], Loss: 0.6634
Epoch [7/7], Step [1410/2401], Loss: 1.0747
Epoch [7/7], Step [1420/2401], Loss: 1.1670
Epoch [7/7], Step [1430/2401], Loss: 0.9054
Epoch [7/7], Step [1440/2401], Loss: 0.8044
Epoch [7/7], Step [1450/2401], Loss: 0.9457
Epoch [7/7], Step [1460/2401], Loss: 0.7520
Epoch [7/7], Step [1470/2401], Loss: 0.5975
Epoch [7/7], Step [1480/2401], Loss: 1.1892
Epoch [7/7], Step [1490/2401], Loss: 1.1548
Epoch [7/7], Step [1500/2401], Loss: 1.2683
Epoch [7/7], Step [1510/2401], Loss: 0.6815
Epoch [7/7], Step [1520/2401], Loss: 0.8490
Epoch [7/7], Step [1530/2401], Loss: 0.8256
Epoch [7/7], Step [1540/2401], Loss: 1.4667
Epoch [7/7], Step [1550/2401], Loss: 0.8050
Epoch [7/7], Step [1560/2401], Loss: 1.0118
Epoch [7/7], Step [1570/2401], Loss: 0.7417
Epoch [7/7], Step [1580/2401], Loss: 0.8869
Epoch [7/7], Step [1590/2401], Loss: 0.9936
Epoch [7/7], Step [1600/2401], Loss: 0.9143
Epoch [7/7], Step [1610/2401], Loss: 0.9365
Epoch [7/7], Step [1620/2401], Loss: 0.8938
Epoch [7/7], Step [1630/2401], Loss: 1.2330
Epoch [7/7], Step [1640/2401], Loss: 1.2343
Epoch [7/7], Step [1650/2401], Loss: 0.6389
Epoch [7/7], Step [1660/2401], Loss: 0.7765
Epoch [7/7], Step [1670/2401], Loss: 1.0883
Epoch [7/7], Step [1680/2401], Loss: 0.8668
Epoch [7/7], Step [1690/2401], Loss: 0.6647
Epoch [7/7], Step [1700/2401], Loss: 1.0247
Epoch [7/7], Step [1710/2401], Loss: 1.0146
Epoch [7/7], Step [1720/2401], Loss: 0.9494
Epoch [7/7], Step [1730/2401], Loss: 0.8555
Epoch [7/7], Step [1740/2401], Loss: 0.8077
Epoch [7/7], Step [1750/2401], Loss: 0.8885
Epoch [7/7], Step [1760/2401], Loss: 0.9413
Epoch [7/7], Step [1770/2401], Loss: 1.3280
Epoch [7/7], Step [1780/2401], Loss: 1.1250
Epoch [7/7], Step [1790/2401], Loss: 0.6835
Epoch [7/7], Step [1800/2401], Loss: 1.0568
Epoch [7/7], Step [1810/2401], Loss: 0.8226
Epoch [7/7], Step [1820/2401], Loss: 0.8768
Epoch [7/7], Step [1830/2401], Loss: 0.8188
Epoch [7/7], Step [1840/2401], Loss: 0.9108
Epoch [7/7], Step [1850/2401], Loss: 1.0252
Epoch [7/7], Step [1860/2401], Loss: 0.8132
Epoch [7/7], Step [1870/2401], Loss: 0.9982
Epoch [7/7], Step [1880/2401], Loss: 0.8876
Epoch [7/7], Step [1890/2401], Loss: 0.7189
Epoch [7/7], Step [1900/2401], Loss: 0.8384
Epoch [7/7], Step [1910/2401], Loss: 0.8684
Epoch [7/7], Step [1920/2401], Loss: 1.1879
Epoch [7/7], Step [1930/2401], Loss: 0.7949
Epoch [7/7], Step [1940/2401], Loss: 1.0123
Epoch [7/7], Step [1950/2401], Loss: 0.8580
Epoch [7/7], Step [1960/2401], Loss: 1.1769
Epoch [7/7], Step [1970/2401], Loss: 1.0770
Epoch [7/7], Step [1980/2401], Loss: 0.7447
Epoch [7/7], Step [1990/2401], Loss: 1.1846
Epoch [7/7], Step [2000/2401], Loss: 0.7921
Epoch [7/7], Step [2010/2401], Loss: 1.2813
Epoch [7/7], Step [2020/2401], Loss: 0.8853
Epoch [7/7], Step [2030/2401], Loss: 0.9410
Epoch [7/7], Step [2040/2401], Loss: 0.9165
Epoch [7/7], Step [2050/2401], Loss: 0.9596
Epoch [7/7], Step [2060/2401], Loss: 0.8818
Epoch [7/7], Step [2070/2401], Loss: 0.9305
Epoch [7/7], Step [2080/2401], Loss: 0.7994
Epoch [7/7], Step [2090/2401], Loss: 0.4491
Epoch [7/7], Step [2100/2401], Loss: 0.8432
Epoch [7/7], Step [2110/2401], Loss: 0.7801
Epoch [7/7], Step [2120/2401], Loss: 0.6500
Epoch [7/7], Step [2130/2401], Loss: 0.9547
Epoch [7/7], Step [2140/2401], Loss: 0.8027
Epoch [7/7], Step [2150/2401], Loss: 1.3246
Epoch [7/7], Step [2160/2401], Loss: 1.0696
Epoch [7/7], Step [2170/2401], Loss: 0.5701
Epoch [7/7], Step [2180/2401], Loss: 0.8665
Epoch [7/7], Step [2190/2401], Loss: 1.0514
Epoch [7/7], Step [2200/2401], Loss: 0.8357
Epoch [7/7], Step [2210/2401], Loss: 0.5603
Epoch [7/7], Step [2220/2401], Loss: 0.7257
Epoch [7/7], Step [2230/2401], Loss: 1.0900
Epoch [7/7], Step [2240/2401], Loss: 0.9776
Epoch [7/7], Step [2250/2401], Loss: 0.9468
Epoch [7/7], Step [2260/2401], Loss: 0.8844
Epoch [7/7], Step [2270/2401], Loss: 0.7759
Epoch [7/7], Step [2280/2401], Loss: 0.6653
Epoch [7/7], Step [2290/2401], Loss: 0.8250
Epoch [7/7], Step [2300/2401], Loss: 1.0546
Epoch [7/7], Step [2310/2401], Loss: 0.9878
Epoch [7/7], Step [2320/2401], Loss: 1.1959
Epoch [7/7], Step [2330/2401], Loss: 0.5863
Epoch [7/7], Step [2340/2401], Loss: 0.9897
Epoch [7/7], Step [2350/2401], Loss: 1.0463
Epoch [7/7], Step [2360/2401], Loss: 0.8494
Epoch [7/7], Step [2370/2401], Loss: 0.8503
Epoch [7/7], Step [2380/2401], Loss: 0.9361
Epoch [7/7], Step [2390/2401], Loss: 1.3056
Epoch [7/7], Step [2400/2401], Loss: 0.9728
Total time for epoch 7/7 = 4163.885971 seconds
The average of the epoch train time so far is 2362.4313256666665
The stdev of the epoch train time so far is 860.5079482768978
Start validation
Validation accuracy is 56.83782939277159%
