The size of the training data set is 76814
Start training
Epoch [1/7], Step [10/601], Loss: 2.3362
Epoch [1/7], Step [20/601], Loss: 2.1408
Epoch [1/7], Step [30/601], Loss: 2.2009
Epoch [1/7], Step [40/601], Loss: 2.0220
Epoch [1/7], Step [50/601], Loss: 1.9918
Epoch [1/7], Step [60/601], Loss: 1.7486
Epoch [1/7], Step [70/601], Loss: 1.6923
Epoch [1/7], Step [80/601], Loss: 1.9652
Epoch [1/7], Step [90/601], Loss: 1.9429
Epoch [1/7], Step [100/601], Loss: 1.8472
Epoch [1/7], Step [110/601], Loss: 1.8813
Epoch [1/7], Step [120/601], Loss: 1.8118
Epoch [1/7], Step [130/601], Loss: 1.7626
Epoch [1/7], Step [140/601], Loss: 1.6068
Epoch [1/7], Step [150/601], Loss: 1.8624
Epoch [1/7], Step [160/601], Loss: 1.7982
Epoch [1/7], Step [170/601], Loss: 1.8308
Epoch [1/7], Step [180/601], Loss: 1.8150
Epoch [1/7], Step [190/601], Loss: 1.8540
Epoch [1/7], Step [200/601], Loss: 1.7491
Epoch [1/7], Step [210/601], Loss: 1.6660
Epoch [1/7], Step [220/601], Loss: 1.6877
Epoch [1/7], Step [230/601], Loss: 1.7283
Epoch [1/7], Step [240/601], Loss: 1.8071
Epoch [1/7], Step [250/601], Loss: 1.8239
Epoch [1/7], Step [260/601], Loss: 1.5076
Epoch [1/7], Step [270/601], Loss: 1.8358
Epoch [1/7], Step [280/601], Loss: 1.8962
Epoch [1/7], Step [290/601], Loss: 1.8274
Epoch [1/7], Step [300/601], Loss: 1.6098
Epoch [1/7], Step [310/601], Loss: 1.8450
Epoch [1/7], Step [320/601], Loss: 1.6732
Epoch [1/7], Step [330/601], Loss: 1.7650
Epoch [1/7], Step [340/601], Loss: 1.8723
Epoch [1/7], Step [350/601], Loss: 1.6153
Epoch [1/7], Step [360/601], Loss: 1.6422
Epoch [1/7], Step [370/601], Loss: 1.9698
Epoch [1/7], Step [380/601], Loss: 1.6809
Epoch [1/7], Step [390/601], Loss: 1.5342
Epoch [1/7], Step [400/601], Loss: 1.6999
Epoch [1/7], Step [410/601], Loss: 1.5986
Epoch [1/7], Step [420/601], Loss: 1.6798
Epoch [1/7], Step [430/601], Loss: 1.6334
Epoch [1/7], Step [440/601], Loss: 1.6890
Epoch [1/7], Step [450/601], Loss: 1.7024
Epoch [1/7], Step [460/601], Loss: 1.7305
Epoch [1/7], Step [470/601], Loss: 1.5715
Epoch [1/7], Step [480/601], Loss: 1.6478
Epoch [1/7], Step [490/601], Loss: 1.6508
Epoch [1/7], Step [500/601], Loss: 1.7022
Epoch [1/7], Step [510/601], Loss: 1.5955
Epoch [1/7], Step [520/601], Loss: 1.5674
Epoch [1/7], Step [530/601], Loss: 1.5833
Epoch [1/7], Step [540/601], Loss: 1.6607
Epoch [1/7], Step [550/601], Loss: 1.8304
Epoch [1/7], Step [560/601], Loss: 1.6148
Epoch [1/7], Step [570/601], Loss: 1.5032
Epoch [1/7], Step [580/601], Loss: 1.7608
Epoch [1/7], Step [590/601], Loss: 1.5865
Epoch [1/7], Step [600/601], Loss: 1.6818
Total time for epoch 1/7 = 1645.358381 seconds
Start validation
Validation accuracy is 46.95344234975523%
Start training
Epoch [2/7], Step [10/601], Loss: 1.5870
Epoch [2/7], Step [20/601], Loss: 1.6177
Epoch [2/7], Step [30/601], Loss: 1.6676
Epoch [2/7], Step [40/601], Loss: 1.4992
Epoch [2/7], Step [50/601], Loss: 1.5958
Epoch [2/7], Step [60/601], Loss: 1.3997
Epoch [2/7], Step [70/601], Loss: 1.4742
Epoch [2/7], Step [80/601], Loss: 1.5124
Epoch [2/7], Step [90/601], Loss: 1.7382
Epoch [2/7], Step [100/601], Loss: 1.4947
Epoch [2/7], Step [110/601], Loss: 1.7436
Epoch [2/7], Step [120/601], Loss: 1.5126
Epoch [2/7], Step [130/601], Loss: 1.5056
Epoch [2/7], Step [140/601], Loss: 1.4704
Epoch [2/7], Step [150/601], Loss: 1.5360
Epoch [2/7], Step [160/601], Loss: 1.4620
Epoch [2/7], Step [170/601], Loss: 1.4747
Epoch [2/7], Step [180/601], Loss: 1.4778
Epoch [2/7], Step [190/601], Loss: 1.5609
Epoch [2/7], Step [200/601], Loss: 1.5357
Epoch [2/7], Step [210/601], Loss: 1.4291
Epoch [2/7], Step [220/601], Loss: 1.4476
Epoch [2/7], Step [230/601], Loss: 1.5904
Epoch [2/7], Step [240/601], Loss: 1.5529
Epoch [2/7], Step [250/601], Loss: 1.5095
Epoch [2/7], Step [260/601], Loss: 1.4036
Epoch [2/7], Step [270/601], Loss: 1.5793
Epoch [2/7], Step [280/601], Loss: 1.6296
Epoch [2/7], Step [290/601], Loss: 1.5583
Epoch [2/7], Step [300/601], Loss: 1.4415
Epoch [2/7], Step [310/601], Loss: 1.6200
Epoch [2/7], Step [320/601], Loss: 1.4578
Epoch [2/7], Step [330/601], Loss: 1.6246
Epoch [2/7], Step [340/601], Loss: 1.7151
Epoch [2/7], Step [350/601], Loss: 1.4387
Epoch [2/7], Step [360/601], Loss: 1.5387
Epoch [2/7], Step [370/601], Loss: 1.7885
Epoch [2/7], Step [380/601], Loss: 1.4624
Epoch [2/7], Step [390/601], Loss: 1.3750
Epoch [2/7], Step [400/601], Loss: 1.4946
Epoch [2/7], Step [410/601], Loss: 1.4596
Epoch [2/7], Step [420/601], Loss: 1.4923
Epoch [2/7], Step [430/601], Loss: 1.4928
Epoch [2/7], Step [440/601], Loss: 1.5054
Epoch [2/7], Step [450/601], Loss: 1.5296
Epoch [2/7], Step [460/601], Loss: 1.6052
Epoch [2/7], Step [470/601], Loss: 1.3609
Epoch [2/7], Step [480/601], Loss: 1.3476
Epoch [2/7], Step [490/601], Loss: 1.4494
Epoch [2/7], Step [500/601], Loss: 1.5690
Epoch [2/7], Step [510/601], Loss: 1.4446
Epoch [2/7], Step [520/601], Loss: 1.3736
Epoch [2/7], Step [530/601], Loss: 1.4558
Epoch [2/7], Step [540/601], Loss: 1.5972
Epoch [2/7], Step [550/601], Loss: 1.6977
Epoch [2/7], Step [560/601], Loss: 1.3851
Epoch [2/7], Step [570/601], Loss: 1.2987
Epoch [2/7], Step [580/601], Loss: 1.6228
Epoch [2/7], Step [590/601], Loss: 1.4334
Epoch [2/7], Step [600/601], Loss: 1.4936
Total time for epoch 2/7 = 2014.654384 seconds
The average of the epoch train time so far is 2014.654384
The stdev of the epoch train time so far is 0.0
Start validation
Validation accuracy is 40.49578168940735%
Start training
Epoch [3/7], Step [10/601], Loss: 1.4816
Epoch [3/7], Step [20/601], Loss: 1.5390
Epoch [3/7], Step [30/601], Loss: 1.5793
Epoch [3/7], Step [40/601], Loss: 1.3870
Epoch [3/7], Step [50/601], Loss: 1.3830
Epoch [3/7], Step [60/601], Loss: 1.3241
Epoch [3/7], Step [70/601], Loss: 1.2971
Epoch [3/7], Step [80/601], Loss: 1.3420
Epoch [3/7], Step [90/601], Loss: 1.5865
Epoch [3/7], Step [100/601], Loss: 1.3557
Epoch [3/7], Step [110/601], Loss: 1.5123
Epoch [3/7], Step [120/601], Loss: 1.3446
Epoch [3/7], Step [130/601], Loss: 1.4006
Epoch [3/7], Step [140/601], Loss: 1.2916
Epoch [3/7], Step [150/601], Loss: 1.3504
Epoch [3/7], Step [160/601], Loss: 1.3069
Epoch [3/7], Step [170/601], Loss: 1.3547
Epoch [3/7], Step [180/601], Loss: 1.3786
Epoch [3/7], Step [190/601], Loss: 1.4228
Epoch [3/7], Step [200/601], Loss: 1.4015
Epoch [3/7], Step [210/601], Loss: 1.2374
Epoch [3/7], Step [220/601], Loss: 1.3570
Epoch [3/7], Step [230/601], Loss: 1.4649
Epoch [3/7], Step [240/601], Loss: 1.3456
Epoch [3/7], Step [250/601], Loss: 1.3719
Epoch [3/7], Step [260/601], Loss: 1.3130
Epoch [3/7], Step [270/601], Loss: 1.4559
Epoch [3/7], Step [280/601], Loss: 1.5262
Epoch [3/7], Step [290/601], Loss: 1.2879
Epoch [3/7], Step [300/601], Loss: 1.3063
Epoch [3/7], Step [310/601], Loss: 1.5141
Epoch [3/7], Step [320/601], Loss: 1.3049
Epoch [3/7], Step [330/601], Loss: 1.5228
Epoch [3/7], Step [340/601], Loss: 1.5502
Epoch [3/7], Step [350/601], Loss: 1.2306
Epoch [3/7], Step [360/601], Loss: 1.4602
Epoch [3/7], Step [370/601], Loss: 1.5934
Epoch [3/7], Step [380/601], Loss: 1.3400
Epoch [3/7], Step [390/601], Loss: 1.3706
Epoch [3/7], Step [400/601], Loss: 1.3522
Epoch [3/7], Step [410/601], Loss: 1.2682
Epoch [3/7], Step [420/601], Loss: 1.3773
Epoch [3/7], Step [430/601], Loss: 1.3487
Epoch [3/7], Step [440/601], Loss: 1.3780
Epoch [3/7], Step [450/601], Loss: 1.4687
Epoch [3/7], Step [460/601], Loss: 1.5510
Epoch [3/7], Step [470/601], Loss: 1.1650
Epoch [3/7], Step [480/601], Loss: 1.2491
Epoch [3/7], Step [490/601], Loss: 1.3051
Epoch [3/7], Step [500/601], Loss: 1.4197
Epoch [3/7], Step [510/601], Loss: 1.3211
Epoch [3/7], Step [520/601], Loss: 1.2257
Epoch [3/7], Step [530/601], Loss: 1.2656
Epoch [3/7], Step [540/601], Loss: 1.5063
Epoch [3/7], Step [550/601], Loss: 1.5577
Epoch [3/7], Step [560/601], Loss: 1.2710
Epoch [3/7], Step [570/601], Loss: 1.2032
Epoch [3/7], Step [580/601], Loss: 1.5163
Epoch [3/7], Step [590/601], Loss: 1.3049
Epoch [3/7], Step [600/601], Loss: 1.3687
Total time for epoch 3/7 = 2005.638164 seconds
The average of the epoch train time so far is 2010.146274
The stdev of the epoch train time so far is 4.508109999999988
Start validation
Validation accuracy is 48.099156337881475%
Start training
Epoch [4/7], Step [10/601], Loss: 1.3471
Epoch [4/7], Step [20/601], Loss: 1.3391
Epoch [4/7], Step [30/601], Loss: 1.4696
Epoch [4/7], Step [40/601], Loss: 1.2651
Epoch [4/7], Step [50/601], Loss: 1.2301
Epoch [4/7], Step [60/601], Loss: 1.2444
Epoch [4/7], Step [70/601], Loss: 1.1230
Epoch [4/7], Step [80/601], Loss: 1.2802
Epoch [4/7], Step [90/601], Loss: 1.4113
Epoch [4/7], Step [100/601], Loss: 1.2751
Epoch [4/7], Step [110/601], Loss: 1.3763
Epoch [4/7], Step [120/601], Loss: 1.2884
Epoch [4/7], Step [130/601], Loss: 1.2384
Epoch [4/7], Step [140/601], Loss: 1.1625
Epoch [4/7], Step [150/601], Loss: 1.2840
Epoch [4/7], Step [160/601], Loss: 1.2301
Epoch [4/7], Step [170/601], Loss: 1.2738
Epoch [4/7], Step [180/601], Loss: 1.3079
Epoch [4/7], Step [190/601], Loss: 1.3052
Epoch [4/7], Step [200/601], Loss: 1.3373
Epoch [4/7], Step [210/601], Loss: 1.1712
Epoch [4/7], Step [220/601], Loss: 1.1806
Epoch [4/7], Step [230/601], Loss: 1.3520
Epoch [4/7], Step [240/601], Loss: 1.2398
Epoch [4/7], Step [250/601], Loss: 1.3154
Epoch [4/7], Step [260/601], Loss: 1.1959
Epoch [4/7], Step [270/601], Loss: 1.3317
Epoch [4/7], Step [280/601], Loss: 1.4048
Epoch [4/7], Step [290/601], Loss: 1.1907
Epoch [4/7], Step [300/601], Loss: 1.1572
Epoch [4/7], Step [310/601], Loss: 1.3720
Epoch [4/7], Step [320/601], Loss: 1.2149
Epoch [4/7], Step [330/601], Loss: 1.4484
Epoch [4/7], Step [340/601], Loss: 1.3532
Epoch [4/7], Step [350/601], Loss: 1.1070
Epoch [4/7], Step [360/601], Loss: 1.3124
Epoch [4/7], Step [370/601], Loss: 1.5017
Epoch [4/7], Step [380/601], Loss: 1.2850
Epoch [4/7], Step [390/601], Loss: 1.3816
Epoch [4/7], Step [400/601], Loss: 1.2721
Epoch [4/7], Step [410/601], Loss: 1.1264
Epoch [4/7], Step [420/601], Loss: 1.2420
Epoch [4/7], Step [430/601], Loss: 1.2257
Epoch [4/7], Step [440/601], Loss: 1.3195
Epoch [4/7], Step [450/601], Loss: 1.3839
Epoch [4/7], Step [460/601], Loss: 1.3995
Epoch [4/7], Step [470/601], Loss: 1.0876
Epoch [4/7], Step [480/601], Loss: 1.1418
Epoch [4/7], Step [490/601], Loss: 1.2226
Epoch [4/7], Step [500/601], Loss: 1.2599
Epoch [4/7], Step [510/601], Loss: 1.2324
Epoch [4/7], Step [520/601], Loss: 1.1318
Epoch [4/7], Step [530/601], Loss: 1.1293
Epoch [4/7], Step [540/601], Loss: 1.4601
Epoch [4/7], Step [550/601], Loss: 1.4165
Epoch [4/7], Step [560/601], Loss: 1.1295
Epoch [4/7], Step [570/601], Loss: 1.1730
Epoch [4/7], Step [580/601], Loss: 1.4524
Epoch [4/7], Step [590/601], Loss: 1.1646
Epoch [4/7], Step [600/601], Loss: 1.3129
Total time for epoch 4/7 = 1397.919904 seconds
The average of the epoch train time so far is 1806.0708173333333
The stdev of the epoch train time so far is 288.6297502532702
Start validation
Validation accuracy is 42.51640454119362%
Start training
Epoch [5/7], Step [10/601], Loss: 1.2082
Epoch [5/7], Step [20/601], Loss: 1.2424
Epoch [5/7], Step [30/601], Loss: 1.3526
Epoch [5/7], Step [40/601], Loss: 1.1685
Epoch [5/7], Step [50/601], Loss: 1.1411
Epoch [5/7], Step [60/601], Loss: 1.1411
Epoch [5/7], Step [70/601], Loss: 1.0479
Epoch [5/7], Step [80/601], Loss: 1.1765
Epoch [5/7], Step [90/601], Loss: 1.2839
Epoch [5/7], Step [100/601], Loss: 1.2020
Epoch [5/7], Step [110/601], Loss: 1.2743
Epoch [5/7], Step [120/601], Loss: 1.1978
Epoch [5/7], Step [130/601], Loss: 1.1144
Epoch [5/7], Step [140/601], Loss: 1.1341
Epoch [5/7], Step [150/601], Loss: 1.2021
Epoch [5/7], Step [160/601], Loss: 1.0508
Epoch [5/7], Step [170/601], Loss: 1.2552
Epoch [5/7], Step [180/601], Loss: 1.3010
Epoch [5/7], Step [190/601], Loss: 1.1810
Epoch [5/7], Step [200/601], Loss: 1.2751
Epoch [5/7], Step [210/601], Loss: 1.0774
Epoch [5/7], Step [220/601], Loss: 1.0761
Epoch [5/7], Step [230/601], Loss: 1.2882
Epoch [5/7], Step [240/601], Loss: 1.1266
Epoch [5/7], Step [250/601], Loss: 1.2349
Epoch [5/7], Step [260/601], Loss: 1.1094
Epoch [5/7], Step [270/601], Loss: 1.2171
Epoch [5/7], Step [280/601], Loss: 1.3244
Epoch [5/7], Step [290/601], Loss: 1.0974
Epoch [5/7], Step [300/601], Loss: 1.0492
Epoch [5/7], Step [310/601], Loss: 1.2786
Epoch [5/7], Step [320/601], Loss: 1.0425
Epoch [5/7], Step [330/601], Loss: 1.2421
Epoch [5/7], Step [340/601], Loss: 1.2448
Epoch [5/7], Step [350/601], Loss: 1.0540
Epoch [5/7], Step [360/601], Loss: 1.1760
Epoch [5/7], Step [370/601], Loss: 1.4010
Epoch [5/7], Step [380/601], Loss: 1.2540
Epoch [5/7], Step [390/601], Loss: 1.1908
Epoch [5/7], Step [400/601], Loss: 1.1921
Epoch [5/7], Step [410/601], Loss: 1.1033
Epoch [5/7], Step [420/601], Loss: 1.0513
Epoch [5/7], Step [430/601], Loss: 1.1418
Epoch [5/7], Step [440/601], Loss: 1.2583
Epoch [5/7], Step [450/601], Loss: 1.2411
Epoch [5/7], Step [460/601], Loss: 1.2617
Epoch [5/7], Step [470/601], Loss: 1.0378
Epoch [5/7], Step [480/601], Loss: 1.0887
Epoch [5/7], Step [490/601], Loss: 1.1283
Epoch [5/7], Step [500/601], Loss: 1.1865
Epoch [5/7], Step [510/601], Loss: 1.1376
Epoch [5/7], Step [520/601], Loss: 1.0742
Epoch [5/7], Step [530/601], Loss: 1.1041
Epoch [5/7], Step [540/601], Loss: 1.2984
Epoch [5/7], Step [550/601], Loss: 1.3390
Epoch [5/7], Step [560/601], Loss: 1.0642
Epoch [5/7], Step [570/601], Loss: 1.1033
Epoch [5/7], Step [580/601], Loss: 1.3238
Epoch [5/7], Step [590/601], Loss: 1.1258
Epoch [5/7], Step [600/601], Loss: 1.1750
Total time for epoch 5/7 = 2224.265058 seconds
The average of the epoch train time so far is 1910.6193775
The stdev of the epoch train time so far is 308.6609043063572
Start validation
Validation accuracy is 51.89042808040829%
Start training
Epoch [6/7], Step [10/601], Loss: 1.1274
Epoch [6/7], Step [20/601], Loss: 1.1010
Epoch [6/7], Step [30/601], Loss: 1.2922
Epoch [6/7], Step [40/601], Loss: 1.1173
Epoch [6/7], Step [50/601], Loss: 1.0440
Epoch [6/7], Step [60/601], Loss: 0.9866
Epoch [6/7], Step [70/601], Loss: 0.9877
Epoch [6/7], Step [80/601], Loss: 1.1329
Epoch [6/7], Step [90/601], Loss: 1.2212
Epoch [6/7], Step [100/601], Loss: 1.0633
Epoch [6/7], Step [110/601], Loss: 1.2139
Epoch [6/7], Step [120/601], Loss: 1.1042
Epoch [6/7], Step [130/601], Loss: 1.1425
Epoch [6/7], Step [140/601], Loss: 1.0799
Epoch [6/7], Step [150/601], Loss: 1.1604
Epoch [6/7], Step [160/601], Loss: 0.9412
Epoch [6/7], Step [170/601], Loss: 1.2297
Epoch [6/7], Step [180/601], Loss: 1.2073
Epoch [6/7], Step [190/601], Loss: 1.0756
Epoch [6/7], Step [200/601], Loss: 1.2504
Epoch [6/7], Step [210/601], Loss: 1.0774
Epoch [6/7], Step [220/601], Loss: 1.0862
Epoch [6/7], Step [230/601], Loss: 1.1885
Epoch [6/7], Step [240/601], Loss: 1.0137
Epoch [6/7], Step [250/601], Loss: 1.1573
Epoch [6/7], Step [260/601], Loss: 1.0494
Epoch [6/7], Step [270/601], Loss: 1.1610
Epoch [6/7], Step [280/601], Loss: 1.2548
Epoch [6/7], Step [290/601], Loss: 0.9731
Epoch [6/7], Step [300/601], Loss: 1.0291
Epoch [6/7], Step [310/601], Loss: 1.1774
Epoch [6/7], Step [320/601], Loss: 0.9796
Epoch [6/7], Step [330/601], Loss: 1.1544
Epoch [6/7], Step [340/601], Loss: 1.1932
Epoch [6/7], Step [350/601], Loss: 0.9986
Epoch [6/7], Step [360/601], Loss: 1.1314
Epoch [6/7], Step [370/601], Loss: 1.3001
Epoch [6/7], Step [380/601], Loss: 1.1534
Epoch [6/7], Step [390/601], Loss: 1.1092
Epoch [6/7], Step [400/601], Loss: 1.1118
Epoch [6/7], Step [410/601], Loss: 1.0248
Epoch [6/7], Step [420/601], Loss: 0.9954
Epoch [6/7], Step [430/601], Loss: 1.0828
Epoch [6/7], Step [440/601], Loss: 1.2191
Epoch [6/7], Step [450/601], Loss: 1.1256
Epoch [6/7], Step [460/601], Loss: 1.1716
Epoch [6/7], Step [470/601], Loss: 0.9321
Epoch [6/7], Step [480/601], Loss: 0.9808
Epoch [6/7], Step [490/601], Loss: 1.0178
Epoch [6/7], Step [500/601], Loss: 1.1423
Epoch [6/7], Step [510/601], Loss: 1.0261
Epoch [6/7], Step [520/601], Loss: 1.0579
Epoch [6/7], Step [530/601], Loss: 0.9942
Epoch [6/7], Step [540/601], Loss: 1.2266
Epoch [6/7], Step [550/601], Loss: 1.2496
Epoch [6/7], Step [560/601], Loss: 1.0331
Epoch [6/7], Step [570/601], Loss: 0.9716
Epoch [6/7], Step [580/601], Loss: 1.2589
Epoch [6/7], Step [590/601], Loss: 1.0591
Epoch [6/7], Step [600/601], Loss: 1.0816
Total time for epoch 6/7 = 2368.015102 seconds
The average of the epoch train time so far is 2002.0985224
The stdev of the epoch train time so far is 331.196284526737
Start validation
Validation accuracy is 50.49474013123633%
Start training
Epoch [7/7], Step [10/601], Loss: 1.0775
Epoch [7/7], Step [20/601], Loss: 1.0289
Epoch [7/7], Step [30/601], Loss: 1.2282
Epoch [7/7], Step [40/601], Loss: 1.0358
Epoch [7/7], Step [50/601], Loss: 0.9613
Epoch [7/7], Step [60/601], Loss: 0.9029
Epoch [7/7], Step [70/601], Loss: 0.9342
Epoch [7/7], Step [80/601], Loss: 1.0585
Epoch [7/7], Step [90/601], Loss: 1.1092
Epoch [7/7], Step [100/601], Loss: 0.9174
Epoch [7/7], Step [110/601], Loss: 1.2092
Epoch [7/7], Step [120/601], Loss: 1.0801
Epoch [7/7], Step [130/601], Loss: 1.1255
Epoch [7/7], Step [140/601], Loss: 0.9772
Epoch [7/7], Step [150/601], Loss: 1.0675
Epoch [7/7], Step [160/601], Loss: 0.8088
Epoch [7/7], Step [170/601], Loss: 1.1785
Epoch [7/7], Step [180/601], Loss: 1.1887
Epoch [7/7], Step [190/601], Loss: 0.9885
Epoch [7/7], Step [200/601], Loss: 1.1773
Epoch [7/7], Step [210/601], Loss: 0.9767
Epoch [7/7], Step [220/601], Loss: 1.0122
Epoch [7/7], Step [230/601], Loss: 1.0771
Epoch [7/7], Step [240/601], Loss: 1.0191
Epoch [7/7], Step [250/601], Loss: 1.0725
Epoch [7/7], Step [260/601], Loss: 0.9437
Epoch [7/7], Step [270/601], Loss: 1.1024
Epoch [7/7], Step [280/601], Loss: 1.1434
Epoch [7/7], Step [290/601], Loss: 0.9239
Epoch [7/7], Step [300/601], Loss: 0.9336
Epoch [7/7], Step [310/601], Loss: 1.0933
Epoch [7/7], Step [320/601], Loss: 0.8537
Epoch [7/7], Step [330/601], Loss: 1.0639
Epoch [7/7], Step [340/601], Loss: 1.0753
Epoch [7/7], Step [350/601], Loss: 0.9488
Epoch [7/7], Step [360/601], Loss: 1.0482
Epoch [7/7], Step [370/601], Loss: 1.2297
Epoch [7/7], Step [380/601], Loss: 1.1144
Epoch [7/7], Step [390/601], Loss: 1.0447
Epoch [7/7], Step [400/601], Loss: 1.0984
Epoch [7/7], Step [410/601], Loss: 1.0481
Epoch [7/7], Step [420/601], Loss: 0.8957
Epoch [7/7], Step [430/601], Loss: 1.0248
Epoch [7/7], Step [440/601], Loss: 1.1232
Epoch [7/7], Step [450/601], Loss: 1.0195
Epoch [7/7], Step [460/601], Loss: 1.0749
Epoch [7/7], Step [470/601], Loss: 0.8851
Epoch [7/7], Step [480/601], Loss: 0.9090
Epoch [7/7], Step [490/601], Loss: 0.9517
Epoch [7/7], Step [500/601], Loss: 1.0611
Epoch [7/7], Step [510/601], Loss: 0.9786
Epoch [7/7], Step [520/601], Loss: 0.9574
Epoch [7/7], Step [530/601], Loss: 0.9016
Epoch [7/7], Step [540/601], Loss: 1.1644
Epoch [7/7], Step [550/601], Loss: 1.0687
Epoch [7/7], Step [560/601], Loss: 0.9290
Epoch [7/7], Step [570/601], Loss: 0.9051
Epoch [7/7], Step [580/601], Loss: 1.0250
Epoch [7/7], Step [590/601], Loss: 0.9979
Epoch [7/7], Step [600/601], Loss: 0.9420
Total time for epoch 7/7 = 4198.018829 seconds
The average of the epoch train time so far is 2368.0852401666666
The stdev of the epoch train time so far is 872.433686292747
Start validation
Validation accuracy is 54.33808978231435%
