The size of the training data set is 76814
The size of the training data set is 76814
Start training
Epoch [1/7], Step [10/2401], Loss: 2.3833
Epoch [1/7], Step [20/2401], Loss: 2.5086
Epoch [1/7], Step [30/2401], Loss: 2.3549
Epoch [1/7], Step [40/2401], Loss: 2.3903
Epoch [1/7], Step [50/2401], Loss: 1.9546
Epoch [1/7], Step [60/2401], Loss: 2.2651
Epoch [1/7], Step [70/2401], Loss: 1.9823
Epoch [1/7], Step [80/2401], Loss: 2.0183
Epoch [1/7], Step [90/2401], Loss: 1.9862
Epoch [1/7], Step [100/2401], Loss: 2.0966
Epoch [1/7], Step [110/2401], Loss: 2.2114
Epoch [1/7], Step [120/2401], Loss: 2.1260
Epoch [1/7], Step [130/2401], Loss: 1.8041
Epoch [1/7], Step [140/2401], Loss: 1.8795
Epoch [1/7], Step [150/2401], Loss: 1.7726
Epoch [1/7], Step [160/2401], Loss: 1.9942
Epoch [1/7], Step [170/2401], Loss: 2.1516
Epoch [1/7], Step [180/2401], Loss: 1.8723
Epoch [1/7], Step [190/2401], Loss: 2.0613
Epoch [1/7], Step [200/2401], Loss: 2.0720
Epoch [1/7], Step [210/2401], Loss: 2.2161
Epoch [1/7], Step [220/2401], Loss: 1.6428
Epoch [1/7], Step [230/2401], Loss: 1.6347
Epoch [1/7], Step [240/2401], Loss: 2.0380
Epoch [1/7], Step [250/2401], Loss: 2.1813
Epoch [1/7], Step [260/2401], Loss: 1.4728
Epoch [1/7], Step [270/2401], Loss: 1.7569
Epoch [1/7], Step [280/2401], Loss: 1.8125
Epoch [1/7], Step [290/2401], Loss: 2.1598
Epoch [1/7], Step [300/2401], Loss: 1.9920
Epoch [1/7], Step [310/2401], Loss: 2.4033
Epoch [1/7], Step [320/2401], Loss: 1.6600
Epoch [1/7], Step [330/2401], Loss: 1.1792
Epoch [1/7], Step [340/2401], Loss: 2.0273
Epoch [1/7], Step [350/2401], Loss: 1.6185
Epoch [1/7], Step [360/2401], Loss: 2.2336
Epoch [1/7], Step [370/2401], Loss: 2.3457
Epoch [1/7], Step [380/2401], Loss: 1.3608
Epoch [1/7], Step [390/2401], Loss: 2.0478
Epoch [1/7], Step [400/2401], Loss: 2.1424
Epoch [1/7], Step [410/2401], Loss: 1.3533
Epoch [1/7], Step [420/2401], Loss: 1.9453
Epoch [1/7], Step [430/2401], Loss: 2.5274
Epoch [1/7], Step [440/2401], Loss: 1.4963
Epoch [1/7], Step [450/2401], Loss: 1.7470
Epoch [1/7], Step [460/2401], Loss: 1.8527
Epoch [1/7], Step [470/2401], Loss: 2.3672
Epoch [1/7], Step [480/2401], Loss: 2.0998
Epoch [1/7], Step [490/2401], Loss: 1.8626
Epoch [1/7], Step [500/2401], Loss: 1.7977
Epoch [1/7], Step [510/2401], Loss: 1.6497
Epoch [1/7], Step [520/2401], Loss: 1.3905
Epoch [1/7], Step [530/2401], Loss: 1.9344
Epoch [1/7], Step [540/2401], Loss: 2.0153
Epoch [1/7], Step [550/2401], Loss: 1.4704
Epoch [1/7], Step [560/2401], Loss: 2.0113
Epoch [1/7], Step [570/2401], Loss: 2.1944
Epoch [1/7], Step [580/2401], Loss: 1.3164
Epoch [1/7], Step [590/2401], Loss: 1.4228
Epoch [1/7], Step [600/2401], Loss: 1.7752
Epoch [1/7], Step [610/2401], Loss: 1.9695
Epoch [1/7], Step [620/2401], Loss: 1.7556
Epoch [1/7], Step [630/2401], Loss: 1.6139
Epoch [1/7], Step [640/2401], Loss: 1.5970
Epoch [1/7], Step [650/2401], Loss: 1.8863
Epoch [1/7], Step [660/2401], Loss: 2.0670
Epoch [1/7], Step [670/2401], Loss: 1.5627
Epoch [1/7], Step [680/2401], Loss: 1.9591
Epoch [1/7], Step [690/2401], Loss: 1.9603
Epoch [1/7], Step [700/2401], Loss: 1.6755
Epoch [1/7], Step [710/2401], Loss: 1.7903
Epoch [1/7], Step [720/2401], Loss: 1.9214
Epoch [1/7], Step [730/2401], Loss: 1.7005
Epoch [1/7], Step [740/2401], Loss: 1.2680
Epoch [1/7], Step [750/2401], Loss: 1.7802
Epoch [1/7], Step [760/2401], Loss: 1.9752
Epoch [1/7], Step [770/2401], Loss: 1.8182
Epoch [1/7], Step [780/2401], Loss: 1.8151
Epoch [1/7], Step [790/2401], Loss: 1.6393
Epoch [1/7], Step [800/2401], Loss: 1.9974
Epoch [1/7], Step [810/2401], Loss: 1.9848
Epoch [1/7], Step [820/2401], Loss: 2.0114
Epoch [1/7], Step [830/2401], Loss: 1.6687
Epoch [1/7], Step [840/2401], Loss: 1.7252
Epoch [1/7], Step [850/2401], Loss: 1.5598
Epoch [1/7], Step [860/2401], Loss: 1.6754
Epoch [1/7], Step [870/2401], Loss: 2.0243
Epoch [1/7], Step [880/2401], Loss: 1.3715
Epoch [1/7], Step [890/2401], Loss: 1.5729
Epoch [1/7], Step [900/2401], Loss: 2.2167
Epoch [1/7], Step [910/2401], Loss: 1.7375
Epoch [1/7], Step [920/2401], Loss: 1.5653
Epoch [1/7], Step [930/2401], Loss: 1.9894
Epoch [1/7], Step [940/2401], Loss: 1.5223
Epoch [1/7], Step [950/2401], Loss: 1.4270
Epoch [1/7], Step [960/2401], Loss: 1.8380
Epoch [1/7], Step [970/2401], Loss: 2.1898
Epoch [1/7], Step [980/2401], Loss: 1.4538
Epoch [1/7], Step [990/2401], Loss: 1.7689
Epoch [1/7], Step [1000/2401], Loss: 2.3228
Epoch [1/7], Step [1010/2401], Loss: 1.3198
Epoch [1/7], Step [1020/2401], Loss: 2.0740
Epoch [1/7], Step [1030/2401], Loss: 1.3370
Epoch [1/7], Step [1040/2401], Loss: 1.5353
Epoch [1/7], Step [1050/2401], Loss: 1.9222
Epoch [1/7], Step [1060/2401], Loss: 1.8480
Epoch [1/7], Step [1070/2401], Loss: 1.2046
Epoch [1/7], Step [1080/2401], Loss: 1.7106
Epoch [1/7], Step [1090/2401], Loss: 1.9542
Epoch [1/7], Step [1100/2401], Loss: 1.7457
Epoch [1/7], Step [1110/2401], Loss: 1.5741
Epoch [1/7], Step [1120/2401], Loss: 1.8381
Epoch [1/7], Step [1130/2401], Loss: 2.0655
Epoch [1/7], Step [1140/2401], Loss: 1.2342
Epoch [1/7], Step [1150/2401], Loss: 1.6352
Epoch [1/7], Step [1160/2401], Loss: 2.3709
Epoch [1/7], Step [1170/2401], Loss: 1.8096
Epoch [1/7], Step [1180/2401], Loss: 2.2042
Epoch [1/7], Step [1190/2401], Loss: 1.2728
Epoch [1/7], Step [1200/2401], Loss: 1.4164
Epoch [1/7], Step [1210/2401], Loss: 1.4952
Epoch [1/7], Step [1220/2401], Loss: 1.7500
Epoch [1/7], Step [1230/2401], Loss: 2.1213
Epoch [1/7], Step [1240/2401], Loss: 1.6318
Epoch [1/7], Step [1250/2401], Loss: 1.8117
Epoch [1/7], Step [1260/2401], Loss: 2.0775
Epoch [1/7], Step [1270/2401], Loss: 1.2645
Epoch [1/7], Step [1280/2401], Loss: 1.1253
Epoch [1/7], Step [1290/2401], Loss: 1.7474
Epoch [1/7], Step [1300/2401], Loss: 2.0945
Epoch [1/7], Step [1310/2401], Loss: 1.6767
Epoch [1/7], Step [1320/2401], Loss: 1.6706
Epoch [1/7], Step [1330/2401], Loss: 2.5251
Epoch [1/7], Step [1340/2401], Loss: 1.3912
Epoch [1/7], Step [1350/2401], Loss: 2.0759
Epoch [1/7], Step [1360/2401], Loss: 1.5237
Epoch [1/7], Step [1370/2401], Loss: 1.2503
Epoch [1/7], Step [1380/2401], Loss: 1.6775
Epoch [1/7], Step [1390/2401], Loss: 1.6793
Epoch [1/7], Step [1400/2401], Loss: 2.1780
Epoch [1/7], Step [1410/2401], Loss: 1.4465
Epoch [1/7], Step [1420/2401], Loss: 1.9556
Epoch [1/7], Step [1430/2401], Loss: 1.3708
Epoch [1/7], Step [1440/2401], Loss: 1.0545
Epoch [1/7], Step [1450/2401], Loss: 1.8285
Epoch [1/7], Step [1460/2401], Loss: 1.6897
Epoch [1/7], Step [1470/2401], Loss: 1.3336
Epoch [1/7], Step [1480/2401], Loss: 2.2154
Epoch [1/7], Step [1490/2401], Loss: 1.9206
Epoch [1/7], Step [1500/2401], Loss: 1.8248
Epoch [1/7], Step [1510/2401], Loss: 1.5392
Epoch [1/7], Step [1520/2401], Loss: 1.7679
Epoch [1/7], Step [1530/2401], Loss: 1.6652
Epoch [1/7], Step [1540/2401], Loss: 2.0649
Epoch [1/7], Step [1550/2401], Loss: 1.3903
Epoch [1/7], Step [1560/2401], Loss: 1.8887
Epoch [1/7], Step [1570/2401], Loss: 1.3749
Epoch [1/7], Step [1580/2401], Loss: 1.7006
Epoch [1/7], Step [1590/2401], Loss: 1.5999
Epoch [1/7], Step [1600/2401], Loss: 1.8842
Epoch [1/7], Step [1610/2401], Loss: 1.4838
Epoch [1/7], Step [1620/2401], Loss: 1.6213
Epoch [1/7], Step [1630/2401], Loss: 1.5713
Epoch [1/7], Step [1640/2401], Loss: 2.0547
Epoch [1/7], Step [1650/2401], Loss: 1.2460
Epoch [1/7], Step [1660/2401], Loss: 1.7063
Epoch [1/7], Step [1670/2401], Loss: 1.7553
Epoch [1/7], Step [1680/2401], Loss: 1.7287
Epoch [1/7], Step [1690/2401], Loss: 1.6510
Epoch [1/7], Step [1700/2401], Loss: 1.7793
Epoch [1/7], Step [1710/2401], Loss: 1.6458
Epoch [1/7], Step [1720/2401], Loss: 1.6918
Epoch [1/7], Step [1730/2401], Loss: 1.3797
Epoch [1/7], Step [1740/2401], Loss: 1.4750
Epoch [1/7], Step [1750/2401], Loss: 1.4021
Epoch [1/7], Step [1760/2401], Loss: 1.2556
Epoch [1/7], Step [1770/2401], Loss: 1.7853
Epoch [1/7], Step [1780/2401], Loss: 1.9057
Epoch [1/7], Step [1790/2401], Loss: 1.4771
Epoch [1/7], Step [1800/2401], Loss: 1.8693
Epoch [1/7], Step [1810/2401], Loss: 2.1306
Epoch [1/7], Step [1820/2401], Loss: 1.5832
Epoch [1/7], Step [1830/2401], Loss: 1.4726
Epoch [1/7], Step [1840/2401], Loss: 1.6686
Epoch [1/7], Step [1850/2401], Loss: 1.6949
Epoch [1/7], Step [1860/2401], Loss: 1.7546
Epoch [1/7], Step [1870/2401], Loss: 1.8024
Epoch [1/7], Step [1880/2401], Loss: 1.7411
Epoch [1/7], Step [1890/2401], Loss: 1.4182
Epoch [1/7], Step [1900/2401], Loss: 1.7335
Epoch [1/7], Step [1910/2401], Loss: 1.3493
Epoch [1/7], Step [1920/2401], Loss: 1.7961
Epoch [1/7], Step [1930/2401], Loss: 1.7986
Epoch [1/7], Step [1940/2401], Loss: 1.7489
Epoch [1/7], Step [1950/2401], Loss: 1.3121
Epoch [1/7], Step [1960/2401], Loss: 2.0395
Epoch [1/7], Step [1970/2401], Loss: 1.6412
Epoch [1/7], Step [1980/2401], Loss: 1.1030
Epoch [1/7], Step [1990/2401], Loss: 2.2995
Epoch [1/7], Step [2000/2401], Loss: 1.5432
Epoch [1/7], Step [2010/2401], Loss: 1.5493
Epoch [1/7], Step [2020/2401], Loss: 1.2299
Epoch [1/7], Step [2030/2401], Loss: 1.8178
Epoch [1/7], Step [2040/2401], Loss: 1.8215
Epoch [1/7], Step [2050/2401], Loss: 1.6993
Epoch [1/7], Step [2060/2401], Loss: 1.5115
Epoch [1/7], Step [2070/2401], Loss: 1.8346
Epoch [1/7], Step [2080/2401], Loss: 1.6134
Epoch [1/7], Step [2090/2401], Loss: 1.3346
Epoch [1/7], Step [2100/2401], Loss: 1.4825
Epoch [1/7], Step [2110/2401], Loss: 2.0199
Epoch [1/7], Step [2120/2401], Loss: 1.4279
Epoch [1/7], Step [2130/2401], Loss: 1.4043
Epoch [1/7], Step [2140/2401], Loss: 1.2276
Epoch [1/7], Step [2150/2401], Loss: 1.7730
Epoch [1/7], Step [2160/2401], Loss: 1.8326
Epoch [1/7], Step [2170/2401], Loss: 1.2512
Epoch [1/7], Step [2180/2401], Loss: 1.4690
Epoch [1/7], Step [2190/2401], Loss: 1.7492
Epoch [1/7], Step [2200/2401], Loss: 1.7929
Epoch [1/7], Step [2210/2401], Loss: 1.8956
Epoch [1/7], Step [2220/2401], Loss: 1.3480
Epoch [1/7], Step [2230/2401], Loss: 2.1193
Epoch [1/7], Step [2240/2401], Loss: 1.6155
Epoch [1/7], Step [2250/2401], Loss: 1.9953
Epoch [1/7], Step [2260/2401], Loss: 1.6954
Epoch [1/7], Step [2270/2401], Loss: 1.3492
Epoch [1/7], Step [2280/2401], Loss: 1.0394
Epoch [1/7], Step [2290/2401], Loss: 1.8321
Epoch [1/7], Step [2300/2401], Loss: 1.7417
Epoch [1/7], Step [2310/2401], Loss: 1.6446
Epoch [1/7], Step [2320/2401], Loss: 1.5701
Epoch [1/7], Step [2330/2401], Loss: 1.3885
Epoch [1/7], Step [2340/2401], Loss: 1.7030
Epoch [1/7], Step [2350/2401], Loss: 1.6474
Epoch [1/7], Step [2360/2401], Loss: 1.4655
Epoch [1/7], Step [2370/2401], Loss: 1.5117
Epoch [1/7], Step [2380/2401], Loss: 1.1521
Epoch [1/7], Step [2390/2401], Loss: 1.7065
Epoch [1/7], Step [2400/2401], Loss: 1.7611
Total time for epoch 1/7 = 1638.559722 seconds
Start validation
Validation accuracy is 21.997708572023747%
Start training
Epoch [2/7], Step [10/2401], Loss: 2.2019
Epoch [2/7], Step [20/2401], Loss: 1.7711
Epoch [2/7], Step [30/2401], Loss: 1.9885
Epoch [2/7], Step [40/2401], Loss: 1.6763
Epoch [2/7], Step [50/2401], Loss: 1.1414
Epoch [2/7], Step [60/2401], Loss: 1.5563
Epoch [2/7], Step [70/2401], Loss: 1.5173
Epoch [2/7], Step [80/2401], Loss: 1.9152
Epoch [2/7], Step [90/2401], Loss: 1.8691
Epoch [2/7], Step [100/2401], Loss: 1.2690
Epoch [2/7], Step [110/2401], Loss: 1.7620
Epoch [2/7], Step [120/2401], Loss: 1.9840
Epoch [2/7], Step [130/2401], Loss: 1.5655
Epoch [2/7], Step [140/2401], Loss: 1.2497
Epoch [2/7], Step [150/2401], Loss: 1.4388
Epoch [2/7], Step [160/2401], Loss: 1.3320
Epoch [2/7], Step [170/2401], Loss: 1.4670
Epoch [2/7], Step [180/2401], Loss: 1.2162
Epoch [2/7], Step [190/2401], Loss: 1.4027
Epoch [2/7], Step [200/2401], Loss: 1.5605
Epoch [2/7], Step [210/2401], Loss: 2.0543
Epoch [2/7], Step [220/2401], Loss: 1.4940
Epoch [2/7], Step [230/2401], Loss: 1.0518
Epoch [2/7], Step [240/2401], Loss: 1.7758
Epoch [2/7], Step [250/2401], Loss: 1.6676
Epoch [2/7], Step [260/2401], Loss: 1.1938
Epoch [2/7], Step [270/2401], Loss: 1.7183
Epoch [2/7], Step [280/2401], Loss: 1.1903
Epoch [2/7], Step [290/2401], Loss: 1.4854
Epoch [2/7], Step [300/2401], Loss: 1.9514
Epoch [2/7], Step [310/2401], Loss: 1.9167
Epoch [2/7], Step [320/2401], Loss: 1.3055
Epoch [2/7], Step [330/2401], Loss: 1.0827
Epoch [2/7], Step [340/2401], Loss: 1.9373
Epoch [2/7], Step [350/2401], Loss: 1.3498
Epoch [2/7], Step [360/2401], Loss: 1.8354
Epoch [2/7], Step [370/2401], Loss: 2.2400
Epoch [2/7], Step [380/2401], Loss: 0.9025
Epoch [2/7], Step [390/2401], Loss: 1.6357
Epoch [2/7], Step [400/2401], Loss: 1.3519
Epoch [2/7], Step [410/2401], Loss: 1.1835
Epoch [2/7], Step [420/2401], Loss: 1.7374
Epoch [2/7], Step [430/2401], Loss: 1.8401
Epoch [2/7], Step [440/2401], Loss: 1.2004
Epoch [2/7], Step [450/2401], Loss: 1.6326
Epoch [2/7], Step [460/2401], Loss: 1.5196
Epoch [2/7], Step [470/2401], Loss: 1.8389
Epoch [2/7], Step [480/2401], Loss: 1.4613
Epoch [2/7], Step [490/2401], Loss: 1.5877
Epoch [2/7], Step [500/2401], Loss: 1.9316
Epoch [2/7], Step [510/2401], Loss: 1.5365
Epoch [2/7], Step [520/2401], Loss: 0.8587
Epoch [2/7], Step [530/2401], Loss: 1.7753
Epoch [2/7], Step [540/2401], Loss: 1.5854
Epoch [2/7], Step [550/2401], Loss: 1.3432
Epoch [2/7], Step [560/2401], Loss: 1.8405
Epoch [2/7], Step [570/2401], Loss: 1.9933
Epoch [2/7], Step [580/2401], Loss: 1.2837
Epoch [2/7], Step [590/2401], Loss: 1.3689
Epoch [2/7], Step [600/2401], Loss: 1.6425
Epoch [2/7], Step [610/2401], Loss: 1.6110
Epoch [2/7], Step [620/2401], Loss: 1.5532
Epoch [2/7], Step [630/2401], Loss: 1.3322
Epoch [2/7], Step [640/2401], Loss: 1.1846
Epoch [2/7], Step [650/2401], Loss: 1.7733
Epoch [2/7], Step [660/2401], Loss: 2.1856
Epoch [2/7], Step [670/2401], Loss: 1.1293
Epoch [2/7], Step [680/2401], Loss: 1.5600
Epoch [2/7], Step [690/2401], Loss: 1.7755
Epoch [2/7], Step [700/2401], Loss: 1.4928
Epoch [2/7], Step [710/2401], Loss: 1.4726
Epoch [2/7], Step [720/2401], Loss: 1.7906
Epoch [2/7], Step [730/2401], Loss: 1.5555
Epoch [2/7], Step [740/2401], Loss: 1.1994
Epoch [2/7], Step [750/2401], Loss: 1.5054
Epoch [2/7], Step [760/2401], Loss: 1.5240
Epoch [2/7], Step [770/2401], Loss: 1.5784
Epoch [2/7], Step [780/2401], Loss: 1.5667
Epoch [2/7], Step [790/2401], Loss: 1.3990
Epoch [2/7], Step [800/2401], Loss: 1.7576
Epoch [2/7], Step [810/2401], Loss: 2.1894
Epoch [2/7], Step [820/2401], Loss: 1.6304
Epoch [2/7], Step [830/2401], Loss: 1.5283
Epoch [2/7], Step [840/2401], Loss: 1.4474
Epoch [2/7], Step [850/2401], Loss: 1.6315
Epoch [2/7], Step [860/2401], Loss: 1.3143
Epoch [2/7], Step [870/2401], Loss: 1.9877
Epoch [2/7], Step [880/2401], Loss: 1.1896
Epoch [2/7], Step [890/2401], Loss: 1.2806
Epoch [2/7], Step [900/2401], Loss: 1.7317
Epoch [2/7], Step [910/2401], Loss: 1.7180
Epoch [2/7], Step [920/2401], Loss: 1.2679
Epoch [2/7], Step [930/2401], Loss: 1.6908
Epoch [2/7], Step [940/2401], Loss: 1.2693
Epoch [2/7], Step [950/2401], Loss: 1.0309
Epoch [2/7], Step [960/2401], Loss: 1.8423
Epoch [2/7], Step [970/2401], Loss: 1.7046
Epoch [2/7], Step [980/2401], Loss: 1.2499
Epoch [2/7], Step [990/2401], Loss: 1.4853
Epoch [2/7], Step [1000/2401], Loss: 1.9683
Epoch [2/7], Step [1010/2401], Loss: 1.0921
Epoch [2/7], Step [1020/2401], Loss: 1.4926
Epoch [2/7], Step [1030/2401], Loss: 1.2997
Epoch [2/7], Step [1040/2401], Loss: 1.2988
Epoch [2/7], Step [1050/2401], Loss: 1.6665
Epoch [2/7], Step [1060/2401], Loss: 1.6132
Epoch [2/7], Step [1070/2401], Loss: 1.0047
Epoch [2/7], Step [1080/2401], Loss: 1.5113
Epoch [2/7], Step [1090/2401], Loss: 1.5377
Epoch [2/7], Step [1100/2401], Loss: 1.5091
Epoch [2/7], Step [1110/2401], Loss: 1.7042
Epoch [2/7], Step [1120/2401], Loss: 1.6352
Epoch [2/7], Step [1130/2401], Loss: 1.8429
Epoch [2/7], Step [1140/2401], Loss: 1.2988
Epoch [2/7], Step [1150/2401], Loss: 1.5038
Epoch [2/7], Step [1160/2401], Loss: 1.9147
Epoch [2/7], Step [1170/2401], Loss: 1.3631
Epoch [2/7], Step [1180/2401], Loss: 1.8365
Epoch [2/7], Step [1190/2401], Loss: 1.2176
Epoch [2/7], Step [1200/2401], Loss: 1.2891
Epoch [2/7], Step [1210/2401], Loss: 1.3306
Epoch [2/7], Step [1220/2401], Loss: 1.8351
Epoch [2/7], Step [1230/2401], Loss: 1.7484
Epoch [2/7], Step [1240/2401], Loss: 1.5405
Epoch [2/7], Step [1250/2401], Loss: 1.8364
Epoch [2/7], Step [1260/2401], Loss: 2.0268
Epoch [2/7], Step [1270/2401], Loss: 0.9430
Epoch [2/7], Step [1280/2401], Loss: 1.0534
Epoch [2/7], Step [1290/2401], Loss: 1.3822
Epoch [2/7], Step [1300/2401], Loss: 1.9505
Epoch [2/7], Step [1310/2401], Loss: 1.4365
Epoch [2/7], Step [1320/2401], Loss: 1.3807
Epoch [2/7], Step [1330/2401], Loss: 2.1481
Epoch [2/7], Step [1340/2401], Loss: 1.0857
Epoch [2/7], Step [1350/2401], Loss: 1.8706
Epoch [2/7], Step [1360/2401], Loss: 1.2293
Epoch [2/7], Step [1370/2401], Loss: 1.0602
Epoch [2/7], Step [1380/2401], Loss: 1.5683
Epoch [2/7], Step [1390/2401], Loss: 1.3336
Epoch [2/7], Step [1400/2401], Loss: 1.7698
Epoch [2/7], Step [1410/2401], Loss: 1.5548
Epoch [2/7], Step [1420/2401], Loss: 1.8235
Epoch [2/7], Step [1430/2401], Loss: 1.2071
Epoch [2/7], Step [1440/2401], Loss: 0.8191
Epoch [2/7], Step [1450/2401], Loss: 1.5366
Epoch [2/7], Step [1460/2401], Loss: 1.2189
Epoch [2/7], Step [1470/2401], Loss: 1.1326
Epoch [2/7], Step [1480/2401], Loss: 1.9335
Epoch [2/7], Step [1490/2401], Loss: 1.6164
Epoch [2/7], Step [1500/2401], Loss: 1.7770
Epoch [2/7], Step [1510/2401], Loss: 1.0748
Epoch [2/7], Step [1520/2401], Loss: 1.5566
Epoch [2/7], Step [1530/2401], Loss: 1.4487
Epoch [2/7], Step [1540/2401], Loss: 2.0431
Epoch [2/7], Step [1550/2401], Loss: 1.3433
Epoch [2/7], Step [1560/2401], Loss: 1.7941
Epoch [2/7], Step [1570/2401], Loss: 1.0148
Epoch [2/7], Step [1580/2401], Loss: 1.4643
Epoch [2/7], Step [1590/2401], Loss: 1.5262
Epoch [2/7], Step [1600/2401], Loss: 1.6936
Epoch [2/7], Step [1610/2401], Loss: 1.2372
Epoch [2/7], Step [1620/2401], Loss: 1.3703
Epoch [2/7], Step [1630/2401], Loss: 1.3508
Epoch [2/7], Step [1640/2401], Loss: 1.8154
Epoch [2/7], Step [1650/2401], Loss: 1.0258
Epoch [2/7], Step [1660/2401], Loss: 1.5194
Epoch [2/7], Step [1670/2401], Loss: 1.6024
Epoch [2/7], Step [1680/2401], Loss: 1.4537
Epoch [2/7], Step [1690/2401], Loss: 1.4938
Epoch [2/7], Step [1700/2401], Loss: 1.7294
Epoch [2/7], Step [1710/2401], Loss: 1.4545
Epoch [2/7], Step [1720/2401], Loss: 1.6590
Epoch [2/7], Step [1730/2401], Loss: 1.0849
Epoch [2/7], Step [1740/2401], Loss: 1.3347
Epoch [2/7], Step [1750/2401], Loss: 1.3407
Epoch [2/7], Step [1760/2401], Loss: 1.1900
Epoch [2/7], Step [1770/2401], Loss: 1.5298
Epoch [2/7], Step [1780/2401], Loss: 1.6512
Epoch [2/7], Step [1790/2401], Loss: 1.1560
Epoch [2/7], Step [1800/2401], Loss: 1.3594
Epoch [2/7], Step [1810/2401], Loss: 1.8934
Epoch [2/7], Step [1820/2401], Loss: 1.5050
Epoch [2/7], Step [1830/2401], Loss: 1.1930
Epoch [2/7], Step [1840/2401], Loss: 1.4865
Epoch [2/7], Step [1850/2401], Loss: 1.4667
Epoch [2/7], Step [1860/2401], Loss: 1.4617
Epoch [2/7], Step [1870/2401], Loss: 1.5095
Epoch [2/7], Step [1880/2401], Loss: 1.3456
Epoch [2/7], Step [1890/2401], Loss: 1.0915
Epoch [2/7], Step [1900/2401], Loss: 1.1579
Epoch [2/7], Step [1910/2401], Loss: 1.4467
Epoch [2/7], Step [1920/2401], Loss: 1.9121
Epoch [2/7], Step [1930/2401], Loss: 1.6258
Epoch [2/7], Step [1940/2401], Loss: 1.5624
Epoch [2/7], Step [1950/2401], Loss: 1.1612
Epoch [2/7], Step [1960/2401], Loss: 1.6361
Epoch [2/7], Step [1970/2401], Loss: 1.4604
Epoch [2/7], Step [1980/2401], Loss: 0.8361
Epoch [2/7], Step [1990/2401], Loss: 1.9570
Epoch [2/7], Step [2000/2401], Loss: 1.3209
Epoch [2/7], Step [2010/2401], Loss: 1.2732
Epoch [2/7], Step [2020/2401], Loss: 0.9940
Epoch [2/7], Step [2030/2401], Loss: 1.5307
Epoch [2/7], Step [2040/2401], Loss: 1.4433
Epoch [2/7], Step [2050/2401], Loss: 1.4420
Epoch [2/7], Step [2060/2401], Loss: 1.3798
Epoch [2/7], Step [2070/2401], Loss: 1.5689
Epoch [2/7], Step [2080/2401], Loss: 1.2999
Epoch [2/7], Step [2090/2401], Loss: 1.0843
Epoch [2/7], Step [2100/2401], Loss: 1.2187
Epoch [2/7], Step [2110/2401], Loss: 1.5370
Epoch [2/7], Step [2120/2401], Loss: 1.0129
Epoch [2/7], Step [2130/2401], Loss: 1.5010
Epoch [2/7], Step [2140/2401], Loss: 0.9768
Epoch [2/7], Step [2150/2401], Loss: 1.3154
Epoch [2/7], Step [2160/2401], Loss: 1.5746
Epoch [2/7], Step [2170/2401], Loss: 1.2365
Epoch [2/7], Step [2180/2401], Loss: 1.1845
Epoch [2/7], Step [2190/2401], Loss: 1.4641
Epoch [2/7], Step [2200/2401], Loss: 1.8051
Epoch [2/7], Step [2210/2401], Loss: 1.8640
Epoch [2/7], Step [2220/2401], Loss: 1.3326
Epoch [2/7], Step [2230/2401], Loss: 2.1339
Epoch [2/7], Step [2240/2401], Loss: 1.5632
Epoch [2/7], Step [2250/2401], Loss: 1.9123
Epoch [2/7], Step [2260/2401], Loss: 1.3774
Epoch [2/7], Step [2270/2401], Loss: 1.1146
Epoch [2/7], Step [2280/2401], Loss: 0.8727
Epoch [2/7], Step [2290/2401], Loss: 1.8743
Epoch [2/7], Step [2300/2401], Loss: 1.6127
Epoch [2/7], Step [2310/2401], Loss: 1.5859
Epoch [2/7], Step [2320/2401], Loss: 1.5101
Epoch [2/7], Step [2330/2401], Loss: 0.9830
Epoch [2/7], Step [2340/2401], Loss: 1.5398
Epoch [2/7], Step [2350/2401], Loss: 1.5299
Epoch [2/7], Step [2360/2401], Loss: 1.1975
Epoch [2/7], Step [2370/2401], Loss: 1.3137
Epoch [2/7], Step [2380/2401], Loss: 1.0307
Epoch [2/7], Step [2390/2401], Loss: 1.7742
Epoch [2/7], Step [2400/2401], Loss: 1.5581
Total time for epoch 2/7 = 1417.17655 seconds
The average of the epoch train time so far is 1417.17655
The stdev of the epoch train time so far is 0.0
Start validation
Validation accuracy is 25.080720758254348%
Start training
Epoch [3/7], Step [10/2401], Loss: 1.9541
Epoch [3/7], Step [20/2401], Loss: 1.6649
Epoch [3/7], Step [30/2401], Loss: 1.7628
Epoch [3/7], Step [40/2401], Loss: 1.4636
Epoch [3/7], Step [50/2401], Loss: 1.0660
Epoch [3/7], Step [60/2401], Loss: 1.2068
Epoch [3/7], Step [70/2401], Loss: 1.4552
Epoch [3/7], Step [80/2401], Loss: 1.6084
Epoch [3/7], Step [90/2401], Loss: 1.5024
Epoch [3/7], Step [100/2401], Loss: 1.0588
Epoch [3/7], Step [110/2401], Loss: 1.5437
Epoch [3/7], Step [120/2401], Loss: 1.6539
Epoch [3/7], Step [130/2401], Loss: 1.2841
Epoch [3/7], Step [140/2401], Loss: 0.9267
Epoch [3/7], Step [150/2401], Loss: 1.1599
Epoch [3/7], Step [160/2401], Loss: 1.1474
Epoch [3/7], Step [170/2401], Loss: 1.3573
Epoch [3/7], Step [180/2401], Loss: 1.1146
Epoch [3/7], Step [190/2401], Loss: 1.2112
Epoch [3/7], Step [200/2401], Loss: 1.3606
Epoch [3/7], Step [210/2401], Loss: 1.9692
Epoch [3/7], Step [220/2401], Loss: 1.2033
Epoch [3/7], Step [230/2401], Loss: 0.8096
Epoch [3/7], Step [240/2401], Loss: 1.4854
Epoch [3/7], Step [250/2401], Loss: 1.5289
Epoch [3/7], Step [260/2401], Loss: 1.2936
Epoch [3/7], Step [270/2401], Loss: 1.6425
Epoch [3/7], Step [280/2401], Loss: 1.0535
Epoch [3/7], Step [290/2401], Loss: 1.2437
Epoch [3/7], Step [300/2401], Loss: 1.5776
Epoch [3/7], Step [310/2401], Loss: 1.7539
Epoch [3/7], Step [320/2401], Loss: 1.0704
Epoch [3/7], Step [330/2401], Loss: 0.9459
Epoch [3/7], Step [340/2401], Loss: 1.8045
Epoch [3/7], Step [350/2401], Loss: 1.0635
Epoch [3/7], Step [360/2401], Loss: 1.6275
Epoch [3/7], Step [370/2401], Loss: 2.1895
Epoch [3/7], Step [380/2401], Loss: 0.7886
Epoch [3/7], Step [390/2401], Loss: 1.4377
Epoch [3/7], Step [400/2401], Loss: 1.0568
Epoch [3/7], Step [410/2401], Loss: 1.0843
Epoch [3/7], Step [420/2401], Loss: 1.6006
Epoch [3/7], Step [430/2401], Loss: 1.6723
Epoch [3/7], Step [440/2401], Loss: 0.9992
Epoch [3/7], Step [450/2401], Loss: 1.4801
Epoch [3/7], Step [460/2401], Loss: 1.2449
Epoch [3/7], Step [470/2401], Loss: 1.5866
Epoch [3/7], Step [480/2401], Loss: 1.2459
Epoch [3/7], Step [490/2401], Loss: 1.5504
Epoch [3/7], Step [500/2401], Loss: 2.1317
Epoch [3/7], Step [510/2401], Loss: 1.3471
Epoch [3/7], Step [520/2401], Loss: 0.8083
Epoch [3/7], Step [530/2401], Loss: 1.5640
Epoch [3/7], Step [540/2401], Loss: 1.5053
Epoch [3/7], Step [550/2401], Loss: 1.1046
Epoch [3/7], Step [560/2401], Loss: 1.6531
Epoch [3/7], Step [570/2401], Loss: 1.7339
Epoch [3/7], Step [580/2401], Loss: 0.9051
Epoch [3/7], Step [590/2401], Loss: 1.3343
Epoch [3/7], Step [600/2401], Loss: 1.4352
Epoch [3/7], Step [610/2401], Loss: 1.5486
Epoch [3/7], Step [620/2401], Loss: 1.5095
Epoch [3/7], Step [630/2401], Loss: 1.3154
Epoch [3/7], Step [640/2401], Loss: 0.8706
Epoch [3/7], Step [650/2401], Loss: 1.5855
Epoch [3/7], Step [660/2401], Loss: 2.0647
Epoch [3/7], Step [670/2401], Loss: 1.1672
Epoch [3/7], Step [680/2401], Loss: 1.4591
Epoch [3/7], Step [690/2401], Loss: 1.6044
Epoch [3/7], Step [700/2401], Loss: 1.2291
Epoch [3/7], Step [710/2401], Loss: 1.2598
Epoch [3/7], Step [720/2401], Loss: 1.7643
Epoch [3/7], Step [730/2401], Loss: 1.1990
Epoch [3/7], Step [740/2401], Loss: 1.1991
Epoch [3/7], Step [750/2401], Loss: 1.1526
Epoch [3/7], Step [760/2401], Loss: 1.3326
Epoch [3/7], Step [770/2401], Loss: 1.4012
Epoch [3/7], Step [780/2401], Loss: 1.3550
Epoch [3/7], Step [790/2401], Loss: 1.1949
Epoch [3/7], Step [800/2401], Loss: 1.6398
Epoch [3/7], Step [810/2401], Loss: 1.9777
Epoch [3/7], Step [820/2401], Loss: 1.4272
Epoch [3/7], Step [830/2401], Loss: 1.2746
Epoch [3/7], Step [840/2401], Loss: 1.2480
Epoch [3/7], Step [850/2401], Loss: 1.6533
Epoch [3/7], Step [860/2401], Loss: 1.1332
Epoch [3/7], Step [870/2401], Loss: 1.9516
Epoch [3/7], Step [880/2401], Loss: 1.0149
Epoch [3/7], Step [890/2401], Loss: 1.1236
Epoch [3/7], Step [900/2401], Loss: 1.4812
Epoch [3/7], Step [910/2401], Loss: 1.7909
Epoch [3/7], Step [920/2401], Loss: 1.2850
Epoch [3/7], Step [930/2401], Loss: 1.5531
Epoch [3/7], Step [940/2401], Loss: 1.3948
Epoch [3/7], Step [950/2401], Loss: 0.9884
Epoch [3/7], Step [960/2401], Loss: 1.6582
Epoch [3/7], Step [970/2401], Loss: 1.7352
Epoch [3/7], Step [980/2401], Loss: 1.1885
Epoch [3/7], Step [990/2401], Loss: 1.3622
Epoch [3/7], Step [1000/2401], Loss: 1.7386
Epoch [3/7], Step [1010/2401], Loss: 1.0499
Epoch [3/7], Step [1020/2401], Loss: 1.2893
Epoch [3/7], Step [1030/2401], Loss: 0.9942
Epoch [3/7], Step [1040/2401], Loss: 1.1973
Epoch [3/7], Step [1050/2401], Loss: 1.3261
Epoch [3/7], Step [1060/2401], Loss: 1.4740
Epoch [3/7], Step [1070/2401], Loss: 0.8849
Epoch [3/7], Step [1080/2401], Loss: 1.3623
Epoch [3/7], Step [1090/2401], Loss: 1.4313
Epoch [3/7], Step [1100/2401], Loss: 1.4616
Epoch [3/7], Step [1110/2401], Loss: 1.6642
Epoch [3/7], Step [1120/2401], Loss: 1.4477
Epoch [3/7], Step [1130/2401], Loss: 1.6999
Epoch [3/7], Step [1140/2401], Loss: 1.1611
Epoch [3/7], Step [1150/2401], Loss: 1.5037
Epoch [3/7], Step [1160/2401], Loss: 1.8223
Epoch [3/7], Step [1170/2401], Loss: 1.0760
Epoch [3/7], Step [1180/2401], Loss: 1.6969
Epoch [3/7], Step [1190/2401], Loss: 1.1109
Epoch [3/7], Step [1200/2401], Loss: 1.3004
Epoch [3/7], Step [1210/2401], Loss: 1.2346
Epoch [3/7], Step [1220/2401], Loss: 1.5592
Epoch [3/7], Step [1230/2401], Loss: 1.3036
Epoch [3/7], Step [1240/2401], Loss: 1.4424
Epoch [3/7], Step [1250/2401], Loss: 1.5960
Epoch [3/7], Step [1260/2401], Loss: 1.9818
Epoch [3/7], Step [1270/2401], Loss: 0.8314
Epoch [3/7], Step [1280/2401], Loss: 0.9948
Epoch [3/7], Step [1290/2401], Loss: 1.1203
Epoch [3/7], Step [1300/2401], Loss: 1.6940
Epoch [3/7], Step [1310/2401], Loss: 1.2654
Epoch [3/7], Step [1320/2401], Loss: 1.3906
Epoch [3/7], Step [1330/2401], Loss: 1.8932
Epoch [3/7], Step [1340/2401], Loss: 0.9263
Epoch [3/7], Step [1350/2401], Loss: 1.6796
Epoch [3/7], Step [1360/2401], Loss: 1.0801
Epoch [3/7], Step [1370/2401], Loss: 0.8670
Epoch [3/7], Step [1380/2401], Loss: 1.2577
Epoch [3/7], Step [1390/2401], Loss: 1.1124
Epoch [3/7], Step [1400/2401], Loss: 1.6686
Epoch [3/7], Step [1410/2401], Loss: 1.4623
Epoch [3/7], Step [1420/2401], Loss: 1.6576
Epoch [3/7], Step [1430/2401], Loss: 1.1204
Epoch [3/7], Step [1440/2401], Loss: 0.7760
Epoch [3/7], Step [1450/2401], Loss: 1.3088
Epoch [3/7], Step [1460/2401], Loss: 1.1175
Epoch [3/7], Step [1470/2401], Loss: 1.1974
Epoch [3/7], Step [1480/2401], Loss: 1.7935
Epoch [3/7], Step [1490/2401], Loss: 1.6052
Epoch [3/7], Step [1500/2401], Loss: 1.7191
Epoch [3/7], Step [1510/2401], Loss: 0.9513
Epoch [3/7], Step [1520/2401], Loss: 1.2303
Epoch [3/7], Step [1530/2401], Loss: 1.3002
Epoch [3/7], Step [1540/2401], Loss: 1.9564
Epoch [3/7], Step [1550/2401], Loss: 1.0795
Epoch [3/7], Step [1560/2401], Loss: 1.6662
Epoch [3/7], Step [1570/2401], Loss: 0.8934
Epoch [3/7], Step [1580/2401], Loss: 1.4528
Epoch [3/7], Step [1590/2401], Loss: 1.4845
Epoch [3/7], Step [1600/2401], Loss: 1.4605
Epoch [3/7], Step [1610/2401], Loss: 1.1754
Epoch [3/7], Step [1620/2401], Loss: 1.2335
Epoch [3/7], Step [1630/2401], Loss: 1.2226
Epoch [3/7], Step [1640/2401], Loss: 1.7024
Epoch [3/7], Step [1650/2401], Loss: 0.9107
Epoch [3/7], Step [1660/2401], Loss: 1.3045
Epoch [3/7], Step [1670/2401], Loss: 1.5880
Epoch [3/7], Step [1680/2401], Loss: 1.3669
Epoch [3/7], Step [1690/2401], Loss: 1.1846
Epoch [3/7], Step [1700/2401], Loss: 1.6475
Epoch [3/7], Step [1710/2401], Loss: 1.2348
Epoch [3/7], Step [1720/2401], Loss: 1.5421
Epoch [3/7], Step [1730/2401], Loss: 1.0108
Epoch [3/7], Step [1740/2401], Loss: 1.2073
Epoch [3/7], Step [1750/2401], Loss: 1.4444
Epoch [3/7], Step [1760/2401], Loss: 1.0820
Epoch [3/7], Step [1770/2401], Loss: 1.6570
Epoch [3/7], Step [1780/2401], Loss: 1.5077
Epoch [3/7], Step [1790/2401], Loss: 1.0945
Epoch [3/7], Step [1800/2401], Loss: 1.2394
Epoch [3/7], Step [1810/2401], Loss: 1.7586
Epoch [3/7], Step [1820/2401], Loss: 1.3884
Epoch [3/7], Step [1830/2401], Loss: 1.0701
Epoch [3/7], Step [1840/2401], Loss: 1.4030
Epoch [3/7], Step [1850/2401], Loss: 1.2895
Epoch [3/7], Step [1860/2401], Loss: 1.1507
Epoch [3/7], Step [1870/2401], Loss: 1.3459
Epoch [3/7], Step [1880/2401], Loss: 1.2054
Epoch [3/7], Step [1890/2401], Loss: 0.8962
Epoch [3/7], Step [1900/2401], Loss: 1.1197
Epoch [3/7], Step [1910/2401], Loss: 1.4215
Epoch [3/7], Step [1920/2401], Loss: 1.6523
Epoch [3/7], Step [1930/2401], Loss: 1.2463
Epoch [3/7], Step [1940/2401], Loss: 1.4211
Epoch [3/7], Step [1950/2401], Loss: 1.0730
Epoch [3/7], Step [1960/2401], Loss: 1.5012
Epoch [3/7], Step [1970/2401], Loss: 1.3948
Epoch [3/7], Step [1980/2401], Loss: 0.7915
Epoch [3/7], Step [1990/2401], Loss: 1.9456
Epoch [3/7], Step [2000/2401], Loss: 1.1697
Epoch [3/7], Step [2010/2401], Loss: 1.2246
Epoch [3/7], Step [2020/2401], Loss: 0.9055
Epoch [3/7], Step [2030/2401], Loss: 1.2791
Epoch [3/7], Step [2040/2401], Loss: 1.3491
Epoch [3/7], Step [2050/2401], Loss: 1.3062
Epoch [3/7], Step [2060/2401], Loss: 1.1009
Epoch [3/7], Step [2070/2401], Loss: 1.5496
Epoch [3/7], Step [2080/2401], Loss: 1.1582
Epoch [3/7], Step [2090/2401], Loss: 0.8448
Epoch [3/7], Step [2100/2401], Loss: 1.1143
Epoch [3/7], Step [2110/2401], Loss: 1.4708
Epoch [3/7], Step [2120/2401], Loss: 1.0467
Epoch [3/7], Step [2130/2401], Loss: 1.2866
Epoch [3/7], Step [2140/2401], Loss: 0.9343
Epoch [3/7], Step [2150/2401], Loss: 1.0812
Epoch [3/7], Step [2160/2401], Loss: 1.5170
Epoch [3/7], Step [2170/2401], Loss: 1.1364
Epoch [3/7], Step [2180/2401], Loss: 0.9702
Epoch [3/7], Step [2190/2401], Loss: 1.2046
Epoch [3/7], Step [2200/2401], Loss: 1.6648
Epoch [3/7], Step [2210/2401], Loss: 1.5384
Epoch [3/7], Step [2220/2401], Loss: 1.2074
Epoch [3/7], Step [2230/2401], Loss: 1.8834
Epoch [3/7], Step [2240/2401], Loss: 1.3790
Epoch [3/7], Step [2250/2401], Loss: 1.9487
Epoch [3/7], Step [2260/2401], Loss: 1.1471
Epoch [3/7], Step [2270/2401], Loss: 0.8924
Epoch [3/7], Step [2280/2401], Loss: 0.6724
Epoch [3/7], Step [2290/2401], Loss: 1.6217
Epoch [3/7], Step [2300/2401], Loss: 1.3987
Epoch [3/7], Step [2310/2401], Loss: 1.5169
Epoch [3/7], Step [2320/2401], Loss: 1.5125
Epoch [3/7], Step [2330/2401], Loss: 0.9071
Epoch [3/7], Step [2340/2401], Loss: 1.2936
Epoch [3/7], Step [2350/2401], Loss: 1.4754
Epoch [3/7], Step [2360/2401], Loss: 1.0050
Epoch [3/7], Step [2370/2401], Loss: 1.2810
Epoch [3/7], Step [2380/2401], Loss: 0.9281
Epoch [3/7], Step [2390/2401], Loss: 1.8209
Epoch [3/7], Step [2400/2401], Loss: 1.5152
Total time for epoch 3/7 = 1361.702257 seconds
The average of the epoch train time so far is 1389.4394035
The stdev of the epoch train time so far is 27.73714649999999
Start validation
Validation accuracy is 26.45557754400583%
Start training
Epoch [4/7], Step [10/2401], Loss: 1.8168
Epoch [4/7], Step [20/2401], Loss: 1.4122
Epoch [4/7], Step [30/2401], Loss: 1.6711
Epoch [4/7], Step [40/2401], Loss: 1.1580
Epoch [4/7], Step [50/2401], Loss: 0.9313
Epoch [4/7], Step [60/2401], Loss: 0.9824
Epoch [4/7], Step [70/2401], Loss: 1.2627
Epoch [4/7], Step [80/2401], Loss: 1.3093
Epoch [4/7], Step [90/2401], Loss: 1.2368
Epoch [4/7], Step [100/2401], Loss: 1.0530
Epoch [4/7], Step [110/2401], Loss: 1.4625
Epoch [4/7], Step [120/2401], Loss: 1.5345
Epoch [4/7], Step [130/2401], Loss: 1.2516
Epoch [4/7], Step [140/2401], Loss: 0.7742
Epoch [4/7], Step [150/2401], Loss: 0.8421
Epoch [4/7], Step [160/2401], Loss: 1.0149
Epoch [4/7], Step [170/2401], Loss: 1.1251
Epoch [4/7], Step [180/2401], Loss: 0.9940
Epoch [4/7], Step [190/2401], Loss: 1.1463
Epoch [4/7], Step [200/2401], Loss: 1.4678
Epoch [4/7], Step [210/2401], Loss: 1.6771
Epoch [4/7], Step [220/2401], Loss: 0.9659
Epoch [4/7], Step [230/2401], Loss: 0.8266
Epoch [4/7], Step [240/2401], Loss: 1.3422
Epoch [4/7], Step [250/2401], Loss: 1.3794
Epoch [4/7], Step [260/2401], Loss: 1.1141
Epoch [4/7], Step [270/2401], Loss: 1.5765
Epoch [4/7], Step [280/2401], Loss: 0.8907
Epoch [4/7], Step [290/2401], Loss: 1.2994
Epoch [4/7], Step [300/2401], Loss: 1.2945
Epoch [4/7], Step [310/2401], Loss: 1.4568
Epoch [4/7], Step [320/2401], Loss: 0.9575
Epoch [4/7], Step [330/2401], Loss: 0.7236
Epoch [4/7], Step [340/2401], Loss: 1.8547
Epoch [4/7], Step [350/2401], Loss: 0.8950
Epoch [4/7], Step [360/2401], Loss: 1.5217
Epoch [4/7], Step [370/2401], Loss: 2.1201
Epoch [4/7], Step [380/2401], Loss: 0.7051
Epoch [4/7], Step [390/2401], Loss: 1.3445
Epoch [4/7], Step [400/2401], Loss: 0.8669
Epoch [4/7], Step [410/2401], Loss: 1.1046
Epoch [4/7], Step [420/2401], Loss: 1.3927
Epoch [4/7], Step [430/2401], Loss: 1.5082
Epoch [4/7], Step [440/2401], Loss: 0.9255
Epoch [4/7], Step [450/2401], Loss: 1.5335
Epoch [4/7], Step [460/2401], Loss: 1.1372
Epoch [4/7], Step [470/2401], Loss: 1.4088
Epoch [4/7], Step [480/2401], Loss: 1.2406
Epoch [4/7], Step [490/2401], Loss: 1.5249
Epoch [4/7], Step [500/2401], Loss: 2.1276
Epoch [4/7], Step [510/2401], Loss: 1.3455
Epoch [4/7], Step [520/2401], Loss: 0.7725
Epoch [4/7], Step [530/2401], Loss: 1.4032
Epoch [4/7], Step [540/2401], Loss: 1.4794
Epoch [4/7], Step [550/2401], Loss: 1.0683
Epoch [4/7], Step [560/2401], Loss: 1.6445
Epoch [4/7], Step [570/2401], Loss: 1.6014
Epoch [4/7], Step [580/2401], Loss: 0.7073
Epoch [4/7], Step [590/2401], Loss: 1.2301
Epoch [4/7], Step [600/2401], Loss: 1.3495
Epoch [4/7], Step [610/2401], Loss: 1.4302
Epoch [4/7], Step [620/2401], Loss: 1.3124
Epoch [4/7], Step [630/2401], Loss: 1.2149
Epoch [4/7], Step [640/2401], Loss: 0.8262
Epoch [4/7], Step [650/2401], Loss: 1.4596
Epoch [4/7], Step [660/2401], Loss: 1.7474
Epoch [4/7], Step [670/2401], Loss: 1.0613
Epoch [4/7], Step [680/2401], Loss: 1.3924
Epoch [4/7], Step [690/2401], Loss: 1.5458
Epoch [4/7], Step [700/2401], Loss: 1.0963
Epoch [4/7], Step [710/2401], Loss: 1.1735
Epoch [4/7], Step [720/2401], Loss: 1.5964
Epoch [4/7], Step [730/2401], Loss: 1.0297
Epoch [4/7], Step [740/2401], Loss: 1.0391
Epoch [4/7], Step [750/2401], Loss: 1.0441
Epoch [4/7], Step [760/2401], Loss: 1.1083
Epoch [4/7], Step [770/2401], Loss: 1.3252
Epoch [4/7], Step [780/2401], Loss: 1.3689
Epoch [4/7], Step [790/2401], Loss: 0.9311
Epoch [4/7], Step [800/2401], Loss: 1.5686
Epoch [4/7], Step [810/2401], Loss: 1.9010
Epoch [4/7], Step [820/2401], Loss: 1.3110
Epoch [4/7], Step [830/2401], Loss: 1.1578
Epoch [4/7], Step [840/2401], Loss: 1.0887
Epoch [4/7], Step [850/2401], Loss: 1.6488
Epoch [4/7], Step [860/2401], Loss: 1.0705
Epoch [4/7], Step [870/2401], Loss: 1.7429
Epoch [4/7], Step [880/2401], Loss: 1.0003
Epoch [4/7], Step [890/2401], Loss: 1.0221
Epoch [4/7], Step [900/2401], Loss: 1.1259
Epoch [4/7], Step [910/2401], Loss: 1.6884
Epoch [4/7], Step [920/2401], Loss: 1.1937
Epoch [4/7], Step [930/2401], Loss: 1.3601
Epoch [4/7], Step [940/2401], Loss: 1.4457
Epoch [4/7], Step [950/2401], Loss: 0.9569
Epoch [4/7], Step [960/2401], Loss: 1.5220
Epoch [4/7], Step [970/2401], Loss: 1.6692
Epoch [4/7], Step [980/2401], Loss: 1.1007
Epoch [4/7], Step [990/2401], Loss: 1.3232
Epoch [4/7], Step [1000/2401], Loss: 1.6668
Epoch [4/7], Step [1010/2401], Loss: 1.0360
Epoch [4/7], Step [1020/2401], Loss: 1.2892
Epoch [4/7], Step [1030/2401], Loss: 0.8264
Epoch [4/7], Step [1040/2401], Loss: 1.1766
Epoch [4/7], Step [1050/2401], Loss: 1.2253
Epoch [4/7], Step [1060/2401], Loss: 1.3719
Epoch [4/7], Step [1070/2401], Loss: 0.8016
Epoch [4/7], Step [1080/2401], Loss: 1.3414
Epoch [4/7], Step [1090/2401], Loss: 1.2001
Epoch [4/7], Step [1100/2401], Loss: 1.3651
Epoch [4/7], Step [1110/2401], Loss: 1.5355
Epoch [4/7], Step [1120/2401], Loss: 1.3197
Epoch [4/7], Step [1130/2401], Loss: 1.6077
Epoch [4/7], Step [1140/2401], Loss: 1.0098
Epoch [4/7], Step [1150/2401], Loss: 1.3742
Epoch [4/7], Step [1160/2401], Loss: 1.6141
Epoch [4/7], Step [1170/2401], Loss: 0.9398
Epoch [4/7], Step [1180/2401], Loss: 1.3971
Epoch [4/7], Step [1190/2401], Loss: 1.0740
Epoch [4/7], Step [1200/2401], Loss: 1.2288
Epoch [4/7], Step [1210/2401], Loss: 1.2472
Epoch [4/7], Step [1220/2401], Loss: 1.4892
Epoch [4/7], Step [1230/2401], Loss: 1.2484
Epoch [4/7], Step [1240/2401], Loss: 1.2398
Epoch [4/7], Step [1250/2401], Loss: 1.3106
Epoch [4/7], Step [1260/2401], Loss: 1.9267
Epoch [4/7], Step [1270/2401], Loss: 0.7177
Epoch [4/7], Step [1280/2401], Loss: 0.8656
Epoch [4/7], Step [1290/2401], Loss: 1.0468
Epoch [4/7], Step [1300/2401], Loss: 1.6926
Epoch [4/7], Step [1310/2401], Loss: 1.1461
Epoch [4/7], Step [1320/2401], Loss: 1.2762
Epoch [4/7], Step [1330/2401], Loss: 1.6970
Epoch [4/7], Step [1340/2401], Loss: 0.8649
Epoch [4/7], Step [1350/2401], Loss: 1.5341
Epoch [4/7], Step [1360/2401], Loss: 1.0439
Epoch [4/7], Step [1370/2401], Loss: 0.8235
Epoch [4/7], Step [1380/2401], Loss: 1.1888
Epoch [4/7], Step [1390/2401], Loss: 1.0015
Epoch [4/7], Step [1400/2401], Loss: 1.4949
Epoch [4/7], Step [1410/2401], Loss: 1.3539
Epoch [4/7], Step [1420/2401], Loss: 1.6123
Epoch [4/7], Step [1430/2401], Loss: 1.0374
Epoch [4/7], Step [1440/2401], Loss: 0.7313
Epoch [4/7], Step [1450/2401], Loss: 1.2103
Epoch [4/7], Step [1460/2401], Loss: 1.0615
Epoch [4/7], Step [1470/2401], Loss: 1.0847
Epoch [4/7], Step [1480/2401], Loss: 1.6878
Epoch [4/7], Step [1490/2401], Loss: 1.3876
Epoch [4/7], Step [1500/2401], Loss: 1.6179
Epoch [4/7], Step [1510/2401], Loss: 0.8244
Epoch [4/7], Step [1520/2401], Loss: 1.2334
Epoch [4/7], Step [1530/2401], Loss: 1.2899
Epoch [4/7], Step [1540/2401], Loss: 1.6057
Epoch [4/7], Step [1550/2401], Loss: 0.9300
Epoch [4/7], Step [1560/2401], Loss: 1.6282
Epoch [4/7], Step [1570/2401], Loss: 0.7972
Epoch [4/7], Step [1580/2401], Loss: 1.3036
Epoch [4/7], Step [1590/2401], Loss: 1.4252
Epoch [4/7], Step [1600/2401], Loss: 1.4808
Epoch [4/7], Step [1610/2401], Loss: 1.0917
Epoch [4/7], Step [1620/2401], Loss: 1.1917
Epoch [4/7], Step [1630/2401], Loss: 1.2363
Epoch [4/7], Step [1640/2401], Loss: 1.5343
Epoch [4/7], Step [1650/2401], Loss: 0.7416
Epoch [4/7], Step [1660/2401], Loss: 1.2056
Epoch [4/7], Step [1670/2401], Loss: 1.5394
Epoch [4/7], Step [1680/2401], Loss: 1.2779
Epoch [4/7], Step [1690/2401], Loss: 1.0980
Epoch [4/7], Step [1700/2401], Loss: 1.5388
Epoch [4/7], Step [1710/2401], Loss: 1.1060
Epoch [4/7], Step [1720/2401], Loss: 1.4661
Epoch [4/7], Step [1730/2401], Loss: 0.9045
Epoch [4/7], Step [1740/2401], Loss: 1.1471
Epoch [4/7], Step [1750/2401], Loss: 1.3368
Epoch [4/7], Step [1760/2401], Loss: 1.0420
Epoch [4/7], Step [1770/2401], Loss: 1.6872
Epoch [4/7], Step [1780/2401], Loss: 1.4735
Epoch [4/7], Step [1790/2401], Loss: 1.0746
Epoch [4/7], Step [1800/2401], Loss: 1.1078
Epoch [4/7], Step [1810/2401], Loss: 1.7108
Epoch [4/7], Step [1820/2401], Loss: 1.2129
Epoch [4/7], Step [1830/2401], Loss: 0.9224
Epoch [4/7], Step [1840/2401], Loss: 1.3510
Epoch [4/7], Step [1850/2401], Loss: 1.1787
Epoch [4/7], Step [1860/2401], Loss: 1.0220
Epoch [4/7], Step [1870/2401], Loss: 1.2531
Epoch [4/7], Step [1880/2401], Loss: 1.0413
Epoch [4/7], Step [1890/2401], Loss: 0.8195
Epoch [4/7], Step [1900/2401], Loss: 1.0764
Epoch [4/7], Step [1910/2401], Loss: 1.3548
Epoch [4/7], Step [1920/2401], Loss: 1.6630
Epoch [4/7], Step [1930/2401], Loss: 1.2028
Epoch [4/7], Step [1940/2401], Loss: 1.2775
Epoch [4/7], Step [1950/2401], Loss: 0.9958
Epoch [4/7], Step [1960/2401], Loss: 1.2571
Epoch [4/7], Step [1970/2401], Loss: 1.2854
Epoch [4/7], Step [1980/2401], Loss: 0.7797
Epoch [4/7], Step [1990/2401], Loss: 1.8690
Epoch [4/7], Step [2000/2401], Loss: 1.0760
Epoch [4/7], Step [2010/2401], Loss: 1.0542
Epoch [4/7], Step [2020/2401], Loss: 0.8052
Epoch [4/7], Step [2030/2401], Loss: 0.9124
Epoch [4/7], Step [2040/2401], Loss: 1.2432
Epoch [4/7], Step [2050/2401], Loss: 1.1345
Epoch [4/7], Step [2060/2401], Loss: 1.0051
Epoch [4/7], Step [2070/2401], Loss: 1.4245
Epoch [4/7], Step [2080/2401], Loss: 1.0914
Epoch [4/7], Step [2090/2401], Loss: 0.8265
Epoch [4/7], Step [2100/2401], Loss: 1.0038
Epoch [4/7], Step [2110/2401], Loss: 1.2408
Epoch [4/7], Step [2120/2401], Loss: 0.9498
Epoch [4/7], Step [2130/2401], Loss: 1.3167
Epoch [4/7], Step [2140/2401], Loss: 0.8097
Epoch [4/7], Step [2150/2401], Loss: 1.0960
Epoch [4/7], Step [2160/2401], Loss: 1.7049
Epoch [4/7], Step [2170/2401], Loss: 1.1078
Epoch [4/7], Step [2180/2401], Loss: 0.8426
Epoch [4/7], Step [2190/2401], Loss: 1.0841
Epoch [4/7], Step [2200/2401], Loss: 1.6050
Epoch [4/7], Step [2210/2401], Loss: 1.3598
Epoch [4/7], Step [2220/2401], Loss: 1.0149
Epoch [4/7], Step [2230/2401], Loss: 1.7609
Epoch [4/7], Step [2240/2401], Loss: 1.2538
Epoch [4/7], Step [2250/2401], Loss: 1.8217
Epoch [4/7], Step [2260/2401], Loss: 1.0050
Epoch [4/7], Step [2270/2401], Loss: 0.8217
Epoch [4/7], Step [2280/2401], Loss: 0.6210
Epoch [4/7], Step [2290/2401], Loss: 1.4578
Epoch [4/7], Step [2300/2401], Loss: 1.2311
Epoch [4/7], Step [2310/2401], Loss: 1.5184
Epoch [4/7], Step [2320/2401], Loss: 1.5097
Epoch [4/7], Step [2330/2401], Loss: 0.7909
Epoch [4/7], Step [2340/2401], Loss: 1.0865
Epoch [4/7], Step [2350/2401], Loss: 1.2603
Epoch [4/7], Step [2360/2401], Loss: 1.0120
Epoch [4/7], Step [2370/2401], Loss: 1.3258
Epoch [4/7], Step [2380/2401], Loss: 0.7599
Epoch [4/7], Step [2390/2401], Loss: 1.9108
Epoch [4/7], Step [2400/2401], Loss: 1.5519
Total time for epoch 4/7 = 1369.883221 seconds
The average of the epoch train time so far is 1382.920676
The stdev of the epoch train time so far is 24.45173096286135
Start validation
Validation accuracy is 26.42433079887512%
Start training
Epoch [5/7], Step [10/2401], Loss: 1.7234
Epoch [5/7], Step [20/2401], Loss: 1.3688
Epoch [5/7], Step [30/2401], Loss: 1.5783
Epoch [5/7], Step [40/2401], Loss: 1.0280
Epoch [5/7], Step [50/2401], Loss: 0.8671
Epoch [5/7], Step [60/2401], Loss: 0.8934
Epoch [5/7], Step [70/2401], Loss: 1.0746
Epoch [5/7], Step [80/2401], Loss: 1.2559
Epoch [5/7], Step [90/2401], Loss: 1.1671
Epoch [5/7], Step [100/2401], Loss: 1.0232
Epoch [5/7], Step [110/2401], Loss: 1.3034
Epoch [5/7], Step [120/2401], Loss: 1.3473
Epoch [5/7], Step [130/2401], Loss: 1.1043
Epoch [5/7], Step [140/2401], Loss: 0.6834
Epoch [5/7], Step [150/2401], Loss: 0.8023
Epoch [5/7], Step [160/2401], Loss: 0.8651
Epoch [5/7], Step [170/2401], Loss: 1.0886
Epoch [5/7], Step [180/2401], Loss: 0.8972
Epoch [5/7], Step [190/2401], Loss: 1.0411
Epoch [5/7], Step [200/2401], Loss: 1.4401
Epoch [5/7], Step [210/2401], Loss: 1.5742
Epoch [5/7], Step [220/2401], Loss: 0.9876
Epoch [5/7], Step [230/2401], Loss: 0.7664
Epoch [5/7], Step [240/2401], Loss: 1.1621
Epoch [5/7], Step [250/2401], Loss: 1.1630
Epoch [5/7], Step [260/2401], Loss: 0.9758
Epoch [5/7], Step [270/2401], Loss: 1.4365
Epoch [5/7], Step [280/2401], Loss: 0.7111
Epoch [5/7], Step [290/2401], Loss: 1.1488
Epoch [5/7], Step [300/2401], Loss: 1.1564
Epoch [5/7], Step [310/2401], Loss: 1.3525
Epoch [5/7], Step [320/2401], Loss: 0.9308
Epoch [5/7], Step [330/2401], Loss: 0.7547
Epoch [5/7], Step [340/2401], Loss: 1.7564
Epoch [5/7], Step [350/2401], Loss: 0.6708
Epoch [5/7], Step [360/2401], Loss: 1.1935
Epoch [5/7], Step [370/2401], Loss: 1.9682
Epoch [5/7], Step [380/2401], Loss: 0.6412
Epoch [5/7], Step [390/2401], Loss: 1.2362
Epoch [5/7], Step [400/2401], Loss: 0.7276
Epoch [5/7], Step [410/2401], Loss: 1.0256
Epoch [5/7], Step [420/2401], Loss: 1.3377
Epoch [5/7], Step [430/2401], Loss: 1.4003
Epoch [5/7], Step [440/2401], Loss: 0.7082
Epoch [5/7], Step [450/2401], Loss: 1.4140
Epoch [5/7], Step [460/2401], Loss: 0.9825
Epoch [5/7], Step [470/2401], Loss: 1.2572
Epoch [5/7], Step [480/2401], Loss: 1.2715
Epoch [5/7], Step [490/2401], Loss: 1.4311
Epoch [5/7], Step [500/2401], Loss: 2.0841
Epoch [5/7], Step [510/2401], Loss: 1.3082
Epoch [5/7], Step [520/2401], Loss: 0.7528
Epoch [5/7], Step [530/2401], Loss: 1.2328
Epoch [5/7], Step [540/2401], Loss: 1.4042
Epoch [5/7], Step [550/2401], Loss: 0.9121
Epoch [5/7], Step [560/2401], Loss: 1.5134
Epoch [5/7], Step [570/2401], Loss: 1.2381
Epoch [5/7], Step [580/2401], Loss: 0.5396
Epoch [5/7], Step [590/2401], Loss: 1.0010
Epoch [5/7], Step [600/2401], Loss: 1.1911
Epoch [5/7], Step [610/2401], Loss: 1.3052
Epoch [5/7], Step [620/2401], Loss: 1.2987
Epoch [5/7], Step [630/2401], Loss: 1.2047
Epoch [5/7], Step [640/2401], Loss: 0.6227
Epoch [5/7], Step [650/2401], Loss: 1.2844
Epoch [5/7], Step [660/2401], Loss: 1.6041
Epoch [5/7], Step [670/2401], Loss: 0.9228
Epoch [5/7], Step [680/2401], Loss: 1.2668
Epoch [5/7], Step [690/2401], Loss: 1.4918
Epoch [5/7], Step [700/2401], Loss: 1.1633
Epoch [5/7], Step [710/2401], Loss: 1.1324
Epoch [5/7], Step [720/2401], Loss: 1.5775
Epoch [5/7], Step [730/2401], Loss: 0.8357
Epoch [5/7], Step [740/2401], Loss: 0.9412
Epoch [5/7], Step [750/2401], Loss: 1.0793
Epoch [5/7], Step [760/2401], Loss: 1.0455
Epoch [5/7], Step [770/2401], Loss: 1.3942
Epoch [5/7], Step [780/2401], Loss: 1.3808
Epoch [5/7], Step [790/2401], Loss: 0.8264
Epoch [5/7], Step [800/2401], Loss: 1.5581
Epoch [5/7], Step [810/2401], Loss: 1.6875
Epoch [5/7], Step [820/2401], Loss: 1.1230
Epoch [5/7], Step [830/2401], Loss: 1.0767
Epoch [5/7], Step [840/2401], Loss: 1.1078
Epoch [5/7], Step [850/2401], Loss: 1.6035
Epoch [5/7], Step [860/2401], Loss: 1.0306
Epoch [5/7], Step [870/2401], Loss: 1.7066
Epoch [5/7], Step [880/2401], Loss: 0.8604
Epoch [5/7], Step [890/2401], Loss: 0.9182
Epoch [5/7], Step [900/2401], Loss: 0.9660
Epoch [5/7], Step [910/2401], Loss: 1.5124
Epoch [5/7], Step [920/2401], Loss: 1.1725
Epoch [5/7], Step [930/2401], Loss: 1.4458
Epoch [5/7], Step [940/2401], Loss: 1.3900
Epoch [5/7], Step [950/2401], Loss: 0.8828
Epoch [5/7], Step [960/2401], Loss: 1.3168
Epoch [5/7], Step [970/2401], Loss: 1.4448
Epoch [5/7], Step [980/2401], Loss: 1.2377
Epoch [5/7], Step [990/2401], Loss: 1.2222
Epoch [5/7], Step [1000/2401], Loss: 1.5264
Epoch [5/7], Step [1010/2401], Loss: 0.9212
Epoch [5/7], Step [1020/2401], Loss: 1.2304
Epoch [5/7], Step [1030/2401], Loss: 0.8353
Epoch [5/7], Step [1040/2401], Loss: 1.1156
Epoch [5/7], Step [1050/2401], Loss: 1.1492
Epoch [5/7], Step [1060/2401], Loss: 1.1706
Epoch [5/7], Step [1070/2401], Loss: 0.7049
Epoch [5/7], Step [1080/2401], Loss: 1.2567
Epoch [5/7], Step [1090/2401], Loss: 1.2306
Epoch [5/7], Step [1100/2401], Loss: 1.4382
Epoch [5/7], Step [1110/2401], Loss: 1.4344
Epoch [5/7], Step [1120/2401], Loss: 1.1759
Epoch [5/7], Step [1130/2401], Loss: 1.6100
Epoch [5/7], Step [1140/2401], Loss: 0.9987
Epoch [5/7], Step [1150/2401], Loss: 1.3583
Epoch [5/7], Step [1160/2401], Loss: 1.5632
Epoch [5/7], Step [1170/2401], Loss: 0.8757
Epoch [5/7], Step [1180/2401], Loss: 1.2032
Epoch [5/7], Step [1190/2401], Loss: 0.9666
Epoch [5/7], Step [1200/2401], Loss: 1.2231
Epoch [5/7], Step [1210/2401], Loss: 1.2330
Epoch [5/7], Step [1220/2401], Loss: 1.3138
Epoch [5/7], Step [1230/2401], Loss: 1.1864
Epoch [5/7], Step [1240/2401], Loss: 1.0326
Epoch [5/7], Step [1250/2401], Loss: 1.1823
Epoch [5/7], Step [1260/2401], Loss: 1.7710
Epoch [5/7], Step [1270/2401], Loss: 0.5794
Epoch [5/7], Step [1280/2401], Loss: 0.8611
Epoch [5/7], Step [1290/2401], Loss: 0.9841
Epoch [5/7], Step [1300/2401], Loss: 1.4244
Epoch [5/7], Step [1310/2401], Loss: 0.9890
Epoch [5/7], Step [1320/2401], Loss: 1.2959
Epoch [5/7], Step [1330/2401], Loss: 1.5900
Epoch [5/7], Step [1340/2401], Loss: 0.8711
Epoch [5/7], Step [1350/2401], Loss: 1.4686
Epoch [5/7], Step [1360/2401], Loss: 0.9361
Epoch [5/7], Step [1370/2401], Loss: 0.7700
Epoch [5/7], Step [1380/2401], Loss: 0.9931
Epoch [5/7], Step [1390/2401], Loss: 0.9328
Epoch [5/7], Step [1400/2401], Loss: 1.2635
Epoch [5/7], Step [1410/2401], Loss: 1.2916
Epoch [5/7], Step [1420/2401], Loss: 1.6793
Epoch [5/7], Step [1430/2401], Loss: 0.8938
Epoch [5/7], Step [1440/2401], Loss: 0.6085
Epoch [5/7], Step [1450/2401], Loss: 1.2106
Epoch [5/7], Step [1460/2401], Loss: 0.9211
Epoch [5/7], Step [1470/2401], Loss: 1.0362
Epoch [5/7], Step [1480/2401], Loss: 1.5315
Epoch [5/7], Step [1490/2401], Loss: 1.3038
Epoch [5/7], Step [1500/2401], Loss: 1.4440
Epoch [5/7], Step [1510/2401], Loss: 0.8660
Epoch [5/7], Step [1520/2401], Loss: 1.1931
Epoch [5/7], Step [1530/2401], Loss: 1.1980
Epoch [5/7], Step [1540/2401], Loss: 1.7230
Epoch [5/7], Step [1550/2401], Loss: 0.8256
Epoch [5/7], Step [1560/2401], Loss: 1.4537
Epoch [5/7], Step [1570/2401], Loss: 0.7136
Epoch [5/7], Step [1580/2401], Loss: 1.1965
Epoch [5/7], Step [1590/2401], Loss: 1.4956
Epoch [5/7], Step [1600/2401], Loss: 1.3974
Epoch [5/7], Step [1610/2401], Loss: 0.9833
Epoch [5/7], Step [1620/2401], Loss: 1.0699
Epoch [5/7], Step [1630/2401], Loss: 1.1592
Epoch [5/7], Step [1640/2401], Loss: 1.4306
Epoch [5/7], Step [1650/2401], Loss: 0.6677
Epoch [5/7], Step [1660/2401], Loss: 1.2667
Epoch [5/7], Step [1670/2401], Loss: 1.5400
Epoch [5/7], Step [1680/2401], Loss: 1.0208
Epoch [5/7], Step [1690/2401], Loss: 0.8897
Epoch [5/7], Step [1700/2401], Loss: 1.3981
Epoch [5/7], Step [1710/2401], Loss: 1.1074
Epoch [5/7], Step [1720/2401], Loss: 1.3638
Epoch [5/7], Step [1730/2401], Loss: 0.8546
Epoch [5/7], Step [1740/2401], Loss: 0.9871
Epoch [5/7], Step [1750/2401], Loss: 1.1919
Epoch [5/7], Step [1760/2401], Loss: 0.9924
Epoch [5/7], Step [1770/2401], Loss: 1.6989
Epoch [5/7], Step [1780/2401], Loss: 1.4118
Epoch [5/7], Step [1790/2401], Loss: 0.9368
Epoch [5/7], Step [1800/2401], Loss: 1.0258
Epoch [5/7], Step [1810/2401], Loss: 1.5111
Epoch [5/7], Step [1820/2401], Loss: 1.1287
Epoch [5/7], Step [1830/2401], Loss: 0.8377
Epoch [5/7], Step [1840/2401], Loss: 1.3077
Epoch [5/7], Step [1850/2401], Loss: 1.1123
Epoch [5/7], Step [1860/2401], Loss: 1.0382
Epoch [5/7], Step [1870/2401], Loss: 1.2743
Epoch [5/7], Step [1880/2401], Loss: 0.9236
Epoch [5/7], Step [1890/2401], Loss: 0.7755
Epoch [5/7], Step [1900/2401], Loss: 1.2029
Epoch [5/7], Step [1910/2401], Loss: 1.1495
Epoch [5/7], Step [1920/2401], Loss: 1.4001
Epoch [5/7], Step [1930/2401], Loss: 1.0507
Epoch [5/7], Step [1940/2401], Loss: 1.2718
Epoch [5/7], Step [1950/2401], Loss: 0.9014
Epoch [5/7], Step [1960/2401], Loss: 1.1645
Epoch [5/7], Step [1970/2401], Loss: 1.3068
Epoch [5/7], Step [1980/2401], Loss: 0.7048
Epoch [5/7], Step [1990/2401], Loss: 1.7891
Epoch [5/7], Step [2000/2401], Loss: 1.1643
Epoch [5/7], Step [2010/2401], Loss: 1.0196
Epoch [5/7], Step [2020/2401], Loss: 0.5603
Epoch [5/7], Step [2030/2401], Loss: 0.8302
Epoch [5/7], Step [2040/2401], Loss: 1.2309
Epoch [5/7], Step [2050/2401], Loss: 1.1442
Epoch [5/7], Step [2060/2401], Loss: 0.9418
Epoch [5/7], Step [2070/2401], Loss: 1.3855
Epoch [5/7], Step [2080/2401], Loss: 0.9802
Epoch [5/7], Step [2090/2401], Loss: 0.6638
Epoch [5/7], Step [2100/2401], Loss: 1.1028
Epoch [5/7], Step [2110/2401], Loss: 1.1062
Epoch [5/7], Step [2120/2401], Loss: 0.8609
Epoch [5/7], Step [2130/2401], Loss: 1.0505
Epoch [5/7], Step [2140/2401], Loss: 0.7304
Epoch [5/7], Step [2150/2401], Loss: 1.1658
Epoch [5/7], Step [2160/2401], Loss: 1.5707
Epoch [5/7], Step [2170/2401], Loss: 0.9298
Epoch [5/7], Step [2180/2401], Loss: 0.8484
Epoch [5/7], Step [2190/2401], Loss: 1.0579
Epoch [5/7], Step [2200/2401], Loss: 1.3642
Epoch [5/7], Step [2210/2401], Loss: 1.0870
Epoch [5/7], Step [2220/2401], Loss: 0.8667
Epoch [5/7], Step [2230/2401], Loss: 1.5219
Epoch [5/7], Step [2240/2401], Loss: 1.1093
Epoch [5/7], Step [2250/2401], Loss: 1.7111
Epoch [5/7], Step [2260/2401], Loss: 0.9201
Epoch [5/7], Step [2270/2401], Loss: 0.6347
Epoch [5/7], Step [2280/2401], Loss: 0.4731
Epoch [5/7], Step [2290/2401], Loss: 1.3006
Epoch [5/7], Step [2300/2401], Loss: 1.0774
Epoch [5/7], Step [2310/2401], Loss: 1.1821
Epoch [5/7], Step [2320/2401], Loss: 1.5436
Epoch [5/7], Step [2330/2401], Loss: 0.7361
Epoch [5/7], Step [2340/2401], Loss: 0.8296
Epoch [5/7], Step [2350/2401], Loss: 1.2414
Epoch [5/7], Step [2360/2401], Loss: 0.8907
Epoch [5/7], Step [2370/2401], Loss: 1.2339
Epoch [5/7], Step [2380/2401], Loss: 0.7376
Epoch [5/7], Step [2390/2401], Loss: 1.6564
Epoch [5/7], Step [2400/2401], Loss: 1.5409
Total time for epoch 5/7 = 1373.365507 seconds
The average of the epoch train time so far is 1380.53188375
The stdev of the epoch train time so far is 21.576244936297293
Start validation
Validation accuracy is 27.997083637121133%
Start training
Epoch [6/7], Step [10/2401], Loss: 1.5263
Epoch [6/7], Step [20/2401], Loss: 1.4238
Epoch [6/7], Step [30/2401], Loss: 1.5967
Epoch [6/7], Step [40/2401], Loss: 0.9527
Epoch [6/7], Step [50/2401], Loss: 0.7456
Epoch [6/7], Step [60/2401], Loss: 0.7276
Epoch [6/7], Step [70/2401], Loss: 1.0542
Epoch [6/7], Step [80/2401], Loss: 1.2053
Epoch [6/7], Step [90/2401], Loss: 0.9552
Epoch [6/7], Step [100/2401], Loss: 0.8951
Epoch [6/7], Step [110/2401], Loss: 1.2183
Epoch [6/7], Step [120/2401], Loss: 1.2684
Epoch [6/7], Step [130/2401], Loss: 1.1425
Epoch [6/7], Step [140/2401], Loss: 0.5525
Epoch [6/7], Step [150/2401], Loss: 0.5964
Epoch [6/7], Step [160/2401], Loss: 0.8654
Epoch [6/7], Step [170/2401], Loss: 0.9814
Epoch [6/7], Step [180/2401], Loss: 0.8656
Epoch [6/7], Step [190/2401], Loss: 0.9392
Epoch [6/7], Step [200/2401], Loss: 1.3617
Epoch [6/7], Step [210/2401], Loss: 1.3086
Epoch [6/7], Step [220/2401], Loss: 0.7777
Epoch [6/7], Step [230/2401], Loss: 0.7926
Epoch [6/7], Step [240/2401], Loss: 1.0639
Epoch [6/7], Step [250/2401], Loss: 1.0486
Epoch [6/7], Step [260/2401], Loss: 0.8546
Epoch [6/7], Step [270/2401], Loss: 1.3301
Epoch [6/7], Step [280/2401], Loss: 0.6708
Epoch [6/7], Step [290/2401], Loss: 1.1264
Epoch [6/7], Step [300/2401], Loss: 1.0101
Epoch [6/7], Step [310/2401], Loss: 1.1423
Epoch [6/7], Step [320/2401], Loss: 0.8005
Epoch [6/7], Step [330/2401], Loss: 0.6964
Epoch [6/7], Step [340/2401], Loss: 1.5560
Epoch [6/7], Step [350/2401], Loss: 0.5786
Epoch [6/7], Step [360/2401], Loss: 0.9863
Epoch [6/7], Step [370/2401], Loss: 1.9927
Epoch [6/7], Step [380/2401], Loss: 0.5031
Epoch [6/7], Step [390/2401], Loss: 1.0014
Epoch [6/7], Step [400/2401], Loss: 0.6844
Epoch [6/7], Step [410/2401], Loss: 1.0560
Epoch [6/7], Step [420/2401], Loss: 1.1231
Epoch [6/7], Step [430/2401], Loss: 1.1285
Epoch [6/7], Step [440/2401], Loss: 0.7798
Epoch [6/7], Step [450/2401], Loss: 1.3194
Epoch [6/7], Step [460/2401], Loss: 1.1280
Epoch [6/7], Step [470/2401], Loss: 1.2049
Epoch [6/7], Step [480/2401], Loss: 1.2764
Epoch [6/7], Step [490/2401], Loss: 1.4465
Epoch [6/7], Step [500/2401], Loss: 2.0346
Epoch [6/7], Step [510/2401], Loss: 1.1641
Epoch [6/7], Step [520/2401], Loss: 0.6335
Epoch [6/7], Step [530/2401], Loss: 1.2699
Epoch [6/7], Step [540/2401], Loss: 1.3579
Epoch [6/7], Step [550/2401], Loss: 0.9296
Epoch [6/7], Step [560/2401], Loss: 1.3692
Epoch [6/7], Step [570/2401], Loss: 1.2262
Epoch [6/7], Step [580/2401], Loss: 0.5408
Epoch [6/7], Step [590/2401], Loss: 0.9793
Epoch [6/7], Step [600/2401], Loss: 1.0999
Epoch [6/7], Step [610/2401], Loss: 1.1463
Epoch [6/7], Step [620/2401], Loss: 1.1972
Epoch [6/7], Step [630/2401], Loss: 1.0749
Epoch [6/7], Step [640/2401], Loss: 0.4920
Epoch [6/7], Step [650/2401], Loss: 1.2658
Epoch [6/7], Step [660/2401], Loss: 1.5715
Epoch [6/7], Step [670/2401], Loss: 0.6945
Epoch [6/7], Step [680/2401], Loss: 1.2256
Epoch [6/7], Step [690/2401], Loss: 1.3631
Epoch [6/7], Step [700/2401], Loss: 1.0185
Epoch [6/7], Step [710/2401], Loss: 1.0006
Epoch [6/7], Step [720/2401], Loss: 1.4975
Epoch [6/7], Step [730/2401], Loss: 0.8457
Epoch [6/7], Step [740/2401], Loss: 0.7975
Epoch [6/7], Step [750/2401], Loss: 0.9562
Epoch [6/7], Step [760/2401], Loss: 0.9589
Epoch [6/7], Step [770/2401], Loss: 1.3026
Epoch [6/7], Step [780/2401], Loss: 1.5178
Epoch [6/7], Step [790/2401], Loss: 0.6446
Epoch [6/7], Step [800/2401], Loss: 1.6576
Epoch [6/7], Step [810/2401], Loss: 1.3031
Epoch [6/7], Step [820/2401], Loss: 1.0752
Epoch [6/7], Step [830/2401], Loss: 1.1267
Epoch [6/7], Step [840/2401], Loss: 0.9927
Epoch [6/7], Step [850/2401], Loss: 1.4901
Epoch [6/7], Step [860/2401], Loss: 0.9674
Epoch [6/7], Step [870/2401], Loss: 1.6262
Epoch [6/7], Step [880/2401], Loss: 0.8458
Epoch [6/7], Step [890/2401], Loss: 0.8612
Epoch [6/7], Step [900/2401], Loss: 0.8969
Epoch [6/7], Step [910/2401], Loss: 1.3777
Epoch [6/7], Step [920/2401], Loss: 1.0819
Epoch [6/7], Step [930/2401], Loss: 1.2090
Epoch [6/7], Step [940/2401], Loss: 1.3703
Epoch [6/7], Step [950/2401], Loss: 0.7576
Epoch [6/7], Step [960/2401], Loss: 1.2566
Epoch [6/7], Step [970/2401], Loss: 1.2996
Epoch [6/7], Step [980/2401], Loss: 1.2089
Epoch [6/7], Step [990/2401], Loss: 1.1344
Epoch [6/7], Step [1000/2401], Loss: 1.4745
Epoch [6/7], Step [1010/2401], Loss: 0.9489
Epoch [6/7], Step [1020/2401], Loss: 1.0562
Epoch [6/7], Step [1030/2401], Loss: 0.7047
Epoch [6/7], Step [1040/2401], Loss: 0.9454
Epoch [6/7], Step [1050/2401], Loss: 1.0429
Epoch [6/7], Step [1060/2401], Loss: 1.1719
Epoch [6/7], Step [1070/2401], Loss: 0.5949
Epoch [6/7], Step [1080/2401], Loss: 1.0849
Epoch [6/7], Step [1090/2401], Loss: 0.8498
Epoch [6/7], Step [1100/2401], Loss: 1.3101
Epoch [6/7], Step [1110/2401], Loss: 1.4567
Epoch [6/7], Step [1120/2401], Loss: 1.0903
Epoch [6/7], Step [1130/2401], Loss: 1.6113
Epoch [6/7], Step [1140/2401], Loss: 0.8961
Epoch [6/7], Step [1150/2401], Loss: 1.2732
Epoch [6/7], Step [1160/2401], Loss: 1.3790
Epoch [6/7], Step [1170/2401], Loss: 0.6651
Epoch [6/7], Step [1180/2401], Loss: 1.0883
Epoch [6/7], Step [1190/2401], Loss: 0.9796
Epoch [6/7], Step [1200/2401], Loss: 1.1545
Epoch [6/7], Step [1210/2401], Loss: 1.1690
Epoch [6/7], Step [1220/2401], Loss: 1.1003
Epoch [6/7], Step [1230/2401], Loss: 1.0473
Epoch [6/7], Step [1240/2401], Loss: 0.8892
Epoch [6/7], Step [1250/2401], Loss: 1.2280
Epoch [6/7], Step [1260/2401], Loss: 1.9259
Epoch [6/7], Step [1270/2401], Loss: 0.4683
Epoch [6/7], Step [1280/2401], Loss: 0.6951
Epoch [6/7], Step [1290/2401], Loss: 0.9353
Epoch [6/7], Step [1300/2401], Loss: 1.5181
Epoch [6/7], Step [1310/2401], Loss: 0.8332
Epoch [6/7], Step [1320/2401], Loss: 1.1943
Epoch [6/7], Step [1330/2401], Loss: 1.4325
Epoch [6/7], Step [1340/2401], Loss: 0.7727
Epoch [6/7], Step [1350/2401], Loss: 1.3031
Epoch [6/7], Step [1360/2401], Loss: 0.8850
Epoch [6/7], Step [1370/2401], Loss: 0.7616
Epoch [6/7], Step [1380/2401], Loss: 0.9777
Epoch [6/7], Step [1390/2401], Loss: 0.8782
Epoch [6/7], Step [1400/2401], Loss: 1.0082
Epoch [6/7], Step [1410/2401], Loss: 1.0700
Epoch [6/7], Step [1420/2401], Loss: 1.5867
Epoch [6/7], Step [1430/2401], Loss: 0.7276
Epoch [6/7], Step [1440/2401], Loss: 0.6004
Epoch [6/7], Step [1450/2401], Loss: 1.0588
Epoch [6/7], Step [1460/2401], Loss: 0.8218
Epoch [6/7], Step [1470/2401], Loss: 0.8930
Epoch [6/7], Step [1480/2401], Loss: 1.6063
Epoch [6/7], Step [1490/2401], Loss: 1.3229
Epoch [6/7], Step [1500/2401], Loss: 1.3208
Epoch [6/7], Step [1510/2401], Loss: 0.8666
Epoch [6/7], Step [1520/2401], Loss: 1.0827
Epoch [6/7], Step [1530/2401], Loss: 1.1807
Epoch [6/7], Step [1540/2401], Loss: 1.4969
Epoch [6/7], Step [1550/2401], Loss: 0.7521
Epoch [6/7], Step [1560/2401], Loss: 1.3923
Epoch [6/7], Step [1570/2401], Loss: 0.6324
Epoch [6/7], Step [1580/2401], Loss: 1.2935
Epoch [6/7], Step [1590/2401], Loss: 1.3322
Epoch [6/7], Step [1600/2401], Loss: 1.3177
Epoch [6/7], Step [1610/2401], Loss: 0.8954
Epoch [6/7], Step [1620/2401], Loss: 1.0726
Epoch [6/7], Step [1630/2401], Loss: 1.3073
Epoch [6/7], Step [1640/2401], Loss: 1.4126
Epoch [6/7], Step [1650/2401], Loss: 0.6707
Epoch [6/7], Step [1660/2401], Loss: 1.1496
Epoch [6/7], Step [1670/2401], Loss: 1.2865
Epoch [6/7], Step [1680/2401], Loss: 1.0230
Epoch [6/7], Step [1690/2401], Loss: 0.7374
Epoch [6/7], Step [1700/2401], Loss: 1.3892
Epoch [6/7], Step [1710/2401], Loss: 1.0518
Epoch [6/7], Step [1720/2401], Loss: 1.1500
Epoch [6/7], Step [1730/2401], Loss: 0.8007
Epoch [6/7], Step [1740/2401], Loss: 0.8888
Epoch [6/7], Step [1750/2401], Loss: 1.1334
Epoch [6/7], Step [1760/2401], Loss: 0.9748
Epoch [6/7], Step [1770/2401], Loss: 1.4448
Epoch [6/7], Step [1780/2401], Loss: 1.2120
Epoch [6/7], Step [1790/2401], Loss: 1.0094
Epoch [6/7], Step [1800/2401], Loss: 0.9460
Epoch [6/7], Step [1810/2401], Loss: 1.5311
Epoch [6/7], Step [1820/2401], Loss: 1.1148
Epoch [6/7], Step [1830/2401], Loss: 0.7458
Epoch [6/7], Step [1840/2401], Loss: 1.1974
Epoch [6/7], Step [1850/2401], Loss: 0.9406
Epoch [6/7], Step [1860/2401], Loss: 0.9945
Epoch [6/7], Step [1870/2401], Loss: 1.0943
Epoch [6/7], Step [1880/2401], Loss: 0.8871
Epoch [6/7], Step [1890/2401], Loss: 0.6045
Epoch [6/7], Step [1900/2401], Loss: 1.0157
Epoch [6/7], Step [1910/2401], Loss: 1.1827
Epoch [6/7], Step [1920/2401], Loss: 1.4517
Epoch [6/7], Step [1930/2401], Loss: 0.9108
Epoch [6/7], Step [1940/2401], Loss: 1.1520
Epoch [6/7], Step [1950/2401], Loss: 0.6912
Epoch [6/7], Step [1960/2401], Loss: 1.1183
Epoch [6/7], Step [1970/2401], Loss: 1.0653
Epoch [6/7], Step [1980/2401], Loss: 0.7357
Epoch [6/7], Step [1990/2401], Loss: 1.5966
Epoch [6/7], Step [2000/2401], Loss: 1.1905
Epoch [6/7], Step [2010/2401], Loss: 0.9804
Epoch [6/7], Step [2020/2401], Loss: 0.4063
Epoch [6/7], Step [2030/2401], Loss: 0.8216
Epoch [6/7], Step [2040/2401], Loss: 1.2303
Epoch [6/7], Step [2050/2401], Loss: 0.9333
Epoch [6/7], Step [2060/2401], Loss: 0.7107
Epoch [6/7], Step [2070/2401], Loss: 1.2340
Epoch [6/7], Step [2080/2401], Loss: 0.9035
Epoch [6/7], Step [2090/2401], Loss: 0.6300
Epoch [6/7], Step [2100/2401], Loss: 0.9371
Epoch [6/7], Step [2110/2401], Loss: 1.0658
Epoch [6/7], Step [2120/2401], Loss: 0.7526
Epoch [6/7], Step [2130/2401], Loss: 0.9683
Epoch [6/7], Step [2140/2401], Loss: 0.5826
Epoch [6/7], Step [2150/2401], Loss: 1.1673
Epoch [6/7], Step [2160/2401], Loss: 1.4273
Epoch [6/7], Step [2170/2401], Loss: 0.7535
Epoch [6/7], Step [2180/2401], Loss: 0.8262
Epoch [6/7], Step [2190/2401], Loss: 0.9900
Epoch [6/7], Step [2200/2401], Loss: 1.2204
Epoch [6/7], Step [2210/2401], Loss: 0.9576
Epoch [6/7], Step [2220/2401], Loss: 0.7309
Epoch [6/7], Step [2230/2401], Loss: 1.4378
Epoch [6/7], Step [2240/2401], Loss: 1.0953
Epoch [6/7], Step [2250/2401], Loss: 1.3951
Epoch [6/7], Step [2260/2401], Loss: 0.7229
Epoch [6/7], Step [2270/2401], Loss: 0.5699
Epoch [6/7], Step [2280/2401], Loss: 0.3450
Epoch [6/7], Step [2290/2401], Loss: 1.2035
Epoch [6/7], Step [2300/2401], Loss: 1.1313
Epoch [6/7], Step [2310/2401], Loss: 0.9049
Epoch [6/7], Step [2320/2401], Loss: 1.4214
Epoch [6/7], Step [2330/2401], Loss: 0.6839
Epoch [6/7], Step [2340/2401], Loss: 0.7521
Epoch [6/7], Step [2350/2401], Loss: 1.1059
Epoch [6/7], Step [2360/2401], Loss: 0.6968
Epoch [6/7], Step [2370/2401], Loss: 0.9916
Epoch [6/7], Step [2380/2401], Loss: 0.8032
Epoch [6/7], Step [2390/2401], Loss: 1.4976
Epoch [6/7], Step [2400/2401], Loss: 1.4473
Total time for epoch 6/7 = 1396.383753 seconds
The average of the epoch train time so far is 1383.7022576
The stdev of the epoch train time so far is 20.31335909779403
Start validation
Validation accuracy is 28.28871992500781%
Start training
Epoch [7/7], Step [10/2401], Loss: 1.5438
Epoch [7/7], Step [20/2401], Loss: 1.4300
Epoch [7/7], Step [30/2401], Loss: 1.5310
Epoch [7/7], Step [40/2401], Loss: 0.8900
Epoch [7/7], Step [50/2401], Loss: 0.7451
Epoch [7/7], Step [60/2401], Loss: 0.6462
Epoch [7/7], Step [70/2401], Loss: 0.9902
Epoch [7/7], Step [80/2401], Loss: 0.9930
Epoch [7/7], Step [90/2401], Loss: 0.9684
Epoch [7/7], Step [100/2401], Loss: 0.7375
Epoch [7/7], Step [110/2401], Loss: 1.1614
Epoch [7/7], Step [120/2401], Loss: 1.1152
Epoch [7/7], Step [130/2401], Loss: 1.0435
Epoch [7/7], Step [140/2401], Loss: 0.5900
Epoch [7/7], Step [150/2401], Loss: 0.5733
Epoch [7/7], Step [160/2401], Loss: 0.7307
Epoch [7/7], Step [170/2401], Loss: 0.7936
Epoch [7/7], Step [180/2401], Loss: 0.7018
Epoch [7/7], Step [190/2401], Loss: 0.8919
Epoch [7/7], Step [200/2401], Loss: 1.4119
Epoch [7/7], Step [210/2401], Loss: 1.1499
Epoch [7/7], Step [220/2401], Loss: 0.6612
Epoch [7/7], Step [230/2401], Loss: 0.7459
Epoch [7/7], Step [240/2401], Loss: 0.8372
Epoch [7/7], Step [250/2401], Loss: 1.0130
Epoch [7/7], Step [260/2401], Loss: 0.8718
Epoch [7/7], Step [270/2401], Loss: 1.3875
Epoch [7/7], Step [280/2401], Loss: 0.6595
Epoch [7/7], Step [290/2401], Loss: 1.2563
Epoch [7/7], Step [300/2401], Loss: 0.8928
Epoch [7/7], Step [310/2401], Loss: 1.1001
Epoch [7/7], Step [320/2401], Loss: 0.8065
Epoch [7/7], Step [330/2401], Loss: 0.5443
Epoch [7/7], Step [340/2401], Loss: 1.4064
Epoch [7/7], Step [350/2401], Loss: 0.4939
Epoch [7/7], Step [360/2401], Loss: 0.8636
Epoch [7/7], Step [370/2401], Loss: 1.9163
Epoch [7/7], Step [380/2401], Loss: 0.6666
Epoch [7/7], Step [390/2401], Loss: 0.8836
Epoch [7/7], Step [400/2401], Loss: 0.6989
Epoch [7/7], Step [410/2401], Loss: 1.0334
Epoch [7/7], Step [420/2401], Loss: 1.0170
Epoch [7/7], Step [430/2401], Loss: 1.1424
Epoch [7/7], Step [440/2401], Loss: 0.6862
Epoch [7/7], Step [450/2401], Loss: 1.1731
Epoch [7/7], Step [460/2401], Loss: 0.7096
Epoch [7/7], Step [470/2401], Loss: 0.9345
Epoch [7/7], Step [480/2401], Loss: 1.1741
Epoch [7/7], Step [490/2401], Loss: 1.3935
Epoch [7/7], Step [500/2401], Loss: 1.9451
Epoch [7/7], Step [510/2401], Loss: 1.1209
Epoch [7/7], Step [520/2401], Loss: 0.5902
Epoch [7/7], Step [530/2401], Loss: 0.9929
Epoch [7/7], Step [540/2401], Loss: 1.2551
Epoch [7/7], Step [550/2401], Loss: 0.7173
Epoch [7/7], Step [560/2401], Loss: 1.1739
Epoch [7/7], Step [570/2401], Loss: 1.0087
Epoch [7/7], Step [580/2401], Loss: 0.4919
Epoch [7/7], Step [590/2401], Loss: 0.8242
Epoch [7/7], Step [600/2401], Loss: 1.0470
Epoch [7/7], Step [610/2401], Loss: 1.0581
Epoch [7/7], Step [620/2401], Loss: 1.1904
Epoch [7/7], Step [630/2401], Loss: 0.8692
Epoch [7/7], Step [640/2401], Loss: 0.5422
Epoch [7/7], Step [650/2401], Loss: 1.0930
Epoch [7/7], Step [660/2401], Loss: 1.4300
Epoch [7/7], Step [670/2401], Loss: 0.5921
Epoch [7/7], Step [680/2401], Loss: 1.0946
Epoch [7/7], Step [690/2401], Loss: 1.2236
Epoch [7/7], Step [700/2401], Loss: 1.0224
Epoch [7/7], Step [710/2401], Loss: 1.1662
Epoch [7/7], Step [720/2401], Loss: 1.4111
Epoch [7/7], Step [730/2401], Loss: 0.7845
Epoch [7/7], Step [740/2401], Loss: 0.7439
Epoch [7/7], Step [750/2401], Loss: 0.9617
Epoch [7/7], Step [760/2401], Loss: 0.8916
Epoch [7/7], Step [770/2401], Loss: 1.0776
Epoch [7/7], Step [780/2401], Loss: 1.3841
Epoch [7/7], Step [790/2401], Loss: 0.6132
Epoch [7/7], Step [800/2401], Loss: 1.4714
Epoch [7/7], Step [810/2401], Loss: 1.0660
Epoch [7/7], Step [820/2401], Loss: 0.9650
Epoch [7/7], Step [830/2401], Loss: 0.9717
Epoch [7/7], Step [840/2401], Loss: 0.9708
Epoch [7/7], Step [850/2401], Loss: 1.2798
Epoch [7/7], Step [860/2401], Loss: 1.0528
Epoch [7/7], Step [870/2401], Loss: 1.5847
Epoch [7/7], Step [880/2401], Loss: 0.8926
Epoch [7/7], Step [890/2401], Loss: 0.7780
Epoch [7/7], Step [900/2401], Loss: 0.7705
Epoch [7/7], Step [910/2401], Loss: 1.2301
Epoch [7/7], Step [920/2401], Loss: 1.0265
Epoch [7/7], Step [930/2401], Loss: 1.0999
Epoch [7/7], Step [940/2401], Loss: 1.3082
Epoch [7/7], Step [950/2401], Loss: 0.6124
Epoch [7/7], Step [960/2401], Loss: 1.2107
Epoch [7/7], Step [970/2401], Loss: 1.2980
Epoch [7/7], Step [980/2401], Loss: 0.9578
Epoch [7/7], Step [990/2401], Loss: 1.1447
Epoch [7/7], Step [1000/2401], Loss: 1.2165
Epoch [7/7], Step [1010/2401], Loss: 0.7749
Epoch [7/7], Step [1020/2401], Loss: 0.7982
Epoch [7/7], Step [1030/2401], Loss: 0.6931
Epoch [7/7], Step [1040/2401], Loss: 0.7985
Epoch [7/7], Step [1050/2401], Loss: 1.0280
Epoch [7/7], Step [1060/2401], Loss: 0.9915
Epoch [7/7], Step [1070/2401], Loss: 0.6443
Epoch [7/7], Step [1080/2401], Loss: 0.8984
Epoch [7/7], Step [1090/2401], Loss: 0.6000
Epoch [7/7], Step [1100/2401], Loss: 1.2208
Epoch [7/7], Step [1110/2401], Loss: 1.2623
Epoch [7/7], Step [1120/2401], Loss: 1.0392
Epoch [7/7], Step [1130/2401], Loss: 1.4709
Epoch [7/7], Step [1140/2401], Loss: 0.7812
Epoch [7/7], Step [1150/2401], Loss: 1.2272
Epoch [7/7], Step [1160/2401], Loss: 1.3384
Epoch [7/7], Step [1170/2401], Loss: 0.5424
Epoch [7/7], Step [1180/2401], Loss: 1.0481
Epoch [7/7], Step [1190/2401], Loss: 0.7499
Epoch [7/7], Step [1200/2401], Loss: 1.1499
Epoch [7/7], Step [1210/2401], Loss: 1.3160
Epoch [7/7], Step [1220/2401], Loss: 1.1561
Epoch [7/7], Step [1230/2401], Loss: 0.7944
Epoch [7/7], Step [1240/2401], Loss: 0.8623
Epoch [7/7], Step [1250/2401], Loss: 1.1530
Epoch [7/7], Step [1260/2401], Loss: 1.7335
Epoch [7/7], Step [1270/2401], Loss: 0.5440
Epoch [7/7], Step [1280/2401], Loss: 0.5174
Epoch [7/7], Step [1290/2401], Loss: 0.6616
Epoch [7/7], Step [1300/2401], Loss: 1.2506
Epoch [7/7], Step [1310/2401], Loss: 0.8762
Epoch [7/7], Step [1320/2401], Loss: 1.0232
Epoch [7/7], Step [1330/2401], Loss: 1.3675
Epoch [7/7], Step [1340/2401], Loss: 0.7558
Epoch [7/7], Step [1350/2401], Loss: 1.1997
Epoch [7/7], Step [1360/2401], Loss: 0.8064
Epoch [7/7], Step [1370/2401], Loss: 0.6308
Epoch [7/7], Step [1380/2401], Loss: 0.7626
Epoch [7/7], Step [1390/2401], Loss: 0.6788
Epoch [7/7], Step [1400/2401], Loss: 0.9047
Epoch [7/7], Step [1410/2401], Loss: 0.9976
Epoch [7/7], Step [1420/2401], Loss: 1.5025
Epoch [7/7], Step [1430/2401], Loss: 0.7346
Epoch [7/7], Step [1440/2401], Loss: 0.5433
Epoch [7/7], Step [1450/2401], Loss: 1.0153
Epoch [7/7], Step [1460/2401], Loss: 0.8638
Epoch [7/7], Step [1470/2401], Loss: 0.8308
Epoch [7/7], Step [1480/2401], Loss: 1.4285
Epoch [7/7], Step [1490/2401], Loss: 1.3255
Epoch [7/7], Step [1500/2401], Loss: 1.2007
Epoch [7/7], Step [1510/2401], Loss: 0.8799
Epoch [7/7], Step [1520/2401], Loss: 0.9086
Epoch [7/7], Step [1530/2401], Loss: 1.0712
Epoch [7/7], Step [1540/2401], Loss: 1.2849
Epoch [7/7], Step [1550/2401], Loss: 0.7014
Epoch [7/7], Step [1560/2401], Loss: 1.2481
Epoch [7/7], Step [1570/2401], Loss: 0.5337
Epoch [7/7], Step [1580/2401], Loss: 1.0976
Epoch [7/7], Step [1590/2401], Loss: 1.2349
Epoch [7/7], Step [1600/2401], Loss: 1.2363
Epoch [7/7], Step [1610/2401], Loss: 0.7352
Epoch [7/7], Step [1620/2401], Loss: 0.8060
Epoch [7/7], Step [1630/2401], Loss: 1.0872
Epoch [7/7], Step [1640/2401], Loss: 1.2200
Epoch [7/7], Step [1650/2401], Loss: 0.5586
Epoch [7/7], Step [1660/2401], Loss: 0.9073
Epoch [7/7], Step [1670/2401], Loss: 1.3247
Epoch [7/7], Step [1680/2401], Loss: 0.9024
Epoch [7/7], Step [1690/2401], Loss: 0.6692
Epoch [7/7], Step [1700/2401], Loss: 1.4567
Epoch [7/7], Step [1710/2401], Loss: 1.1036
Epoch [7/7], Step [1720/2401], Loss: 1.1344
Epoch [7/7], Step [1730/2401], Loss: 0.8994
Epoch [7/7], Step [1740/2401], Loss: 0.8785
Epoch [7/7], Step [1750/2401], Loss: 1.1200
Epoch [7/7], Step [1760/2401], Loss: 0.8006
Epoch [7/7], Step [1770/2401], Loss: 1.3425
Epoch [7/7], Step [1780/2401], Loss: 1.3363
Epoch [7/7], Step [1790/2401], Loss: 0.9164
Epoch [7/7], Step [1800/2401], Loss: 0.8382
Epoch [7/7], Step [1810/2401], Loss: 1.5606
Epoch [7/7], Step [1820/2401], Loss: 1.0320
Epoch [7/7], Step [1830/2401], Loss: 0.5392
Epoch [7/7], Step [1840/2401], Loss: 0.9908
Epoch [7/7], Step [1850/2401], Loss: 0.8134
Epoch [7/7], Step [1860/2401], Loss: 0.7876
Epoch [7/7], Step [1870/2401], Loss: 0.8461
Epoch [7/7], Step [1880/2401], Loss: 0.6743
Epoch [7/7], Step [1890/2401], Loss: 0.6964
Epoch [7/7], Step [1900/2401], Loss: 0.9791
Epoch [7/7], Step [1910/2401], Loss: 0.9335
Epoch [7/7], Step [1920/2401], Loss: 1.2992
Epoch [7/7], Step [1930/2401], Loss: 0.9158
Epoch [7/7], Step [1940/2401], Loss: 1.1150
Epoch [7/7], Step [1950/2401], Loss: 0.5325
Epoch [7/7], Step [1960/2401], Loss: 1.0655
Epoch [7/7], Step [1970/2401], Loss: 1.1568
Epoch [7/7], Step [1980/2401], Loss: 0.5835
Epoch [7/7], Step [1990/2401], Loss: 1.4981
Epoch [7/7], Step [2000/2401], Loss: 1.0898
Epoch [7/7], Step [2010/2401], Loss: 1.0122
Epoch [7/7], Step [2020/2401], Loss: 0.3106
Epoch [7/7], Step [2030/2401], Loss: 0.7192
Epoch [7/7], Step [2040/2401], Loss: 1.1100
Epoch [7/7], Step [2050/2401], Loss: 0.9761
Epoch [7/7], Step [2060/2401], Loss: 0.8624
Epoch [7/7], Step [2070/2401], Loss: 1.0776
Epoch [7/7], Step [2080/2401], Loss: 0.8799
Epoch [7/7], Step [2090/2401], Loss: 0.6569
Epoch [7/7], Step [2100/2401], Loss: 0.8671
Epoch [7/7], Step [2110/2401], Loss: 0.9291
Epoch [7/7], Step [2120/2401], Loss: 0.6971
Epoch [7/7], Step [2130/2401], Loss: 0.8659
Epoch [7/7], Step [2140/2401], Loss: 0.4901
Epoch [7/7], Step [2150/2401], Loss: 0.8196
Epoch [7/7], Step [2160/2401], Loss: 1.2158
Epoch [7/7], Step [2170/2401], Loss: 0.5798
Epoch [7/7], Step [2180/2401], Loss: 0.6656
Epoch [7/7], Step [2190/2401], Loss: 0.8452
Epoch [7/7], Step [2200/2401], Loss: 1.0759
Epoch [7/7], Step [2210/2401], Loss: 0.7785
Epoch [7/7], Step [2220/2401], Loss: 0.5105
Epoch [7/7], Step [2230/2401], Loss: 1.4298
Epoch [7/7], Step [2240/2401], Loss: 1.0180
Epoch [7/7], Step [2250/2401], Loss: 1.4300
Epoch [7/7], Step [2260/2401], Loss: 0.6865
Epoch [7/7], Step [2270/2401], Loss: 0.5095
Epoch [7/7], Step [2280/2401], Loss: 0.3081
Epoch [7/7], Step [2290/2401], Loss: 1.0412
Epoch [7/7], Step [2300/2401], Loss: 0.9831
Epoch [7/7], Step [2310/2401], Loss: 0.7615
Epoch [7/7], Step [2320/2401], Loss: 1.3518
Epoch [7/7], Step [2330/2401], Loss: 0.6403
Epoch [7/7], Step [2340/2401], Loss: 0.8531
Epoch [7/7], Step [2350/2401], Loss: 1.2794
Epoch [7/7], Step [2360/2401], Loss: 0.5658
Epoch [7/7], Step [2370/2401], Loss: 1.0907
Epoch [7/7], Step [2380/2401], Loss: 0.8845
Epoch [7/7], Step [2390/2401], Loss: 1.6219
Epoch [7/7], Step [2400/2401], Loss: 1.2352
Total time for epoch 7/7 = 1499.550958 seconds
The average of the epoch train time so far is 1403.0103743333332
The stdev of the epoch train time so far is 46.988055118332056
Start validation
Validation accuracy is 28.174148526195186%
