The size of the training data set is 76814
The size of the training data set is 76814
Start training
Epoch [1/7], Step [10/601], Loss: 2.3202
Epoch [1/7], Step [20/601], Loss: 2.0615
Epoch [1/7], Step [30/601], Loss: 2.2352
Epoch [1/7], Step [40/601], Loss: 1.8599
Epoch [1/7], Step [50/601], Loss: 2.0078
Epoch [1/7], Step [60/601], Loss: 1.8561
Epoch [1/7], Step [70/601], Loss: 1.6649
Epoch [1/7], Step [80/601], Loss: 1.9110
Epoch [1/7], Step [90/601], Loss: 1.8986
Epoch [1/7], Step [100/601], Loss: 2.0014
Epoch [1/7], Step [110/601], Loss: 1.9129
Epoch [1/7], Step [120/601], Loss: 1.7887
Epoch [1/7], Step [130/601], Loss: 1.9051
Epoch [1/7], Step [140/601], Loss: 1.5597
Epoch [1/7], Step [150/601], Loss: 1.7377
Epoch [1/7], Step [160/601], Loss: 1.7259
Epoch [1/7], Step [170/601], Loss: 1.8434
Epoch [1/7], Step [180/601], Loss: 1.8439
Epoch [1/7], Step [190/601], Loss: 1.7915
Epoch [1/7], Step [200/601], Loss: 1.7365
Epoch [1/7], Step [210/601], Loss: 1.7973
Epoch [1/7], Step [220/601], Loss: 1.5132
Epoch [1/7], Step [230/601], Loss: 1.6208
Epoch [1/7], Step [240/601], Loss: 1.8392
Epoch [1/7], Step [250/601], Loss: 1.6709
Epoch [1/7], Step [260/601], Loss: 1.4718
Epoch [1/7], Step [270/601], Loss: 1.8388
Epoch [1/7], Step [280/601], Loss: 1.8563
Epoch [1/7], Step [290/601], Loss: 1.8767
Epoch [1/7], Step [300/601], Loss: 1.6529
Epoch [1/7], Step [310/601], Loss: 1.8850
Epoch [1/7], Step [320/601], Loss: 1.6231
Epoch [1/7], Step [330/601], Loss: 1.9392
Epoch [1/7], Step [340/601], Loss: 1.9789
Epoch [1/7], Step [350/601], Loss: 1.7764
Epoch [1/7], Step [360/601], Loss: 1.6290
Epoch [1/7], Step [370/601], Loss: 2.1402
Epoch [1/7], Step [380/601], Loss: 1.7821
Epoch [1/7], Step [390/601], Loss: 1.4988
Epoch [1/7], Step [400/601], Loss: 1.6260
Epoch [1/7], Step [410/601], Loss: 1.6807
Epoch [1/7], Step [420/601], Loss: 1.5308
Epoch [1/7], Step [430/601], Loss: 1.6952
Epoch [1/7], Step [440/601], Loss: 1.7188
Epoch [1/7], Step [450/601], Loss: 1.5940
Epoch [1/7], Step [460/601], Loss: 1.7835
Epoch [1/7], Step [470/601], Loss: 1.4782
Epoch [1/7], Step [480/601], Loss: 1.6123
Epoch [1/7], Step [490/601], Loss: 1.6192
Epoch [1/7], Step [500/601], Loss: 1.6806
Epoch [1/7], Step [510/601], Loss: 1.7400
Epoch [1/7], Step [520/601], Loss: 1.7470
Epoch [1/7], Step [530/601], Loss: 1.5512
Epoch [1/7], Step [540/601], Loss: 1.4271
Epoch [1/7], Step [550/601], Loss: 1.9273
Epoch [1/7], Step [560/601], Loss: 1.7311
Epoch [1/7], Step [570/601], Loss: 1.3432
Epoch [1/7], Step [580/601], Loss: 1.8524
Epoch [1/7], Step [590/601], Loss: 1.6814
Epoch [1/7], Step [600/601], Loss: 1.7582
Total time for epoch 1/7 = 1533.936655 seconds
Start validation
Validation accuracy is 20.65409853140298%
Start training
Epoch [2/7], Step [10/601], Loss: 1.4654
Epoch [2/7], Step [20/601], Loss: 1.7419
Epoch [2/7], Step [30/601], Loss: 1.8191
Epoch [2/7], Step [40/601], Loss: 1.3730
Epoch [2/7], Step [50/601], Loss: 1.7790
Epoch [2/7], Step [60/601], Loss: 1.5240
Epoch [2/7], Step [70/601], Loss: 1.4833
Epoch [2/7], Step [80/601], Loss: 1.5205
Epoch [2/7], Step [90/601], Loss: 1.7736
Epoch [2/7], Step [100/601], Loss: 1.6822
Epoch [2/7], Step [110/601], Loss: 1.6022
Epoch [2/7], Step [120/601], Loss: 1.4271
Epoch [2/7], Step [130/601], Loss: 1.6471
Epoch [2/7], Step [140/601], Loss: 1.4493
Epoch [2/7], Step [150/601], Loss: 1.4471
Epoch [2/7], Step [160/601], Loss: 1.4379
Epoch [2/7], Step [170/601], Loss: 1.5902
Epoch [2/7], Step [180/601], Loss: 1.7268
Epoch [2/7], Step [190/601], Loss: 1.6255
Epoch [2/7], Step [200/601], Loss: 1.5399
Epoch [2/7], Step [210/601], Loss: 1.4414
Epoch [2/7], Step [220/601], Loss: 1.3339
Epoch [2/7], Step [230/601], Loss: 1.5889
Epoch [2/7], Step [240/601], Loss: 1.6277
Epoch [2/7], Step [250/601], Loss: 1.4433
Epoch [2/7], Step [260/601], Loss: 1.3029
Epoch [2/7], Step [270/601], Loss: 1.6005
Epoch [2/7], Step [280/601], Loss: 1.5161
Epoch [2/7], Step [290/601], Loss: 1.4591
Epoch [2/7], Step [300/601], Loss: 1.5685
Epoch [2/7], Step [310/601], Loss: 1.5651
Epoch [2/7], Step [320/601], Loss: 1.4008
Epoch [2/7], Step [330/601], Loss: 1.7025
Epoch [2/7], Step [340/601], Loss: 1.7476
Epoch [2/7], Step [350/601], Loss: 1.5968
Epoch [2/7], Step [360/601], Loss: 1.4361
Epoch [2/7], Step [370/601], Loss: 1.9519
Epoch [2/7], Step [380/601], Loss: 1.4984
Epoch [2/7], Step [390/601], Loss: 1.4138
Epoch [2/7], Step [400/601], Loss: 1.5137
Epoch [2/7], Step [410/601], Loss: 1.5199
Epoch [2/7], Step [420/601], Loss: 1.3620
Epoch [2/7], Step [430/601], Loss: 1.6865
Epoch [2/7], Step [440/601], Loss: 1.4395
Epoch [2/7], Step [450/601], Loss: 1.4242
Epoch [2/7], Step [460/601], Loss: 1.6214
Epoch [2/7], Step [470/601], Loss: 1.3682
Epoch [2/7], Step [480/601], Loss: 1.3712
Epoch [2/7], Step [490/601], Loss: 1.3955
Epoch [2/7], Step [500/601], Loss: 1.5302
Epoch [2/7], Step [510/601], Loss: 1.5618
Epoch [2/7], Step [520/601], Loss: 1.5631
Epoch [2/7], Step [530/601], Loss: 1.3419
Epoch [2/7], Step [540/601], Loss: 1.3840
Epoch [2/7], Step [550/601], Loss: 1.7712
Epoch [2/7], Step [560/601], Loss: 1.4912
Epoch [2/7], Step [570/601], Loss: 1.1890
Epoch [2/7], Step [580/601], Loss: 1.5805
Epoch [2/7], Step [590/601], Loss: 1.5029
Epoch [2/7], Step [600/601], Loss: 1.5028
Total time for epoch 2/7 = 1417.128898 seconds
The average of the epoch train time so far is 1417.128898
The stdev of the epoch train time so far is 0.0
Start validation
Validation accuracy is 25.330694719300073%
Start training
Epoch [3/7], Step [10/601], Loss: 1.2540
Epoch [3/7], Step [20/601], Loss: 1.6815
Epoch [3/7], Step [30/601], Loss: 1.6448
Epoch [3/7], Step [40/601], Loss: 1.1527
Epoch [3/7], Step [50/601], Loss: 1.4446
Epoch [3/7], Step [60/601], Loss: 1.2497
Epoch [3/7], Step [70/601], Loss: 1.3982
Epoch [3/7], Step [80/601], Loss: 1.3475
Epoch [3/7], Step [90/601], Loss: 1.5018
Epoch [3/7], Step [100/601], Loss: 1.5472
Epoch [3/7], Step [110/601], Loss: 1.4875
Epoch [3/7], Step [120/601], Loss: 1.3974
Epoch [3/7], Step [130/601], Loss: 1.5597
Epoch [3/7], Step [140/601], Loss: 1.2986
Epoch [3/7], Step [150/601], Loss: 1.2729
Epoch [3/7], Step [160/601], Loss: 1.2858
Epoch [3/7], Step [170/601], Loss: 1.4804
Epoch [3/7], Step [180/601], Loss: 1.6594
Epoch [3/7], Step [190/601], Loss: 1.4919
Epoch [3/7], Step [200/601], Loss: 1.4831
Epoch [3/7], Step [210/601], Loss: 1.3128
Epoch [3/7], Step [220/601], Loss: 1.1811
Epoch [3/7], Step [230/601], Loss: 1.3749
Epoch [3/7], Step [240/601], Loss: 1.4217
Epoch [3/7], Step [250/601], Loss: 1.3486
Epoch [3/7], Step [260/601], Loss: 1.1571
Epoch [3/7], Step [270/601], Loss: 1.4146
Epoch [3/7], Step [280/601], Loss: 1.4297
Epoch [3/7], Step [290/601], Loss: 1.2091
Epoch [3/7], Step [300/601], Loss: 1.3575
Epoch [3/7], Step [310/601], Loss: 1.4933
Epoch [3/7], Step [320/601], Loss: 1.2679
Epoch [3/7], Step [330/601], Loss: 1.5209
Epoch [3/7], Step [340/601], Loss: 1.5464
Epoch [3/7], Step [350/601], Loss: 1.4233
Epoch [3/7], Step [360/601], Loss: 1.3338
Epoch [3/7], Step [370/601], Loss: 1.7940
Epoch [3/7], Step [380/601], Loss: 1.4307
Epoch [3/7], Step [390/601], Loss: 1.4266
Epoch [3/7], Step [400/601], Loss: 1.4074
Epoch [3/7], Step [410/601], Loss: 1.3716
Epoch [3/7], Step [420/601], Loss: 1.1595
Epoch [3/7], Step [430/601], Loss: 1.5236
Epoch [3/7], Step [440/601], Loss: 1.3773
Epoch [3/7], Step [450/601], Loss: 1.2493
Epoch [3/7], Step [460/601], Loss: 1.5079
Epoch [3/7], Step [470/601], Loss: 1.2221
Epoch [3/7], Step [480/601], Loss: 1.2546
Epoch [3/7], Step [490/601], Loss: 1.1999
Epoch [3/7], Step [500/601], Loss: 1.3845
Epoch [3/7], Step [510/601], Loss: 1.4132
Epoch [3/7], Step [520/601], Loss: 1.4910
Epoch [3/7], Step [530/601], Loss: 1.2485
Epoch [3/7], Step [540/601], Loss: 1.3734
Epoch [3/7], Step [550/601], Loss: 1.6244
Epoch [3/7], Step [560/601], Loss: 1.3737
Epoch [3/7], Step [570/601], Loss: 1.1289
Epoch [3/7], Step [580/601], Loss: 1.4944
Epoch [3/7], Step [590/601], Loss: 1.2300
Epoch [3/7], Step [600/601], Loss: 1.3899
Total time for epoch 3/7 = 1361.684198 seconds
The average of the epoch train time so far is 1389.406548
The stdev of the epoch train time so far is 27.722350000000006
Start validation
Validation accuracy is 23.924591188417875%
Start training
Epoch [4/7], Step [10/601], Loss: 1.1149
Epoch [4/7], Step [20/601], Loss: 1.4544
Epoch [4/7], Step [30/601], Loss: 1.5296
Epoch [4/7], Step [40/601], Loss: 0.9830
Epoch [4/7], Step [50/601], Loss: 1.3343
Epoch [4/7], Step [60/601], Loss: 1.1366
Epoch [4/7], Step [70/601], Loss: 1.2936
Epoch [4/7], Step [80/601], Loss: 1.2736
Epoch [4/7], Step [90/601], Loss: 1.3094
Epoch [4/7], Step [100/601], Loss: 1.3425
Epoch [4/7], Step [110/601], Loss: 1.3919
Epoch [4/7], Step [120/601], Loss: 1.2017
Epoch [4/7], Step [130/601], Loss: 1.3570
Epoch [4/7], Step [140/601], Loss: 1.1137
Epoch [4/7], Step [150/601], Loss: 1.1776
Epoch [4/7], Step [160/601], Loss: 1.1989
Epoch [4/7], Step [170/601], Loss: 1.4681
Epoch [4/7], Step [180/601], Loss: 1.4868
Epoch [4/7], Step [190/601], Loss: 1.3317
Epoch [4/7], Step [200/601], Loss: 1.4568
Epoch [4/7], Step [210/601], Loss: 1.2907
Epoch [4/7], Step [220/601], Loss: 1.0599
Epoch [4/7], Step [230/601], Loss: 1.4041
Epoch [4/7], Step [240/601], Loss: 1.2233
Epoch [4/7], Step [250/601], Loss: 1.2834
Epoch [4/7], Step [260/601], Loss: 1.0510
Epoch [4/7], Step [270/601], Loss: 1.4052
Epoch [4/7], Step [280/601], Loss: 1.3266
Epoch [4/7], Step [290/601], Loss: 1.0861
Epoch [4/7], Step [300/601], Loss: 1.2609
Epoch [4/7], Step [310/601], Loss: 1.3498
Epoch [4/7], Step [320/601], Loss: 1.2092
Epoch [4/7], Step [330/601], Loss: 1.3856
Epoch [4/7], Step [340/601], Loss: 1.4118
Epoch [4/7], Step [350/601], Loss: 1.2439
Epoch [4/7], Step [360/601], Loss: 1.2071
Epoch [4/7], Step [370/601], Loss: 1.7977
Epoch [4/7], Step [380/601], Loss: 1.3304
Epoch [4/7], Step [390/601], Loss: 1.3961
Epoch [4/7], Step [400/601], Loss: 1.2388
Epoch [4/7], Step [410/601], Loss: 1.2003
Epoch [4/7], Step [420/601], Loss: 1.0309
Epoch [4/7], Step [430/601], Loss: 1.4434
Epoch [4/7], Step [440/601], Loss: 1.2522
Epoch [4/7], Step [450/601], Loss: 1.1777
Epoch [4/7], Step [460/601], Loss: 1.4469
Epoch [4/7], Step [470/601], Loss: 1.0570
Epoch [4/7], Step [480/601], Loss: 1.1699
Epoch [4/7], Step [490/601], Loss: 1.1177
Epoch [4/7], Step [500/601], Loss: 1.2639
Epoch [4/7], Step [510/601], Loss: 1.3222
Epoch [4/7], Step [520/601], Loss: 1.3628
Epoch [4/7], Step [530/601], Loss: 1.1792
Epoch [4/7], Step [540/601], Loss: 1.3389
Epoch [4/7], Step [550/601], Loss: 1.5569
Epoch [4/7], Step [560/601], Loss: 1.2780
Epoch [4/7], Step [570/601], Loss: 1.0840
Epoch [4/7], Step [580/601], Loss: 1.4313
Epoch [4/7], Step [590/601], Loss: 1.1341
Epoch [4/7], Step [600/601], Loss: 1.3194
Total time for epoch 4/7 = 1369.847824 seconds
The average of the epoch train time so far is 1382.8869733333333
The stdev of the epoch train time so far is 24.440993583529913
Start validation
Validation accuracy is 25.726486824289136%
Start training
Epoch [5/7], Step [10/601], Loss: 0.9633
Epoch [5/7], Step [20/601], Loss: 1.3367
Epoch [5/7], Step [30/601], Loss: 1.4564
Epoch [5/7], Step [40/601], Loss: 0.9662
Epoch [5/7], Step [50/601], Loss: 1.2106
Epoch [5/7], Step [60/601], Loss: 1.0815
Epoch [5/7], Step [70/601], Loss: 1.1853
Epoch [5/7], Step [80/601], Loss: 1.1395
Epoch [5/7], Step [90/601], Loss: 1.2208
Epoch [5/7], Step [100/601], Loss: 1.1999
Epoch [5/7], Step [110/601], Loss: 1.2526
Epoch [5/7], Step [120/601], Loss: 1.1511
Epoch [5/7], Step [130/601], Loss: 1.2510
Epoch [5/7], Step [140/601], Loss: 1.0916
Epoch [5/7], Step [150/601], Loss: 1.1333
Epoch [5/7], Step [160/601], Loss: 1.0137
Epoch [5/7], Step [170/601], Loss: 1.4312
Epoch [5/7], Step [180/601], Loss: 1.3789
Epoch [5/7], Step [190/601], Loss: 1.1955
Epoch [5/7], Step [200/601], Loss: 1.4027
Epoch [5/7], Step [210/601], Loss: 1.2044
Epoch [5/7], Step [220/601], Loss: 0.9952
Epoch [5/7], Step [230/601], Loss: 1.3164
Epoch [5/7], Step [240/601], Loss: 1.1882
Epoch [5/7], Step [250/601], Loss: 1.1980
Epoch [5/7], Step [260/601], Loss: 0.9532
Epoch [5/7], Step [270/601], Loss: 1.3585
Epoch [5/7], Step [280/601], Loss: 1.2165
Epoch [5/7], Step [290/601], Loss: 1.0474
Epoch [5/7], Step [300/601], Loss: 1.1317
Epoch [5/7], Step [310/601], Loss: 1.1972
Epoch [5/7], Step [320/601], Loss: 1.0519
Epoch [5/7], Step [330/601], Loss: 1.2503
Epoch [5/7], Step [340/601], Loss: 1.2987
Epoch [5/7], Step [350/601], Loss: 1.0885
Epoch [5/7], Step [360/601], Loss: 1.1183
Epoch [5/7], Step [370/601], Loss: 1.6638
Epoch [5/7], Step [380/601], Loss: 1.2623
Epoch [5/7], Step [390/601], Loss: 1.2659
Epoch [5/7], Step [400/601], Loss: 1.1392
Epoch [5/7], Step [410/601], Loss: 1.1867
Epoch [5/7], Step [420/601], Loss: 0.9625
Epoch [5/7], Step [430/601], Loss: 1.3557
Epoch [5/7], Step [440/601], Loss: 1.2333
Epoch [5/7], Step [450/601], Loss: 1.0798
Epoch [5/7], Step [460/601], Loss: 1.3384
Epoch [5/7], Step [470/601], Loss: 0.9748
Epoch [5/7], Step [480/601], Loss: 1.0507
Epoch [5/7], Step [490/601], Loss: 1.0548
Epoch [5/7], Step [500/601], Loss: 1.1642
Epoch [5/7], Step [510/601], Loss: 1.2303
Epoch [5/7], Step [520/601], Loss: 1.3161
Epoch [5/7], Step [530/601], Loss: 1.0777
Epoch [5/7], Step [540/601], Loss: 1.1244
Epoch [5/7], Step [550/601], Loss: 1.3479
Epoch [5/7], Step [560/601], Loss: 1.2595
Epoch [5/7], Step [570/601], Loss: 1.0001
Epoch [5/7], Step [580/601], Loss: 1.3048
Epoch [5/7], Step [590/601], Loss: 1.0381
Epoch [5/7], Step [600/601], Loss: 1.2288
Total time for epoch 5/7 = 1373.395295 seconds
The average of the epoch train time so far is 1380.5140537500001
The stdev of the epoch train time so far is 21.561861412213762
Start validation
Validation accuracy is 25.851473804812%
Start training
Epoch [6/7], Step [10/601], Loss: 0.8435
Epoch [6/7], Step [20/601], Loss: 1.1620
Epoch [6/7], Step [30/601], Loss: 1.3777
Epoch [6/7], Step [40/601], Loss: 0.8978
Epoch [6/7], Step [50/601], Loss: 1.1921
Epoch [6/7], Step [60/601], Loss: 1.0125
Epoch [6/7], Step [70/601], Loss: 1.0822
Epoch [6/7], Step [80/601], Loss: 1.0556
Epoch [6/7], Step [90/601], Loss: 1.2362
Epoch [6/7], Step [100/601], Loss: 1.0835
Epoch [6/7], Step [110/601], Loss: 1.1588
Epoch [6/7], Step [120/601], Loss: 1.1326
Epoch [6/7], Step [130/601], Loss: 1.1563
Epoch [6/7], Step [140/601], Loss: 1.0005
Epoch [6/7], Step [150/601], Loss: 0.9952
Epoch [6/7], Step [160/601], Loss: 0.9173
Epoch [6/7], Step [170/601], Loss: 1.3031
Epoch [6/7], Step [180/601], Loss: 1.2966
Epoch [6/7], Step [190/601], Loss: 1.0756
Epoch [6/7], Step [200/601], Loss: 1.2721
Epoch [6/7], Step [210/601], Loss: 1.1742
Epoch [6/7], Step [220/601], Loss: 0.9910
Epoch [6/7], Step [230/601], Loss: 1.2255
Epoch [6/7], Step [240/601], Loss: 1.0227
Epoch [6/7], Step [250/601], Loss: 1.1480
Epoch [6/7], Step [260/601], Loss: 0.9092
Epoch [6/7], Step [270/601], Loss: 1.1816
Epoch [6/7], Step [280/601], Loss: 1.0907
Epoch [6/7], Step [290/601], Loss: 0.9375
Epoch [6/7], Step [300/601], Loss: 1.1246
Epoch [6/7], Step [310/601], Loss: 1.1465
Epoch [6/7], Step [320/601], Loss: 0.9005
Epoch [6/7], Step [330/601], Loss: 1.2431
Epoch [6/7], Step [340/601], Loss: 1.1644
Epoch [6/7], Step [350/601], Loss: 1.0455
Epoch [6/7], Step [360/601], Loss: 1.0346
Epoch [6/7], Step [370/601], Loss: 1.6006
Epoch [6/7], Step [380/601], Loss: 1.2088
Epoch [6/7], Step [390/601], Loss: 1.2278
Epoch [6/7], Step [400/601], Loss: 1.1267
Epoch [6/7], Step [410/601], Loss: 1.0993
Epoch [6/7], Step [420/601], Loss: 0.8538
Epoch [6/7], Step [430/601], Loss: 1.2044
Epoch [6/7], Step [440/601], Loss: 1.1664
Epoch [6/7], Step [450/601], Loss: 1.0176
Epoch [6/7], Step [460/601], Loss: 1.2194
Epoch [6/7], Step [470/601], Loss: 0.7861
Epoch [6/7], Step [480/601], Loss: 1.0688
Epoch [6/7], Step [490/601], Loss: 0.9430
Epoch [6/7], Step [500/601], Loss: 1.0645
Epoch [6/7], Step [510/601], Loss: 1.1290
Epoch [6/7], Step [520/601], Loss: 1.2929
Epoch [6/7], Step [530/601], Loss: 0.9201
Epoch [6/7], Step [540/601], Loss: 1.0259
Epoch [6/7], Step [550/601], Loss: 1.2678
Epoch [6/7], Step [560/601], Loss: 1.0562
Epoch [6/7], Step [570/601], Loss: 0.8914
Epoch [6/7], Step [580/601], Loss: 1.2270
Epoch [6/7], Step [590/601], Loss: 0.9912
Epoch [6/7], Step [600/601], Loss: 1.0988
Total time for epoch 6/7 = 1396.368295 seconds
The average of the epoch train time so far is 1383.6849020000002
The stdev of the epoch train time so far is 20.301433657397762
Start validation
Validation accuracy is 25.20570773877721%
Start training
Epoch [7/7], Step [10/601], Loss: 0.8006
Epoch [7/7], Step [20/601], Loss: 1.0288
Epoch [7/7], Step [30/601], Loss: 1.2826
Epoch [7/7], Step [40/601], Loss: 0.8194
Epoch [7/7], Step [50/601], Loss: 1.0510
Epoch [7/7], Step [60/601], Loss: 0.9515
Epoch [7/7], Step [70/601], Loss: 0.9980
Epoch [7/7], Step [80/601], Loss: 1.0368
Epoch [7/7], Step [90/601], Loss: 1.1209
Epoch [7/7], Step [100/601], Loss: 0.9570
Epoch [7/7], Step [110/601], Loss: 1.0417
Epoch [7/7], Step [120/601], Loss: 1.0833
Epoch [7/7], Step [130/601], Loss: 0.9892
Epoch [7/7], Step [140/601], Loss: 0.9366
Epoch [7/7], Step [150/601], Loss: 0.9484
Epoch [7/7], Step [160/601], Loss: 0.7834
Epoch [7/7], Step [170/601], Loss: 1.2035
Epoch [7/7], Step [180/601], Loss: 1.2382
Epoch [7/7], Step [190/601], Loss: 1.0031
Epoch [7/7], Step [200/601], Loss: 1.1904
Epoch [7/7], Step [210/601], Loss: 1.0974
Epoch [7/7], Step [220/601], Loss: 0.9265
Epoch [7/7], Step [230/601], Loss: 1.0902
Epoch [7/7], Step [240/601], Loss: 1.0061
Epoch [7/7], Step [250/601], Loss: 1.0626
Epoch [7/7], Step [260/601], Loss: 0.8577
Epoch [7/7], Step [270/601], Loss: 1.1470
Epoch [7/7], Step [280/601], Loss: 1.0307
Epoch [7/7], Step [290/601], Loss: 0.9126
Epoch [7/7], Step [300/601], Loss: 1.0527
Epoch [7/7], Step [310/601], Loss: 0.9657
Epoch [7/7], Step [320/601], Loss: 0.8271
Epoch [7/7], Step [330/601], Loss: 1.1006
Epoch [7/7], Step [340/601], Loss: 1.0836
Epoch [7/7], Step [350/601], Loss: 0.9945
Epoch [7/7], Step [360/601], Loss: 0.9707
Epoch [7/7], Step [370/601], Loss: 1.5015
Epoch [7/7], Step [380/601], Loss: 1.1697
Epoch [7/7], Step [390/601], Loss: 1.1095
Epoch [7/7], Step [400/601], Loss: 1.1106
Epoch [7/7], Step [410/601], Loss: 1.0409
Epoch [7/7], Step [420/601], Loss: 0.8596
Epoch [7/7], Step [430/601], Loss: 1.0895
Epoch [7/7], Step [440/601], Loss: 1.1273
Epoch [7/7], Step [450/601], Loss: 0.9186
Epoch [7/7], Step [460/601], Loss: 1.0641
Epoch [7/7], Step [470/601], Loss: 0.6809
Epoch [7/7], Step [480/601], Loss: 0.8460
Epoch [7/7], Step [490/601], Loss: 0.9005
Epoch [7/7], Step [500/601], Loss: 0.9447
Epoch [7/7], Step [510/601], Loss: 1.0217
Epoch [7/7], Step [520/601], Loss: 1.1828
Epoch [7/7], Step [530/601], Loss: 0.8006
Epoch [7/7], Step [540/601], Loss: 0.9456
Epoch [7/7], Step [550/601], Loss: 1.2096
Epoch [7/7], Step [560/601], Loss: 0.9506
Epoch [7/7], Step [570/601], Loss: 0.7462
Epoch [7/7], Step [580/601], Loss: 1.1224
Epoch [7/7], Step [590/601], Loss: 0.9442
Epoch [7/7], Step [600/601], Loss: 1.0103
Total time for epoch 7/7 = 1499.457329 seconds
The average of the epoch train time so far is 1402.9803065000003
The stdev of the epoch train time so far is 46.95764064077191
Start validation
Validation accuracy is 25.216123320487448%
