The size of the training data set is 9601
Start training
Epoch [1/7], Step [10/301], Loss: 2.4760
Epoch [1/7], Step [20/301], Loss: 2.2083
Epoch [1/7], Step [30/301], Loss: 2.2129
Epoch [1/7], Step [40/301], Loss: 2.0517
Epoch [1/7], Step [50/301], Loss: 2.3145
Epoch [1/7], Step [60/301], Loss: 2.1614
Epoch [1/7], Step [70/301], Loss: 2.2157
Epoch [1/7], Step [80/301], Loss: 2.0303
Epoch [1/7], Step [90/301], Loss: 1.6949
Epoch [1/7], Step [100/301], Loss: 2.2845
Epoch [1/7], Step [110/301], Loss: 2.1893
Epoch [1/7], Step [120/301], Loss: 1.8772
Epoch [1/7], Step [130/301], Loss: 2.5812
Epoch [1/7], Step [140/301], Loss: 2.0562
Epoch [1/7], Step [150/301], Loss: 1.9665
Epoch [1/7], Step [160/301], Loss: 1.7451
Epoch [1/7], Step [170/301], Loss: 1.8514
Epoch [1/7], Step [180/301], Loss: 1.9994
Epoch [1/7], Step [190/301], Loss: 2.0393
Epoch [1/7], Step [200/301], Loss: 1.7701
Epoch [1/7], Step [210/301], Loss: 1.9438
Epoch [1/7], Step [220/301], Loss: 2.0493
Epoch [1/7], Step [230/301], Loss: 1.9981
Epoch [1/7], Step [240/301], Loss: 1.8862
Epoch [1/7], Step [250/301], Loss: 1.9275
Epoch [1/7], Step [260/301], Loss: 1.7421
Epoch [1/7], Step [270/301], Loss: 1.9511
Epoch [1/7], Step [280/301], Loss: 1.8348
Epoch [1/7], Step [290/301], Loss: 2.0122
Epoch [1/7], Step [300/301], Loss: 2.6490
Total time for epoch 1/7 = 267.535258 seconds
Start validation
Validation accuracy is 40.88115821268618%
Start training
Epoch [2/7], Step [10/301], Loss: 1.8941
Epoch [2/7], Step [20/301], Loss: 1.9999
Epoch [2/7], Step [30/301], Loss: 1.6878
Epoch [2/7], Step [40/301], Loss: 1.8952
Epoch [2/7], Step [50/301], Loss: 1.9923
Epoch [2/7], Step [60/301], Loss: 1.7553
Epoch [2/7], Step [70/301], Loss: 1.8365
Epoch [2/7], Step [80/301], Loss: 1.9939
Epoch [2/7], Step [90/301], Loss: 1.4940
Epoch [2/7], Step [100/301], Loss: 2.0775
Epoch [2/7], Step [110/301], Loss: 1.8961
Epoch [2/7], Step [120/301], Loss: 1.6658
Epoch [2/7], Step [130/301], Loss: 2.0426
Epoch [2/7], Step [140/301], Loss: 2.0275
Epoch [2/7], Step [150/301], Loss: 1.6600
Epoch [2/7], Step [160/301], Loss: 1.5846
Epoch [2/7], Step [170/301], Loss: 1.7100
Epoch [2/7], Step [180/301], Loss: 1.8592
Epoch [2/7], Step [190/301], Loss: 1.8765
Epoch [2/7], Step [200/301], Loss: 1.7203
Epoch [2/7], Step [210/301], Loss: 1.7426
Epoch [2/7], Step [220/301], Loss: 2.0108
Epoch [2/7], Step [230/301], Loss: 2.0874
Epoch [2/7], Step [240/301], Loss: 1.8184
Epoch [2/7], Step [250/301], Loss: 1.8773
Epoch [2/7], Step [260/301], Loss: 1.6918
Epoch [2/7], Step [270/301], Loss: 1.8636
Epoch [2/7], Step [280/301], Loss: 1.7063
Epoch [2/7], Step [290/301], Loss: 1.8447
Epoch [2/7], Step [300/301], Loss: 2.3891
Total time for epoch 2/7 = 238.523959 seconds
The average of the epoch train time so far is 238.523959
The stdev of the epoch train time so far is 0.0
Start validation
Validation accuracy is 40.641599833350696%
Start training
Epoch [3/7], Step [10/301], Loss: 1.8471
Epoch [3/7], Step [20/301], Loss: 1.9759
Epoch [3/7], Step [30/301], Loss: 1.6365
Epoch [3/7], Step [40/301], Loss: 1.7887
Epoch [3/7], Step [50/301], Loss: 1.8931
Epoch [3/7], Step [60/301], Loss: 1.7177
Epoch [3/7], Step [70/301], Loss: 1.7425
Epoch [3/7], Step [80/301], Loss: 1.8624
Epoch [3/7], Step [90/301], Loss: 1.4269
Epoch [3/7], Step [100/301], Loss: 1.9708
Epoch [3/7], Step [110/301], Loss: 1.7506
Epoch [3/7], Step [120/301], Loss: 1.5683
Epoch [3/7], Step [130/301], Loss: 2.0185
Epoch [3/7], Step [140/301], Loss: 1.9613
Epoch [3/7], Step [150/301], Loss: 1.4766
Epoch [3/7], Step [160/301], Loss: 1.5884
Epoch [3/7], Step [170/301], Loss: 1.7151
Epoch [3/7], Step [180/301], Loss: 1.8504
Epoch [3/7], Step [190/301], Loss: 1.7605
Epoch [3/7], Step [200/301], Loss: 1.6465
Epoch [3/7], Step [210/301], Loss: 1.6813
Epoch [3/7], Step [220/301], Loss: 1.9456
Epoch [3/7], Step [230/301], Loss: 1.9667
Epoch [3/7], Step [240/301], Loss: 1.6963
Epoch [3/7], Step [250/301], Loss: 1.7386
Epoch [3/7], Step [260/301], Loss: 1.6225
Epoch [3/7], Step [270/301], Loss: 1.7735
Epoch [3/7], Step [280/301], Loss: 1.6029
Epoch [3/7], Step [290/301], Loss: 1.7342
Epoch [3/7], Step [300/301], Loss: 2.2973
Total time for epoch 3/7 = 231.837278 seconds
The average of the epoch train time so far is 235.18061849999998
The stdev of the epoch train time so far is 3.343340499999996
Start validation
Validation accuracy is 40.724924487032595%
Start training
Epoch [4/7], Step [10/301], Loss: 1.8891
Epoch [4/7], Step [20/301], Loss: 1.9282
Epoch [4/7], Step [30/301], Loss: 1.5815
Epoch [4/7], Step [40/301], Loss: 1.6265
Epoch [4/7], Step [50/301], Loss: 1.7668
Epoch [4/7], Step [60/301], Loss: 1.6504
Epoch [4/7], Step [70/301], Loss: 1.6422
Epoch [4/7], Step [80/301], Loss: 1.7977
Epoch [4/7], Step [90/301], Loss: 1.3983
Epoch [4/7], Step [100/301], Loss: 1.8955
Epoch [4/7], Step [110/301], Loss: 1.7209
Epoch [4/7], Step [120/301], Loss: 1.4864
Epoch [4/7], Step [130/301], Loss: 1.9706
Epoch [4/7], Step [140/301], Loss: 1.7840
Epoch [4/7], Step [150/301], Loss: 1.3611
Epoch [4/7], Step [160/301], Loss: 1.5423
Epoch [4/7], Step [170/301], Loss: 1.6910
Epoch [4/7], Step [180/301], Loss: 1.7886
Epoch [4/7], Step [190/301], Loss: 1.6187
Epoch [4/7], Step [200/301], Loss: 1.6107
Epoch [4/7], Step [210/301], Loss: 1.5872
Epoch [4/7], Step [220/301], Loss: 1.8635
Epoch [4/7], Step [230/301], Loss: 1.8916
Epoch [4/7], Step [240/301], Loss: 1.6843
Epoch [4/7], Step [250/301], Loss: 1.6377
Epoch [4/7], Step [260/301], Loss: 1.5706
Epoch [4/7], Step [270/301], Loss: 1.7283
Epoch [4/7], Step [280/301], Loss: 1.5143
Epoch [4/7], Step [290/301], Loss: 1.5596
Epoch [4/7], Step [300/301], Loss: 2.1785
Total time for epoch 4/7 = 236.556653 seconds
The average of the epoch train time so far is 235.63929666666664
The stdev of the epoch train time so far is 2.8058370920482094
Start validation
Validation accuracy is 42.77679408394959%
Start training
Epoch [5/7], Step [10/301], Loss: 1.9353
Epoch [5/7], Step [20/301], Loss: 1.7953
Epoch [5/7], Step [30/301], Loss: 1.4913
Epoch [5/7], Step [40/301], Loss: 1.5264
Epoch [5/7], Step [50/301], Loss: 1.7144
Epoch [5/7], Step [60/301], Loss: 1.5679
Epoch [5/7], Step [70/301], Loss: 1.5537
Epoch [5/7], Step [80/301], Loss: 1.7165
Epoch [5/7], Step [90/301], Loss: 1.2957
Epoch [5/7], Step [100/301], Loss: 1.7861
Epoch [5/7], Step [110/301], Loss: 1.7156
Epoch [5/7], Step [120/301], Loss: 1.4834
Epoch [5/7], Step [130/301], Loss: 1.9096
Epoch [5/7], Step [140/301], Loss: 1.6609
Epoch [5/7], Step [150/301], Loss: 1.2281
Epoch [5/7], Step [160/301], Loss: 1.3962
Epoch [5/7], Step [170/301], Loss: 1.6292
Epoch [5/7], Step [180/301], Loss: 1.7348
Epoch [5/7], Step [190/301], Loss: 1.5021
Epoch [5/7], Step [200/301], Loss: 1.5899
Epoch [5/7], Step [210/301], Loss: 1.5156
Epoch [5/7], Step [220/301], Loss: 1.7178
Epoch [5/7], Step [230/301], Loss: 1.8191
Epoch [5/7], Step [240/301], Loss: 1.6170
Epoch [5/7], Step [250/301], Loss: 1.5383
Epoch [5/7], Step [260/301], Loss: 1.4966
Epoch [5/7], Step [270/301], Loss: 1.6542
Epoch [5/7], Step [280/301], Loss: 1.4795
Epoch [5/7], Step [290/301], Loss: 1.4526
Epoch [5/7], Step [300/301], Loss: 2.1001
Total time for epoch 5/7 = 236.836077 seconds
The average of the epoch train time so far is 235.93849174999997
The stdev of the epoch train time so far is 2.484571277707218
Start validation
Validation accuracy is 44.47453390271846%
Start training
Epoch [6/7], Step [10/301], Loss: 1.8480
Epoch [6/7], Step [20/301], Loss: 1.7347
Epoch [6/7], Step [30/301], Loss: 1.4322
Epoch [6/7], Step [40/301], Loss: 1.4460
Epoch [6/7], Step [50/301], Loss: 1.6887
Epoch [6/7], Step [60/301], Loss: 1.4874
Epoch [6/7], Step [70/301], Loss: 1.4980
Epoch [6/7], Step [80/301], Loss: 1.5445
Epoch [6/7], Step [90/301], Loss: 1.2534
Epoch [6/7], Step [100/301], Loss: 1.7051
Epoch [6/7], Step [110/301], Loss: 1.6999
Epoch [6/7], Step [120/301], Loss: 1.3971
Epoch [6/7], Step [130/301], Loss: 1.8513
Epoch [6/7], Step [140/301], Loss: 1.5626
Epoch [6/7], Step [150/301], Loss: 1.1590
Epoch [6/7], Step [160/301], Loss: 1.2597
Epoch [6/7], Step [170/301], Loss: 1.4486
Epoch [6/7], Step [180/301], Loss: 1.6876
Epoch [6/7], Step [190/301], Loss: 1.3894
Epoch [6/7], Step [200/301], Loss: 1.5156
Epoch [6/7], Step [210/301], Loss: 1.3878
Epoch [6/7], Step [220/301], Loss: 1.6278
Epoch [6/7], Step [230/301], Loss: 1.7924
Epoch [6/7], Step [240/301], Loss: 1.6055
Epoch [6/7], Step [250/301], Loss: 1.4826
Epoch [6/7], Step [260/301], Loss: 1.3800
Epoch [6/7], Step [270/301], Loss: 1.6084
Epoch [6/7], Step [280/301], Loss: 1.4264
Epoch [6/7], Step [290/301], Loss: 1.3445
Epoch [6/7], Step [300/301], Loss: 2.0610
Total time for epoch 6/7 = 230.551361 seconds
The average of the epoch train time so far is 234.8610656
The stdev of the epoch train time so far is 3.0954586060907685
Start validation
Validation accuracy is 42.912196646182686%
Start training
Epoch [7/7], Step [10/301], Loss: 1.7063
Epoch [7/7], Step [20/301], Loss: 1.6518
Epoch [7/7], Step [30/301], Loss: 1.3401
Epoch [7/7], Step [40/301], Loss: 1.3729
Epoch [7/7], Step [50/301], Loss: 1.6893
Epoch [7/7], Step [60/301], Loss: 1.4079
Epoch [7/7], Step [70/301], Loss: 1.3643
Epoch [7/7], Step [80/301], Loss: 1.4416
Epoch [7/7], Step [90/301], Loss: 1.2214
Epoch [7/7], Step [100/301], Loss: 1.5613
Epoch [7/7], Step [110/301], Loss: 1.7037
Epoch [7/7], Step [120/301], Loss: 1.3776
Epoch [7/7], Step [130/301], Loss: 1.7101
Epoch [7/7], Step [140/301], Loss: 1.6079
Epoch [7/7], Step [150/301], Loss: 1.1347
Epoch [7/7], Step [160/301], Loss: 1.2132
Epoch [7/7], Step [170/301], Loss: 1.3140
Epoch [7/7], Step [180/301], Loss: 1.6108
Epoch [7/7], Step [190/301], Loss: 1.4150
Epoch [7/7], Step [200/301], Loss: 1.4480
Epoch [7/7], Step [210/301], Loss: 1.4240
Epoch [7/7], Step [220/301], Loss: 1.5372
Epoch [7/7], Step [230/301], Loss: 1.7101
Epoch [7/7], Step [240/301], Loss: 1.5606
Epoch [7/7], Step [250/301], Loss: 1.3744
Epoch [7/7], Step [260/301], Loss: 1.2884
Epoch [7/7], Step [270/301], Loss: 1.5904
Epoch [7/7], Step [280/301], Loss: 1.3375
Epoch [7/7], Step [290/301], Loss: 1.1871
Epoch [7/7], Step [300/301], Loss: 1.9984
Total time for epoch 7/7 = 286.395075 seconds
The average of the epoch train time so far is 243.45006716666663
The stdev of the epoch train time so far is 19.412357564517944
Start validation
Validation accuracy is 43.66211852931986%
