The size of the training data set is 76814
Start training
Epoch [1/6], Step [10/712], Loss: 2.6282
Epoch [1/6], Step [20/712], Loss: 2.6031
Epoch [1/6], Step [30/712], Loss: 2.5690
Epoch [1/6], Step [40/712], Loss: 2.5267
Epoch [1/6], Step [50/712], Loss: 2.4827
Epoch [1/6], Step [60/712], Loss: 2.4179
Epoch [1/6], Step [70/712], Loss: 2.3935
Epoch [1/6], Step [80/712], Loss: 2.2781
Epoch [1/6], Step [90/712], Loss: 2.4666
Epoch [1/6], Step [100/712], Loss: 2.3933
Epoch [1/6], Step [110/712], Loss: 2.4282
Epoch [1/6], Step [120/712], Loss: 2.3636
Epoch [1/6], Step [130/712], Loss: 2.2386
Epoch [1/6], Step [140/712], Loss: 2.3673
Epoch [1/6], Step [150/712], Loss: 2.2978
Epoch [1/6], Step [160/712], Loss: 2.3967
Epoch [1/6], Step [170/712], Loss: 2.3407
Epoch [1/6], Step [180/712], Loss: 2.3521
Epoch [1/6], Step [190/712], Loss: 2.2766
Epoch [1/6], Step [200/712], Loss: 2.2724
Epoch [1/6], Step [210/712], Loss: 2.2544
Epoch [1/6], Step [220/712], Loss: 2.2137
Epoch [1/6], Step [230/712], Loss: 2.3702
Epoch [1/6], Step [240/712], Loss: 2.3865
Epoch [1/6], Step [250/712], Loss: 2.3265
Epoch [1/6], Step [260/712], Loss: 2.3404
Epoch [1/6], Step [270/712], Loss: 2.2483
Epoch [1/6], Step [280/712], Loss: 2.3061
Epoch [1/6], Step [290/712], Loss: 2.2250
Epoch [1/6], Step [300/712], Loss: 2.2884
Epoch [1/6], Step [310/712], Loss: 2.2251
Epoch [1/6], Step [320/712], Loss: 2.3215
Epoch [1/6], Step [330/712], Loss: 2.3005
Epoch [1/6], Step [340/712], Loss: 2.4406
Epoch [1/6], Step [350/712], Loss: 2.3779
Epoch [1/6], Step [360/712], Loss: 2.1624
Epoch [1/6], Step [370/712], Loss: 2.4368
Epoch [1/6], Step [380/712], Loss: 2.2224
Epoch [1/6], Step [390/712], Loss: 2.2314
Epoch [1/6], Step [400/712], Loss: 2.3646
Epoch [1/6], Step [410/712], Loss: 2.1757
Epoch [1/6], Step [420/712], Loss: 2.1974
Epoch [1/6], Step [430/712], Loss: 2.2464
Epoch [1/6], Step [440/712], Loss: 2.1399
Epoch [1/6], Step [450/712], Loss: 2.1705
Epoch [1/6], Step [460/712], Loss: 2.3303
Epoch [1/6], Step [470/712], Loss: 2.2749
Epoch [1/6], Step [480/712], Loss: 2.1859
Epoch [1/6], Step [490/712], Loss: 2.2432
Epoch [1/6], Step [500/712], Loss: 2.2398
Epoch [1/6], Step [510/712], Loss: 2.1519
Epoch [1/6], Step [520/712], Loss: 2.3488
Epoch [1/6], Step [530/712], Loss: 2.0865
Epoch [1/6], Step [540/712], Loss: 2.0395
Epoch [1/6], Step [550/712], Loss: 2.1654
Epoch [1/6], Step [560/712], Loss: 2.2005
Epoch [1/6], Step [570/712], Loss: 2.1024
Epoch [1/6], Step [580/712], Loss: 2.0927
Epoch [1/6], Step [590/712], Loss: 2.2242
Epoch [1/6], Step [600/712], Loss: 2.1491
Epoch [1/6], Step [610/712], Loss: 2.2234
Epoch [1/6], Step [620/712], Loss: 2.1388
Epoch [1/6], Step [630/712], Loss: 2.3219
Epoch [1/6], Step [640/712], Loss: 2.1014
Epoch [1/6], Step [650/712], Loss: 2.1584
Epoch [1/6], Step [660/712], Loss: 2.1621
Epoch [1/6], Step [670/712], Loss: 2.1588
Epoch [1/6], Step [680/712], Loss: 2.0788
Epoch [1/6], Step [690/712], Loss: 2.0691
Epoch [1/6], Step [700/712], Loss: 2.0411
Epoch [1/6], Step [710/712], Loss: 2.1900
Total time for epoch 1/6 = 1415.895951 seconds
Start validation
Validation accuracy is 33.13196542026872%
Start training
Epoch [2/6], Step [10/712], Loss: 2.1869
Epoch [2/6], Step [20/712], Loss: 2.0679
Epoch [2/6], Step [30/712], Loss: 1.9784
Epoch [2/6], Step [40/712], Loss: 1.9929
Epoch [2/6], Step [50/712], Loss: 1.9879
Epoch [2/6], Step [60/712], Loss: 2.1655
Epoch [2/6], Step [70/712], Loss: 1.9640
Epoch [2/6], Step [80/712], Loss: 1.9586
Epoch [2/6], Step [90/712], Loss: 2.1774
Epoch [2/6], Step [100/712], Loss: 2.1638
Epoch [2/6], Step [110/712], Loss: 2.1499
Epoch [2/6], Step [120/712], Loss: 2.0485
Epoch [2/6], Step [130/712], Loss: 2.0573
Epoch [2/6], Step [140/712], Loss: 2.1056
Epoch [2/6], Step [150/712], Loss: 1.9062
Epoch [2/6], Step [160/712], Loss: 2.1594
Epoch [2/6], Step [170/712], Loss: 1.9839
Epoch [2/6], Step [180/712], Loss: 2.0288
Epoch [2/6], Step [190/712], Loss: 1.9327
Epoch [2/6], Step [200/712], Loss: 1.9407
Epoch [2/6], Step [210/712], Loss: 1.9340
Epoch [2/6], Step [220/712], Loss: 1.8407
Epoch [2/6], Step [230/712], Loss: 2.0507
Epoch [2/6], Step [240/712], Loss: 2.1406
Epoch [2/6], Step [250/712], Loss: 2.0377
Epoch [2/6], Step [260/712], Loss: 1.8869
Epoch [2/6], Step [270/712], Loss: 1.9293
Epoch [2/6], Step [280/712], Loss: 1.9396
Epoch [2/6], Step [290/712], Loss: 1.9560
Epoch [2/6], Step [300/712], Loss: 2.0184
Epoch [2/6], Step [310/712], Loss: 1.8710
Epoch [2/6], Step [320/712], Loss: 2.0254
Epoch [2/6], Step [330/712], Loss: 2.0920
Epoch [2/6], Step [340/712], Loss: 2.1779
Epoch [2/6], Step [350/712], Loss: 2.1249
Epoch [2/6], Step [360/712], Loss: 1.8532
Epoch [2/6], Step [370/712], Loss: 2.0323
Epoch [2/6], Step [380/712], Loss: 1.8270
Epoch [2/6], Step [390/712], Loss: 1.8561
Epoch [2/6], Step [400/712], Loss: 2.0275
Epoch [2/6], Step [410/712], Loss: 1.7861
Epoch [2/6], Step [420/712], Loss: 1.8923
Epoch [2/6], Step [430/712], Loss: 2.0106
Epoch [2/6], Step [440/712], Loss: 1.8474
Epoch [2/6], Step [450/712], Loss: 2.0192
Epoch [2/6], Step [460/712], Loss: 2.0070
Epoch [2/6], Step [470/712], Loss: 2.1046
Epoch [2/6], Step [480/712], Loss: 1.8839
Epoch [2/6], Step [490/712], Loss: 1.8916
Epoch [2/6], Step [500/712], Loss: 2.0301
Epoch [2/6], Step [510/712], Loss: 1.8621
Epoch [2/6], Step [520/712], Loss: 2.0052
Epoch [2/6], Step [530/712], Loss: 1.8813
Epoch [2/6], Step [540/712], Loss: 1.7512
Epoch [2/6], Step [550/712], Loss: 1.9159
Epoch [2/6], Step [560/712], Loss: 2.0363
Epoch [2/6], Step [570/712], Loss: 1.6719
Epoch [2/6], Step [580/712], Loss: 1.7181
Epoch [2/6], Step [590/712], Loss: 1.9804
Epoch [2/6], Step [600/712], Loss: 1.8632
Epoch [2/6], Step [610/712], Loss: 2.0265
Epoch [2/6], Step [620/712], Loss: 1.7665
Epoch [2/6], Step [630/712], Loss: 2.2035
Epoch [2/6], Step [640/712], Loss: 1.8915
Epoch [2/6], Step [650/712], Loss: 1.9850
Epoch [2/6], Step [660/712], Loss: 2.0913
Epoch [2/6], Step [670/712], Loss: 1.8033
Epoch [2/6], Step [680/712], Loss: 1.8121
Epoch [2/6], Step [690/712], Loss: 1.8827
Epoch [2/6], Step [700/712], Loss: 1.8144
Epoch [2/6], Step [710/712], Loss: 1.7943
Total time for epoch 2/6 = 1578.788185 seconds
Start validation
Validation accuracy is 41.64149567753359%
Start training
Epoch [3/6], Step [10/712], Loss: 2.0507
Epoch [3/6], Step [20/712], Loss: 1.8251
Epoch [3/6], Step [30/712], Loss: 1.6346
Epoch [3/6], Step [40/712], Loss: 1.8217
Epoch [3/6], Step [50/712], Loss: 1.7644
Epoch [3/6], Step [60/712], Loss: 1.9509
Epoch [3/6], Step [70/712], Loss: 1.7028
Epoch [3/6], Step [80/712], Loss: 1.7135
Epoch [3/6], Step [90/712], Loss: 2.0632
Epoch [3/6], Step [100/712], Loss: 1.8915
Epoch [3/6], Step [110/712], Loss: 1.9535
Epoch [3/6], Step [120/712], Loss: 1.9198
Epoch [3/6], Step [130/712], Loss: 1.7663
Epoch [3/6], Step [140/712], Loss: 1.9275
Epoch [3/6], Step [150/712], Loss: 1.7361
Epoch [3/6], Step [160/712], Loss: 1.9201
Epoch [3/6], Step [170/712], Loss: 1.7702
Epoch [3/6], Step [180/712], Loss: 1.9249
Epoch [3/6], Step [190/712], Loss: 1.6228
Epoch [3/6], Step [200/712], Loss: 1.6376
Epoch [3/6], Step [210/712], Loss: 1.6743
Epoch [3/6], Step [220/712], Loss: 1.6731
Epoch [3/6], Step [230/712], Loss: 1.8458
Epoch [3/6], Step [240/712], Loss: 1.8761
Epoch [3/6], Step [250/712], Loss: 1.8375
Epoch [3/6], Step [260/712], Loss: 1.6557
Epoch [3/6], Step [270/712], Loss: 1.7808
Epoch [3/6], Step [280/712], Loss: 1.8329
Epoch [3/6], Step [290/712], Loss: 1.8511
Epoch [3/6], Step [300/712], Loss: 1.8566
Epoch [3/6], Step [310/712], Loss: 1.7453
Epoch [3/6], Step [320/712], Loss: 1.8833
Epoch [3/6], Step [330/712], Loss: 1.9039
Epoch [3/6], Step [340/712], Loss: 2.0334
Epoch [3/6], Step [350/712], Loss: 1.8120
Epoch [3/6], Step [360/712], Loss: 1.6439
Epoch [3/6], Step [370/712], Loss: 1.8642
Epoch [3/6], Step [380/712], Loss: 1.6194
Epoch [3/6], Step [390/712], Loss: 1.6915
Epoch [3/6], Step [400/712], Loss: 1.9139
Epoch [3/6], Step [410/712], Loss: 1.6241
Epoch [3/6], Step [420/712], Loss: 1.7863
Epoch [3/6], Step [430/712], Loss: 1.8387
Epoch [3/6], Step [440/712], Loss: 1.7395
Epoch [3/6], Step [450/712], Loss: 1.8428
Epoch [3/6], Step [460/712], Loss: 1.8288
Epoch [3/6], Step [470/712], Loss: 1.9676
Epoch [3/6], Step [480/712], Loss: 1.7023
Epoch [3/6], Step [490/712], Loss: 1.6871
Epoch [3/6], Step [500/712], Loss: 1.8467
Epoch [3/6], Step [510/712], Loss: 1.7623
Epoch [3/6], Step [520/712], Loss: 1.8802
Epoch [3/6], Step [530/712], Loss: 1.6685
Epoch [3/6], Step [540/712], Loss: 1.5741
Epoch [3/6], Step [550/712], Loss: 1.7099
Epoch [3/6], Step [560/712], Loss: 1.8635
Epoch [3/6], Step [570/712], Loss: 1.5640
Epoch [3/6], Step [580/712], Loss: 1.6682
Epoch [3/6], Step [590/712], Loss: 1.8678
Epoch [3/6], Step [600/712], Loss: 1.7404
Epoch [3/6], Step [610/712], Loss: 1.8042
Epoch [3/6], Step [620/712], Loss: 1.7168
Epoch [3/6], Step [630/712], Loss: 2.0284
Epoch [3/6], Step [640/712], Loss: 1.6927
Epoch [3/6], Step [650/712], Loss: 1.8368
Epoch [3/6], Step [660/712], Loss: 1.9328
Epoch [3/6], Step [670/712], Loss: 1.6609
Epoch [3/6], Step [680/712], Loss: 1.7705
Epoch [3/6], Step [690/712], Loss: 1.8288
Epoch [3/6], Step [700/712], Loss: 1.7609
Epoch [3/6], Step [710/712], Loss: 1.6864
Total time for epoch 3/6 = 1636.838739 seconds
Start validation
Validation accuracy is 44.4016248307468%
Start training
Epoch [4/6], Step [10/712], Loss: 1.8734
Epoch [4/6], Step [20/712], Loss: 1.7508
Epoch [4/6], Step [30/712], Loss: 1.5136
Epoch [4/6], Step [40/712], Loss: 1.6674
Epoch [4/6], Step [50/712], Loss: 1.7275
Epoch [4/6], Step [60/712], Loss: 1.9296
Epoch [4/6], Step [70/712], Loss: 1.6166
Epoch [4/6], Step [80/712], Loss: 1.7354
Epoch [4/6], Step [90/712], Loss: 2.0223
Epoch [4/6], Step [100/712], Loss: 1.8270
Epoch [4/6], Step [110/712], Loss: 1.8613
Epoch [4/6], Step [120/712], Loss: 1.7667
Epoch [4/6], Step [130/712], Loss: 1.7269
Epoch [4/6], Step [140/712], Loss: 1.8041
Epoch [4/6], Step [150/712], Loss: 1.7757
Epoch [4/6], Step [160/712], Loss: 1.7814
Epoch [4/6], Step [170/712], Loss: 1.6544
Epoch [4/6], Step [180/712], Loss: 1.7796
Epoch [4/6], Step [190/712], Loss: 1.5613
Epoch [4/6], Step [200/712], Loss: 1.5400
Epoch [4/6], Step [210/712], Loss: 1.5559
Epoch [4/6], Step [220/712], Loss: 1.5719
Epoch [4/6], Step [230/712], Loss: 1.7869
Epoch [4/6], Step [240/712], Loss: 1.8118
Epoch [4/6], Step [250/712], Loss: 1.7021
Epoch [4/6], Step [260/712], Loss: 1.6137
Epoch [4/6], Step [270/712], Loss: 1.6463
Epoch [4/6], Step [280/712], Loss: 1.7321
Epoch [4/6], Step [290/712], Loss: 1.7470
Epoch [4/6], Step [300/712], Loss: 1.8256
Epoch [4/6], Step [310/712], Loss: 1.5567
Epoch [4/6], Step [320/712], Loss: 1.8012
Epoch [4/6], Step [330/712], Loss: 1.8342
Epoch [4/6], Step [340/712], Loss: 1.9016
Epoch [4/6], Step [350/712], Loss: 1.7263
Epoch [4/6], Step [360/712], Loss: 1.5384
Epoch [4/6], Step [370/712], Loss: 1.7010
Epoch [4/6], Step [380/712], Loss: 1.5386
Epoch [4/6], Step [390/712], Loss: 1.5948
Epoch [4/6], Step [400/712], Loss: 1.7741
Epoch [4/6], Step [410/712], Loss: 1.6188
Epoch [4/6], Step [420/712], Loss: 1.7299
Epoch [4/6], Step [430/712], Loss: 1.7520
Epoch [4/6], Step [440/712], Loss: 1.7134
Epoch [4/6], Step [450/712], Loss: 1.7415
Epoch [4/6], Step [460/712], Loss: 1.7885
Epoch [4/6], Step [470/712], Loss: 1.8309
Epoch [4/6], Step [480/712], Loss: 1.6579
Epoch [4/6], Step [490/712], Loss: 1.6149
Epoch [4/6], Step [500/712], Loss: 1.7806
Epoch [4/6], Step [510/712], Loss: 1.6803
Epoch [4/6], Step [520/712], Loss: 1.8842
Epoch [4/6], Step [530/712], Loss: 1.5925
Epoch [4/6], Step [540/712], Loss: 1.4643
Epoch [4/6], Step [550/712], Loss: 1.5710
Epoch [4/6], Step [560/712], Loss: 1.7946
Epoch [4/6], Step [570/712], Loss: 1.4945
Epoch [4/6], Step [580/712], Loss: 1.6230
Epoch [4/6], Step [590/712], Loss: 1.7901
Epoch [4/6], Step [600/712], Loss: 1.6582
Epoch [4/6], Step [610/712], Loss: 1.7670
Epoch [4/6], Step [620/712], Loss: 1.6253
Epoch [4/6], Step [630/712], Loss: 1.8927
Epoch [4/6], Step [640/712], Loss: 1.6531
Epoch [4/6], Step [650/712], Loss: 1.7671
Epoch [4/6], Step [660/712], Loss: 1.7816
Epoch [4/6], Step [670/712], Loss: 1.5533
Epoch [4/6], Step [680/712], Loss: 1.7195
Epoch [4/6], Step [690/712], Loss: 1.6779
Epoch [4/6], Step [700/712], Loss: 1.6823
Epoch [4/6], Step [710/712], Loss: 1.6049
Total time for epoch 4/6 = 1322.431674 seconds
Start validation
Validation accuracy is 45.474429746901365%
Start training
Epoch [5/6], Step [10/712], Loss: 1.7220
Epoch [5/6], Step [20/712], Loss: 1.6693
Epoch [5/6], Step [30/712], Loss: 1.4726
Epoch [5/6], Step [40/712], Loss: 1.7016
Epoch [5/6], Step [50/712], Loss: 1.6453
Epoch [5/6], Step [60/712], Loss: 1.7334
Epoch [5/6], Step [70/712], Loss: 1.5328
Epoch [5/6], Step [80/712], Loss: 1.5844
Epoch [5/6], Step [90/712], Loss: 2.0286
Epoch [5/6], Step [100/712], Loss: 1.7585
Epoch [5/6], Step [110/712], Loss: 1.8395
Epoch [5/6], Step [120/712], Loss: 1.6881
Epoch [5/6], Step [130/712], Loss: 1.6364
Epoch [5/6], Step [140/712], Loss: 1.6898
Epoch [5/6], Step [150/712], Loss: 1.6043
Epoch [5/6], Step [160/712], Loss: 1.6273
Epoch [5/6], Step [170/712], Loss: 1.6136
Epoch [5/6], Step [180/712], Loss: 1.6553
Epoch [5/6], Step [190/712], Loss: 1.4886
Epoch [5/6], Step [200/712], Loss: 1.4832
Epoch [5/6], Step [210/712], Loss: 1.4779
Epoch [5/6], Step [220/712], Loss: 1.4913
Epoch [5/6], Step [230/712], Loss: 1.7817
Epoch [5/6], Step [240/712], Loss: 1.7491
Epoch [5/6], Step [250/712], Loss: 1.6726
Epoch [5/6], Step [260/712], Loss: 1.5145
Epoch [5/6], Step [270/712], Loss: 1.5608
Epoch [5/6], Step [280/712], Loss: 1.5800
Epoch [5/6], Step [290/712], Loss: 1.6826
Epoch [5/6], Step [300/712], Loss: 1.6390
Epoch [5/6], Step [310/712], Loss: 1.4741
Epoch [5/6], Step [320/712], Loss: 1.6864
Epoch [5/6], Step [330/712], Loss: 1.6822
Epoch [5/6], Step [340/712], Loss: 1.8243
Epoch [5/6], Step [350/712], Loss: 1.7120
Epoch [5/6], Step [360/712], Loss: 1.5397
Epoch [5/6], Step [370/712], Loss: 1.6507
Epoch [5/6], Step [380/712], Loss: 1.4766
Epoch [5/6], Step [390/712], Loss: 1.5101
Epoch [5/6], Step [400/712], Loss: 1.6853
Epoch [5/6], Step [410/712], Loss: 1.5513
Epoch [5/6], Step [420/712], Loss: 1.6377
Epoch [5/6], Step [430/712], Loss: 1.7022
Epoch [5/6], Step [440/712], Loss: 1.6894
Epoch [5/6], Step [450/712], Loss: 1.5980
Epoch [5/6], Step [460/712], Loss: 1.6898
Epoch [5/6], Step [470/712], Loss: 1.7751
Epoch [5/6], Step [480/712], Loss: 1.6311
Epoch [5/6], Step [490/712], Loss: 1.5919
Epoch [5/6], Step [500/712], Loss: 1.7178
Epoch [5/6], Step [510/712], Loss: 1.6298
Epoch [5/6], Step [520/712], Loss: 1.8352
Epoch [5/6], Step [530/712], Loss: 1.4835
Epoch [5/6], Step [540/712], Loss: 1.4302
Epoch [5/6], Step [550/712], Loss: 1.5150
Epoch [5/6], Step [560/712], Loss: 1.7956
Epoch [5/6], Step [570/712], Loss: 1.5126
Epoch [5/6], Step [580/712], Loss: 1.5410
Epoch [5/6], Step [590/712], Loss: 1.6393
Epoch [5/6], Step [600/712], Loss: 1.5977
Epoch [5/6], Step [610/712], Loss: 1.6771
Epoch [5/6], Step [620/712], Loss: 1.5514
Epoch [5/6], Step [630/712], Loss: 1.8871
Epoch [5/6], Step [640/712], Loss: 1.5985
Epoch [5/6], Step [650/712], Loss: 1.7767
Epoch [5/6], Step [660/712], Loss: 1.7273
Epoch [5/6], Step [670/712], Loss: 1.5149
Epoch [5/6], Step [680/712], Loss: 1.5792
Epoch [5/6], Step [690/712], Loss: 1.6571
Epoch [5/6], Step [700/712], Loss: 1.6264
Epoch [5/6], Step [710/712], Loss: 1.5712
Total time for epoch 5/6 = 2151.837026 seconds
Start validation
Validation accuracy is 47.26590980106239%
