The size of the training data set is 76814
The size of the training data set is 76814
The size of the training data set is 76814
The size of the training data set is 76814
Start training
Epoch [1/6], Step [10/712], Loss: 2.5536
Epoch [1/6], Step [20/712], Loss: 2.6236
Epoch [1/6], Step [30/712], Loss: 2.0360
Epoch [1/6], Step [40/712], Loss: 1.8086
Epoch [1/6], Step [50/712], Loss: 2.0302
Epoch [1/6], Step [60/712], Loss: 2.3983
Epoch [1/6], Step [70/712], Loss: 2.1955
Epoch [1/6], Step [80/712], Loss: 1.9023
Epoch [1/6], Step [90/712], Loss: 2.2015
Epoch [1/6], Step [100/712], Loss: 2.2006
Epoch [1/6], Step [110/712], Loss: 2.0878
Epoch [1/6], Step [120/712], Loss: 2.0321
Epoch [1/6], Step [130/712], Loss: 1.9850
Epoch [1/6], Step [140/712], Loss: 1.8851
Epoch [1/6], Step [150/712], Loss: 1.5940
Epoch [1/6], Step [160/712], Loss: 2.2216
Epoch [1/6], Step [170/712], Loss: 1.8983
Epoch [1/6], Step [180/712], Loss: 2.4175
Epoch [1/6], Step [190/712], Loss: 1.7705
Epoch [1/6], Step [200/712], Loss: 1.8021
Epoch [1/6], Step [210/712], Loss: 1.6096
Epoch [1/6], Step [220/712], Loss: 1.6542
Epoch [1/6], Step [230/712], Loss: 2.3671
Epoch [1/6], Step [240/712], Loss: 2.1651
Epoch [1/6], Step [250/712], Loss: 2.3374
Epoch [1/6], Step [260/712], Loss: 1.6762
Epoch [1/6], Step [270/712], Loss: 2.1716
Epoch [1/6], Step [280/712], Loss: 1.7391
Epoch [1/6], Step [290/712], Loss: 2.1466
Epoch [1/6], Step [300/712], Loss: 1.8898
Epoch [1/6], Step [310/712], Loss: 1.8198
Epoch [1/6], Step [320/712], Loss: 1.8661
Epoch [1/6], Step [330/712], Loss: 2.0886
Epoch [1/6], Step [340/712], Loss: 2.4960
Epoch [1/6], Step [350/712], Loss: 1.7551
Epoch [1/6], Step [360/712], Loss: 1.7701
Epoch [1/6], Step [370/712], Loss: 2.0934
Epoch [1/6], Step [380/712], Loss: 1.7907
Epoch [1/6], Step [390/712], Loss: 1.5617
Epoch [1/6], Step [400/712], Loss: 2.0426
Epoch [1/6], Step [410/712], Loss: 1.3201
Epoch [1/6], Step [420/712], Loss: 1.8086
Epoch [1/6], Step [430/712], Loss: 1.7125
Epoch [1/6], Step [440/712], Loss: 2.1181
Epoch [1/6], Step [450/712], Loss: 1.7980
Epoch [1/6], Step [460/712], Loss: 1.8181
Epoch [1/6], Step [470/712], Loss: 2.0156
Epoch [1/6], Step [480/712], Loss: 1.3262
Epoch [1/6], Step [490/712], Loss: 2.0733
Epoch [1/6], Step [500/712], Loss: 2.0794
Epoch [1/6], Step [510/712], Loss: 1.8450
Epoch [1/6], Step [520/712], Loss: 2.1837
Epoch [1/6], Step [530/712], Loss: 1.5666
Epoch [1/6], Step [540/712], Loss: 1.4443
Epoch [1/6], Step [550/712], Loss: 1.8010
Epoch [1/6], Step [560/712], Loss: 2.1492
Epoch [1/6], Step [570/712], Loss: 1.3579
Epoch [1/6], Step [580/712], Loss: 1.8223
Epoch [1/6], Step [590/712], Loss: 2.0821
Epoch [1/6], Step [600/712], Loss: 1.7430
Epoch [1/6], Step [610/712], Loss: 1.8252
Epoch [1/6], Step [620/712], Loss: 1.6910
Epoch [1/6], Step [630/712], Loss: 1.8711
Epoch [1/6], Step [640/712], Loss: 1.4683
Epoch [1/6], Step [650/712], Loss: 2.0649
Epoch [1/6], Step [660/712], Loss: 2.0217
Epoch [1/6], Step [670/712], Loss: 1.5412
Epoch [1/6], Step [680/712], Loss: 1.5765
Epoch [1/6], Step [690/712], Loss: 2.2097
Epoch [1/6], Step [700/712], Loss: 1.6032
Epoch [1/6], Step [710/712], Loss: 1.8784
Total time for epoch 1/6 = 1310.912182 seconds
Start validation
Validation accuracy is 10.832204978648058%
Start training
Epoch [2/6], Step [10/712], Loss: 1.7248
Epoch [2/6], Step [20/712], Loss: 1.8930
Epoch [2/6], Step [30/712], Loss: 1.6233
Epoch [2/6], Step [40/712], Loss: 1.7014
Epoch [2/6], Step [50/712], Loss: 1.5963
Epoch [2/6], Step [60/712], Loss: 2.0557
Epoch [2/6], Step [70/712], Loss: 1.9303
Epoch [2/6], Step [80/712], Loss: 1.4403
Epoch [2/6], Step [90/712], Loss: 1.9606
Epoch [2/6], Step [100/712], Loss: 2.1900
Epoch [2/6], Step [110/712], Loss: 2.1595
Epoch [2/6], Step [120/712], Loss: 1.4717
Epoch [2/6], Step [130/712], Loss: 1.8804
Epoch [2/6], Step [140/712], Loss: 1.5819
Epoch [2/6], Step [150/712], Loss: 1.3286
Epoch [2/6], Step [160/712], Loss: 1.8209
Epoch [2/6], Step [170/712], Loss: 1.5041
Epoch [2/6], Step [180/712], Loss: 1.9389
Epoch [2/6], Step [190/712], Loss: 1.5913
Epoch [2/6], Step [200/712], Loss: 1.6836
Epoch [2/6], Step [210/712], Loss: 1.4072
Epoch [2/6], Step [220/712], Loss: 1.6806
Epoch [2/6], Step [230/712], Loss: 1.9730
Epoch [2/6], Step [240/712], Loss: 1.9725
Epoch [2/6], Step [250/712], Loss: 2.0318
Epoch [2/6], Step [260/712], Loss: 1.3670
Epoch [2/6], Step [270/712], Loss: 2.0304
Epoch [2/6], Step [280/712], Loss: 1.6254
Epoch [2/6], Step [290/712], Loss: 1.8197
Epoch [2/6], Step [300/712], Loss: 1.7035
Epoch [2/6], Step [310/712], Loss: 1.6466
Epoch [2/6], Step [320/712], Loss: 1.5770
Epoch [2/6], Step [330/712], Loss: 1.9263
Epoch [2/6], Step [340/712], Loss: 2.5096
Epoch [2/6], Step [350/712], Loss: 1.5660
Epoch [2/6], Step [360/712], Loss: 1.5114
Epoch [2/6], Step [370/712], Loss: 1.6875
Epoch [2/6], Step [380/712], Loss: 1.6010
Epoch [2/6], Step [390/712], Loss: 1.4666
Epoch [2/6], Step [400/712], Loss: 1.9217
Epoch [2/6], Step [410/712], Loss: 1.1391
Epoch [2/6], Step [420/712], Loss: 1.5863
Epoch [2/6], Step [430/712], Loss: 1.5290
Epoch [2/6], Step [440/712], Loss: 1.7917
Epoch [2/6], Step [450/712], Loss: 1.6384
Epoch [2/6], Step [460/712], Loss: 1.6513
Epoch [2/6], Step [470/712], Loss: 1.5877
Epoch [2/6], Step [480/712], Loss: 1.2227
Epoch [2/6], Step [490/712], Loss: 1.9495
Epoch [2/6], Step [500/712], Loss: 1.9828
Epoch [2/6], Step [510/712], Loss: 1.7894
Epoch [2/6], Step [520/712], Loss: 2.1670
Epoch [2/6], Step [530/712], Loss: 1.2514
Epoch [2/6], Step [540/712], Loss: 1.3018
Epoch [2/6], Step [550/712], Loss: 1.4942
Epoch [2/6], Step [560/712], Loss: 1.9617
Epoch [2/6], Step [570/712], Loss: 1.1204
Epoch [2/6], Step [580/712], Loss: 1.5048
Epoch [2/6], Step [590/712], Loss: 1.9604
Epoch [2/6], Step [600/712], Loss: 1.6013
Epoch [2/6], Step [610/712], Loss: 1.7090
Epoch [2/6], Step [620/712], Loss: 1.4328
Epoch [2/6], Step [630/712], Loss: 1.7744
Epoch [2/6], Step [640/712], Loss: 1.4031
Epoch [2/6], Step [650/712], Loss: 1.8521
Epoch [2/6], Step [660/712], Loss: 1.7256
Epoch [2/6], Step [670/712], Loss: 1.4309
Epoch [2/6], Step [680/712], Loss: 1.3395
Epoch [2/6], Step [690/712], Loss: 1.9718
Epoch [2/6], Step [700/712], Loss: 1.4636
Epoch [2/6], Step [710/712], Loss: 1.7582
Total time for epoch 2/6 = 1296.414257 seconds
Start validation
Validation accuracy is 11.967503385064056%
Start training
Epoch [3/6], Step [10/712], Loss: 1.7157
Epoch [3/6], Step [20/712], Loss: 1.7097
Epoch [3/6], Step [30/712], Loss: 1.3550
Epoch [3/6], Step [40/712], Loss: 1.6777
Epoch [3/6], Step [50/712], Loss: 1.4759
Epoch [3/6], Step [60/712], Loss: 1.9764
Epoch [3/6], Step [70/712], Loss: 1.7234
Epoch [3/6], Step [80/712], Loss: 1.3575
Epoch [3/6], Step [90/712], Loss: 1.8354
Epoch [3/6], Step [100/712], Loss: 1.9523
Epoch [3/6], Step [110/712], Loss: 1.8698
Epoch [3/6], Step [120/712], Loss: 1.2753
Epoch [3/6], Step [130/712], Loss: 1.5947
Epoch [3/6], Step [140/712], Loss: 1.3172
Epoch [3/6], Step [150/712], Loss: 1.3017
Epoch [3/6], Step [160/712], Loss: 1.6997
Epoch [3/6], Step [170/712], Loss: 1.3510
Epoch [3/6], Step [180/712], Loss: 1.7132
Epoch [3/6], Step [190/712], Loss: 1.3973
Epoch [3/6], Step [200/712], Loss: 1.4764
Epoch [3/6], Step [210/712], Loss: 1.3605
Epoch [3/6], Step [220/712], Loss: 1.4694
Epoch [3/6], Step [230/712], Loss: 1.7008
Epoch [3/6], Step [240/712], Loss: 1.8164
Epoch [3/6], Step [250/712], Loss: 1.7528
Epoch [3/6], Step [260/712], Loss: 1.1894
Epoch [3/6], Step [270/712], Loss: 1.8321
Epoch [3/6], Step [280/712], Loss: 1.4915
Epoch [3/6], Step [290/712], Loss: 1.6507
Epoch [3/6], Step [300/712], Loss: 1.6333
Epoch [3/6], Step [310/712], Loss: 1.5155
Epoch [3/6], Step [320/712], Loss: 1.4261
Epoch [3/6], Step [330/712], Loss: 1.6180
Epoch [3/6], Step [340/712], Loss: 2.3525
Epoch [3/6], Step [350/712], Loss: 1.4077
Epoch [3/6], Step [360/712], Loss: 1.2813
Epoch [3/6], Step [370/712], Loss: 1.4800
Epoch [3/6], Step [380/712], Loss: 1.4240
Epoch [3/6], Step [390/712], Loss: 1.3637
Epoch [3/6], Step [400/712], Loss: 1.8737
Epoch [3/6], Step [410/712], Loss: 1.0427
Epoch [3/6], Step [420/712], Loss: 1.4201
Epoch [3/6], Step [430/712], Loss: 1.4817
Epoch [3/6], Step [440/712], Loss: 1.7011
Epoch [3/6], Step [450/712], Loss: 1.4843
Epoch [3/6], Step [460/712], Loss: 1.4531
Epoch [3/6], Step [470/712], Loss: 1.4157
Epoch [3/6], Step [480/712], Loss: 1.0208
Epoch [3/6], Step [490/712], Loss: 1.9098
Epoch [3/6], Step [500/712], Loss: 1.8782
Epoch [3/6], Step [510/712], Loss: 1.6732
Epoch [3/6], Step [520/712], Loss: 2.1298
Epoch [3/6], Step [530/712], Loss: 1.0859
Epoch [3/6], Step [540/712], Loss: 1.1875
Epoch [3/6], Step [550/712], Loss: 1.3537
Epoch [3/6], Step [560/712], Loss: 1.7851
Epoch [3/6], Step [570/712], Loss: 0.9754
Epoch [3/6], Step [580/712], Loss: 1.3899
Epoch [3/6], Step [590/712], Loss: 1.8608
Epoch [3/6], Step [600/712], Loss: 1.5036
Epoch [3/6], Step [610/712], Loss: 1.5506
Epoch [3/6], Step [620/712], Loss: 1.2643
Epoch [3/6], Step [630/712], Loss: 1.6210
Epoch [3/6], Step [640/712], Loss: 1.3080
Epoch [3/6], Step [650/712], Loss: 1.7367
Epoch [3/6], Step [660/712], Loss: 1.5988
Epoch [3/6], Step [670/712], Loss: 1.3792
Epoch [3/6], Step [680/712], Loss: 1.2518
Epoch [3/6], Step [690/712], Loss: 1.7201
Epoch [3/6], Step [700/712], Loss: 1.3711
Epoch [3/6], Step [710/712], Loss: 1.6540
Total time for epoch 3/6 = 1298.945372 seconds
Start validation
Validation accuracy is 12.436204562024788%
Start training
Epoch [4/6], Step [10/712], Loss: 1.6707
Epoch [4/6], Step [20/712], Loss: 1.5939
Epoch [4/6], Step [30/712], Loss: 1.1726
Epoch [4/6], Step [40/712], Loss: 1.5285
Epoch [4/6], Step [50/712], Loss: 1.2154
Epoch [4/6], Step [60/712], Loss: 1.8676
Epoch [4/6], Step [70/712], Loss: 1.5542
Epoch [4/6], Step [80/712], Loss: 1.2157
Epoch [4/6], Step [90/712], Loss: 1.6156
Epoch [4/6], Step [100/712], Loss: 1.9037
Epoch [4/6], Step [110/712], Loss: 1.7353
Epoch [4/6], Step [120/712], Loss: 1.1393
Epoch [4/6], Step [130/712], Loss: 1.5202
Epoch [4/6], Step [140/712], Loss: 1.1326
Epoch [4/6], Step [150/712], Loss: 1.2950
Epoch [4/6], Step [160/712], Loss: 1.5115
Epoch [4/6], Step [170/712], Loss: 1.2141
Epoch [4/6], Step [180/712], Loss: 1.5944
Epoch [4/6], Step [190/712], Loss: 1.2245
Epoch [4/6], Step [200/712], Loss: 1.3746
Epoch [4/6], Step [210/712], Loss: 1.2786
Epoch [4/6], Step [220/712], Loss: 1.3263
Epoch [4/6], Step [230/712], Loss: 1.6518
Epoch [4/6], Step [240/712], Loss: 1.6790
Epoch [4/6], Step [250/712], Loss: 1.5801
Epoch [4/6], Step [260/712], Loss: 1.0228
Epoch [4/6], Step [270/712], Loss: 1.6457
Epoch [4/6], Step [280/712], Loss: 1.3090
Epoch [4/6], Step [290/712], Loss: 1.5340
Epoch [4/6], Step [300/712], Loss: 1.4770
Epoch [4/6], Step [310/712], Loss: 1.4568
Epoch [4/6], Step [320/712], Loss: 1.2975
Epoch [4/6], Step [330/712], Loss: 1.3050
Epoch [4/6], Step [340/712], Loss: 2.1955
Epoch [4/6], Step [350/712], Loss: 1.2954
Epoch [4/6], Step [360/712], Loss: 1.1215
Epoch [4/6], Step [370/712], Loss: 1.3371
Epoch [4/6], Step [380/712], Loss: 1.2989
Epoch [4/6], Step [390/712], Loss: 1.3110
Epoch [4/6], Step [400/712], Loss: 1.7841
Epoch [4/6], Step [410/712], Loss: 0.9590
Epoch [4/6], Step [420/712], Loss: 1.2466
Epoch [4/6], Step [430/712], Loss: 1.3221
Epoch [4/6], Step [440/712], Loss: 1.6531
Epoch [4/6], Step [450/712], Loss: 1.4317
Epoch [4/6], Step [460/712], Loss: 1.2478
Epoch [4/6], Step [470/712], Loss: 1.3413
Epoch [4/6], Step [480/712], Loss: 0.8446
Epoch [4/6], Step [490/712], Loss: 1.8002
Epoch [4/6], Step [500/712], Loss: 1.7291
Epoch [4/6], Step [510/712], Loss: 1.4407
Epoch [4/6], Step [520/712], Loss: 1.9877
Epoch [4/6], Step [530/712], Loss: 0.9604
Epoch [4/6], Step [540/712], Loss: 1.1286
Epoch [4/6], Step [550/712], Loss: 1.3329
Epoch [4/6], Step [560/712], Loss: 1.6087
Epoch [4/6], Step [570/712], Loss: 0.8966
Epoch [4/6], Step [580/712], Loss: 1.2562
Epoch [4/6], Step [590/712], Loss: 1.7412
Epoch [4/6], Step [600/712], Loss: 1.4153
Epoch [4/6], Step [610/712], Loss: 1.4406
Epoch [4/6], Step [620/712], Loss: 1.2000
Epoch [4/6], Step [630/712], Loss: 1.5342
Epoch [4/6], Step [640/712], Loss: 1.1990
Epoch [4/6], Step [650/712], Loss: 1.6436
Epoch [4/6], Step [660/712], Loss: 1.4954
Epoch [4/6], Step [670/712], Loss: 1.2830
Epoch [4/6], Step [680/712], Loss: 1.1705
Epoch [4/6], Step [690/712], Loss: 1.4874
Epoch [4/6], Step [700/712], Loss: 1.3363
Epoch [4/6], Step [710/712], Loss: 1.5700
Total time for epoch 4/6 = 1298.442333 seconds
Start validation
Validation accuracy is 13.175710863451723%
Start training
Epoch [5/6], Step [10/712], Loss: 1.5103
Epoch [5/6], Step [20/712], Loss: 1.5212
Epoch [5/6], Step [30/712], Loss: 1.1007
Epoch [5/6], Step [40/712], Loss: 1.3369
Epoch [5/6], Step [50/712], Loss: 1.0665
Epoch [5/6], Step [60/712], Loss: 1.6948
Epoch [5/6], Step [70/712], Loss: 1.4425
Epoch [5/6], Step [80/712], Loss: 1.0546
Epoch [5/6], Step [90/712], Loss: 1.4487
Epoch [5/6], Step [100/712], Loss: 1.9096
Epoch [5/6], Step [110/712], Loss: 1.6039
Epoch [5/6], Step [120/712], Loss: 1.0167
Epoch [5/6], Step [130/712], Loss: 1.5190
Epoch [5/6], Step [140/712], Loss: 0.9687
Epoch [5/6], Step [150/712], Loss: 1.2750
Epoch [5/6], Step [160/712], Loss: 1.3633
Epoch [5/6], Step [170/712], Loss: 1.0673
Epoch [5/6], Step [180/712], Loss: 1.4964
Epoch [5/6], Step [190/712], Loss: 1.1822
Epoch [5/6], Step [200/712], Loss: 1.2899
Epoch [5/6], Step [210/712], Loss: 1.2101
Epoch [5/6], Step [220/712], Loss: 1.3201
Epoch [5/6], Step [230/712], Loss: 1.5129
Epoch [5/6], Step [240/712], Loss: 1.5039
Epoch [5/6], Step [250/712], Loss: 1.3839
Epoch [5/6], Step [260/712], Loss: 0.9403
Epoch [5/6], Step [270/712], Loss: 1.6026
Epoch [5/6], Step [280/712], Loss: 1.1797
Epoch [5/6], Step [290/712], Loss: 1.3987
Epoch [5/6], Step [300/712], Loss: 1.2403
Epoch [5/6], Step [310/712], Loss: 1.3906
Epoch [5/6], Step [320/712], Loss: 1.1611
Epoch [5/6], Step [330/712], Loss: 1.1022
Epoch [5/6], Step [340/712], Loss: 1.9228
Epoch [5/6], Step [350/712], Loss: 1.2081
Epoch [5/6], Step [360/712], Loss: 1.0032
Epoch [5/6], Step [370/712], Loss: 1.2084
Epoch [5/6], Step [380/712], Loss: 1.1367
Epoch [5/6], Step [390/712], Loss: 1.2591
Epoch [5/6], Step [400/712], Loss: 1.6129
Epoch [5/6], Step [410/712], Loss: 0.8493
Epoch [5/6], Step [420/712], Loss: 1.0660
Epoch [5/6], Step [430/712], Loss: 1.2828
Epoch [5/6], Step [440/712], Loss: 1.6462
Epoch [5/6], Step [450/712], Loss: 1.4116
Epoch [5/6], Step [460/712], Loss: 1.0456
Epoch [5/6], Step [470/712], Loss: 1.2340
Epoch [5/6], Step [480/712], Loss: 0.7651
Epoch [5/6], Step [490/712], Loss: 1.6508
Epoch [5/6], Step [500/712], Loss: 1.5423
Epoch [5/6], Step [510/712], Loss: 1.2604
Epoch [5/6], Step [520/712], Loss: 1.8264
Epoch [5/6], Step [530/712], Loss: 0.7949
Epoch [5/6], Step [540/712], Loss: 1.0505
Epoch [5/6], Step [550/712], Loss: 1.2720
Epoch [5/6], Step [560/712], Loss: 1.4285
Epoch [5/6], Step [570/712], Loss: 0.8341
Epoch [5/6], Step [580/712], Loss: 1.1730
Epoch [5/6], Step [590/712], Loss: 1.6240
Epoch [5/6], Step [600/712], Loss: 1.2935
Epoch [5/6], Step [610/712], Loss: 1.3013
Epoch [5/6], Step [620/712], Loss: 1.1031
Epoch [5/6], Step [630/712], Loss: 1.4349
Epoch [5/6], Step [640/712], Loss: 1.1338
Epoch [5/6], Step [650/712], Loss: 1.4990
Epoch [5/6], Step [660/712], Loss: 1.3138
Epoch [5/6], Step [670/712], Loss: 1.2645
Epoch [5/6], Step [680/712], Loss: 1.0969
Epoch [5/6], Step [690/712], Loss: 1.3428
Epoch [5/6], Step [700/712], Loss: 1.2604
Epoch [5/6], Step [710/712], Loss: 1.3798
Total time for epoch 5/6 = 1298.114604 seconds
Start validation
Validation accuracy is 13.009061556087909%
