The size of the training data set is 76814
The size of the training data set is 76814
The size of the training data set is 76814
Start training
Epoch [1/6], Step [10/712], Loss: 2.5949
Epoch [1/6], Step [20/712], Loss: 3.0325
Epoch [1/6], Step [30/712], Loss: 2.3369
Epoch [1/6], Step [40/712], Loss: 2.2680
Epoch [1/6], Step [50/712], Loss: 2.2362
Epoch [1/6], Step [60/712], Loss: 2.4182
Epoch [1/6], Step [70/712], Loss: 2.3472
Epoch [1/6], Step [80/712], Loss: 2.1494
Epoch [1/6], Step [90/712], Loss: 2.2851
Epoch [1/6], Step [100/712], Loss: 2.4331
Epoch [1/6], Step [110/712], Loss: 2.3670
Epoch [1/6], Step [120/712], Loss: 2.4034
Epoch [1/6], Step [130/712], Loss: 2.2755
Epoch [1/6], Step [140/712], Loss: 2.1682
Epoch [1/6], Step [150/712], Loss: 2.3408
Epoch [1/6], Step [160/712], Loss: 2.2308
Epoch [1/6], Step [170/712], Loss: 2.4021
Epoch [1/6], Step [180/712], Loss: 2.4012
Epoch [1/6], Step [190/712], Loss: 2.2370
Epoch [1/6], Step [200/712], Loss: 2.1671
Epoch [1/6], Step [210/712], Loss: 2.0971
Epoch [1/6], Step [220/712], Loss: 1.9300
Epoch [1/6], Step [230/712], Loss: 2.3697
Epoch [1/6], Step [240/712], Loss: 2.8019
Epoch [1/6], Step [250/712], Loss: 2.8698
Epoch [1/6], Step [260/712], Loss: 2.2455
Epoch [1/6], Step [270/712], Loss: 2.1938
Epoch [1/6], Step [280/712], Loss: 1.8156
Epoch [1/6], Step [290/712], Loss: 2.1548
Epoch [1/6], Step [300/712], Loss: 2.1392
Epoch [1/6], Step [310/712], Loss: 1.9766
Epoch [1/6], Step [320/712], Loss: 2.0335
Epoch [1/6], Step [330/712], Loss: 1.9279
Epoch [1/6], Step [340/712], Loss: 1.8864
Epoch [1/6], Step [350/712], Loss: 2.3815
Epoch [1/6], Step [360/712], Loss: 2.0517
Epoch [1/6], Step [370/712], Loss: 2.4627
Epoch [1/6], Step [380/712], Loss: 2.5475
Epoch [1/6], Step [390/712], Loss: 1.8078
Epoch [1/6], Step [400/712], Loss: 1.9362
Epoch [1/6], Step [410/712], Loss: 1.8310
Epoch [1/6], Step [420/712], Loss: 2.1589
Epoch [1/6], Step [430/712], Loss: 2.0114
Epoch [1/6], Step [440/712], Loss: 1.9545
Epoch [1/6], Step [450/712], Loss: 2.1607
Epoch [1/6], Step [460/712], Loss: 2.1767
Epoch [1/6], Step [470/712], Loss: 2.1698
Epoch [1/6], Step [480/712], Loss: 2.0823
Epoch [1/6], Step [490/712], Loss: 1.8507
Epoch [1/6], Step [500/712], Loss: 2.0249
Epoch [1/6], Step [510/712], Loss: 1.8974
Epoch [1/6], Step [520/712], Loss: 1.7789
Epoch [1/6], Step [530/712], Loss: 2.1355
Epoch [1/6], Step [540/712], Loss: 1.7878
Epoch [1/6], Step [550/712], Loss: 1.7838
Epoch [1/6], Step [560/712], Loss: 2.3855
Epoch [1/6], Step [570/712], Loss: 1.9655
Epoch [1/6], Step [580/712], Loss: 1.5729
Epoch [1/6], Step [590/712], Loss: 1.9988
Epoch [1/6], Step [600/712], Loss: 2.0444
Epoch [1/6], Step [610/712], Loss: 2.1445
Epoch [1/6], Step [620/712], Loss: 1.8537
Epoch [1/6], Step [630/712], Loss: 2.4535
Epoch [1/6], Step [640/712], Loss: 1.9923
Epoch [1/6], Step [650/712], Loss: 1.8226
Epoch [1/6], Step [660/712], Loss: 1.6946
Epoch [1/6], Step [670/712], Loss: 2.0590
Epoch [1/6], Step [680/712], Loss: 1.8905
Epoch [1/6], Step [690/712], Loss: 2.0143
Epoch [1/6], Step [700/712], Loss: 1.8466
Epoch [1/6], Step [710/712], Loss: 2.0232
Total time for epoch 1/6 = 2825.237185 seconds
Start validation
Validation accuracy is 13.019477137798146%
Start training
Epoch [2/6], Step [10/712], Loss: 1.9977
Epoch [2/6], Step [20/712], Loss: 1.9304
Epoch [2/6], Step [30/712], Loss: 1.7322
Epoch [2/6], Step [40/712], Loss: 1.6944
Epoch [2/6], Step [50/712], Loss: 1.8156
Epoch [2/6], Step [60/712], Loss: 2.1311
Epoch [2/6], Step [70/712], Loss: 2.0946
Epoch [2/6], Step [80/712], Loss: 1.7191
Epoch [2/6], Step [90/712], Loss: 2.1873
Epoch [2/6], Step [100/712], Loss: 1.9616
Epoch [2/6], Step [110/712], Loss: 1.9692
Epoch [2/6], Step [120/712], Loss: 1.8557
Epoch [2/6], Step [130/712], Loss: 1.9343
Epoch [2/6], Step [140/712], Loss: 1.8933
Epoch [2/6], Step [150/712], Loss: 1.7691
Epoch [2/6], Step [160/712], Loss: 2.0627
Epoch [2/6], Step [170/712], Loss: 1.9288
Epoch [2/6], Step [180/712], Loss: 2.0115
Epoch [2/6], Step [190/712], Loss: 1.8231
Epoch [2/6], Step [200/712], Loss: 1.9755
Epoch [2/6], Step [210/712], Loss: 1.7718
Epoch [2/6], Step [220/712], Loss: 1.7656
Epoch [2/6], Step [230/712], Loss: 2.2144
Epoch [2/6], Step [240/712], Loss: 2.0941
Epoch [2/6], Step [250/712], Loss: 2.1708
Epoch [2/6], Step [260/712], Loss: 2.1204
Epoch [2/6], Step [270/712], Loss: 1.8002
Epoch [2/6], Step [280/712], Loss: 1.4913
Epoch [2/6], Step [290/712], Loss: 1.9011
Epoch [2/6], Step [300/712], Loss: 2.0924
Epoch [2/6], Step [310/712], Loss: 1.7451
Epoch [2/6], Step [320/712], Loss: 1.5510
Epoch [2/6], Step [330/712], Loss: 1.7746
Epoch [2/6], Step [340/712], Loss: 1.7022
Epoch [2/6], Step [350/712], Loss: 2.2120
Epoch [2/6], Step [360/712], Loss: 1.8570
Epoch [2/6], Step [370/712], Loss: 2.2487
Epoch [2/6], Step [380/712], Loss: 2.1170
Epoch [2/6], Step [390/712], Loss: 1.6161
Epoch [2/6], Step [400/712], Loss: 1.7804
Epoch [2/6], Step [410/712], Loss: 1.6161
Epoch [2/6], Step [420/712], Loss: 2.1496
Epoch [2/6], Step [430/712], Loss: 1.8634
Epoch [2/6], Step [440/712], Loss: 1.8442
Epoch [2/6], Step [450/712], Loss: 1.8071
Epoch [2/6], Step [460/712], Loss: 1.9187
Epoch [2/6], Step [470/712], Loss: 2.0654
Epoch [2/6], Step [480/712], Loss: 1.8594
Epoch [2/6], Step [490/712], Loss: 1.5989
Epoch [2/6], Step [500/712], Loss: 2.0006
Epoch [2/6], Step [510/712], Loss: 1.6699
Epoch [2/6], Step [520/712], Loss: 1.4920
Epoch [2/6], Step [530/712], Loss: 1.8769
Epoch [2/6], Step [540/712], Loss: 1.5593
Epoch [2/6], Step [550/712], Loss: 1.5899
Epoch [2/6], Step [560/712], Loss: 2.1840
Epoch [2/6], Step [570/712], Loss: 1.7232
Epoch [2/6], Step [580/712], Loss: 1.4685
Epoch [2/6], Step [590/712], Loss: 1.8804
Epoch [2/6], Step [600/712], Loss: 1.8413
Epoch [2/6], Step [610/712], Loss: 2.0317
Epoch [2/6], Step [620/712], Loss: 1.7921
Epoch [2/6], Step [630/712], Loss: 2.2714
Epoch [2/6], Step [640/712], Loss: 1.9382
Epoch [2/6], Step [650/712], Loss: 1.6977
Epoch [2/6], Step [660/712], Loss: 1.8039
Epoch [2/6], Step [670/712], Loss: 1.9376
Epoch [2/6], Step [680/712], Loss: 1.7697
Epoch [2/6], Step [690/712], Loss: 1.9949
Epoch [2/6], Step [700/712], Loss: 1.6976
Epoch [2/6], Step [710/712], Loss: 2.0303
Total time for epoch 2/6 = 2851.574688 seconds
Start validation
Validation accuracy is 13.75898343922508%
Start training
Epoch [3/6], Step [10/712], Loss: 1.8667
Epoch [3/6], Step [20/712], Loss: 1.8748
Epoch [3/6], Step [30/712], Loss: 1.4888
Epoch [3/6], Step [40/712], Loss: 1.5970
Epoch [3/6], Step [50/712], Loss: 1.7251
Epoch [3/6], Step [60/712], Loss: 2.0032
Epoch [3/6], Step [70/712], Loss: 1.9503
Epoch [3/6], Step [80/712], Loss: 1.5212
Epoch [3/6], Step [90/712], Loss: 2.1073
Epoch [3/6], Step [100/712], Loss: 1.8912
Epoch [3/6], Step [110/712], Loss: 1.7687
Epoch [3/6], Step [120/712], Loss: 1.8431
Epoch [3/6], Step [130/712], Loss: 1.8279
Epoch [3/6], Step [140/712], Loss: 1.7965
Epoch [3/6], Step [150/712], Loss: 1.6128
Epoch [3/6], Step [160/712], Loss: 1.9920
Epoch [3/6], Step [170/712], Loss: 1.7607
Epoch [3/6], Step [180/712], Loss: 1.8653
Epoch [3/6], Step [190/712], Loss: 1.6065
Epoch [3/6], Step [200/712], Loss: 2.0160
Epoch [3/6], Step [210/712], Loss: 1.6221
Epoch [3/6], Step [220/712], Loss: 1.7202
Epoch [3/6], Step [230/712], Loss: 2.1746
Epoch [3/6], Step [240/712], Loss: 1.9532
Epoch [3/6], Step [250/712], Loss: 2.0639
Epoch [3/6], Step [260/712], Loss: 1.9167
Epoch [3/6], Step [270/712], Loss: 1.6539
Epoch [3/6], Step [280/712], Loss: 1.3537
Epoch [3/6], Step [290/712], Loss: 1.7932
Epoch [3/6], Step [300/712], Loss: 1.9352
Epoch [3/6], Step [310/712], Loss: 1.6661
Epoch [3/6], Step [320/712], Loss: 1.4610
Epoch [3/6], Step [330/712], Loss: 1.6605
Epoch [3/6], Step [340/712], Loss: 1.5389
Epoch [3/6], Step [350/712], Loss: 2.2217
Epoch [3/6], Step [360/712], Loss: 1.7142
Epoch [3/6], Step [370/712], Loss: 2.0820
Epoch [3/6], Step [380/712], Loss: 1.8047
Epoch [3/6], Step [390/712], Loss: 1.5735
Epoch [3/6], Step [400/712], Loss: 1.6415
Epoch [3/6], Step [410/712], Loss: 1.5917
Epoch [3/6], Step [420/712], Loss: 2.1501
Epoch [3/6], Step [430/712], Loss: 1.8895
Epoch [3/6], Step [440/712], Loss: 1.7471
Epoch [3/6], Step [450/712], Loss: 1.8818
Epoch [3/6], Step [460/712], Loss: 1.7676
Epoch [3/6], Step [470/712], Loss: 2.0068
Epoch [3/6], Step [480/712], Loss: 1.7913
Epoch [3/6], Step [490/712], Loss: 1.3920
Epoch [3/6], Step [500/712], Loss: 1.8550
Epoch [3/6], Step [510/712], Loss: 1.5964
Epoch [3/6], Step [520/712], Loss: 1.4031
Epoch [3/6], Step [530/712], Loss: 1.6992
Epoch [3/6], Step [540/712], Loss: 1.4472
Epoch [3/6], Step [550/712], Loss: 1.4667
Epoch [3/6], Step [560/712], Loss: 2.0747
Epoch [3/6], Step [570/712], Loss: 1.6562
Epoch [3/6], Step [580/712], Loss: 1.3688
Epoch [3/6], Step [590/712], Loss: 1.8333
Epoch [3/6], Step [600/712], Loss: 1.6912
Epoch [3/6], Step [610/712], Loss: 1.8913
Epoch [3/6], Step [620/712], Loss: 1.6518
Epoch [3/6], Step [630/712], Loss: 2.1456
Epoch [3/6], Step [640/712], Loss: 1.7887
Epoch [3/6], Step [650/712], Loss: 1.6618
Epoch [3/6], Step [660/712], Loss: 1.6631
Epoch [3/6], Step [670/712], Loss: 1.7732
Epoch [3/6], Step [680/712], Loss: 1.7134
Epoch [3/6], Step [690/712], Loss: 1.8935
Epoch [3/6], Step [700/712], Loss: 1.5473
Epoch [3/6], Step [710/712], Loss: 1.9614
Total time for epoch 3/6 = 2834.050865 seconds
Start validation
Validation accuracy is 14.39433392354963%
Start training
Epoch [4/6], Step [10/712], Loss: 1.8140
Epoch [4/6], Step [20/712], Loss: 1.8147
Epoch [4/6], Step [30/712], Loss: 1.5168
Epoch [4/6], Step [40/712], Loss: 1.4570
Epoch [4/6], Step [50/712], Loss: 1.7349
Epoch [4/6], Step [60/712], Loss: 1.9815
Epoch [4/6], Step [70/712], Loss: 1.8810
Epoch [4/6], Step [80/712], Loss: 1.4447
Epoch [4/6], Step [90/712], Loss: 1.9987
Epoch [4/6], Step [100/712], Loss: 1.8286
Epoch [4/6], Step [110/712], Loss: 1.6704
Epoch [4/6], Step [120/712], Loss: 1.6872
Epoch [4/6], Step [130/712], Loss: 1.6491
Epoch [4/6], Step [140/712], Loss: 1.6680
Epoch [4/6], Step [150/712], Loss: 1.5880
Epoch [4/6], Step [160/712], Loss: 1.8326
Epoch [4/6], Step [170/712], Loss: 1.5377
Epoch [4/6], Step [180/712], Loss: 1.7243
Epoch [4/6], Step [190/712], Loss: 1.4659
Epoch [4/6], Step [200/712], Loss: 1.9047
Epoch [4/6], Step [210/712], Loss: 1.5007
Epoch [4/6], Step [220/712], Loss: 1.6133
Epoch [4/6], Step [230/712], Loss: 2.0127
Epoch [4/6], Step [240/712], Loss: 1.8716
Epoch [4/6], Step [250/712], Loss: 2.0129
Epoch [4/6], Step [260/712], Loss: 1.8944
Epoch [4/6], Step [270/712], Loss: 1.4998
Epoch [4/6], Step [280/712], Loss: 1.2020
Epoch [4/6], Step [290/712], Loss: 1.5954
Epoch [4/6], Step [300/712], Loss: 1.7130
Epoch [4/6], Step [310/712], Loss: 1.6757
Epoch [4/6], Step [320/712], Loss: 1.3747
Epoch [4/6], Step [330/712], Loss: 1.5271
Epoch [4/6], Step [340/712], Loss: 1.4983
Epoch [4/6], Step [350/712], Loss: 2.1168
Epoch [4/6], Step [360/712], Loss: 1.6644
Epoch [4/6], Step [370/712], Loss: 1.8742
Epoch [4/6], Step [380/712], Loss: 1.7103
Epoch [4/6], Step [390/712], Loss: 1.5177
Epoch [4/6], Step [400/712], Loss: 1.5419
Epoch [4/6], Step [410/712], Loss: 1.4563
Epoch [4/6], Step [420/712], Loss: 2.1715
Epoch [4/6], Step [430/712], Loss: 1.7813
Epoch [4/6], Step [440/712], Loss: 1.7340
Epoch [4/6], Step [450/712], Loss: 1.8150
Epoch [4/6], Step [460/712], Loss: 1.7564
Epoch [4/6], Step [470/712], Loss: 1.8929
Epoch [4/6], Step [480/712], Loss: 1.6355
Epoch [4/6], Step [490/712], Loss: 1.2567
Epoch [4/6], Step [500/712], Loss: 1.6973
Epoch [4/6], Step [510/712], Loss: 1.5169
Epoch [4/6], Step [520/712], Loss: 1.4229
Epoch [4/6], Step [530/712], Loss: 1.5888
Epoch [4/6], Step [540/712], Loss: 1.3731
Epoch [4/6], Step [550/712], Loss: 1.3959
Epoch [4/6], Step [560/712], Loss: 2.0593
Epoch [4/6], Step [570/712], Loss: 1.6571
Epoch [4/6], Step [580/712], Loss: 1.3389
Epoch [4/6], Step [590/712], Loss: 1.7105
Epoch [4/6], Step [600/712], Loss: 1.6354
Epoch [4/6], Step [610/712], Loss: 1.7357
Epoch [4/6], Step [620/712], Loss: 1.6071
Epoch [4/6], Step [630/712], Loss: 2.0607
Epoch [4/6], Step [640/712], Loss: 1.7699
Epoch [4/6], Step [650/712], Loss: 1.6153
Epoch [4/6], Step [660/712], Loss: 1.6141
Epoch [4/6], Step [670/712], Loss: 1.6827
Epoch [4/6], Step [680/712], Loss: 1.7076
Epoch [4/6], Step [690/712], Loss: 1.7588
Epoch [4/6], Step [700/712], Loss: 1.4775
Epoch [4/6], Step [710/712], Loss: 1.8262
Total time for epoch 4/6 = 2969.002081 seconds
Start validation
Validation accuracy is 14.758879283407978%
Start training
Epoch [5/6], Step [10/712], Loss: 1.7719
Epoch [5/6], Step [20/712], Loss: 1.7767
Epoch [5/6], Step [30/712], Loss: 1.3622
Epoch [5/6], Step [40/712], Loss: 1.4352
Epoch [5/6], Step [50/712], Loss: 1.7093
Epoch [5/6], Step [60/712], Loss: 1.8178
Epoch [5/6], Step [70/712], Loss: 1.8133
Epoch [5/6], Step [80/712], Loss: 1.4072
Epoch [5/6], Step [90/712], Loss: 1.8863
Epoch [5/6], Step [100/712], Loss: 1.8410
Epoch [5/6], Step [110/712], Loss: 1.6550
Epoch [5/6], Step [120/712], Loss: 1.6120
Epoch [5/6], Step [130/712], Loss: 1.5345
Epoch [5/6], Step [140/712], Loss: 1.5763
Epoch [5/6], Step [150/712], Loss: 1.6296
Epoch [5/6], Step [160/712], Loss: 1.7805
Epoch [5/6], Step [170/712], Loss: 1.4476
Epoch [5/6], Step [180/712], Loss: 1.7009
Epoch [5/6], Step [190/712], Loss: 1.3840
Epoch [5/6], Step [200/712], Loss: 1.8447
Epoch [5/6], Step [210/712], Loss: 1.4423
Epoch [5/6], Step [220/712], Loss: 1.5390
Epoch [5/6], Step [230/712], Loss: 1.8411
Epoch [5/6], Step [240/712], Loss: 1.7784
Epoch [5/6], Step [250/712], Loss: 1.7964
Epoch [5/6], Step [260/712], Loss: 1.7728
Epoch [5/6], Step [270/712], Loss: 1.3945
Epoch [5/6], Step [280/712], Loss: 1.1288
Epoch [5/6], Step [290/712], Loss: 1.6111
Epoch [5/6], Step [300/712], Loss: 1.5751
Epoch [5/6], Step [310/712], Loss: 1.6098
Epoch [5/6], Step [320/712], Loss: 1.2631
Epoch [5/6], Step [330/712], Loss: 1.2963
Epoch [5/6], Step [340/712], Loss: 1.4122
Epoch [5/6], Step [350/712], Loss: 2.0164
Epoch [5/6], Step [360/712], Loss: 1.6766
Epoch [5/6], Step [370/712], Loss: 1.8938
Epoch [5/6], Step [380/712], Loss: 1.6216
Epoch [5/6], Step [390/712], Loss: 1.4628
Epoch [5/6], Step [400/712], Loss: 1.5293
Epoch [5/6], Step [410/712], Loss: 1.4918
Epoch [5/6], Step [420/712], Loss: 2.0702
Epoch [5/6], Step [430/712], Loss: 1.7190
Epoch [5/6], Step [440/712], Loss: 1.6217
Epoch [5/6], Step [450/712], Loss: 1.7427
Epoch [5/6], Step [460/712], Loss: 1.6751
Epoch [5/6], Step [470/712], Loss: 1.8029
Epoch [5/6], Step [480/712], Loss: 1.5435
Epoch [5/6], Step [490/712], Loss: 1.2370
Epoch [5/6], Step [500/712], Loss: 1.6941
Epoch [5/6], Step [510/712], Loss: 1.4674
Epoch [5/6], Step [520/712], Loss: 1.4419
Epoch [5/6], Step [530/712], Loss: 1.4798
Epoch [5/6], Step [540/712], Loss: 1.3868
Epoch [5/6], Step [550/712], Loss: 1.3591
Epoch [5/6], Step [560/712], Loss: 1.9482
Epoch [5/6], Step [570/712], Loss: 1.5790
Epoch [5/6], Step [580/712], Loss: 1.3181
Epoch [5/6], Step [590/712], Loss: 1.5952
Epoch [5/6], Step [600/712], Loss: 1.5563
Epoch [5/6], Step [610/712], Loss: 1.6065
Epoch [5/6], Step [620/712], Loss: 1.5601
Epoch [5/6], Step [630/712], Loss: 1.9345
Epoch [5/6], Step [640/712], Loss: 1.6841
Epoch [5/6], Step [650/712], Loss: 1.5754
Epoch [5/6], Step [660/712], Loss: 1.5914
Epoch [5/6], Step [670/712], Loss: 1.6016
Epoch [5/6], Step [680/712], Loss: 1.5673
Epoch [5/6], Step [690/712], Loss: 1.6902
Epoch [5/6], Step [700/712], Loss: 1.4175
Epoch [5/6], Step [710/712], Loss: 1.7444
Total time for epoch 5/6 = 2996.099728 seconds
Start validation
Validation accuracy is 15.612956983647535%
