The size of the training data set is 76814
Start training
Epoch [1/6], Step [10/712], Loss: 2.5489
Epoch [1/6], Step [20/712], Loss: 2.2509
Epoch [1/6], Step [30/712], Loss: 2.0562
Epoch [1/6], Step [40/712], Loss: 1.9797
Epoch [1/6], Step [50/712], Loss: 1.9935
Epoch [1/6], Step [60/712], Loss: 2.1795
Epoch [1/6], Step [70/712], Loss: 2.0686
Epoch [1/6], Step [80/712], Loss: 1.9962
Epoch [1/6], Step [90/712], Loss: 2.1233
Epoch [1/6], Step [100/712], Loss: 2.0693
Epoch [1/6], Step [110/712], Loss: 2.0933
Epoch [1/6], Step [120/712], Loss: 1.9570
Epoch [1/6], Step [130/712], Loss: 1.9166
Epoch [1/6], Step [140/712], Loss: 2.0893
Epoch [1/6], Step [150/712], Loss: 1.8687
Epoch [1/6], Step [160/712], Loss: 2.1229
Epoch [1/6], Step [170/712], Loss: 2.0341
Epoch [1/6], Step [180/712], Loss: 2.0006
Epoch [1/6], Step [190/712], Loss: 1.7995
Epoch [1/6], Step [200/712], Loss: 1.7960
Epoch [1/6], Step [210/712], Loss: 1.9031
Epoch [1/6], Step [220/712], Loss: 1.9201
Epoch [1/6], Step [230/712], Loss: 1.9610
Epoch [1/6], Step [240/712], Loss: 2.0887
Epoch [1/6], Step [250/712], Loss: 2.0797
Epoch [1/6], Step [260/712], Loss: 1.8349
Epoch [1/6], Step [270/712], Loss: 1.7536
Epoch [1/6], Step [280/712], Loss: 1.8037
Epoch [1/6], Step [290/712], Loss: 1.9680
Epoch [1/6], Step [300/712], Loss: 1.8254
Epoch [1/6], Step [310/712], Loss: 1.7197
Epoch [1/6], Step [320/712], Loss: 1.7875
Epoch [1/6], Step [330/712], Loss: 1.8841
Epoch [1/6], Step [340/712], Loss: 1.9545
Epoch [1/6], Step [350/712], Loss: 1.8255
Epoch [1/6], Step [360/712], Loss: 1.7732
Epoch [1/6], Step [370/712], Loss: 1.9011
Epoch [1/6], Step [380/712], Loss: 1.6293
Epoch [1/6], Step [390/712], Loss: 1.8743
Epoch [1/6], Step [400/712], Loss: 2.0114
Epoch [1/6], Step [410/712], Loss: 1.6168
Epoch [1/6], Step [420/712], Loss: 1.7744
Epoch [1/6], Step [430/712], Loss: 1.8626
Epoch [1/6], Step [440/712], Loss: 1.8386
Epoch [1/6], Step [450/712], Loss: 1.8631
Epoch [1/6], Step [460/712], Loss: 1.8767
Epoch [1/6], Step [470/712], Loss: 1.9788
Epoch [1/6], Step [480/712], Loss: 1.7299
Epoch [1/6], Step [490/712], Loss: 1.6911
Epoch [1/6], Step [500/712], Loss: 1.8708
Epoch [1/6], Step [510/712], Loss: 1.6874
Epoch [1/6], Step [520/712], Loss: 1.8723
Epoch [1/6], Step [530/712], Loss: 1.6438
Epoch [1/6], Step [540/712], Loss: 1.5942
Epoch [1/6], Step [550/712], Loss: 1.6693
Epoch [1/6], Step [560/712], Loss: 1.9571
Epoch [1/6], Step [570/712], Loss: 1.5527
Epoch [1/6], Step [580/712], Loss: 1.6946
Epoch [1/6], Step [590/712], Loss: 1.8382
Epoch [1/6], Step [600/712], Loss: 1.7393
Epoch [1/6], Step [610/712], Loss: 1.7547
Epoch [1/6], Step [620/712], Loss: 1.5423
Epoch [1/6], Step [630/712], Loss: 1.9894
Epoch [1/6], Step [640/712], Loss: 1.7722
Epoch [1/6], Step [650/712], Loss: 1.8566
Epoch [1/6], Step [660/712], Loss: 1.7730
Epoch [1/6], Step [670/712], Loss: 1.5939
Epoch [1/6], Step [680/712], Loss: 1.7783
Epoch [1/6], Step [690/712], Loss: 1.7032
Epoch [1/6], Step [700/712], Loss: 1.6170
Epoch [1/6], Step [710/712], Loss: 1.6910
Total time for epoch 1/6 = 1207.026976 seconds
Start validation
Validation accuracy is 43.75585876471201%
Start training
Epoch [2/6], Step [10/712], Loss: 1.8256
Epoch [2/6], Step [20/712], Loss: 1.6752
Epoch [2/6], Step [30/712], Loss: 1.4651
Epoch [2/6], Step [40/712], Loss: 1.6030
Epoch [2/6], Step [50/712], Loss: 1.5797
Epoch [2/6], Step [60/712], Loss: 1.7739
Epoch [2/6], Step [70/712], Loss: 1.5471
Epoch [2/6], Step [80/712], Loss: 1.5766
Epoch [2/6], Step [90/712], Loss: 1.9855
Epoch [2/6], Step [100/712], Loss: 1.7401
Epoch [2/6], Step [110/712], Loss: 1.7062
Epoch [2/6], Step [120/712], Loss: 1.6092
Epoch [2/6], Step [130/712], Loss: 1.6994
Epoch [2/6], Step [140/712], Loss: 1.6628
Epoch [2/6], Step [150/712], Loss: 1.5594
Epoch [2/6], Step [160/712], Loss: 1.7635
Epoch [2/6], Step [170/712], Loss: 1.6754
Epoch [2/6], Step [180/712], Loss: 1.6748
Epoch [2/6], Step [190/712], Loss: 1.4091
Epoch [2/6], Step [200/712], Loss: 1.5493
Epoch [2/6], Step [210/712], Loss: 1.5721
Epoch [2/6], Step [220/712], Loss: 1.5732
Epoch [2/6], Step [230/712], Loss: 1.6681
Epoch [2/6], Step [240/712], Loss: 1.8532
Epoch [2/6], Step [250/712], Loss: 1.7458
Epoch [2/6], Step [260/712], Loss: 1.5693
Epoch [2/6], Step [270/712], Loss: 1.4895
Epoch [2/6], Step [280/712], Loss: 1.4771
Epoch [2/6], Step [290/712], Loss: 1.5994
Epoch [2/6], Step [300/712], Loss: 1.5239
Epoch [2/6], Step [310/712], Loss: 1.4787
Epoch [2/6], Step [320/712], Loss: 1.6513
Epoch [2/6], Step [330/712], Loss: 1.6364
Epoch [2/6], Step [340/712], Loss: 1.7761
Epoch [2/6], Step [350/712], Loss: 1.6223
Epoch [2/6], Step [360/712], Loss: 1.4628
Epoch [2/6], Step [370/712], Loss: 1.6076
Epoch [2/6], Step [380/712], Loss: 1.4622
Epoch [2/6], Step [390/712], Loss: 1.6556
Epoch [2/6], Step [400/712], Loss: 1.7481
Epoch [2/6], Step [410/712], Loss: 1.3708
Epoch [2/6], Step [420/712], Loss: 1.6299
Epoch [2/6], Step [430/712], Loss: 1.6315
Epoch [2/6], Step [440/712], Loss: 1.6505
Epoch [2/6], Step [450/712], Loss: 1.6385
Epoch [2/6], Step [460/712], Loss: 1.6463
Epoch [2/6], Step [470/712], Loss: 1.7766
Epoch [2/6], Step [480/712], Loss: 1.5379
Epoch [2/6], Step [490/712], Loss: 1.4714
Epoch [2/6], Step [500/712], Loss: 1.7148
Epoch [2/6], Step [510/712], Loss: 1.4748
Epoch [2/6], Step [520/712], Loss: 1.7445
Epoch [2/6], Step [530/712], Loss: 1.4614
Epoch [2/6], Step [540/712], Loss: 1.3566
Epoch [2/6], Step [550/712], Loss: 1.5212
Epoch [2/6], Step [560/712], Loss: 1.7587
Epoch [2/6], Step [570/712], Loss: 1.3666
Epoch [2/6], Step [580/712], Loss: 1.5379
Epoch [2/6], Step [590/712], Loss: 1.5151
Epoch [2/6], Step [600/712], Loss: 1.5393
Epoch [2/6], Step [610/712], Loss: 1.5583
Epoch [2/6], Step [620/712], Loss: 1.3212
Epoch [2/6], Step [630/712], Loss: 1.7335
Epoch [2/6], Step [640/712], Loss: 1.6258
Epoch [2/6], Step [650/712], Loss: 1.6595
Epoch [2/6], Step [660/712], Loss: 1.6100
Epoch [2/6], Step [670/712], Loss: 1.3234
Epoch [2/6], Step [680/712], Loss: 1.5044
Epoch [2/6], Step [690/712], Loss: 1.5011
Epoch [2/6], Step [700/712], Loss: 1.4959
Epoch [2/6], Step [710/712], Loss: 1.4525
Total time for epoch 2/6 = 1159.610239 seconds
Start validation
Validation accuracy is 45.59941672742423%
Start training
Epoch [3/6], Step [10/712], Loss: 1.6196
Epoch [3/6], Step [20/712], Loss: 1.5317
Epoch [3/6], Step [30/712], Loss: 1.2586
Epoch [3/6], Step [40/712], Loss: 1.4617
Epoch [3/6], Step [50/712], Loss: 1.4186
Epoch [3/6], Step [60/712], Loss: 1.5100
Epoch [3/6], Step [70/712], Loss: 1.3855
Epoch [3/6], Step [80/712], Loss: 1.4057
Epoch [3/6], Step [90/712], Loss: 1.7844
Epoch [3/6], Step [100/712], Loss: 1.5979
Epoch [3/6], Step [110/712], Loss: 1.5054
Epoch [3/6], Step [120/712], Loss: 1.5043
Epoch [3/6], Step [130/712], Loss: 1.4455
Epoch [3/6], Step [140/712], Loss: 1.4556
Epoch [3/6], Step [150/712], Loss: 1.4120
Epoch [3/6], Step [160/712], Loss: 1.5749
Epoch [3/6], Step [170/712], Loss: 1.4868
Epoch [3/6], Step [180/712], Loss: 1.4659
Epoch [3/6], Step [190/712], Loss: 1.2185
Epoch [3/6], Step [200/712], Loss: 1.4407
Epoch [3/6], Step [210/712], Loss: 1.4020
Epoch [3/6], Step [220/712], Loss: 1.2973
Epoch [3/6], Step [230/712], Loss: 1.4536
Epoch [3/6], Step [240/712], Loss: 1.6510
Epoch [3/6], Step [250/712], Loss: 1.5282
Epoch [3/6], Step [260/712], Loss: 1.3638
Epoch [3/6], Step [270/712], Loss: 1.3451
Epoch [3/6], Step [280/712], Loss: 1.3057
Epoch [3/6], Step [290/712], Loss: 1.3771
Epoch [3/6], Step [300/712], Loss: 1.4226
Epoch [3/6], Step [310/712], Loss: 1.3544
Epoch [3/6], Step [320/712], Loss: 1.4938
Epoch [3/6], Step [330/712], Loss: 1.4742
Epoch [3/6], Step [340/712], Loss: 1.6240
Epoch [3/6], Step [350/712], Loss: 1.4494
Epoch [3/6], Step [360/712], Loss: 1.2753
Epoch [3/6], Step [370/712], Loss: 1.4245
Epoch [3/6], Step [380/712], Loss: 1.2924
Epoch [3/6], Step [390/712], Loss: 1.5347
Epoch [3/6], Step [400/712], Loss: 1.6442
Epoch [3/6], Step [410/712], Loss: 1.2719
Epoch [3/6], Step [420/712], Loss: 1.4796
Epoch [3/6], Step [430/712], Loss: 1.5137
Epoch [3/6], Step [440/712], Loss: 1.5107
Epoch [3/6], Step [450/712], Loss: 1.4963
Epoch [3/6], Step [460/712], Loss: 1.4867
Epoch [3/6], Step [470/712], Loss: 1.6153
Epoch [3/6], Step [480/712], Loss: 1.4045
Epoch [3/6], Step [490/712], Loss: 1.3288
Epoch [3/6], Step [500/712], Loss: 1.5810
Epoch [3/6], Step [510/712], Loss: 1.3467
Epoch [3/6], Step [520/712], Loss: 1.6211
Epoch [3/6], Step [530/712], Loss: 1.2753
Epoch [3/6], Step [540/712], Loss: 1.2263
Epoch [3/6], Step [550/712], Loss: 1.4373
Epoch [3/6], Step [560/712], Loss: 1.6138
Epoch [3/6], Step [570/712], Loss: 1.2396
Epoch [3/6], Step [580/712], Loss: 1.3619
Epoch [3/6], Step [590/712], Loss: 1.3541
Epoch [3/6], Step [600/712], Loss: 1.4035
Epoch [3/6], Step [610/712], Loss: 1.4276
Epoch [3/6], Step [620/712], Loss: 1.2022
Epoch [3/6], Step [630/712], Loss: 1.5297
Epoch [3/6], Step [640/712], Loss: 1.5099
Epoch [3/6], Step [650/712], Loss: 1.5285
Epoch [3/6], Step [660/712], Loss: 1.5096
Epoch [3/6], Step [670/712], Loss: 1.1515
Epoch [3/6], Step [680/712], Loss: 1.3375
Epoch [3/6], Step [690/712], Loss: 1.3783
Epoch [3/6], Step [700/712], Loss: 1.3832
Epoch [3/6], Step [710/712], Loss: 1.3398
Total time for epoch 3/6 = 1154.767176 seconds
Start validation
Validation accuracy is 50.08853244453702%
Start training
Epoch [4/6], Step [10/712], Loss: 1.4994
Epoch [4/6], Step [20/712], Loss: 1.4721
Epoch [4/6], Step [30/712], Loss: 1.1400
Epoch [4/6], Step [40/712], Loss: 1.3462
Epoch [4/6], Step [50/712], Loss: 1.2742
Epoch [4/6], Step [60/712], Loss: 1.3393
Epoch [4/6], Step [70/712], Loss: 1.2877
Epoch [4/6], Step [80/712], Loss: 1.2598
Epoch [4/6], Step [90/712], Loss: 1.6038
Epoch [4/6], Step [100/712], Loss: 1.5183
Epoch [4/6], Step [110/712], Loss: 1.4137
Epoch [4/6], Step [120/712], Loss: 1.3548
Epoch [4/6], Step [130/712], Loss: 1.3582
Epoch [4/6], Step [140/712], Loss: 1.3178
Epoch [4/6], Step [150/712], Loss: 1.3168
Epoch [4/6], Step [160/712], Loss: 1.4337
Epoch [4/6], Step [170/712], Loss: 1.3123
Epoch [4/6], Step [180/712], Loss: 1.3502
Epoch [4/6], Step [190/712], Loss: 1.0745
Epoch [4/6], Step [200/712], Loss: 1.3449
Epoch [4/6], Step [210/712], Loss: 1.2440
Epoch [4/6], Step [220/712], Loss: 1.1796
Epoch [4/6], Step [230/712], Loss: 1.3098
Epoch [4/6], Step [240/712], Loss: 1.5080
Epoch [4/6], Step [250/712], Loss: 1.3704
Epoch [4/6], Step [260/712], Loss: 1.2514
Epoch [4/6], Step [270/712], Loss: 1.2782
Epoch [4/6], Step [280/712], Loss: 1.1686
Epoch [4/6], Step [290/712], Loss: 1.2354
Epoch [4/6], Step [300/712], Loss: 1.3300
Epoch [4/6], Step [310/712], Loss: 1.2203
Epoch [4/6], Step [320/712], Loss: 1.3832
Epoch [4/6], Step [330/712], Loss: 1.2534
Epoch [4/6], Step [340/712], Loss: 1.4591
Epoch [4/6], Step [350/712], Loss: 1.3736
Epoch [4/6], Step [360/712], Loss: 1.1867
Epoch [4/6], Step [370/712], Loss: 1.2746
Epoch [4/6], Step [380/712], Loss: 1.1661
Epoch [4/6], Step [390/712], Loss: 1.4282
Epoch [4/6], Step [400/712], Loss: 1.5153
Epoch [4/6], Step [410/712], Loss: 1.1869
Epoch [4/6], Step [420/712], Loss: 1.3230
Epoch [4/6], Step [430/712], Loss: 1.4291
Epoch [4/6], Step [440/712], Loss: 1.4343
Epoch [4/6], Step [450/712], Loss: 1.3682
Epoch [4/6], Step [460/712], Loss: 1.4167
Epoch [4/6], Step [470/712], Loss: 1.4459
Epoch [4/6], Step [480/712], Loss: 1.3379
Epoch [4/6], Step [490/712], Loss: 1.1938
Epoch [4/6], Step [500/712], Loss: 1.4477
Epoch [4/6], Step [510/712], Loss: 1.2485
Epoch [4/6], Step [520/712], Loss: 1.5060
Epoch [4/6], Step [530/712], Loss: 1.1187
Epoch [4/6], Step [540/712], Loss: 1.1177
Epoch [4/6], Step [550/712], Loss: 1.3809
Epoch [4/6], Step [560/712], Loss: 1.4843
Epoch [4/6], Step [570/712], Loss: 1.1449
Epoch [4/6], Step [580/712], Loss: 1.2194
Epoch [4/6], Step [590/712], Loss: 1.2263
Epoch [4/6], Step [600/712], Loss: 1.2834
Epoch [4/6], Step [610/712], Loss: 1.3358
Epoch [4/6], Step [620/712], Loss: 1.0858
Epoch [4/6], Step [630/712], Loss: 1.3863
Epoch [4/6], Step [640/712], Loss: 1.4055
Epoch [4/6], Step [650/712], Loss: 1.3868
Epoch [4/6], Step [660/712], Loss: 1.4339
Epoch [4/6], Step [670/712], Loss: 1.0154
Epoch [4/6], Step [680/712], Loss: 1.2928
Epoch [4/6], Step [690/712], Loss: 1.2551
Epoch [4/6], Step [700/712], Loss: 1.2921
Epoch [4/6], Step [710/712], Loss: 1.2346
Total time for epoch 4/6 = 1167.100739 seconds
Start validation
Validation accuracy is 53.17154463076763%
Start training
Epoch [5/6], Step [10/712], Loss: 1.4218
Epoch [5/6], Step [20/712], Loss: 1.3590
Epoch [5/6], Step [30/712], Loss: 1.0696
Epoch [5/6], Step [40/712], Loss: 1.2237
Epoch [5/6], Step [50/712], Loss: 1.1291
Epoch [5/6], Step [60/712], Loss: 1.2096
Epoch [5/6], Step [70/712], Loss: 1.1970
Epoch [5/6], Step [80/712], Loss: 1.1506
Epoch [5/6], Step [90/712], Loss: 1.4032
Epoch [5/6], Step [100/712], Loss: 1.4510
Epoch [5/6], Step [110/712], Loss: 1.3385
Epoch [5/6], Step [120/712], Loss: 1.2150
Epoch [5/6], Step [130/712], Loss: 1.2606
Epoch [5/6], Step [140/712], Loss: 1.1920
Epoch [5/6], Step [150/712], Loss: 1.2136
Epoch [5/6], Step [160/712], Loss: 1.2927
Epoch [5/6], Step [170/712], Loss: 1.1863
Epoch [5/6], Step [180/712], Loss: 1.2008
Epoch [5/6], Step [190/712], Loss: 0.9866
Epoch [5/6], Step [200/712], Loss: 1.1942
Epoch [5/6], Step [210/712], Loss: 1.1627
Epoch [5/6], Step [220/712], Loss: 1.1477
Epoch [5/6], Step [230/712], Loss: 1.1578
Epoch [5/6], Step [240/712], Loss: 1.3875
Epoch [5/6], Step [250/712], Loss: 1.2659
Epoch [5/6], Step [260/712], Loss: 1.1220
Epoch [5/6], Step [270/712], Loss: 1.2223
Epoch [5/6], Step [280/712], Loss: 1.0636
Epoch [5/6], Step [290/712], Loss: 1.0917
Epoch [5/6], Step [300/712], Loss: 1.2113
Epoch [5/6], Step [310/712], Loss: 1.0903
Epoch [5/6], Step [320/712], Loss: 1.2634
Epoch [5/6], Step [330/712], Loss: 1.0985
Epoch [5/6], Step [340/712], Loss: 1.3534
Epoch [5/6], Step [350/712], Loss: 1.2946
Epoch [5/6], Step [360/712], Loss: 1.1000
Epoch [5/6], Step [370/712], Loss: 1.1682
Epoch [5/6], Step [380/712], Loss: 1.0587
Epoch [5/6], Step [390/712], Loss: 1.3212
Epoch [5/6], Step [400/712], Loss: 1.4228
Epoch [5/6], Step [410/712], Loss: 1.0972
Epoch [5/6], Step [420/712], Loss: 1.1866
Epoch [5/6], Step [430/712], Loss: 1.3481
Epoch [5/6], Step [440/712], Loss: 1.3857
Epoch [5/6], Step [450/712], Loss: 1.2818
Epoch [5/6], Step [460/712], Loss: 1.3380
Epoch [5/6], Step [470/712], Loss: 1.3361
Epoch [5/6], Step [480/712], Loss: 1.2554
Epoch [5/6], Step [490/712], Loss: 1.0642
Epoch [5/6], Step [500/712], Loss: 1.3094
Epoch [5/6], Step [510/712], Loss: 1.1289
Epoch [5/6], Step [520/712], Loss: 1.4019
Epoch [5/6], Step [530/712], Loss: 1.0226
Epoch [5/6], Step [540/712], Loss: 0.9812
Epoch [5/6], Step [550/712], Loss: 1.2921
Epoch [5/6], Step [560/712], Loss: 1.3205
Epoch [5/6], Step [570/712], Loss: 1.0713
Epoch [5/6], Step [580/712], Loss: 1.1415
Epoch [5/6], Step [590/712], Loss: 1.1479
Epoch [5/6], Step [600/712], Loss: 1.1479
Epoch [5/6], Step [610/712], Loss: 1.2603
Epoch [5/6], Step [620/712], Loss: 1.0005
Epoch [5/6], Step [630/712], Loss: 1.2675
Epoch [5/6], Step [640/712], Loss: 1.2829
Epoch [5/6], Step [650/712], Loss: 1.2978
Epoch [5/6], Step [660/712], Loss: 1.3633
Epoch [5/6], Step [670/712], Loss: 0.9565
Epoch [5/6], Step [680/712], Loss: 1.2424
Epoch [5/6], Step [690/712], Loss: 1.1696
Epoch [5/6], Step [700/712], Loss: 1.2038
Epoch [5/6], Step [710/712], Loss: 1.1138
Total time for epoch 5/6 = 1166.9024 seconds
Start validation
Validation accuracy is 53.22362253931882%
