The size of the training data set is 76814
Start training
Epoch [1/6], Step [10/712], Loss: 2.3617
Epoch [1/6], Step [20/712], Loss: 2.7822
Epoch [1/6], Step [30/712], Loss: 2.1935
Epoch [1/6], Step [40/712], Loss: 2.3187
Epoch [1/6], Step [50/712], Loss: 2.2089
Epoch [1/6], Step [60/712], Loss: 2.5631
Epoch [1/6], Step [70/712], Loss: 2.4118
Epoch [1/6], Step [80/712], Loss: 2.3889
Epoch [1/6], Step [90/712], Loss: 2.3507
Epoch [1/6], Step [100/712], Loss: 2.4814
Epoch [1/6], Step [110/712], Loss: 2.5945
Epoch [1/6], Step [120/712], Loss: 2.4463
Epoch [1/6], Step [130/712], Loss: 2.4003
Epoch [1/6], Step [140/712], Loss: 2.3528
Epoch [1/6], Step [150/712], Loss: 2.1445
Epoch [1/6], Step [160/712], Loss: 2.3114
Epoch [1/6], Step [170/712], Loss: 2.3823
Epoch [1/6], Step [180/712], Loss: 2.3265
Epoch [1/6], Step [190/712], Loss: 2.1429
Epoch [1/6], Step [200/712], Loss: 2.1418
Epoch [1/6], Step [210/712], Loss: 2.0501
Epoch [1/6], Step [220/712], Loss: 2.0683
Epoch [1/6], Step [230/712], Loss: 2.3670
Epoch [1/6], Step [240/712], Loss: 2.3387
Epoch [1/6], Step [250/712], Loss: 2.3333
Epoch [1/6], Step [260/712], Loss: 2.3494
Epoch [1/6], Step [270/712], Loss: 2.0807
Epoch [1/6], Step [280/712], Loss: 2.1697
Epoch [1/6], Step [290/712], Loss: 2.1779
Epoch [1/6], Step [300/712], Loss: 2.1107
Epoch [1/6], Step [310/712], Loss: 2.0546
Epoch [1/6], Step [320/712], Loss: 2.1055
Epoch [1/6], Step [330/712], Loss: 2.1089
Epoch [1/6], Step [340/712], Loss: 2.2682
Epoch [1/6], Step [350/712], Loss: 2.1041
Epoch [1/6], Step [360/712], Loss: 2.0718
Epoch [1/6], Step [370/712], Loss: 2.0904
Epoch [1/6], Step [380/712], Loss: 2.0411
Epoch [1/6], Step [390/712], Loss: 2.0089
Epoch [1/6], Step [400/712], Loss: 2.1779
Epoch [1/6], Step [410/712], Loss: 1.8301
Epoch [1/6], Step [420/712], Loss: 1.9690
Epoch [1/6], Step [430/712], Loss: 2.1207
Epoch [1/6], Step [440/712], Loss: 1.9796
Epoch [1/6], Step [450/712], Loss: 2.0622
Epoch [1/6], Step [460/712], Loss: 2.1050
Epoch [1/6], Step [470/712], Loss: 2.2028
Epoch [1/6], Step [480/712], Loss: 2.0774
Epoch [1/6], Step [490/712], Loss: 1.9816
Epoch [1/6], Step [500/712], Loss: 2.0039
Epoch [1/6], Step [510/712], Loss: 1.8567
Epoch [1/6], Step [520/712], Loss: 2.1597
Epoch [1/6], Step [530/712], Loss: 1.9249
Epoch [1/6], Step [540/712], Loss: 1.9743
Epoch [1/6], Step [550/712], Loss: 2.0185
Epoch [1/6], Step [560/712], Loss: 2.2825
Epoch [1/6], Step [570/712], Loss: 1.7890
Epoch [1/6], Step [580/712], Loss: 1.8017
Epoch [1/6], Step [590/712], Loss: 2.1137
Epoch [1/6], Step [600/712], Loss: 2.0223
Epoch [1/6], Step [610/712], Loss: 2.1456
Epoch [1/6], Step [620/712], Loss: 1.9417
Epoch [1/6], Step [630/712], Loss: 2.2528
Epoch [1/6], Step [640/712], Loss: 1.9263
Epoch [1/6], Step [650/712], Loss: 1.9726
Epoch [1/6], Step [660/712], Loss: 2.0697
Epoch [1/6], Step [670/712], Loss: 1.8186
Epoch [1/6], Step [680/712], Loss: 2.0106
Epoch [1/6], Step [690/712], Loss: 2.0152
Epoch [1/6], Step [700/712], Loss: 1.7928
Epoch [1/6], Step [710/712], Loss: 1.8828
Total time for epoch 1/6 = 1678.200868 seconds
Start validation
Validation accuracy is 38.495990001041555%
Start training
Epoch [2/6], Step [10/712], Loss: 2.0429
Epoch [2/6], Step [20/712], Loss: 1.9596
Epoch [2/6], Step [30/712], Loss: 1.7327
Epoch [2/6], Step [40/712], Loss: 1.7990
Epoch [2/6], Step [50/712], Loss: 1.8851
Epoch [2/6], Step [60/712], Loss: 1.9824
Epoch [2/6], Step [70/712], Loss: 1.8653
Epoch [2/6], Step [80/712], Loss: 1.8146
Epoch [2/6], Step [90/712], Loss: 2.0839
Epoch [2/6], Step [100/712], Loss: 1.9990
Epoch [2/6], Step [110/712], Loss: 2.0387
Epoch [2/6], Step [120/712], Loss: 1.9178
Epoch [2/6], Step [130/712], Loss: 1.8893
Epoch [2/6], Step [140/712], Loss: 1.9638
Epoch [2/6], Step [150/712], Loss: 1.7600
Epoch [2/6], Step [160/712], Loss: 2.0893
Epoch [2/6], Step [170/712], Loss: 1.8412
Epoch [2/6], Step [180/712], Loss: 1.8975
Epoch [2/6], Step [190/712], Loss: 1.8151
Epoch [2/6], Step [200/712], Loss: 1.7595
Epoch [2/6], Step [210/712], Loss: 1.8362
Epoch [2/6], Step [220/712], Loss: 1.8785
Epoch [2/6], Step [230/712], Loss: 1.9884
Epoch [2/6], Step [240/712], Loss: 2.0222
Epoch [2/6], Step [250/712], Loss: 1.9656
Epoch [2/6], Step [260/712], Loss: 1.8200
Epoch [2/6], Step [270/712], Loss: 1.7269
Epoch [2/6], Step [280/712], Loss: 1.7611
Epoch [2/6], Step [290/712], Loss: 1.8620
Epoch [2/6], Step [300/712], Loss: 1.8992
Epoch [2/6], Step [310/712], Loss: 1.7315
Epoch [2/6], Step [320/712], Loss: 1.9034
Epoch [2/6], Step [330/712], Loss: 1.9458
Epoch [2/6], Step [340/712], Loss: 2.0922
Epoch [2/6], Step [350/712], Loss: 1.8512
Epoch [2/6], Step [360/712], Loss: 1.7576
Epoch [2/6], Step [370/712], Loss: 1.8984
Epoch [2/6], Step [380/712], Loss: 1.6060
Epoch [2/6], Step [390/712], Loss: 1.8393
Epoch [2/6], Step [400/712], Loss: 1.9572
Epoch [2/6], Step [410/712], Loss: 1.6590
Epoch [2/6], Step [420/712], Loss: 1.8395
Epoch [2/6], Step [430/712], Loss: 1.8410
Epoch [2/6], Step [440/712], Loss: 1.8091
Epoch [2/6], Step [450/712], Loss: 1.8768
Epoch [2/6], Step [460/712], Loss: 1.9428
Epoch [2/6], Step [470/712], Loss: 2.0594
Epoch [2/6], Step [480/712], Loss: 1.8342
Epoch [2/6], Step [490/712], Loss: 1.7549
Epoch [2/6], Step [500/712], Loss: 1.9397
Epoch [2/6], Step [510/712], Loss: 1.7518
Epoch [2/6], Step [520/712], Loss: 2.0776
Epoch [2/6], Step [530/712], Loss: 1.8130
Epoch [2/6], Step [540/712], Loss: 1.7398
Epoch [2/6], Step [550/712], Loss: 1.7558
Epoch [2/6], Step [560/712], Loss: 1.9965
Epoch [2/6], Step [570/712], Loss: 1.6515
Epoch [2/6], Step [580/712], Loss: 1.6428
Epoch [2/6], Step [590/712], Loss: 1.9305
Epoch [2/6], Step [600/712], Loss: 1.8092
Epoch [2/6], Step [610/712], Loss: 1.8933
Epoch [2/6], Step [620/712], Loss: 1.8131
Epoch [2/6], Step [630/712], Loss: 2.0656
Epoch [2/6], Step [640/712], Loss: 1.8229
Epoch [2/6], Step [650/712], Loss: 1.9454
Epoch [2/6], Step [660/712], Loss: 1.9976
Epoch [2/6], Step [670/712], Loss: 1.6674
Epoch [2/6], Step [680/712], Loss: 1.8249
Epoch [2/6], Step [690/712], Loss: 1.8338
Epoch [2/6], Step [700/712], Loss: 1.7212
Epoch [2/6], Step [710/712], Loss: 1.7811
Total time for epoch 2/6 = 1990.411635 seconds
Start validation
Validation accuracy is 42.24559941672742%
Start training
Epoch [3/6], Step [10/712], Loss: 1.8905
Epoch [3/6], Step [20/712], Loss: 1.7561
Epoch [3/6], Step [30/712], Loss: 1.6326
Epoch [3/6], Step [40/712], Loss: 1.6923
Epoch [3/6], Step [50/712], Loss: 1.7278
Epoch [3/6], Step [60/712], Loss: 1.8227
Epoch [3/6], Step [70/712], Loss: 1.6420
Epoch [3/6], Step [80/712], Loss: 1.7114
Epoch [3/6], Step [90/712], Loss: 2.0723
Epoch [3/6], Step [100/712], Loss: 1.8268
Epoch [3/6], Step [110/712], Loss: 1.8990
Epoch [3/6], Step [120/712], Loss: 1.7287
Epoch [3/6], Step [130/712], Loss: 1.7079
Epoch [3/6], Step [140/712], Loss: 1.7926
Epoch [3/6], Step [150/712], Loss: 1.6107
Epoch [3/6], Step [160/712], Loss: 1.9773
Epoch [3/6], Step [170/712], Loss: 1.7138
Epoch [3/6], Step [180/712], Loss: 1.7795
Epoch [3/6], Step [190/712], Loss: 1.6685
Epoch [3/6], Step [200/712], Loss: 1.6916
Epoch [3/6], Step [210/712], Loss: 1.6936
Epoch [3/6], Step [220/712], Loss: 1.7184
Epoch [3/6], Step [230/712], Loss: 1.8432
Epoch [3/6], Step [240/712], Loss: 1.9893
Epoch [3/6], Step [250/712], Loss: 1.8623
Epoch [3/6], Step [260/712], Loss: 1.6751
Epoch [3/6], Step [270/712], Loss: 1.6271
Epoch [3/6], Step [280/712], Loss: 1.6003
Epoch [3/6], Step [290/712], Loss: 1.7591
Epoch [3/6], Step [300/712], Loss: 1.6984
Epoch [3/6], Step [310/712], Loss: 1.6122
Epoch [3/6], Step [320/712], Loss: 1.7531
Epoch [3/6], Step [330/712], Loss: 1.8048
Epoch [3/6], Step [340/712], Loss: 1.9092
Epoch [3/6], Step [350/712], Loss: 1.7197
Epoch [3/6], Step [360/712], Loss: 1.6287
Epoch [3/6], Step [370/712], Loss: 1.8281
Epoch [3/6], Step [380/712], Loss: 1.5108
Epoch [3/6], Step [390/712], Loss: 1.7151
Epoch [3/6], Step [400/712], Loss: 1.8975
Epoch [3/6], Step [410/712], Loss: 1.5795
Epoch [3/6], Step [420/712], Loss: 1.7299
Epoch [3/6], Step [430/712], Loss: 1.7738
Epoch [3/6], Step [440/712], Loss: 1.7617
Epoch [3/6], Step [450/712], Loss: 1.8230
Epoch [3/6], Step [460/712], Loss: 1.6971
Epoch [3/6], Step [470/712], Loss: 1.9335
Epoch [3/6], Step [480/712], Loss: 1.7772
Epoch [3/6], Step [490/712], Loss: 1.6378
Epoch [3/6], Step [500/712], Loss: 1.7958
Epoch [3/6], Step [510/712], Loss: 1.6743
Epoch [3/6], Step [520/712], Loss: 1.8972
Epoch [3/6], Step [530/712], Loss: 1.7117
Epoch [3/6], Step [540/712], Loss: 1.5872
Epoch [3/6], Step [550/712], Loss: 1.6377
Epoch [3/6], Step [560/712], Loss: 1.8879
Epoch [3/6], Step [570/712], Loss: 1.5605
Epoch [3/6], Step [580/712], Loss: 1.5967
Epoch [3/6], Step [590/712], Loss: 1.7843
Epoch [3/6], Step [600/712], Loss: 1.7215
Epoch [3/6], Step [610/712], Loss: 1.7343
Epoch [3/6], Step [620/712], Loss: 1.6779
Epoch [3/6], Step [630/712], Loss: 1.9878
Epoch [3/6], Step [640/712], Loss: 1.7342
Epoch [3/6], Step [650/712], Loss: 1.8687
Epoch [3/6], Step [660/712], Loss: 1.8523
Epoch [3/6], Step [670/712], Loss: 1.6352
Epoch [3/6], Step [680/712], Loss: 1.6993
Epoch [3/6], Step [690/712], Loss: 1.7752
Epoch [3/6], Step [700/712], Loss: 1.6109
Epoch [3/6], Step [710/712], Loss: 1.7120
Total time for epoch 3/6 = 1769.619535 seconds
Start validation
Validation accuracy is 45.151546713883974%
Start training
Epoch [4/6], Step [10/712], Loss: 1.8145
Epoch [4/6], Step [20/712], Loss: 1.7308
Epoch [4/6], Step [30/712], Loss: 1.4976
Epoch [4/6], Step [40/712], Loss: 1.6784
Epoch [4/6], Step [50/712], Loss: 1.6621
Epoch [4/6], Step [60/712], Loss: 1.6580
Epoch [4/6], Step [70/712], Loss: 1.5443
Epoch [4/6], Step [80/712], Loss: 1.5876
Epoch [4/6], Step [90/712], Loss: 1.9962
Epoch [4/6], Step [100/712], Loss: 1.7694
Epoch [4/6], Step [110/712], Loss: 1.7953
Epoch [4/6], Step [120/712], Loss: 1.6579
Epoch [4/6], Step [130/712], Loss: 1.6255
Epoch [4/6], Step [140/712], Loss: 1.6999
Epoch [4/6], Step [150/712], Loss: 1.5637
Epoch [4/6], Step [160/712], Loss: 1.8937
Epoch [4/6], Step [170/712], Loss: 1.6404
Epoch [4/6], Step [180/712], Loss: 1.6830
Epoch [4/6], Step [190/712], Loss: 1.5258
Epoch [4/6], Step [200/712], Loss: 1.6431
Epoch [4/6], Step [210/712], Loss: 1.5849
Epoch [4/6], Step [220/712], Loss: 1.6078
Epoch [4/6], Step [230/712], Loss: 1.7211
Epoch [4/6], Step [240/712], Loss: 1.9471
Epoch [4/6], Step [250/712], Loss: 1.7550
Epoch [4/6], Step [260/712], Loss: 1.5870
Epoch [4/6], Step [270/712], Loss: 1.5281
Epoch [4/6], Step [280/712], Loss: 1.5128
Epoch [4/6], Step [290/712], Loss: 1.5777
Epoch [4/6], Step [300/712], Loss: 1.5429
Epoch [4/6], Step [310/712], Loss: 1.5550
Epoch [4/6], Step [320/712], Loss: 1.6954
Epoch [4/6], Step [330/712], Loss: 1.6446
Epoch [4/6], Step [340/712], Loss: 1.8067
Epoch [4/6], Step [350/712], Loss: 1.5642
Epoch [4/6], Step [360/712], Loss: 1.4629
Epoch [4/6], Step [370/712], Loss: 1.7165
Epoch [4/6], Step [380/712], Loss: 1.4052
Epoch [4/6], Step [390/712], Loss: 1.6047
Epoch [4/6], Step [400/712], Loss: 1.8039
Epoch [4/6], Step [410/712], Loss: 1.4741
Epoch [4/6], Step [420/712], Loss: 1.6442
Epoch [4/6], Step [430/712], Loss: 1.6907
Epoch [4/6], Step [440/712], Loss: 1.7118
Epoch [4/6], Step [450/712], Loss: 1.7981
Epoch [4/6], Step [460/712], Loss: 1.6110
Epoch [4/6], Step [470/712], Loss: 1.8120
Epoch [4/6], Step [480/712], Loss: 1.6815
Epoch [4/6], Step [490/712], Loss: 1.5659
Epoch [4/6], Step [500/712], Loss: 1.7216
Epoch [4/6], Step [510/712], Loss: 1.6063
Epoch [4/6], Step [520/712], Loss: 1.8470
Epoch [4/6], Step [530/712], Loss: 1.5363
Epoch [4/6], Step [540/712], Loss: 1.4403
Epoch [4/6], Step [550/712], Loss: 1.5154
Epoch [4/6], Step [560/712], Loss: 1.8226
Epoch [4/6], Step [570/712], Loss: 1.4195
Epoch [4/6], Step [580/712], Loss: 1.5607
Epoch [4/6], Step [590/712], Loss: 1.6315
Epoch [4/6], Step [600/712], Loss: 1.6205
Epoch [4/6], Step [610/712], Loss: 1.6783
Epoch [4/6], Step [620/712], Loss: 1.5721
Epoch [4/6], Step [630/712], Loss: 1.8471
Epoch [4/6], Step [640/712], Loss: 1.6170
Epoch [4/6], Step [650/712], Loss: 1.8208
Epoch [4/6], Step [660/712], Loss: 1.7168
Epoch [4/6], Step [670/712], Loss: 1.5058
Epoch [4/6], Step [680/712], Loss: 1.6381
Epoch [4/6], Step [690/712], Loss: 1.7103
Epoch [4/6], Step [700/712], Loss: 1.5286
Epoch [4/6], Step [710/712], Loss: 1.6263
Total time for epoch 4/6 = 1849.295946 seconds
Start validation
Validation accuracy is 47.68253306947193%
Start training
Epoch [5/6], Step [10/712], Loss: 1.7201
Epoch [5/6], Step [20/712], Loss: 1.6386
Epoch [5/6], Step [30/712], Loss: 1.4081
Epoch [5/6], Step [40/712], Loss: 1.5889
Epoch [5/6], Step [50/712], Loss: 1.5656
Epoch [5/6], Step [60/712], Loss: 1.6081
Epoch [5/6], Step [70/712], Loss: 1.5341
Epoch [5/6], Step [80/712], Loss: 1.5056
Epoch [5/6], Step [90/712], Loss: 1.9100
Epoch [5/6], Step [100/712], Loss: 1.6616
Epoch [5/6], Step [110/712], Loss: 1.7023
Epoch [5/6], Step [120/712], Loss: 1.5185
Epoch [5/6], Step [130/712], Loss: 1.5575
Epoch [5/6], Step [140/712], Loss: 1.6800
Epoch [5/6], Step [150/712], Loss: 1.5371
Epoch [5/6], Step [160/712], Loss: 1.7685
Epoch [5/6], Step [170/712], Loss: 1.5442
Epoch [5/6], Step [180/712], Loss: 1.6061
Epoch [5/6], Step [190/712], Loss: 1.4835
Epoch [5/6], Step [200/712], Loss: 1.5492
Epoch [5/6], Step [210/712], Loss: 1.4941
Epoch [5/6], Step [220/712], Loss: 1.5921
Epoch [5/6], Step [230/712], Loss: 1.6530
Epoch [5/6], Step [240/712], Loss: 1.8933
Epoch [5/6], Step [250/712], Loss: 1.6952
Epoch [5/6], Step [260/712], Loss: 1.5107
Epoch [5/6], Step [270/712], Loss: 1.4617
Epoch [5/6], Step [280/712], Loss: 1.4417
Epoch [5/6], Step [290/712], Loss: 1.4956
Epoch [5/6], Step [300/712], Loss: 1.4169
Epoch [5/6], Step [310/712], Loss: 1.4740
Epoch [5/6], Step [320/712], Loss: 1.6149
Epoch [5/6], Step [330/712], Loss: 1.5047
Epoch [5/6], Step [340/712], Loss: 1.7228
Epoch [5/6], Step [350/712], Loss: 1.5086
Epoch [5/6], Step [360/712], Loss: 1.4184
Epoch [5/6], Step [370/712], Loss: 1.6166
Epoch [5/6], Step [380/712], Loss: 1.3025
Epoch [5/6], Step [390/712], Loss: 1.6342
Epoch [5/6], Step [400/712], Loss: 1.7569
Epoch [5/6], Step [410/712], Loss: 1.4075
Epoch [5/6], Step [420/712], Loss: 1.5691
Epoch [5/6], Step [430/712], Loss: 1.6578
Epoch [5/6], Step [440/712], Loss: 1.6305
Epoch [5/6], Step [450/712], Loss: 1.6522
Epoch [5/6], Step [460/712], Loss: 1.4945
Epoch [5/6], Step [470/712], Loss: 1.6759
Epoch [5/6], Step [480/712], Loss: 1.5731
Epoch [5/6], Step [490/712], Loss: 1.4838
Epoch [5/6], Step [500/712], Loss: 1.6232
Epoch [5/6], Step [510/712], Loss: 1.5392
Epoch [5/6], Step [520/712], Loss: 1.7883
Epoch [5/6], Step [530/712], Loss: 1.4370
Epoch [5/6], Step [540/712], Loss: 1.4154
Epoch [5/6], Step [550/712], Loss: 1.4482
Epoch [5/6], Step [560/712], Loss: 1.7441
Epoch [5/6], Step [570/712], Loss: 1.3341
Epoch [5/6], Step [580/712], Loss: 1.4847
Epoch [5/6], Step [590/712], Loss: 1.5367
Epoch [5/6], Step [600/712], Loss: 1.5030
Epoch [5/6], Step [610/712], Loss: 1.6346
Epoch [5/6], Step [620/712], Loss: 1.4479
Epoch [5/6], Step [630/712], Loss: 1.7550
Epoch [5/6], Step [640/712], Loss: 1.5155
Epoch [5/6], Step [650/712], Loss: 1.7753
Epoch [5/6], Step [660/712], Loss: 1.6720
Epoch [5/6], Step [670/712], Loss: 1.3827
Epoch [5/6], Step [680/712], Loss: 1.5348
Epoch [5/6], Step [690/712], Loss: 1.6292
Epoch [5/6], Step [700/712], Loss: 1.4624
Epoch [5/6], Step [710/712], Loss: 1.5372
Total time for epoch 5/6 = 2393.657598 seconds
Start validation
Validation accuracy is 49.14071450890532%
