The size of the training data set is 76814
The size of the training data set is 76814
Start training
Epoch [1/6], Step [10/712], Loss: 2.4646
Epoch [1/6], Step [20/712], Loss: 2.7652
Epoch [1/6], Step [30/712], Loss: 2.3683
Epoch [1/6], Step [40/712], Loss: 2.0455
Epoch [1/6], Step [50/712], Loss: 2.2543
Epoch [1/6], Step [60/712], Loss: 2.3280
Epoch [1/6], Step [70/712], Loss: 2.3259
Epoch [1/6], Step [80/712], Loss: 2.4055
Epoch [1/6], Step [90/712], Loss: 2.4899
Epoch [1/6], Step [100/712], Loss: 2.5718
Epoch [1/6], Step [110/712], Loss: 2.4062
Epoch [1/6], Step [120/712], Loss: 2.2332
Epoch [1/6], Step [130/712], Loss: 2.4115
Epoch [1/6], Step [140/712], Loss: 2.3447
Epoch [1/6], Step [150/712], Loss: 2.1321
Epoch [1/6], Step [160/712], Loss: 2.4632
Epoch [1/6], Step [170/712], Loss: 2.3898
Epoch [1/6], Step [180/712], Loss: 2.4695
Epoch [1/6], Step [190/712], Loss: 2.1432
Epoch [1/6], Step [200/712], Loss: 2.0718
Epoch [1/6], Step [210/712], Loss: 1.9514
Epoch [1/6], Step [220/712], Loss: 1.9724
Epoch [1/6], Step [230/712], Loss: 2.2230
Epoch [1/6], Step [240/712], Loss: 2.3030
Epoch [1/6], Step [250/712], Loss: 2.4811
Epoch [1/6], Step [260/712], Loss: 2.0141
Epoch [1/6], Step [270/712], Loss: 2.3996
Epoch [1/6], Step [280/712], Loss: 2.1100
Epoch [1/6], Step [290/712], Loss: 2.0520
Epoch [1/6], Step [300/712], Loss: 2.0040
Epoch [1/6], Step [310/712], Loss: 1.8105
Epoch [1/6], Step [320/712], Loss: 2.0561
Epoch [1/6], Step [330/712], Loss: 2.1142
Epoch [1/6], Step [340/712], Loss: 2.5116
Epoch [1/6], Step [350/712], Loss: 1.9928
Epoch [1/6], Step [360/712], Loss: 1.9011
Epoch [1/6], Step [370/712], Loss: 2.0005
Epoch [1/6], Step [380/712], Loss: 2.1115
Epoch [1/6], Step [390/712], Loss: 1.7301
Epoch [1/6], Step [400/712], Loss: 2.1850
Epoch [1/6], Step [410/712], Loss: 1.7786
Epoch [1/6], Step [420/712], Loss: 2.0882
Epoch [1/6], Step [430/712], Loss: 2.1191
Epoch [1/6], Step [440/712], Loss: 2.1014
Epoch [1/6], Step [450/712], Loss: 2.0598
Epoch [1/6], Step [460/712], Loss: 1.8863
Epoch [1/6], Step [470/712], Loss: 2.2023
Epoch [1/6], Step [480/712], Loss: 1.8331
Epoch [1/6], Step [490/712], Loss: 2.0398
Epoch [1/6], Step [500/712], Loss: 1.9948
Epoch [1/6], Step [510/712], Loss: 1.9639
Epoch [1/6], Step [520/712], Loss: 2.1494
Epoch [1/6], Step [530/712], Loss: 1.8655
Epoch [1/6], Step [540/712], Loss: 1.8394
Epoch [1/6], Step [550/712], Loss: 2.1020
Epoch [1/6], Step [560/712], Loss: 2.4416
Epoch [1/6], Step [570/712], Loss: 1.6476
Epoch [1/6], Step [580/712], Loss: 1.8924
Epoch [1/6], Step [590/712], Loss: 2.1448
Epoch [1/6], Step [600/712], Loss: 1.9805
Epoch [1/6], Step [610/712], Loss: 2.1992
Epoch [1/6], Step [620/712], Loss: 1.9077
Epoch [1/6], Step [630/712], Loss: 2.3082
Epoch [1/6], Step [640/712], Loss: 1.6587
Epoch [1/6], Step [650/712], Loss: 1.8999
Epoch [1/6], Step [660/712], Loss: 2.0390
Epoch [1/6], Step [670/712], Loss: 1.8577
Epoch [1/6], Step [680/712], Loss: 1.9191
Epoch [1/6], Step [690/712], Loss: 2.0313
Epoch [1/6], Step [700/712], Loss: 1.9969
Epoch [1/6], Step [710/712], Loss: 2.1706
Total time for epoch 1/6 = 2041.054632 seconds
Start validation
Validation accuracy is 19.279241745651497%
Start training
Epoch [2/6], Step [10/712], Loss: 2.0640
Epoch [2/6], Step [20/712], Loss: 1.9140
Epoch [2/6], Step [30/712], Loss: 1.6292
Epoch [2/6], Step [40/712], Loss: 1.6376
Epoch [2/6], Step [50/712], Loss: 1.9469
Epoch [2/6], Step [60/712], Loss: 2.1686
Epoch [2/6], Step [70/712], Loss: 1.8673
Epoch [2/6], Step [80/712], Loss: 1.8165
Epoch [2/6], Step [90/712], Loss: 2.2170
Epoch [2/6], Step [100/712], Loss: 2.0319
Epoch [2/6], Step [110/712], Loss: 2.1159
Epoch [2/6], Step [120/712], Loss: 1.8223
Epoch [2/6], Step [130/712], Loss: 1.9098
Epoch [2/6], Step [140/712], Loss: 1.6917
Epoch [2/6], Step [150/712], Loss: 1.6857
Epoch [2/6], Step [160/712], Loss: 2.1044
Epoch [2/6], Step [170/712], Loss: 1.8856
Epoch [2/6], Step [180/712], Loss: 2.1677
Epoch [2/6], Step [190/712], Loss: 1.8065
Epoch [2/6], Step [200/712], Loss: 1.7770
Epoch [2/6], Step [210/712], Loss: 1.7611
Epoch [2/6], Step [220/712], Loss: 1.7269
Epoch [2/6], Step [230/712], Loss: 2.0153
Epoch [2/6], Step [240/712], Loss: 2.0283
Epoch [2/6], Step [250/712], Loss: 1.9898
Epoch [2/6], Step [260/712], Loss: 1.6582
Epoch [2/6], Step [270/712], Loss: 1.9623
Epoch [2/6], Step [280/712], Loss: 1.7705
Epoch [2/6], Step [290/712], Loss: 1.7910
Epoch [2/6], Step [300/712], Loss: 1.8239
Epoch [2/6], Step [310/712], Loss: 1.5460
Epoch [2/6], Step [320/712], Loss: 1.7558
Epoch [2/6], Step [330/712], Loss: 1.9647
Epoch [2/6], Step [340/712], Loss: 2.2703
Epoch [2/6], Step [350/712], Loss: 1.8338
Epoch [2/6], Step [360/712], Loss: 1.7290
Epoch [2/6], Step [370/712], Loss: 1.8593
Epoch [2/6], Step [380/712], Loss: 1.8547
Epoch [2/6], Step [390/712], Loss: 1.5569
Epoch [2/6], Step [400/712], Loss: 2.0956
Epoch [2/6], Step [410/712], Loss: 1.6306
Epoch [2/6], Step [420/712], Loss: 1.9572
Epoch [2/6], Step [430/712], Loss: 1.9102
Epoch [2/6], Step [440/712], Loss: 2.0078
Epoch [2/6], Step [450/712], Loss: 1.9724
Epoch [2/6], Step [460/712], Loss: 1.6534
Epoch [2/6], Step [470/712], Loss: 1.8905
Epoch [2/6], Step [480/712], Loss: 1.6552
Epoch [2/6], Step [490/712], Loss: 1.9549
Epoch [2/6], Step [500/712], Loss: 1.8143
Epoch [2/6], Step [510/712], Loss: 1.8198
Epoch [2/6], Step [520/712], Loss: 2.0093
Epoch [2/6], Step [530/712], Loss: 1.6460
Epoch [2/6], Step [540/712], Loss: 1.6913
Epoch [2/6], Step [550/712], Loss: 1.9759
Epoch [2/6], Step [560/712], Loss: 2.0719
Epoch [2/6], Step [570/712], Loss: 1.4586
Epoch [2/6], Step [580/712], Loss: 1.6890
Epoch [2/6], Step [590/712], Loss: 1.9600
Epoch [2/6], Step [600/712], Loss: 1.8203
Epoch [2/6], Step [610/712], Loss: 2.0366
Epoch [2/6], Step [620/712], Loss: 1.8177
Epoch [2/6], Step [630/712], Loss: 2.0851
Epoch [2/6], Step [640/712], Loss: 1.5711
Epoch [2/6], Step [650/712], Loss: 1.7387
Epoch [2/6], Step [660/712], Loss: 1.9982
Epoch [2/6], Step [670/712], Loss: 1.8043
Epoch [2/6], Step [680/712], Loss: 1.7153
Epoch [2/6], Step [690/712], Loss: 1.8417
Epoch [2/6], Step [700/712], Loss: 1.8866
Epoch [2/6], Step [710/712], Loss: 2.0693
Total time for epoch 2/6 = 2021.72097 seconds
Start validation
Validation accuracy is 21.174877616914905%
Start training
Epoch [3/6], Step [10/712], Loss: 1.9648
Epoch [3/6], Step [20/712], Loss: 1.7937
Epoch [3/6], Step [30/712], Loss: 1.5342
Epoch [3/6], Step [40/712], Loss: 1.5835
Epoch [3/6], Step [50/712], Loss: 1.7828
Epoch [3/6], Step [60/712], Loss: 2.0261
Epoch [3/6], Step [70/712], Loss: 1.7684
Epoch [3/6], Step [80/712], Loss: 1.6749
Epoch [3/6], Step [90/712], Loss: 2.1241
Epoch [3/6], Step [100/712], Loss: 2.0451
Epoch [3/6], Step [110/712], Loss: 2.0176
Epoch [3/6], Step [120/712], Loss: 1.7347
Epoch [3/6], Step [130/712], Loss: 1.8252
Epoch [3/6], Step [140/712], Loss: 1.5911
Epoch [3/6], Step [150/712], Loss: 1.5704
Epoch [3/6], Step [160/712], Loss: 2.0373
Epoch [3/6], Step [170/712], Loss: 1.7217
Epoch [3/6], Step [180/712], Loss: 1.9919
Epoch [3/6], Step [190/712], Loss: 1.6575
Epoch [3/6], Step [200/712], Loss: 1.7403
Epoch [3/6], Step [210/712], Loss: 1.6404
Epoch [3/6], Step [220/712], Loss: 1.5871
Epoch [3/6], Step [230/712], Loss: 1.9052
Epoch [3/6], Step [240/712], Loss: 1.9740
Epoch [3/6], Step [250/712], Loss: 1.9206
Epoch [3/6], Step [260/712], Loss: 1.5398
Epoch [3/6], Step [270/712], Loss: 1.8406
Epoch [3/6], Step [280/712], Loss: 1.6918
Epoch [3/6], Step [290/712], Loss: 1.7405
Epoch [3/6], Step [300/712], Loss: 1.6536
Epoch [3/6], Step [310/712], Loss: 1.4822
Epoch [3/6], Step [320/712], Loss: 1.6824
Epoch [3/6], Step [330/712], Loss: 1.7861
Epoch [3/6], Step [340/712], Loss: 2.2342
Epoch [3/6], Step [350/712], Loss: 1.7161
Epoch [3/6], Step [360/712], Loss: 1.5717
Epoch [3/6], Step [370/712], Loss: 1.6786
Epoch [3/6], Step [380/712], Loss: 1.7959
Epoch [3/6], Step [390/712], Loss: 1.5772
Epoch [3/6], Step [400/712], Loss: 1.9832
Epoch [3/6], Step [410/712], Loss: 1.5387
Epoch [3/6], Step [420/712], Loss: 1.8750
Epoch [3/6], Step [430/712], Loss: 1.7756
Epoch [3/6], Step [440/712], Loss: 1.9140
Epoch [3/6], Step [450/712], Loss: 1.9048
Epoch [3/6], Step [460/712], Loss: 1.4942
Epoch [3/6], Step [470/712], Loss: 1.8110
Epoch [3/6], Step [480/712], Loss: 1.4741
Epoch [3/6], Step [490/712], Loss: 1.9094
Epoch [3/6], Step [500/712], Loss: 1.7395
Epoch [3/6], Step [510/712], Loss: 1.6693
Epoch [3/6], Step [520/712], Loss: 1.9452
Epoch [3/6], Step [530/712], Loss: 1.5193
Epoch [3/6], Step [540/712], Loss: 1.5296
Epoch [3/6], Step [550/712], Loss: 1.8906
Epoch [3/6], Step [560/712], Loss: 1.9217
Epoch [3/6], Step [570/712], Loss: 1.3869
Epoch [3/6], Step [580/712], Loss: 1.5632
Epoch [3/6], Step [590/712], Loss: 1.9857
Epoch [3/6], Step [600/712], Loss: 1.7491
Epoch [3/6], Step [610/712], Loss: 1.8964
Epoch [3/6], Step [620/712], Loss: 1.6949
Epoch [3/6], Step [630/712], Loss: 2.0550
Epoch [3/6], Step [640/712], Loss: 1.5527
Epoch [3/6], Step [650/712], Loss: 1.6476
Epoch [3/6], Step [660/712], Loss: 1.8130
Epoch [3/6], Step [670/712], Loss: 1.6679
Epoch [3/6], Step [680/712], Loss: 1.6102
Epoch [3/6], Step [690/712], Loss: 1.7669
Epoch [3/6], Step [700/712], Loss: 1.7431
Epoch [3/6], Step [710/712], Loss: 1.9703
Total time for epoch 3/6 = 2015.050358 seconds
Start validation
Validation accuracy is 22.320591605041145%
Start training
Epoch [4/6], Step [10/712], Loss: 1.9535
Epoch [4/6], Step [20/712], Loss: 1.6930
Epoch [4/6], Step [30/712], Loss: 1.4373
Epoch [4/6], Step [40/712], Loss: 1.5176
Epoch [4/6], Step [50/712], Loss: 1.7417
Epoch [4/6], Step [60/712], Loss: 1.8570
Epoch [4/6], Step [70/712], Loss: 1.6441
Epoch [4/6], Step [80/712], Loss: 1.5720
Epoch [4/6], Step [90/712], Loss: 2.0744
Epoch [4/6], Step [100/712], Loss: 2.0043
Epoch [4/6], Step [110/712], Loss: 1.9382
Epoch [4/6], Step [120/712], Loss: 1.6885
Epoch [4/6], Step [130/712], Loss: 1.7660
Epoch [4/6], Step [140/712], Loss: 1.5062
Epoch [4/6], Step [150/712], Loss: 1.4807
Epoch [4/6], Step [160/712], Loss: 1.8905
Epoch [4/6], Step [170/712], Loss: 1.6520
Epoch [4/6], Step [180/712], Loss: 1.8391
Epoch [4/6], Step [190/712], Loss: 1.5916
Epoch [4/6], Step [200/712], Loss: 1.7106
Epoch [4/6], Step [210/712], Loss: 1.5562
Epoch [4/6], Step [220/712], Loss: 1.5184
Epoch [4/6], Step [230/712], Loss: 1.8621
Epoch [4/6], Step [240/712], Loss: 1.9695
Epoch [4/6], Step [250/712], Loss: 1.9132
Epoch [4/6], Step [260/712], Loss: 1.4988
Epoch [4/6], Step [270/712], Loss: 1.7836
Epoch [4/6], Step [280/712], Loss: 1.6166
Epoch [4/6], Step [290/712], Loss: 1.6167
Epoch [4/6], Step [300/712], Loss: 1.4745
Epoch [4/6], Step [310/712], Loss: 1.5320
Epoch [4/6], Step [320/712], Loss: 1.6079
Epoch [4/6], Step [330/712], Loss: 1.6922
Epoch [4/6], Step [340/712], Loss: 2.0989
Epoch [4/6], Step [350/712], Loss: 1.5219
Epoch [4/6], Step [360/712], Loss: 1.4436
Epoch [4/6], Step [370/712], Loss: 1.5656
Epoch [4/6], Step [380/712], Loss: 1.7200
Epoch [4/6], Step [390/712], Loss: 1.4501
Epoch [4/6], Step [400/712], Loss: 1.9780
Epoch [4/6], Step [410/712], Loss: 1.4102
Epoch [4/6], Step [420/712], Loss: 1.7743
Epoch [4/6], Step [430/712], Loss: 1.7741
Epoch [4/6], Step [440/712], Loss: 1.8556
Epoch [4/6], Step [450/712], Loss: 1.8195
Epoch [4/6], Step [460/712], Loss: 1.3445
Epoch [4/6], Step [470/712], Loss: 1.6587
Epoch [4/6], Step [480/712], Loss: 1.4956
Epoch [4/6], Step [490/712], Loss: 1.8509
Epoch [4/6], Step [500/712], Loss: 1.6629
Epoch [4/6], Step [510/712], Loss: 1.6717
Epoch [4/6], Step [520/712], Loss: 1.9627
Epoch [4/6], Step [530/712], Loss: 1.5256
Epoch [4/6], Step [540/712], Loss: 1.4204
Epoch [4/6], Step [550/712], Loss: 1.7989
Epoch [4/6], Step [560/712], Loss: 1.8260
Epoch [4/6], Step [570/712], Loss: 1.2874
Epoch [4/6], Step [580/712], Loss: 1.5238
Epoch [4/6], Step [590/712], Loss: 1.8531
Epoch [4/6], Step [600/712], Loss: 1.6638
Epoch [4/6], Step [610/712], Loss: 1.8271
Epoch [4/6], Step [620/712], Loss: 1.5174
Epoch [4/6], Step [630/712], Loss: 1.9299
Epoch [4/6], Step [640/712], Loss: 1.4626
Epoch [4/6], Step [650/712], Loss: 1.6516
Epoch [4/6], Step [660/712], Loss: 1.7596
Epoch [4/6], Step [670/712], Loss: 1.5327
Epoch [4/6], Step [680/712], Loss: 1.5093
Epoch [4/6], Step [690/712], Loss: 1.6673
Epoch [4/6], Step [700/712], Loss: 1.6992
Epoch [4/6], Step [710/712], Loss: 1.8172
Total time for epoch 4/6 = 2027.092958 seconds
Start validation
Validation accuracy is 23.174669305280702%
Start training
Epoch [5/6], Step [10/712], Loss: 1.8867
Epoch [5/6], Step [20/712], Loss: 1.6364
Epoch [5/6], Step [30/712], Loss: 1.3418
Epoch [5/6], Step [40/712], Loss: 1.4135
Epoch [5/6], Step [50/712], Loss: 1.6598
Epoch [5/6], Step [60/712], Loss: 1.7715
Epoch [5/6], Step [70/712], Loss: 1.5807
Epoch [5/6], Step [80/712], Loss: 1.4414
Epoch [5/6], Step [90/712], Loss: 2.0559
Epoch [5/6], Step [100/712], Loss: 1.9741
Epoch [5/6], Step [110/712], Loss: 1.8091
Epoch [5/6], Step [120/712], Loss: 1.5609
Epoch [5/6], Step [130/712], Loss: 1.6761
Epoch [5/6], Step [140/712], Loss: 1.4135
Epoch [5/6], Step [150/712], Loss: 1.4977
Epoch [5/6], Step [160/712], Loss: 1.8233
Epoch [5/6], Step [170/712], Loss: 1.5574
Epoch [5/6], Step [180/712], Loss: 1.8011
Epoch [5/6], Step [190/712], Loss: 1.5251
Epoch [5/6], Step [200/712], Loss: 1.6061
Epoch [5/6], Step [210/712], Loss: 1.5010
Epoch [5/6], Step [220/712], Loss: 1.3902
Epoch [5/6], Step [230/712], Loss: 1.8039
Epoch [5/6], Step [240/712], Loss: 1.9713
Epoch [5/6], Step [250/712], Loss: 1.7949
Epoch [5/6], Step [260/712], Loss: 1.3899
Epoch [5/6], Step [270/712], Loss: 1.6515
Epoch [5/6], Step [280/712], Loss: 1.5194
Epoch [5/6], Step [290/712], Loss: 1.5712
Epoch [5/6], Step [300/712], Loss: 1.3734
Epoch [5/6], Step [310/712], Loss: 1.4348
Epoch [5/6], Step [320/712], Loss: 1.4680
Epoch [5/6], Step [330/712], Loss: 1.5853
Epoch [5/6], Step [340/712], Loss: 2.0141
Epoch [5/6], Step [350/712], Loss: 1.4757
Epoch [5/6], Step [360/712], Loss: 1.2946
Epoch [5/6], Step [370/712], Loss: 1.5046
Epoch [5/6], Step [380/712], Loss: 1.6606
Epoch [5/6], Step [390/712], Loss: 1.3855
Epoch [5/6], Step [400/712], Loss: 1.9618
Epoch [5/6], Step [410/712], Loss: 1.3822
Epoch [5/6], Step [420/712], Loss: 1.6421
Epoch [5/6], Step [430/712], Loss: 1.6897
Epoch [5/6], Step [440/712], Loss: 1.7387
Epoch [5/6], Step [450/712], Loss: 1.7487
Epoch [5/6], Step [460/712], Loss: 1.2212
Epoch [5/6], Step [470/712], Loss: 1.6056
Epoch [5/6], Step [480/712], Loss: 1.4073
Epoch [5/6], Step [490/712], Loss: 1.7119
Epoch [5/6], Step [500/712], Loss: 1.6303
Epoch [5/6], Step [510/712], Loss: 1.6677
Epoch [5/6], Step [520/712], Loss: 1.9421
Epoch [5/6], Step [530/712], Loss: 1.3975
Epoch [5/6], Step [540/712], Loss: 1.3493
Epoch [5/6], Step [550/712], Loss: 1.6895
Epoch [5/6], Step [560/712], Loss: 1.7462
Epoch [5/6], Step [570/712], Loss: 1.2562
Epoch [5/6], Step [580/712], Loss: 1.4088
Epoch [5/6], Step [590/712], Loss: 1.8120
Epoch [5/6], Step [600/712], Loss: 1.6194
Epoch [5/6], Step [610/712], Loss: 1.7079
Epoch [5/6], Step [620/712], Loss: 1.4240
Epoch [5/6], Step [630/712], Loss: 1.8457
Epoch [5/6], Step [640/712], Loss: 1.3727
Epoch [5/6], Step [650/712], Loss: 1.5492
Epoch [5/6], Step [660/712], Loss: 1.6735
Epoch [5/6], Step [670/712], Loss: 1.4486
Epoch [5/6], Step [680/712], Loss: 1.3795
Epoch [5/6], Step [690/712], Loss: 1.6404
Epoch [5/6], Step [700/712], Loss: 1.6346
Epoch [5/6], Step [710/712], Loss: 1.6951
Total time for epoch 5/6 = 2147.392743 seconds
Start validation
Validation accuracy is 23.24757837725237%
